Information: The stitching and editing of coupling caps is turned OFF for design 'ibex_mini_soc_top_route_closure_icc2_lib:ibex_mini_soc_top.design'. (TIM-125)
Warning: No physical information exists for design 'ibex_mini_soc_top'. Zero interconnect delay is used in timing analysis. (TIM-101)
Warning: The extractor can not be initialized for design 'ibex_mini_soc_top'. Zero interconnect delay is used in timing analysis. (TIM-102)
Warning: Batch extraction is skipped for block "ibex_mini_soc_top"
Information: Update timing completed net estimation for all the timing graph nets (TIM-111)
Information: Net estimation statistics: timing graph nets = 110305, routed nets = 0, across physical hierarchy nets = 0, parasitics cached nets = 0, delay annotated nets = 0, parasitics annotated nets = 0, multi-voltage nets = 0. (TIM-112)
************************************************************
Timer Settings:
Delay Calculation Style:                   auto
Signal Integrity Analysis:                 disabled
Timing Window Analysis:                    disabled
Advanced Waveform Propagation:             disabled
Variation Type:                            fixed_derate
Clock Reconvergence Pessimism Removal:     disabled
Advanced Receiver Model:                   disabled
LLE:                                       disabled
ML Acceleration:                           off
Smart Arc Optimization:                    disabled
************************************************************
****************************************
Report : timing
        -path_type full
        -delay_type max
        -max_paths 10
        -report_by design
Design : ibex_mini_soc_top
Version: W-2024.09-SP2
Date   : Sun May 10 18:42:58 2026
****************************************

  Startpoint: u_ibex_top_u_ibex_core_if_stage_i_instr_rdata_alu_id_o_reg_5_ (rising edge-triggered flip-flop clocked by clk)
  Endpoint: u_ibex_top_u_ibex_core_if_stage_i_gen_prefetch_buffer_prefetch_buffer_i_fifo_i_rdata_q_reg_1__9_ (rising edge-triggered flip-flop clocked by clk)
  Mode: default
  Corner: default
  Scenario: default
  Path Group: clk
  Path Type: max

  Point                                            Incr      Path  
  ------------------------------------------------------------------------
  clock clk (rise edge)                            0.00      0.00
  clock network delay (ideal)                      0.00      0.00

  u_ibex_top_u_ibex_core_if_stage_i_instr_rdata_alu_id_o_reg_5_/CLK (DFFX1_HVT)
                                                   0.00      0.00 r
  u_ibex_top_u_ibex_core_if_stage_i_instr_rdata_alu_id_o_reg_5_/Q (DFFX1_HVT)
                                                   0.22      0.22 f
  U3031/Y (INVX1_HVT)                              0.04      0.26 r
  U3043/Y (AND2X1_HVT)                             0.06      0.32 r
  U3045/Y (AO222X1_HVT)                            0.14      0.46 r
  U3046/Y (AND4X1_HVT)                             0.13      0.59 r
  U3047/Y (OA221X1_HVT)                            0.09      0.67 r
  U3048/Y (AND2X1_HVT)                             0.07      0.74 r
  U3060/Y (AND2X1_HVT)                             0.06      0.80 r
  U3062/Y (AO222X1_HVT)                            0.15      0.95 r
  U3063/Y (OA21X1_HVT)                             0.08      1.02 r
  U3066/Y (NAND2X0_HVT)                            0.06      1.08 f
  U3067/Y (INVX1_HVT)                              0.07      1.15 r
  U44745/Y (AO222X1_HVT)                           0.18      1.33 r
  U7965/Y (NAND2X1_HVT)                            0.21      1.54 f
  U8239/Y (AO22X1_HVT)                             0.09      1.64 f
  U8240/Y (NAND3X0_HVT)                            0.05      1.68 r
  u_ibex_top_u_ibex_core_add_x_479/U44/CO (FADDX1_HVT)
                                                   0.12      1.81 r
  u_ibex_top_u_ibex_core_add_x_479/U45/CO (FADDX1_HVT)
                                                   0.11      1.92 r
  u_ibex_top_u_ibex_core_add_x_479/U46/CO (FADDX1_HVT)
                                                   0.11      2.02 r
  u_ibex_top_u_ibex_core_add_x_479/U40/CO (FADDX2_HVT)
                                                   0.11      2.14 r
  u_ibex_top_u_ibex_core_add_x_479/U42/CO (FADDX2_HVT)
                                                   0.11      2.25 r
  u_ibex_top_u_ibex_core_add_x_479/U47/CO (FADDX1_HVT)
                                                   0.11      2.36 r
  u_ibex_top_u_ibex_core_add_x_479/U48/CO (FADDX2_HVT)
                                                   0.11      2.47 r
  u_ibex_top_u_ibex_core_add_x_479/U49/CO (FADDX1_HVT)
                                                   0.11      2.58 r
  u_ibex_top_u_ibex_core_add_x_479/U50/CO (FADDX1_HVT)
                                                   0.11      2.68 r
  u_ibex_top_u_ibex_core_add_x_479/U51/CO (FADDX2_HVT)
                                                   0.11      2.80 r
  u_ibex_top_u_ibex_core_add_x_479/U52/CO (FADDX1_HVT)
                                                   0.11      2.90 r
  u_ibex_top_u_ibex_core_add_x_479/U53/CO (FADDX1_HVT)
                                                   0.11      3.01 r
  u_ibex_top_u_ibex_core_add_x_479/U54/CO (FADDX1_HVT)
                                                   0.11      3.12 r
  u_ibex_top_u_ibex_core_add_x_479/U55/CO (FADDX1_HVT)
                                                   0.11      3.23 r
  u_ibex_top_u_ibex_core_add_x_479/U56/CO (FADDX1_HVT)
                                                   0.11      3.33 r
  u_ibex_top_u_ibex_core_add_x_479/U57/CO (FADDX1_HVT)
                                                   0.11      3.44 r
  u_ibex_top_u_ibex_core_add_x_479/U58/CO (FADDX1_HVT)
                                                   0.11      3.55 r
  u_ibex_top_u_ibex_core_add_x_479/U59/CO (FADDX1_HVT)
                                                   0.11      3.65 r
  u_ibex_top_u_ibex_core_add_x_479/U60/CO (FADDX1_HVT)
                                                   0.11      3.76 r
  u_ibex_top_u_ibex_core_add_x_479/U61/CO (FADDX1_HVT)
                                                   0.11      3.87 r
  u_ibex_top_u_ibex_core_add_x_479/U62/CO (FADDX1_HVT)
                                                   0.11      3.97 r
  u_ibex_top_u_ibex_core_add_x_479/U63/CO (FADDX1_HVT)
                                                   0.11      4.08 r
  u_ibex_top_u_ibex_core_add_x_479/U64/CO (FADDX1_HVT)
                                                   0.11      4.19 r
  u_ibex_top_u_ibex_core_add_x_479/U65/CO (FADDX1_HVT)
                                                   0.11      4.30 r
  u_ibex_top_u_ibex_core_add_x_479/U66/CO (FADDX1_HVT)
                                                   0.11      4.40 r
  u_ibex_top_u_ibex_core_add_x_479/U67/CO (FADDX1_HVT)
                                                   0.11      4.51 r
  u_ibex_top_u_ibex_core_add_x_479/U68/CO (FADDX1_HVT)
                                                   0.11      4.62 r
  u_ibex_top_u_ibex_core_add_x_479/U69/CO (FADDX1_HVT)
                                                   0.11      4.72 r
  u_ibex_top_u_ibex_core_add_x_479/U70/CO (FADDX2_HVT)
                                                   0.11      4.84 r
  u_ibex_top_u_ibex_core_add_x_479/U71/CO (FADDX1_HVT)
                                                   0.11      4.94 r
  u_ibex_top_u_ibex_core_add_x_479/U72/CO (FADDX1_HVT)
                                                   0.11      5.06 r
  u_ibex_top_u_ibex_core_add_x_479/U43/S (FADDX2_HVT)
                                                   0.22      5.27 f
  U31467/Y (INVX2_HVT)                             0.03      5.30 r
  U3435/Y (NAND4X0_HVT)                            0.10      5.40 f
  U3441/Y (NOR4X1_HVT)                             0.12      5.52 r
  U42471/Y (NAND4X0_HVT)                           0.12      5.63 f
  U31517/Y (INVX2_HVT)                             0.04      5.68 r
  U3444/Y (MUX21X1_HVT)                            0.10      5.78 r
  U3445/Y (NAND2X0_HVT)                            0.04      5.82 f
  U3446/Y (OA22X1_HVT)                             0.07      5.89 f
  U3447/Y (AO221X1_HVT)                            0.09      5.98 f
  U3448/Y (NOR4X1_HVT)                             0.09      6.07 r
  U3449/Y (INVX1_HVT)                              0.02      6.09 f
  U3450/Y (AND2X1_HVT)                             0.04      6.13 f
  U3465/Y (AND2X1_HVT)                             0.05      6.18 f
  U3466/Y (AND2X1_HVT)                             0.05      6.23 f
  U3470/Y (AND2X1_HVT)                             0.04      6.27 f
  U3471/Y (AND3X1_HVT)                             0.06      6.34 f
  U3475/Y (NAND4X0_HVT)                            0.04      6.38 r
  U5408/Y (AO21X1_HVT)                             0.06      6.43 r
  U5409/Y (NAND4X0_HVT)                            0.13      6.56 f
  U5420/Y (NAND2X0_HVT)                            0.08      6.64 r
  U5421/Y (NAND2X0_HVT)                            0.08      6.72 f
  U5422/Y (INVX1_HVT)                              0.02      6.75 r
  U5427/Y (AND4X1_HVT)                             0.10      6.85 r
  U6503/Y (AND2X1_HVT)                             0.07      6.92 r
  U7405/Y (AO21X1_HVT)                             0.05      6.97 r
  U7406/Y (AND4X1_HVT)                             0.10      7.07 r
  U7407/Y (NAND4X0_HVT)                            0.08      7.16 f
  U7408/Y (NAND3X0_HVT)                            0.05      7.20 r
  U7409/Y (NAND3X0_HVT)                            0.11      7.32 f
  U7412/Y (INVX1_HVT)                              0.04      7.36 r
  U7480/Y (NAND2X0_HVT)                            0.09      7.45 f
  U7481/Y (INVX1_HVT)                              0.07      7.52 r
  U7534/Y (AO21X1_HVT)                             0.08      7.60 r
  U6163/Y (NAND2X1_HVT)                            0.14      7.74 f
  U6067/Y (NOR2X1_HVT)                             0.14      7.88 r
  U7556/Y (AO222X1_HVT)                            0.12      8.00 r
  u_ibex_top_u_ibex_core_if_stage_i_gen_prefetch_buffer_prefetch_buffer_i_fifo_i_rdata_q_reg_1__9_/D (DFFX1_HVT)
                                                   0.00      8.00 r
  data arrival time                                          8.00

  clock clk (rise edge)                           10.00     10.00
  clock network delay (ideal)                      0.00     10.00
  u_ibex_top_u_ibex_core_if_stage_i_gen_prefetch_buffer_prefetch_buffer_i_fifo_i_rdata_q_reg_1__9_/CLK (DFFX1_HVT)
                                                   0.00     10.00 r
  clock uncertainty                               -0.10      9.90
  library setup time                              -0.06      9.84
  data required time                                         9.84
  ------------------------------------------------------------------------
  data required time                                         9.84
  data arrival time                                         -8.00
  ------------------------------------------------------------------------
  slack (MET)                                                1.84



  Startpoint: u_ibex_top_u_ibex_core_if_stage_i_instr_rdata_alu_id_o_reg_5_ (rising edge-triggered flip-flop clocked by clk)
  Endpoint: u_ibex_top_u_ibex_core_if_stage_i_gen_prefetch_buffer_prefetch_buffer_i_fifo_i_rdata_q_reg_1__8_ (rising edge-triggered flip-flop clocked by clk)
  Mode: default
  Corner: default
  Scenario: default
  Path Group: clk
  Path Type: max

  Point                                            Incr      Path  
  ------------------------------------------------------------------------
  clock clk (rise edge)                            0.00      0.00
  clock network delay (ideal)                      0.00      0.00

  u_ibex_top_u_ibex_core_if_stage_i_instr_rdata_alu_id_o_reg_5_/CLK (DFFX1_HVT)
                                                   0.00      0.00 r
  u_ibex_top_u_ibex_core_if_stage_i_instr_rdata_alu_id_o_reg_5_/Q (DFFX1_HVT)
                                                   0.22      0.22 f
  U3031/Y (INVX1_HVT)                              0.04      0.26 r
  U3043/Y (AND2X1_HVT)                             0.06      0.32 r
  U3045/Y (AO222X1_HVT)                            0.14      0.46 r
  U3046/Y (AND4X1_HVT)                             0.13      0.59 r
  U3047/Y (OA221X1_HVT)                            0.09      0.67 r
  U3048/Y (AND2X1_HVT)                             0.07      0.74 r
  U3060/Y (AND2X1_HVT)                             0.06      0.80 r
  U3062/Y (AO222X1_HVT)                            0.15      0.95 r
  U3063/Y (OA21X1_HVT)                             0.08      1.02 r
  U3066/Y (NAND2X0_HVT)                            0.06      1.08 f
  U3067/Y (INVX1_HVT)                              0.07      1.15 r
  U44745/Y (AO222X1_HVT)                           0.18      1.33 r
  U7965/Y (NAND2X1_HVT)                            0.21      1.54 f
  U8239/Y (AO22X1_HVT)                             0.09      1.64 f
  U8240/Y (NAND3X0_HVT)                            0.05      1.68 r
  u_ibex_top_u_ibex_core_add_x_479/U44/CO (FADDX1_HVT)
                                                   0.12      1.81 r
  u_ibex_top_u_ibex_core_add_x_479/U45/CO (FADDX1_HVT)
                                                   0.11      1.92 r
  u_ibex_top_u_ibex_core_add_x_479/U46/CO (FADDX1_HVT)
                                                   0.11      2.02 r
  u_ibex_top_u_ibex_core_add_x_479/U40/CO (FADDX2_HVT)
                                                   0.11      2.14 r
  u_ibex_top_u_ibex_core_add_x_479/U42/CO (FADDX2_HVT)
                                                   0.11      2.25 r
  u_ibex_top_u_ibex_core_add_x_479/U47/CO (FADDX1_HVT)
                                                   0.11      2.36 r
  u_ibex_top_u_ibex_core_add_x_479/U48/CO (FADDX2_HVT)
                                                   0.11      2.47 r
  u_ibex_top_u_ibex_core_add_x_479/U49/CO (FADDX1_HVT)
                                                   0.11      2.58 r
  u_ibex_top_u_ibex_core_add_x_479/U50/CO (FADDX1_HVT)
                                                   0.11      2.68 r
  u_ibex_top_u_ibex_core_add_x_479/U51/CO (FADDX2_HVT)
                                                   0.11      2.80 r
  u_ibex_top_u_ibex_core_add_x_479/U52/CO (FADDX1_HVT)
                                                   0.11      2.90 r
  u_ibex_top_u_ibex_core_add_x_479/U53/CO (FADDX1_HVT)
                                                   0.11      3.01 r
  u_ibex_top_u_ibex_core_add_x_479/U54/CO (FADDX1_HVT)
                                                   0.11      3.12 r
  u_ibex_top_u_ibex_core_add_x_479/U55/CO (FADDX1_HVT)
                                                   0.11      3.23 r
  u_ibex_top_u_ibex_core_add_x_479/U56/CO (FADDX1_HVT)
                                                   0.11      3.33 r
  u_ibex_top_u_ibex_core_add_x_479/U57/CO (FADDX1_HVT)
                                                   0.11      3.44 r
  u_ibex_top_u_ibex_core_add_x_479/U58/CO (FADDX1_HVT)
                                                   0.11      3.55 r
  u_ibex_top_u_ibex_core_add_x_479/U59/CO (FADDX1_HVT)
                                                   0.11      3.65 r
  u_ibex_top_u_ibex_core_add_x_479/U60/CO (FADDX1_HVT)
                                                   0.11      3.76 r
  u_ibex_top_u_ibex_core_add_x_479/U61/CO (FADDX1_HVT)
                                                   0.11      3.87 r
  u_ibex_top_u_ibex_core_add_x_479/U62/CO (FADDX1_HVT)
                                                   0.11      3.97 r
  u_ibex_top_u_ibex_core_add_x_479/U63/CO (FADDX1_HVT)
                                                   0.11      4.08 r
  u_ibex_top_u_ibex_core_add_x_479/U64/CO (FADDX1_HVT)
                                                   0.11      4.19 r
  u_ibex_top_u_ibex_core_add_x_479/U65/CO (FADDX1_HVT)
                                                   0.11      4.30 r
  u_ibex_top_u_ibex_core_add_x_479/U66/CO (FADDX1_HVT)
                                                   0.11      4.40 r
  u_ibex_top_u_ibex_core_add_x_479/U67/CO (FADDX1_HVT)
                                                   0.11      4.51 r
  u_ibex_top_u_ibex_core_add_x_479/U68/CO (FADDX1_HVT)
                                                   0.11      4.62 r
  u_ibex_top_u_ibex_core_add_x_479/U69/CO (FADDX1_HVT)
                                                   0.11      4.72 r
  u_ibex_top_u_ibex_core_add_x_479/U70/CO (FADDX2_HVT)
                                                   0.11      4.84 r
  u_ibex_top_u_ibex_core_add_x_479/U71/CO (FADDX1_HVT)
                                                   0.11      4.94 r
  u_ibex_top_u_ibex_core_add_x_479/U72/CO (FADDX1_HVT)
                                                   0.11      5.06 r
  u_ibex_top_u_ibex_core_add_x_479/U43/S (FADDX2_HVT)
                                                   0.22      5.27 f
  U31467/Y (INVX2_HVT)                             0.03      5.30 r
  U3435/Y (NAND4X0_HVT)                            0.10      5.40 f
  U3441/Y (NOR4X1_HVT)                             0.12      5.52 r
  U42471/Y (NAND4X0_HVT)                           0.12      5.63 f
  U31517/Y (INVX2_HVT)                             0.04      5.68 r
  U3444/Y (MUX21X1_HVT)                            0.10      5.78 r
  U3445/Y (NAND2X0_HVT)                            0.04      5.82 f
  U3446/Y (OA22X1_HVT)                             0.07      5.89 f
  U3447/Y (AO221X1_HVT)                            0.09      5.98 f
  U3448/Y (NOR4X1_HVT)                             0.09      6.07 r
  U3449/Y (INVX1_HVT)                              0.02      6.09 f
  U3450/Y (AND2X1_HVT)                             0.04      6.13 f
  U3465/Y (AND2X1_HVT)                             0.05      6.18 f
  U3466/Y (AND2X1_HVT)                             0.05      6.23 f
  U3470/Y (AND2X1_HVT)                             0.04      6.27 f
  U3471/Y (AND3X1_HVT)                             0.06      6.34 f
  U3475/Y (NAND4X0_HVT)                            0.04      6.38 r
  U5408/Y (AO21X1_HVT)                             0.06      6.43 r
  U5409/Y (NAND4X0_HVT)                            0.13      6.56 f
  U5420/Y (NAND2X0_HVT)                            0.08      6.64 r
  U5421/Y (NAND2X0_HVT)                            0.08      6.72 f
  U5422/Y (INVX1_HVT)                              0.02      6.75 r
  U5427/Y (AND4X1_HVT)                             0.10      6.85 r
  U6503/Y (AND2X1_HVT)                             0.07      6.92 r
  U7405/Y (AO21X1_HVT)                             0.05      6.97 r
  U7406/Y (AND4X1_HVT)                             0.10      7.07 r
  U7407/Y (NAND4X0_HVT)                            0.08      7.16 f
  U7408/Y (NAND3X0_HVT)                            0.05      7.20 r
  U7409/Y (NAND3X0_HVT)                            0.11      7.32 f
  U7412/Y (INVX1_HVT)                              0.04      7.36 r
  U7480/Y (NAND2X0_HVT)                            0.09      7.45 f
  U7481/Y (INVX1_HVT)                              0.07      7.52 r
  U7534/Y (AO21X1_HVT)                             0.08      7.60 r
  U6163/Y (NAND2X1_HVT)                            0.14      7.74 f
  U6067/Y (NOR2X1_HVT)                             0.14      7.88 r
  U7555/Y (AO222X1_HVT)                            0.12      8.00 r
  u_ibex_top_u_ibex_core_if_stage_i_gen_prefetch_buffer_prefetch_buffer_i_fifo_i_rdata_q_reg_1__8_/D (DFFX1_HVT)
                                                   0.00      8.00 r
  data arrival time                                          8.00

  clock clk (rise edge)                           10.00     10.00
  clock network delay (ideal)                      0.00     10.00
  u_ibex_top_u_ibex_core_if_stage_i_gen_prefetch_buffer_prefetch_buffer_i_fifo_i_rdata_q_reg_1__8_/CLK (DFFX1_HVT)
                                                   0.00     10.00 r
  clock uncertainty                               -0.10      9.90
  library setup time                              -0.06      9.84
  data required time                                         9.84
  ------------------------------------------------------------------------
  data required time                                         9.84
  data arrival time                                         -8.00
  ------------------------------------------------------------------------
  slack (MET)                                                1.84



  Startpoint: u_ibex_top_u_ibex_core_if_stage_i_instr_rdata_alu_id_o_reg_5_ (rising edge-triggered flip-flop clocked by clk)
  Endpoint: u_ibex_top_u_ibex_core_if_stage_i_gen_prefetch_buffer_prefetch_buffer_i_fifo_i_rdata_q_reg_1__0_ (rising edge-triggered flip-flop clocked by clk)
  Mode: default
  Corner: default
  Scenario: default
  Path Group: clk
  Path Type: max

  Point                                            Incr      Path  
  ------------------------------------------------------------------------
  clock clk (rise edge)                            0.00      0.00
  clock network delay (ideal)                      0.00      0.00

  u_ibex_top_u_ibex_core_if_stage_i_instr_rdata_alu_id_o_reg_5_/CLK (DFFX1_HVT)
                                                   0.00      0.00 r
  u_ibex_top_u_ibex_core_if_stage_i_instr_rdata_alu_id_o_reg_5_/Q (DFFX1_HVT)
                                                   0.22      0.22 f
  U3031/Y (INVX1_HVT)                              0.04      0.26 r
  U3043/Y (AND2X1_HVT)                             0.06      0.32 r
  U3045/Y (AO222X1_HVT)                            0.14      0.46 r
  U3046/Y (AND4X1_HVT)                             0.13      0.59 r
  U3047/Y (OA221X1_HVT)                            0.09      0.67 r
  U3048/Y (AND2X1_HVT)                             0.07      0.74 r
  U3060/Y (AND2X1_HVT)                             0.06      0.80 r
  U3062/Y (AO222X1_HVT)                            0.15      0.95 r
  U3063/Y (OA21X1_HVT)                             0.08      1.02 r
  U3066/Y (NAND2X0_HVT)                            0.06      1.08 f
  U3067/Y (INVX1_HVT)                              0.07      1.15 r
  U44745/Y (AO222X1_HVT)                           0.18      1.33 r
  U7965/Y (NAND2X1_HVT)                            0.21      1.54 f
  U8239/Y (AO22X1_HVT)                             0.09      1.64 f
  U8240/Y (NAND3X0_HVT)                            0.05      1.68 r
  u_ibex_top_u_ibex_core_add_x_479/U44/CO (FADDX1_HVT)
                                                   0.12      1.81 r
  u_ibex_top_u_ibex_core_add_x_479/U45/CO (FADDX1_HVT)
                                                   0.11      1.92 r
  u_ibex_top_u_ibex_core_add_x_479/U46/CO (FADDX1_HVT)
                                                   0.11      2.02 r
  u_ibex_top_u_ibex_core_add_x_479/U40/CO (FADDX2_HVT)
                                                   0.11      2.14 r
  u_ibex_top_u_ibex_core_add_x_479/U42/CO (FADDX2_HVT)
                                                   0.11      2.25 r
  u_ibex_top_u_ibex_core_add_x_479/U47/CO (FADDX1_HVT)
                                                   0.11      2.36 r
  u_ibex_top_u_ibex_core_add_x_479/U48/CO (FADDX2_HVT)
                                                   0.11      2.47 r
  u_ibex_top_u_ibex_core_add_x_479/U49/CO (FADDX1_HVT)
                                                   0.11      2.58 r
  u_ibex_top_u_ibex_core_add_x_479/U50/CO (FADDX1_HVT)
                                                   0.11      2.68 r
  u_ibex_top_u_ibex_core_add_x_479/U51/CO (FADDX2_HVT)
                                                   0.11      2.80 r
  u_ibex_top_u_ibex_core_add_x_479/U52/CO (FADDX1_HVT)
                                                   0.11      2.90 r
  u_ibex_top_u_ibex_core_add_x_479/U53/CO (FADDX1_HVT)
                                                   0.11      3.01 r
  u_ibex_top_u_ibex_core_add_x_479/U54/CO (FADDX1_HVT)
                                                   0.11      3.12 r
  u_ibex_top_u_ibex_core_add_x_479/U55/CO (FADDX1_HVT)
                                                   0.11      3.23 r
  u_ibex_top_u_ibex_core_add_x_479/U56/CO (FADDX1_HVT)
                                                   0.11      3.33 r
  u_ibex_top_u_ibex_core_add_x_479/U57/CO (FADDX1_HVT)
                                                   0.11      3.44 r
  u_ibex_top_u_ibex_core_add_x_479/U58/CO (FADDX1_HVT)
                                                   0.11      3.55 r
  u_ibex_top_u_ibex_core_add_x_479/U59/CO (FADDX1_HVT)
                                                   0.11      3.65 r
  u_ibex_top_u_ibex_core_add_x_479/U60/CO (FADDX1_HVT)
                                                   0.11      3.76 r
  u_ibex_top_u_ibex_core_add_x_479/U61/CO (FADDX1_HVT)
                                                   0.11      3.87 r
  u_ibex_top_u_ibex_core_add_x_479/U62/CO (FADDX1_HVT)
                                                   0.11      3.97 r
  u_ibex_top_u_ibex_core_add_x_479/U63/CO (FADDX1_HVT)
                                                   0.11      4.08 r
  u_ibex_top_u_ibex_core_add_x_479/U64/CO (FADDX1_HVT)
                                                   0.11      4.19 r
  u_ibex_top_u_ibex_core_add_x_479/U65/CO (FADDX1_HVT)
                                                   0.11      4.30 r
  u_ibex_top_u_ibex_core_add_x_479/U66/CO (FADDX1_HVT)
                                                   0.11      4.40 r
  u_ibex_top_u_ibex_core_add_x_479/U67/CO (FADDX1_HVT)
                                                   0.11      4.51 r
  u_ibex_top_u_ibex_core_add_x_479/U68/CO (FADDX1_HVT)
                                                   0.11      4.62 r
  u_ibex_top_u_ibex_core_add_x_479/U69/CO (FADDX1_HVT)
                                                   0.11      4.72 r
  u_ibex_top_u_ibex_core_add_x_479/U70/CO (FADDX2_HVT)
                                                   0.11      4.84 r
  u_ibex_top_u_ibex_core_add_x_479/U71/CO (FADDX1_HVT)
                                                   0.11      4.94 r
  u_ibex_top_u_ibex_core_add_x_479/U72/CO (FADDX1_HVT)
                                                   0.11      5.06 r
  u_ibex_top_u_ibex_core_add_x_479/U43/S (FADDX2_HVT)
                                                   0.22      5.27 f
  U31467/Y (INVX2_HVT)                             0.03      5.30 r
  U3435/Y (NAND4X0_HVT)                            0.10      5.40 f
  U3441/Y (NOR4X1_HVT)                             0.12      5.52 r
  U42471/Y (NAND4X0_HVT)                           0.12      5.63 f
  U31517/Y (INVX2_HVT)                             0.04      5.68 r
  U3444/Y (MUX21X1_HVT)                            0.10      5.78 r
  U3445/Y (NAND2X0_HVT)                            0.04      5.82 f
  U3446/Y (OA22X1_HVT)                             0.07      5.89 f
  U3447/Y (AO221X1_HVT)                            0.09      5.98 f
  U3448/Y (NOR4X1_HVT)                             0.09      6.07 r
  U3449/Y (INVX1_HVT)                              0.02      6.09 f
  U3450/Y (AND2X1_HVT)                             0.04      6.13 f
  U3465/Y (AND2X1_HVT)                             0.05      6.18 f
  U3466/Y (AND2X1_HVT)                             0.05      6.23 f
  U3470/Y (AND2X1_HVT)                             0.04      6.27 f
  U3471/Y (AND3X1_HVT)                             0.06      6.34 f
  U3475/Y (NAND4X0_HVT)                            0.04      6.38 r
  U5408/Y (AO21X1_HVT)                             0.06      6.43 r
  U5409/Y (NAND4X0_HVT)                            0.13      6.56 f
  U5420/Y (NAND2X0_HVT)                            0.08      6.64 r
  U5421/Y (NAND2X0_HVT)                            0.08      6.72 f
  U5422/Y (INVX1_HVT)                              0.02      6.75 r
  U5427/Y (AND4X1_HVT)                             0.10      6.85 r
  U6503/Y (AND2X1_HVT)                             0.07      6.92 r
  U7405/Y (AO21X1_HVT)                             0.05      6.97 r
  U7406/Y (AND4X1_HVT)                             0.10      7.07 r
  U7407/Y (NAND4X0_HVT)                            0.08      7.16 f
  U7408/Y (NAND3X0_HVT)                            0.05      7.20 r
  U7409/Y (NAND3X0_HVT)                            0.11      7.32 f
  U7412/Y (INVX1_HVT)                              0.04      7.36 r
  U7480/Y (NAND2X0_HVT)                            0.09      7.45 f
  U7481/Y (INVX1_HVT)                              0.07      7.52 r
  U7534/Y (AO21X1_HVT)                             0.08      7.60 r
  U6163/Y (NAND2X1_HVT)                            0.14      7.74 f
  U6067/Y (NOR2X1_HVT)                             0.14      7.88 r
  U7545/Y (AO222X1_HVT)                            0.12      8.00 r
  u_ibex_top_u_ibex_core_if_stage_i_gen_prefetch_buffer_prefetch_buffer_i_fifo_i_rdata_q_reg_1__0_/D (DFFX1_HVT)
                                                   0.00      8.00 r
  data arrival time                                          8.00

  clock clk (rise edge)                           10.00     10.00
  clock network delay (ideal)                      0.00     10.00
  u_ibex_top_u_ibex_core_if_stage_i_gen_prefetch_buffer_prefetch_buffer_i_fifo_i_rdata_q_reg_1__0_/CLK (DFFX1_HVT)
                                                   0.00     10.00 r
  clock uncertainty                               -0.10      9.90
  library setup time                              -0.06      9.84
  data required time                                         9.84
  ------------------------------------------------------------------------
  data required time                                         9.84
  data arrival time                                         -8.00
  ------------------------------------------------------------------------
  slack (MET)                                                1.84



  Startpoint: u_ibex_top_u_ibex_core_if_stage_i_instr_rdata_alu_id_o_reg_5_ (rising edge-triggered flip-flop clocked by clk)
  Endpoint: u_ibex_top_u_ibex_core_if_stage_i_gen_prefetch_buffer_prefetch_buffer_i_fifo_i_rdata_q_reg_1__15_ (rising edge-triggered flip-flop clocked by clk)
  Mode: default
  Corner: default
  Scenario: default
  Path Group: clk
  Path Type: max

  Point                                            Incr      Path  
  ------------------------------------------------------------------------
  clock clk (rise edge)                            0.00      0.00
  clock network delay (ideal)                      0.00      0.00

  u_ibex_top_u_ibex_core_if_stage_i_instr_rdata_alu_id_o_reg_5_/CLK (DFFX1_HVT)
                                                   0.00      0.00 r
  u_ibex_top_u_ibex_core_if_stage_i_instr_rdata_alu_id_o_reg_5_/Q (DFFX1_HVT)
                                                   0.22      0.22 f
  U3031/Y (INVX1_HVT)                              0.04      0.26 r
  U3043/Y (AND2X1_HVT)                             0.06      0.32 r
  U3045/Y (AO222X1_HVT)                            0.14      0.46 r
  U3046/Y (AND4X1_HVT)                             0.13      0.59 r
  U3047/Y (OA221X1_HVT)                            0.09      0.67 r
  U3048/Y (AND2X1_HVT)                             0.07      0.74 r
  U3060/Y (AND2X1_HVT)                             0.06      0.80 r
  U3062/Y (AO222X1_HVT)                            0.15      0.95 r
  U3063/Y (OA21X1_HVT)                             0.08      1.02 r
  U3066/Y (NAND2X0_HVT)                            0.06      1.08 f
  U3067/Y (INVX1_HVT)                              0.07      1.15 r
  U44745/Y (AO222X1_HVT)                           0.18      1.33 r
  U7965/Y (NAND2X1_HVT)                            0.21      1.54 f
  U8239/Y (AO22X1_HVT)                             0.09      1.64 f
  U8240/Y (NAND3X0_HVT)                            0.05      1.68 r
  u_ibex_top_u_ibex_core_add_x_479/U44/CO (FADDX1_HVT)
                                                   0.12      1.81 r
  u_ibex_top_u_ibex_core_add_x_479/U45/CO (FADDX1_HVT)
                                                   0.11      1.92 r
  u_ibex_top_u_ibex_core_add_x_479/U46/CO (FADDX1_HVT)
                                                   0.11      2.02 r
  u_ibex_top_u_ibex_core_add_x_479/U40/CO (FADDX2_HVT)
                                                   0.11      2.14 r
  u_ibex_top_u_ibex_core_add_x_479/U42/CO (FADDX2_HVT)
                                                   0.11      2.25 r
  u_ibex_top_u_ibex_core_add_x_479/U47/CO (FADDX1_HVT)
                                                   0.11      2.36 r
  u_ibex_top_u_ibex_core_add_x_479/U48/CO (FADDX2_HVT)
                                                   0.11      2.47 r
  u_ibex_top_u_ibex_core_add_x_479/U49/CO (FADDX1_HVT)
                                                   0.11      2.58 r
  u_ibex_top_u_ibex_core_add_x_479/U50/CO (FADDX1_HVT)
                                                   0.11      2.68 r
  u_ibex_top_u_ibex_core_add_x_479/U51/CO (FADDX2_HVT)
                                                   0.11      2.80 r
  u_ibex_top_u_ibex_core_add_x_479/U52/CO (FADDX1_HVT)
                                                   0.11      2.90 r
  u_ibex_top_u_ibex_core_add_x_479/U53/CO (FADDX1_HVT)
                                                   0.11      3.01 r
  u_ibex_top_u_ibex_core_add_x_479/U54/CO (FADDX1_HVT)
                                                   0.11      3.12 r
  u_ibex_top_u_ibex_core_add_x_479/U55/CO (FADDX1_HVT)
                                                   0.11      3.23 r
  u_ibex_top_u_ibex_core_add_x_479/U56/CO (FADDX1_HVT)
                                                   0.11      3.33 r
  u_ibex_top_u_ibex_core_add_x_479/U57/CO (FADDX1_HVT)
                                                   0.11      3.44 r
  u_ibex_top_u_ibex_core_add_x_479/U58/CO (FADDX1_HVT)
                                                   0.11      3.55 r
  u_ibex_top_u_ibex_core_add_x_479/U59/CO (FADDX1_HVT)
                                                   0.11      3.65 r
  u_ibex_top_u_ibex_core_add_x_479/U60/CO (FADDX1_HVT)
                                                   0.11      3.76 r
  u_ibex_top_u_ibex_core_add_x_479/U61/CO (FADDX1_HVT)
                                                   0.11      3.87 r
  u_ibex_top_u_ibex_core_add_x_479/U62/CO (FADDX1_HVT)
                                                   0.11      3.97 r
  u_ibex_top_u_ibex_core_add_x_479/U63/CO (FADDX1_HVT)
                                                   0.11      4.08 r
  u_ibex_top_u_ibex_core_add_x_479/U64/CO (FADDX1_HVT)
                                                   0.11      4.19 r
  u_ibex_top_u_ibex_core_add_x_479/U65/CO (FADDX1_HVT)
                                                   0.11      4.30 r
  u_ibex_top_u_ibex_core_add_x_479/U66/CO (FADDX1_HVT)
                                                   0.11      4.40 r
  u_ibex_top_u_ibex_core_add_x_479/U67/CO (FADDX1_HVT)
                                                   0.11      4.51 r
  u_ibex_top_u_ibex_core_add_x_479/U68/CO (FADDX1_HVT)
                                                   0.11      4.62 r
  u_ibex_top_u_ibex_core_add_x_479/U69/CO (FADDX1_HVT)
                                                   0.11      4.72 r
  u_ibex_top_u_ibex_core_add_x_479/U70/CO (FADDX2_HVT)
                                                   0.11      4.84 r
  u_ibex_top_u_ibex_core_add_x_479/U71/CO (FADDX1_HVT)
                                                   0.11      4.94 r
  u_ibex_top_u_ibex_core_add_x_479/U72/CO (FADDX1_HVT)
                                                   0.11      5.06 r
  u_ibex_top_u_ibex_core_add_x_479/U43/S (FADDX2_HVT)
                                                   0.22      5.27 f
  U31467/Y (INVX2_HVT)                             0.03      5.30 r
  U3435/Y (NAND4X0_HVT)                            0.10      5.40 f
  U3441/Y (NOR4X1_HVT)                             0.12      5.52 r
  U42471/Y (NAND4X0_HVT)                           0.12      5.63 f
  U31517/Y (INVX2_HVT)                             0.04      5.68 r
  U3444/Y (MUX21X1_HVT)                            0.10      5.78 r
  U3445/Y (NAND2X0_HVT)                            0.04      5.82 f
  U3446/Y (OA22X1_HVT)                             0.07      5.89 f
  U3447/Y (AO221X1_HVT)                            0.09      5.98 f
  U3448/Y (NOR4X1_HVT)                             0.09      6.07 r
  U3449/Y (INVX1_HVT)                              0.02      6.09 f
  U3450/Y (AND2X1_HVT)                             0.04      6.13 f
  U3465/Y (AND2X1_HVT)                             0.05      6.18 f
  U3466/Y (AND2X1_HVT)                             0.05      6.23 f
  U3470/Y (AND2X1_HVT)                             0.04      6.27 f
  U3471/Y (AND3X1_HVT)                             0.06      6.34 f
  U3475/Y (NAND4X0_HVT)                            0.04      6.38 r
  U5408/Y (AO21X1_HVT)                             0.06      6.43 r
  U5409/Y (NAND4X0_HVT)                            0.13      6.56 f
  U5420/Y (NAND2X0_HVT)                            0.08      6.64 r
  U5421/Y (NAND2X0_HVT)                            0.08      6.72 f
  U5422/Y (INVX1_HVT)                              0.02      6.75 r
  U5427/Y (AND4X1_HVT)                             0.10      6.85 r
  U6503/Y (AND2X1_HVT)                             0.07      6.92 r
  U7405/Y (AO21X1_HVT)                             0.05      6.97 r
  U7406/Y (AND4X1_HVT)                             0.10      7.07 r
  U7407/Y (NAND4X0_HVT)                            0.08      7.16 f
  U7408/Y (NAND3X0_HVT)                            0.05      7.20 r
  U7409/Y (NAND3X0_HVT)                            0.11      7.32 f
  U7412/Y (INVX1_HVT)                              0.04      7.36 r
  U7480/Y (NAND2X0_HVT)                            0.09      7.45 f
  U7481/Y (INVX1_HVT)                              0.07      7.52 r
  U7534/Y (AO21X1_HVT)                             0.08      7.60 r
  U6163/Y (NAND2X1_HVT)                            0.14      7.74 f
  U6067/Y (NOR2X1_HVT)                             0.14      7.88 r
  U7562/Y (AO222X1_HVT)                            0.12      8.00 r
  u_ibex_top_u_ibex_core_if_stage_i_gen_prefetch_buffer_prefetch_buffer_i_fifo_i_rdata_q_reg_1__15_/D (DFFX1_HVT)
                                                   0.00      8.00 r
  data arrival time                                          8.00

  clock clk (rise edge)                           10.00     10.00
  clock network delay (ideal)                      0.00     10.00
  u_ibex_top_u_ibex_core_if_stage_i_gen_prefetch_buffer_prefetch_buffer_i_fifo_i_rdata_q_reg_1__15_/CLK (DFFX1_HVT)
                                                   0.00     10.00 r
  clock uncertainty                               -0.10      9.90
  library setup time                              -0.06      9.84
  data required time                                         9.84
  ------------------------------------------------------------------------
  data required time                                         9.84
  data arrival time                                         -8.00
  ------------------------------------------------------------------------
  slack (MET)                                                1.84



  Startpoint: u_ibex_top_u_ibex_core_if_stage_i_instr_rdata_alu_id_o_reg_5_ (rising edge-triggered flip-flop clocked by clk)
  Endpoint: u_ibex_top_u_ibex_core_if_stage_i_gen_prefetch_buffer_prefetch_buffer_i_fifo_i_rdata_q_reg_1__14_ (rising edge-triggered flip-flop clocked by clk)
  Mode: default
  Corner: default
  Scenario: default
  Path Group: clk
  Path Type: max

  Point                                            Incr      Path  
  ------------------------------------------------------------------------
  clock clk (rise edge)                            0.00      0.00
  clock network delay (ideal)                      0.00      0.00

  u_ibex_top_u_ibex_core_if_stage_i_instr_rdata_alu_id_o_reg_5_/CLK (DFFX1_HVT)
                                                   0.00      0.00 r
  u_ibex_top_u_ibex_core_if_stage_i_instr_rdata_alu_id_o_reg_5_/Q (DFFX1_HVT)
                                                   0.22      0.22 f
  U3031/Y (INVX1_HVT)                              0.04      0.26 r
  U3043/Y (AND2X1_HVT)                             0.06      0.32 r
  U3045/Y (AO222X1_HVT)                            0.14      0.46 r
  U3046/Y (AND4X1_HVT)                             0.13      0.59 r
  U3047/Y (OA221X1_HVT)                            0.09      0.67 r
  U3048/Y (AND2X1_HVT)                             0.07      0.74 r
  U3060/Y (AND2X1_HVT)                             0.06      0.80 r
  U3062/Y (AO222X1_HVT)                            0.15      0.95 r
  U3063/Y (OA21X1_HVT)                             0.08      1.02 r
  U3066/Y (NAND2X0_HVT)                            0.06      1.08 f
  U3067/Y (INVX1_HVT)                              0.07      1.15 r
  U44745/Y (AO222X1_HVT)                           0.18      1.33 r
  U7965/Y (NAND2X1_HVT)                            0.21      1.54 f
  U8239/Y (AO22X1_HVT)                             0.09      1.64 f
  U8240/Y (NAND3X0_HVT)                            0.05      1.68 r
  u_ibex_top_u_ibex_core_add_x_479/U44/CO (FADDX1_HVT)
                                                   0.12      1.81 r
  u_ibex_top_u_ibex_core_add_x_479/U45/CO (FADDX1_HVT)
                                                   0.11      1.92 r
  u_ibex_top_u_ibex_core_add_x_479/U46/CO (FADDX1_HVT)
                                                   0.11      2.02 r
  u_ibex_top_u_ibex_core_add_x_479/U40/CO (FADDX2_HVT)
                                                   0.11      2.14 r
  u_ibex_top_u_ibex_core_add_x_479/U42/CO (FADDX2_HVT)
                                                   0.11      2.25 r
  u_ibex_top_u_ibex_core_add_x_479/U47/CO (FADDX1_HVT)
                                                   0.11      2.36 r
  u_ibex_top_u_ibex_core_add_x_479/U48/CO (FADDX2_HVT)
                                                   0.11      2.47 r
  u_ibex_top_u_ibex_core_add_x_479/U49/CO (FADDX1_HVT)
                                                   0.11      2.58 r
  u_ibex_top_u_ibex_core_add_x_479/U50/CO (FADDX1_HVT)
                                                   0.11      2.68 r
  u_ibex_top_u_ibex_core_add_x_479/U51/CO (FADDX2_HVT)
                                                   0.11      2.80 r
  u_ibex_top_u_ibex_core_add_x_479/U52/CO (FADDX1_HVT)
                                                   0.11      2.90 r
  u_ibex_top_u_ibex_core_add_x_479/U53/CO (FADDX1_HVT)
                                                   0.11      3.01 r
  u_ibex_top_u_ibex_core_add_x_479/U54/CO (FADDX1_HVT)
                                                   0.11      3.12 r
  u_ibex_top_u_ibex_core_add_x_479/U55/CO (FADDX1_HVT)
                                                   0.11      3.23 r
  u_ibex_top_u_ibex_core_add_x_479/U56/CO (FADDX1_HVT)
                                                   0.11      3.33 r
  u_ibex_top_u_ibex_core_add_x_479/U57/CO (FADDX1_HVT)
                                                   0.11      3.44 r
  u_ibex_top_u_ibex_core_add_x_479/U58/CO (FADDX1_HVT)
                                                   0.11      3.55 r
  u_ibex_top_u_ibex_core_add_x_479/U59/CO (FADDX1_HVT)
                                                   0.11      3.65 r
  u_ibex_top_u_ibex_core_add_x_479/U60/CO (FADDX1_HVT)
                                                   0.11      3.76 r
  u_ibex_top_u_ibex_core_add_x_479/U61/CO (FADDX1_HVT)
                                                   0.11      3.87 r
  u_ibex_top_u_ibex_core_add_x_479/U62/CO (FADDX1_HVT)
                                                   0.11      3.97 r
  u_ibex_top_u_ibex_core_add_x_479/U63/CO (FADDX1_HVT)
                                                   0.11      4.08 r
  u_ibex_top_u_ibex_core_add_x_479/U64/CO (FADDX1_HVT)
                                                   0.11      4.19 r
  u_ibex_top_u_ibex_core_add_x_479/U65/CO (FADDX1_HVT)
                                                   0.11      4.30 r
  u_ibex_top_u_ibex_core_add_x_479/U66/CO (FADDX1_HVT)
                                                   0.11      4.40 r
  u_ibex_top_u_ibex_core_add_x_479/U67/CO (FADDX1_HVT)
                                                   0.11      4.51 r
  u_ibex_top_u_ibex_core_add_x_479/U68/CO (FADDX1_HVT)
                                                   0.11      4.62 r
  u_ibex_top_u_ibex_core_add_x_479/U69/CO (FADDX1_HVT)
                                                   0.11      4.72 r
  u_ibex_top_u_ibex_core_add_x_479/U70/CO (FADDX2_HVT)
                                                   0.11      4.84 r
  u_ibex_top_u_ibex_core_add_x_479/U71/CO (FADDX1_HVT)
                                                   0.11      4.94 r
  u_ibex_top_u_ibex_core_add_x_479/U72/CO (FADDX1_HVT)
                                                   0.11      5.06 r
  u_ibex_top_u_ibex_core_add_x_479/U43/S (FADDX2_HVT)
                                                   0.22      5.27 f
  U31467/Y (INVX2_HVT)                             0.03      5.30 r
  U3435/Y (NAND4X0_HVT)                            0.10      5.40 f
  U3441/Y (NOR4X1_HVT)                             0.12      5.52 r
  U42471/Y (NAND4X0_HVT)                           0.12      5.63 f
  U31517/Y (INVX2_HVT)                             0.04      5.68 r
  U3444/Y (MUX21X1_HVT)                            0.10      5.78 r
  U3445/Y (NAND2X0_HVT)                            0.04      5.82 f
  U3446/Y (OA22X1_HVT)                             0.07      5.89 f
  U3447/Y (AO221X1_HVT)                            0.09      5.98 f
  U3448/Y (NOR4X1_HVT)                             0.09      6.07 r
  U3449/Y (INVX1_HVT)                              0.02      6.09 f
  U3450/Y (AND2X1_HVT)                             0.04      6.13 f
  U3465/Y (AND2X1_HVT)                             0.05      6.18 f
  U3466/Y (AND2X1_HVT)                             0.05      6.23 f
  U3470/Y (AND2X1_HVT)                             0.04      6.27 f
  U3471/Y (AND3X1_HVT)                             0.06      6.34 f
  U3475/Y (NAND4X0_HVT)                            0.04      6.38 r
  U5408/Y (AO21X1_HVT)                             0.06      6.43 r
  U5409/Y (NAND4X0_HVT)                            0.13      6.56 f
  U5420/Y (NAND2X0_HVT)                            0.08      6.64 r
  U5421/Y (NAND2X0_HVT)                            0.08      6.72 f
  U5422/Y (INVX1_HVT)                              0.02      6.75 r
  U5427/Y (AND4X1_HVT)                             0.10      6.85 r
  U6503/Y (AND2X1_HVT)                             0.07      6.92 r
  U7405/Y (AO21X1_HVT)                             0.05      6.97 r
  U7406/Y (AND4X1_HVT)                             0.10      7.07 r
  U7407/Y (NAND4X0_HVT)                            0.08      7.16 f
  U7408/Y (NAND3X0_HVT)                            0.05      7.20 r
  U7409/Y (NAND3X0_HVT)                            0.11      7.32 f
  U7412/Y (INVX1_HVT)                              0.04      7.36 r
  U7480/Y (NAND2X0_HVT)                            0.09      7.45 f
  U7481/Y (INVX1_HVT)                              0.07      7.52 r
  U7534/Y (AO21X1_HVT)                             0.08      7.60 r
  U6163/Y (NAND2X1_HVT)                            0.14      7.74 f
  U6067/Y (NOR2X1_HVT)                             0.14      7.88 r
  U7561/Y (AO222X1_HVT)                            0.12      8.00 r
  u_ibex_top_u_ibex_core_if_stage_i_gen_prefetch_buffer_prefetch_buffer_i_fifo_i_rdata_q_reg_1__14_/D (DFFX1_HVT)
                                                   0.00      8.00 r
  data arrival time                                          8.00

  clock clk (rise edge)                           10.00     10.00
  clock network delay (ideal)                      0.00     10.00
  u_ibex_top_u_ibex_core_if_stage_i_gen_prefetch_buffer_prefetch_buffer_i_fifo_i_rdata_q_reg_1__14_/CLK (DFFX1_HVT)
                                                   0.00     10.00 r
  clock uncertainty                               -0.10      9.90
  library setup time                              -0.06      9.84
  data required time                                         9.84
  ------------------------------------------------------------------------
  data required time                                         9.84
  data arrival time                                         -8.00
  ------------------------------------------------------------------------
  slack (MET)                                                1.84



  Startpoint: u_ibex_top_u_ibex_core_if_stage_i_instr_rdata_alu_id_o_reg_5_ (rising edge-triggered flip-flop clocked by clk)
  Endpoint: u_ibex_top_u_ibex_core_if_stage_i_gen_prefetch_buffer_prefetch_buffer_i_fifo_i_rdata_q_reg_1__13_ (rising edge-triggered flip-flop clocked by clk)
  Mode: default
  Corner: default
  Scenario: default
  Path Group: clk
  Path Type: max

  Point                                            Incr      Path  
  ------------------------------------------------------------------------
  clock clk (rise edge)                            0.00      0.00
  clock network delay (ideal)                      0.00      0.00

  u_ibex_top_u_ibex_core_if_stage_i_instr_rdata_alu_id_o_reg_5_/CLK (DFFX1_HVT)
                                                   0.00      0.00 r
  u_ibex_top_u_ibex_core_if_stage_i_instr_rdata_alu_id_o_reg_5_/Q (DFFX1_HVT)
                                                   0.22      0.22 f
  U3031/Y (INVX1_HVT)                              0.04      0.26 r
  U3043/Y (AND2X1_HVT)                             0.06      0.32 r
  U3045/Y (AO222X1_HVT)                            0.14      0.46 r
  U3046/Y (AND4X1_HVT)                             0.13      0.59 r
  U3047/Y (OA221X1_HVT)                            0.09      0.67 r
  U3048/Y (AND2X1_HVT)                             0.07      0.74 r
  U3060/Y (AND2X1_HVT)                             0.06      0.80 r
  U3062/Y (AO222X1_HVT)                            0.15      0.95 r
  U3063/Y (OA21X1_HVT)                             0.08      1.02 r
  U3066/Y (NAND2X0_HVT)                            0.06      1.08 f
  U3067/Y (INVX1_HVT)                              0.07      1.15 r
  U44745/Y (AO222X1_HVT)                           0.18      1.33 r
  U7965/Y (NAND2X1_HVT)                            0.21      1.54 f
  U8239/Y (AO22X1_HVT)                             0.09      1.64 f
  U8240/Y (NAND3X0_HVT)                            0.05      1.68 r
  u_ibex_top_u_ibex_core_add_x_479/U44/CO (FADDX1_HVT)
                                                   0.12      1.81 r
  u_ibex_top_u_ibex_core_add_x_479/U45/CO (FADDX1_HVT)
                                                   0.11      1.92 r
  u_ibex_top_u_ibex_core_add_x_479/U46/CO (FADDX1_HVT)
                                                   0.11      2.02 r
  u_ibex_top_u_ibex_core_add_x_479/U40/CO (FADDX2_HVT)
                                                   0.11      2.14 r
  u_ibex_top_u_ibex_core_add_x_479/U42/CO (FADDX2_HVT)
                                                   0.11      2.25 r
  u_ibex_top_u_ibex_core_add_x_479/U47/CO (FADDX1_HVT)
                                                   0.11      2.36 r
  u_ibex_top_u_ibex_core_add_x_479/U48/CO (FADDX2_HVT)
                                                   0.11      2.47 r
  u_ibex_top_u_ibex_core_add_x_479/U49/CO (FADDX1_HVT)
                                                   0.11      2.58 r
  u_ibex_top_u_ibex_core_add_x_479/U50/CO (FADDX1_HVT)
                                                   0.11      2.68 r
  u_ibex_top_u_ibex_core_add_x_479/U51/CO (FADDX2_HVT)
                                                   0.11      2.80 r
  u_ibex_top_u_ibex_core_add_x_479/U52/CO (FADDX1_HVT)
                                                   0.11      2.90 r
  u_ibex_top_u_ibex_core_add_x_479/U53/CO (FADDX1_HVT)
                                                   0.11      3.01 r
  u_ibex_top_u_ibex_core_add_x_479/U54/CO (FADDX1_HVT)
                                                   0.11      3.12 r
  u_ibex_top_u_ibex_core_add_x_479/U55/CO (FADDX1_HVT)
                                                   0.11      3.23 r
  u_ibex_top_u_ibex_core_add_x_479/U56/CO (FADDX1_HVT)
                                                   0.11      3.33 r
  u_ibex_top_u_ibex_core_add_x_479/U57/CO (FADDX1_HVT)
                                                   0.11      3.44 r
  u_ibex_top_u_ibex_core_add_x_479/U58/CO (FADDX1_HVT)
                                                   0.11      3.55 r
  u_ibex_top_u_ibex_core_add_x_479/U59/CO (FADDX1_HVT)
                                                   0.11      3.65 r
  u_ibex_top_u_ibex_core_add_x_479/U60/CO (FADDX1_HVT)
                                                   0.11      3.76 r
  u_ibex_top_u_ibex_core_add_x_479/U61/CO (FADDX1_HVT)
                                                   0.11      3.87 r
  u_ibex_top_u_ibex_core_add_x_479/U62/CO (FADDX1_HVT)
                                                   0.11      3.97 r
  u_ibex_top_u_ibex_core_add_x_479/U63/CO (FADDX1_HVT)
                                                   0.11      4.08 r
  u_ibex_top_u_ibex_core_add_x_479/U64/CO (FADDX1_HVT)
                                                   0.11      4.19 r
  u_ibex_top_u_ibex_core_add_x_479/U65/CO (FADDX1_HVT)
                                                   0.11      4.30 r
  u_ibex_top_u_ibex_core_add_x_479/U66/CO (FADDX1_HVT)
                                                   0.11      4.40 r
  u_ibex_top_u_ibex_core_add_x_479/U67/CO (FADDX1_HVT)
                                                   0.11      4.51 r
  u_ibex_top_u_ibex_core_add_x_479/U68/CO (FADDX1_HVT)
                                                   0.11      4.62 r
  u_ibex_top_u_ibex_core_add_x_479/U69/CO (FADDX1_HVT)
                                                   0.11      4.72 r
  u_ibex_top_u_ibex_core_add_x_479/U70/CO (FADDX2_HVT)
                                                   0.11      4.84 r
  u_ibex_top_u_ibex_core_add_x_479/U71/CO (FADDX1_HVT)
                                                   0.11      4.94 r
  u_ibex_top_u_ibex_core_add_x_479/U72/CO (FADDX1_HVT)
                                                   0.11      5.06 r
  u_ibex_top_u_ibex_core_add_x_479/U43/S (FADDX2_HVT)
                                                   0.22      5.27 f
  U31467/Y (INVX2_HVT)                             0.03      5.30 r
  U3435/Y (NAND4X0_HVT)                            0.10      5.40 f
  U3441/Y (NOR4X1_HVT)                             0.12      5.52 r
  U42471/Y (NAND4X0_HVT)                           0.12      5.63 f
  U31517/Y (INVX2_HVT)                             0.04      5.68 r
  U3444/Y (MUX21X1_HVT)                            0.10      5.78 r
  U3445/Y (NAND2X0_HVT)                            0.04      5.82 f
  U3446/Y (OA22X1_HVT)                             0.07      5.89 f
  U3447/Y (AO221X1_HVT)                            0.09      5.98 f
  U3448/Y (NOR4X1_HVT)                             0.09      6.07 r
  U3449/Y (INVX1_HVT)                              0.02      6.09 f
  U3450/Y (AND2X1_HVT)                             0.04      6.13 f
  U3465/Y (AND2X1_HVT)                             0.05      6.18 f
  U3466/Y (AND2X1_HVT)                             0.05      6.23 f
  U3470/Y (AND2X1_HVT)                             0.04      6.27 f
  U3471/Y (AND3X1_HVT)                             0.06      6.34 f
  U3475/Y (NAND4X0_HVT)                            0.04      6.38 r
  U5408/Y (AO21X1_HVT)                             0.06      6.43 r
  U5409/Y (NAND4X0_HVT)                            0.13      6.56 f
  U5420/Y (NAND2X0_HVT)                            0.08      6.64 r
  U5421/Y (NAND2X0_HVT)                            0.08      6.72 f
  U5422/Y (INVX1_HVT)                              0.02      6.75 r
  U5427/Y (AND4X1_HVT)                             0.10      6.85 r
  U6503/Y (AND2X1_HVT)                             0.07      6.92 r
  U7405/Y (AO21X1_HVT)                             0.05      6.97 r
  U7406/Y (AND4X1_HVT)                             0.10      7.07 r
  U7407/Y (NAND4X0_HVT)                            0.08      7.16 f
  U7408/Y (NAND3X0_HVT)                            0.05      7.20 r
  U7409/Y (NAND3X0_HVT)                            0.11      7.32 f
  U7412/Y (INVX1_HVT)                              0.04      7.36 r
  U7480/Y (NAND2X0_HVT)                            0.09      7.45 f
  U7481/Y (INVX1_HVT)                              0.07      7.52 r
  U7534/Y (AO21X1_HVT)                             0.08      7.60 r
  U6163/Y (NAND2X1_HVT)                            0.14      7.74 f
  U6067/Y (NOR2X1_HVT)                             0.14      7.88 r
  U7560/Y (AO222X1_HVT)                            0.12      8.00 r
  u_ibex_top_u_ibex_core_if_stage_i_gen_prefetch_buffer_prefetch_buffer_i_fifo_i_rdata_q_reg_1__13_/D (DFFX1_HVT)
                                                   0.00      8.00 r
  data arrival time                                          8.00

  clock clk (rise edge)                           10.00     10.00
  clock network delay (ideal)                      0.00     10.00
  u_ibex_top_u_ibex_core_if_stage_i_gen_prefetch_buffer_prefetch_buffer_i_fifo_i_rdata_q_reg_1__13_/CLK (DFFX1_HVT)
                                                   0.00     10.00 r
  clock uncertainty                               -0.10      9.90
  library setup time                              -0.06      9.84
  data required time                                         9.84
  ------------------------------------------------------------------------
  data required time                                         9.84
  data arrival time                                         -8.00
  ------------------------------------------------------------------------
  slack (MET)                                                1.84



  Startpoint: u_ibex_top_u_ibex_core_if_stage_i_instr_rdata_alu_id_o_reg_5_ (rising edge-triggered flip-flop clocked by clk)
  Endpoint: u_ibex_top_u_ibex_core_if_stage_i_gen_prefetch_buffer_prefetch_buffer_i_fifo_i_rdata_q_reg_1__11_ (rising edge-triggered flip-flop clocked by clk)
  Mode: default
  Corner: default
  Scenario: default
  Path Group: clk
  Path Type: max

  Point                                            Incr      Path  
  ------------------------------------------------------------------------
  clock clk (rise edge)                            0.00      0.00
  clock network delay (ideal)                      0.00      0.00

  u_ibex_top_u_ibex_core_if_stage_i_instr_rdata_alu_id_o_reg_5_/CLK (DFFX1_HVT)
                                                   0.00      0.00 r
  u_ibex_top_u_ibex_core_if_stage_i_instr_rdata_alu_id_o_reg_5_/Q (DFFX1_HVT)
                                                   0.22      0.22 f
  U3031/Y (INVX1_HVT)                              0.04      0.26 r
  U3043/Y (AND2X1_HVT)                             0.06      0.32 r
  U3045/Y (AO222X1_HVT)                            0.14      0.46 r
  U3046/Y (AND4X1_HVT)                             0.13      0.59 r
  U3047/Y (OA221X1_HVT)                            0.09      0.67 r
  U3048/Y (AND2X1_HVT)                             0.07      0.74 r
  U3060/Y (AND2X1_HVT)                             0.06      0.80 r
  U3062/Y (AO222X1_HVT)                            0.15      0.95 r
  U3063/Y (OA21X1_HVT)                             0.08      1.02 r
  U3066/Y (NAND2X0_HVT)                            0.06      1.08 f
  U3067/Y (INVX1_HVT)                              0.07      1.15 r
  U44745/Y (AO222X1_HVT)                           0.18      1.33 r
  U7965/Y (NAND2X1_HVT)                            0.21      1.54 f
  U8239/Y (AO22X1_HVT)                             0.09      1.64 f
  U8240/Y (NAND3X0_HVT)                            0.05      1.68 r
  u_ibex_top_u_ibex_core_add_x_479/U44/CO (FADDX1_HVT)
                                                   0.12      1.81 r
  u_ibex_top_u_ibex_core_add_x_479/U45/CO (FADDX1_HVT)
                                                   0.11      1.92 r
  u_ibex_top_u_ibex_core_add_x_479/U46/CO (FADDX1_HVT)
                                                   0.11      2.02 r
  u_ibex_top_u_ibex_core_add_x_479/U40/CO (FADDX2_HVT)
                                                   0.11      2.14 r
  u_ibex_top_u_ibex_core_add_x_479/U42/CO (FADDX2_HVT)
                                                   0.11      2.25 r
  u_ibex_top_u_ibex_core_add_x_479/U47/CO (FADDX1_HVT)
                                                   0.11      2.36 r
  u_ibex_top_u_ibex_core_add_x_479/U48/CO (FADDX2_HVT)
                                                   0.11      2.47 r
  u_ibex_top_u_ibex_core_add_x_479/U49/CO (FADDX1_HVT)
                                                   0.11      2.58 r
  u_ibex_top_u_ibex_core_add_x_479/U50/CO (FADDX1_HVT)
                                                   0.11      2.68 r
  u_ibex_top_u_ibex_core_add_x_479/U51/CO (FADDX2_HVT)
                                                   0.11      2.80 r
  u_ibex_top_u_ibex_core_add_x_479/U52/CO (FADDX1_HVT)
                                                   0.11      2.90 r
  u_ibex_top_u_ibex_core_add_x_479/U53/CO (FADDX1_HVT)
                                                   0.11      3.01 r
  u_ibex_top_u_ibex_core_add_x_479/U54/CO (FADDX1_HVT)
                                                   0.11      3.12 r
  u_ibex_top_u_ibex_core_add_x_479/U55/CO (FADDX1_HVT)
                                                   0.11      3.23 r
  u_ibex_top_u_ibex_core_add_x_479/U56/CO (FADDX1_HVT)
                                                   0.11      3.33 r
  u_ibex_top_u_ibex_core_add_x_479/U57/CO (FADDX1_HVT)
                                                   0.11      3.44 r
  u_ibex_top_u_ibex_core_add_x_479/U58/CO (FADDX1_HVT)
                                                   0.11      3.55 r
  u_ibex_top_u_ibex_core_add_x_479/U59/CO (FADDX1_HVT)
                                                   0.11      3.65 r
  u_ibex_top_u_ibex_core_add_x_479/U60/CO (FADDX1_HVT)
                                                   0.11      3.76 r
  u_ibex_top_u_ibex_core_add_x_479/U61/CO (FADDX1_HVT)
                                                   0.11      3.87 r
  u_ibex_top_u_ibex_core_add_x_479/U62/CO (FADDX1_HVT)
                                                   0.11      3.97 r
  u_ibex_top_u_ibex_core_add_x_479/U63/CO (FADDX1_HVT)
                                                   0.11      4.08 r
  u_ibex_top_u_ibex_core_add_x_479/U64/CO (FADDX1_HVT)
                                                   0.11      4.19 r
  u_ibex_top_u_ibex_core_add_x_479/U65/CO (FADDX1_HVT)
                                                   0.11      4.30 r
  u_ibex_top_u_ibex_core_add_x_479/U66/CO (FADDX1_HVT)
                                                   0.11      4.40 r
  u_ibex_top_u_ibex_core_add_x_479/U67/CO (FADDX1_HVT)
                                                   0.11      4.51 r
  u_ibex_top_u_ibex_core_add_x_479/U68/CO (FADDX1_HVT)
                                                   0.11      4.62 r
  u_ibex_top_u_ibex_core_add_x_479/U69/CO (FADDX1_HVT)
                                                   0.11      4.72 r
  u_ibex_top_u_ibex_core_add_x_479/U70/CO (FADDX2_HVT)
                                                   0.11      4.84 r
  u_ibex_top_u_ibex_core_add_x_479/U71/CO (FADDX1_HVT)
                                                   0.11      4.94 r
  u_ibex_top_u_ibex_core_add_x_479/U72/CO (FADDX1_HVT)
                                                   0.11      5.06 r
  u_ibex_top_u_ibex_core_add_x_479/U43/S (FADDX2_HVT)
                                                   0.22      5.27 f
  U31467/Y (INVX2_HVT)                             0.03      5.30 r
  U3435/Y (NAND4X0_HVT)                            0.10      5.40 f
  U3441/Y (NOR4X1_HVT)                             0.12      5.52 r
  U42471/Y (NAND4X0_HVT)                           0.12      5.63 f
  U31517/Y (INVX2_HVT)                             0.04      5.68 r
  U3444/Y (MUX21X1_HVT)                            0.10      5.78 r
  U3445/Y (NAND2X0_HVT)                            0.04      5.82 f
  U3446/Y (OA22X1_HVT)                             0.07      5.89 f
  U3447/Y (AO221X1_HVT)                            0.09      5.98 f
  U3448/Y (NOR4X1_HVT)                             0.09      6.07 r
  U3449/Y (INVX1_HVT)                              0.02      6.09 f
  U3450/Y (AND2X1_HVT)                             0.04      6.13 f
  U3465/Y (AND2X1_HVT)                             0.05      6.18 f
  U3466/Y (AND2X1_HVT)                             0.05      6.23 f
  U3470/Y (AND2X1_HVT)                             0.04      6.27 f
  U3471/Y (AND3X1_HVT)                             0.06      6.34 f
  U3475/Y (NAND4X0_HVT)                            0.04      6.38 r
  U5408/Y (AO21X1_HVT)                             0.06      6.43 r
  U5409/Y (NAND4X0_HVT)                            0.13      6.56 f
  U5420/Y (NAND2X0_HVT)                            0.08      6.64 r
  U5421/Y (NAND2X0_HVT)                            0.08      6.72 f
  U5422/Y (INVX1_HVT)                              0.02      6.75 r
  U5427/Y (AND4X1_HVT)                             0.10      6.85 r
  U6503/Y (AND2X1_HVT)                             0.07      6.92 r
  U7405/Y (AO21X1_HVT)                             0.05      6.97 r
  U7406/Y (AND4X1_HVT)                             0.10      7.07 r
  U7407/Y (NAND4X0_HVT)                            0.08      7.16 f
  U7408/Y (NAND3X0_HVT)                            0.05      7.20 r
  U7409/Y (NAND3X0_HVT)                            0.11      7.32 f
  U7412/Y (INVX1_HVT)                              0.04      7.36 r
  U7480/Y (NAND2X0_HVT)                            0.09      7.45 f
  U7481/Y (INVX1_HVT)                              0.07      7.52 r
  U7534/Y (AO21X1_HVT)                             0.08      7.60 r
  U6163/Y (NAND2X1_HVT)                            0.14      7.74 f
  U6067/Y (NOR2X1_HVT)                             0.14      7.88 r
  U7558/Y (AO222X1_HVT)                            0.12      8.00 r
  u_ibex_top_u_ibex_core_if_stage_i_gen_prefetch_buffer_prefetch_buffer_i_fifo_i_rdata_q_reg_1__11_/D (DFFX1_HVT)
                                                   0.00      8.00 r
  data arrival time                                          8.00

  clock clk (rise edge)                           10.00     10.00
  clock network delay (ideal)                      0.00     10.00
  u_ibex_top_u_ibex_core_if_stage_i_gen_prefetch_buffer_prefetch_buffer_i_fifo_i_rdata_q_reg_1__11_/CLK (DFFX1_HVT)
                                                   0.00     10.00 r
  clock uncertainty                               -0.10      9.90
  library setup time                              -0.06      9.84
  data required time                                         9.84
  ------------------------------------------------------------------------
  data required time                                         9.84
  data arrival time                                         -8.00
  ------------------------------------------------------------------------
  slack (MET)                                                1.84



  Startpoint: u_ibex_top_u_ibex_core_if_stage_i_instr_rdata_alu_id_o_reg_5_ (rising edge-triggered flip-flop clocked by clk)
  Endpoint: u_ibex_top_u_ibex_core_if_stage_i_gen_prefetch_buffer_prefetch_buffer_i_fifo_i_rdata_q_reg_1__7_ (rising edge-triggered flip-flop clocked by clk)
  Mode: default
  Corner: default
  Scenario: default
  Path Group: clk
  Path Type: max

  Point                                            Incr      Path  
  ------------------------------------------------------------------------
  clock clk (rise edge)                            0.00      0.00
  clock network delay (ideal)                      0.00      0.00

  u_ibex_top_u_ibex_core_if_stage_i_instr_rdata_alu_id_o_reg_5_/CLK (DFFX1_HVT)
                                                   0.00      0.00 r
  u_ibex_top_u_ibex_core_if_stage_i_instr_rdata_alu_id_o_reg_5_/Q (DFFX1_HVT)
                                                   0.22      0.22 f
  U3031/Y (INVX1_HVT)                              0.04      0.26 r
  U3043/Y (AND2X1_HVT)                             0.06      0.32 r
  U3045/Y (AO222X1_HVT)                            0.14      0.46 r
  U3046/Y (AND4X1_HVT)                             0.13      0.59 r
  U3047/Y (OA221X1_HVT)                            0.09      0.67 r
  U3048/Y (AND2X1_HVT)                             0.07      0.74 r
  U3060/Y (AND2X1_HVT)                             0.06      0.80 r
  U3062/Y (AO222X1_HVT)                            0.15      0.95 r
  U3063/Y (OA21X1_HVT)                             0.08      1.02 r
  U3066/Y (NAND2X0_HVT)                            0.06      1.08 f
  U3067/Y (INVX1_HVT)                              0.07      1.15 r
  U44745/Y (AO222X1_HVT)                           0.18      1.33 r
  U7965/Y (NAND2X1_HVT)                            0.21      1.54 f
  U8239/Y (AO22X1_HVT)                             0.09      1.64 f
  U8240/Y (NAND3X0_HVT)                            0.05      1.68 r
  u_ibex_top_u_ibex_core_add_x_479/U44/CO (FADDX1_HVT)
                                                   0.12      1.81 r
  u_ibex_top_u_ibex_core_add_x_479/U45/CO (FADDX1_HVT)
                                                   0.11      1.92 r
  u_ibex_top_u_ibex_core_add_x_479/U46/CO (FADDX1_HVT)
                                                   0.11      2.02 r
  u_ibex_top_u_ibex_core_add_x_479/U40/CO (FADDX2_HVT)
                                                   0.11      2.14 r
  u_ibex_top_u_ibex_core_add_x_479/U42/CO (FADDX2_HVT)
                                                   0.11      2.25 r
  u_ibex_top_u_ibex_core_add_x_479/U47/CO (FADDX1_HVT)
                                                   0.11      2.36 r
  u_ibex_top_u_ibex_core_add_x_479/U48/CO (FADDX2_HVT)
                                                   0.11      2.47 r
  u_ibex_top_u_ibex_core_add_x_479/U49/CO (FADDX1_HVT)
                                                   0.11      2.58 r
  u_ibex_top_u_ibex_core_add_x_479/U50/CO (FADDX1_HVT)
                                                   0.11      2.68 r
  u_ibex_top_u_ibex_core_add_x_479/U51/CO (FADDX2_HVT)
                                                   0.11      2.80 r
  u_ibex_top_u_ibex_core_add_x_479/U52/CO (FADDX1_HVT)
                                                   0.11      2.90 r
  u_ibex_top_u_ibex_core_add_x_479/U53/CO (FADDX1_HVT)
                                                   0.11      3.01 r
  u_ibex_top_u_ibex_core_add_x_479/U54/CO (FADDX1_HVT)
                                                   0.11      3.12 r
  u_ibex_top_u_ibex_core_add_x_479/U55/CO (FADDX1_HVT)
                                                   0.11      3.23 r
  u_ibex_top_u_ibex_core_add_x_479/U56/CO (FADDX1_HVT)
                                                   0.11      3.33 r
  u_ibex_top_u_ibex_core_add_x_479/U57/CO (FADDX1_HVT)
                                                   0.11      3.44 r
  u_ibex_top_u_ibex_core_add_x_479/U58/CO (FADDX1_HVT)
                                                   0.11      3.55 r
  u_ibex_top_u_ibex_core_add_x_479/U59/CO (FADDX1_HVT)
                                                   0.11      3.65 r
  u_ibex_top_u_ibex_core_add_x_479/U60/CO (FADDX1_HVT)
                                                   0.11      3.76 r
  u_ibex_top_u_ibex_core_add_x_479/U61/CO (FADDX1_HVT)
                                                   0.11      3.87 r
  u_ibex_top_u_ibex_core_add_x_479/U62/CO (FADDX1_HVT)
                                                   0.11      3.97 r
  u_ibex_top_u_ibex_core_add_x_479/U63/CO (FADDX1_HVT)
                                                   0.11      4.08 r
  u_ibex_top_u_ibex_core_add_x_479/U64/CO (FADDX1_HVT)
                                                   0.11      4.19 r
  u_ibex_top_u_ibex_core_add_x_479/U65/CO (FADDX1_HVT)
                                                   0.11      4.30 r
  u_ibex_top_u_ibex_core_add_x_479/U66/CO (FADDX1_HVT)
                                                   0.11      4.40 r
  u_ibex_top_u_ibex_core_add_x_479/U67/CO (FADDX1_HVT)
                                                   0.11      4.51 r
  u_ibex_top_u_ibex_core_add_x_479/U68/CO (FADDX1_HVT)
                                                   0.11      4.62 r
  u_ibex_top_u_ibex_core_add_x_479/U69/CO (FADDX1_HVT)
                                                   0.11      4.72 r
  u_ibex_top_u_ibex_core_add_x_479/U70/CO (FADDX2_HVT)
                                                   0.11      4.84 r
  u_ibex_top_u_ibex_core_add_x_479/U71/CO (FADDX1_HVT)
                                                   0.11      4.94 r
  u_ibex_top_u_ibex_core_add_x_479/U72/CO (FADDX1_HVT)
                                                   0.11      5.06 r
  u_ibex_top_u_ibex_core_add_x_479/U43/S (FADDX2_HVT)
                                                   0.22      5.27 f
  U31467/Y (INVX2_HVT)                             0.03      5.30 r
  U3435/Y (NAND4X0_HVT)                            0.10      5.40 f
  U3441/Y (NOR4X1_HVT)                             0.12      5.52 r
  U42471/Y (NAND4X0_HVT)                           0.12      5.63 f
  U31517/Y (INVX2_HVT)                             0.04      5.68 r
  U3444/Y (MUX21X1_HVT)                            0.10      5.78 r
  U3445/Y (NAND2X0_HVT)                            0.04      5.82 f
  U3446/Y (OA22X1_HVT)                             0.07      5.89 f
  U3447/Y (AO221X1_HVT)                            0.09      5.98 f
  U3448/Y (NOR4X1_HVT)                             0.09      6.07 r
  U3449/Y (INVX1_HVT)                              0.02      6.09 f
  U3450/Y (AND2X1_HVT)                             0.04      6.13 f
  U3465/Y (AND2X1_HVT)                             0.05      6.18 f
  U3466/Y (AND2X1_HVT)                             0.05      6.23 f
  U3470/Y (AND2X1_HVT)                             0.04      6.27 f
  U3471/Y (AND3X1_HVT)                             0.06      6.34 f
  U3475/Y (NAND4X0_HVT)                            0.04      6.38 r
  U5408/Y (AO21X1_HVT)                             0.06      6.43 r
  U5409/Y (NAND4X0_HVT)                            0.13      6.56 f
  U5420/Y (NAND2X0_HVT)                            0.08      6.64 r
  U5421/Y (NAND2X0_HVT)                            0.08      6.72 f
  U5422/Y (INVX1_HVT)                              0.02      6.75 r
  U5427/Y (AND4X1_HVT)                             0.10      6.85 r
  U6503/Y (AND2X1_HVT)                             0.07      6.92 r
  U7405/Y (AO21X1_HVT)                             0.05      6.97 r
  U7406/Y (AND4X1_HVT)                             0.10      7.07 r
  U7407/Y (NAND4X0_HVT)                            0.08      7.16 f
  U7408/Y (NAND3X0_HVT)                            0.05      7.20 r
  U7409/Y (NAND3X0_HVT)                            0.11      7.32 f
  U7412/Y (INVX1_HVT)                              0.04      7.36 r
  U7480/Y (NAND2X0_HVT)                            0.09      7.45 f
  U7481/Y (INVX1_HVT)                              0.07      7.52 r
  U7534/Y (AO21X1_HVT)                             0.08      7.60 r
  U6163/Y (NAND2X1_HVT)                            0.14      7.74 f
  U6067/Y (NOR2X1_HVT)                             0.14      7.88 r
  U7554/Y (AO222X1_HVT)                            0.12      8.00 r
  u_ibex_top_u_ibex_core_if_stage_i_gen_prefetch_buffer_prefetch_buffer_i_fifo_i_rdata_q_reg_1__7_/D (DFFX1_HVT)
                                                   0.00      8.00 r
  data arrival time                                          8.00

  clock clk (rise edge)                           10.00     10.00
  clock network delay (ideal)                      0.00     10.00
  u_ibex_top_u_ibex_core_if_stage_i_gen_prefetch_buffer_prefetch_buffer_i_fifo_i_rdata_q_reg_1__7_/CLK (DFFX1_HVT)
                                                   0.00     10.00 r
  clock uncertainty                               -0.10      9.90
  library setup time                              -0.06      9.84
  data required time                                         9.84
  ------------------------------------------------------------------------
  data required time                                         9.84
  data arrival time                                         -8.00
  ------------------------------------------------------------------------
  slack (MET)                                                1.84



  Startpoint: u_ibex_top_u_ibex_core_if_stage_i_instr_rdata_alu_id_o_reg_5_ (rising edge-triggered flip-flop clocked by clk)
  Endpoint: u_ibex_top_u_ibex_core_if_stage_i_gen_prefetch_buffer_prefetch_buffer_i_fifo_i_rdata_q_reg_1__5_ (rising edge-triggered flip-flop clocked by clk)
  Mode: default
  Corner: default
  Scenario: default
  Path Group: clk
  Path Type: max

  Point                                            Incr      Path  
  ------------------------------------------------------------------------
  clock clk (rise edge)                            0.00      0.00
  clock network delay (ideal)                      0.00      0.00

  u_ibex_top_u_ibex_core_if_stage_i_instr_rdata_alu_id_o_reg_5_/CLK (DFFX1_HVT)
                                                   0.00      0.00 r
  u_ibex_top_u_ibex_core_if_stage_i_instr_rdata_alu_id_o_reg_5_/Q (DFFX1_HVT)
                                                   0.22      0.22 f
  U3031/Y (INVX1_HVT)                              0.04      0.26 r
  U3043/Y (AND2X1_HVT)                             0.06      0.32 r
  U3045/Y (AO222X1_HVT)                            0.14      0.46 r
  U3046/Y (AND4X1_HVT)                             0.13      0.59 r
  U3047/Y (OA221X1_HVT)                            0.09      0.67 r
  U3048/Y (AND2X1_HVT)                             0.07      0.74 r
  U3060/Y (AND2X1_HVT)                             0.06      0.80 r
  U3062/Y (AO222X1_HVT)                            0.15      0.95 r
  U3063/Y (OA21X1_HVT)                             0.08      1.02 r
  U3066/Y (NAND2X0_HVT)                            0.06      1.08 f
  U3067/Y (INVX1_HVT)                              0.07      1.15 r
  U44745/Y (AO222X1_HVT)                           0.18      1.33 r
  U7965/Y (NAND2X1_HVT)                            0.21      1.54 f
  U8239/Y (AO22X1_HVT)                             0.09      1.64 f
  U8240/Y (NAND3X0_HVT)                            0.05      1.68 r
  u_ibex_top_u_ibex_core_add_x_479/U44/CO (FADDX1_HVT)
                                                   0.12      1.81 r
  u_ibex_top_u_ibex_core_add_x_479/U45/CO (FADDX1_HVT)
                                                   0.11      1.92 r
  u_ibex_top_u_ibex_core_add_x_479/U46/CO (FADDX1_HVT)
                                                   0.11      2.02 r
  u_ibex_top_u_ibex_core_add_x_479/U40/CO (FADDX2_HVT)
                                                   0.11      2.14 r
  u_ibex_top_u_ibex_core_add_x_479/U42/CO (FADDX2_HVT)
                                                   0.11      2.25 r
  u_ibex_top_u_ibex_core_add_x_479/U47/CO (FADDX1_HVT)
                                                   0.11      2.36 r
  u_ibex_top_u_ibex_core_add_x_479/U48/CO (FADDX2_HVT)
                                                   0.11      2.47 r
  u_ibex_top_u_ibex_core_add_x_479/U49/CO (FADDX1_HVT)
                                                   0.11      2.58 r
  u_ibex_top_u_ibex_core_add_x_479/U50/CO (FADDX1_HVT)
                                                   0.11      2.68 r
  u_ibex_top_u_ibex_core_add_x_479/U51/CO (FADDX2_HVT)
                                                   0.11      2.80 r
  u_ibex_top_u_ibex_core_add_x_479/U52/CO (FADDX1_HVT)
                                                   0.11      2.90 r
  u_ibex_top_u_ibex_core_add_x_479/U53/CO (FADDX1_HVT)
                                                   0.11      3.01 r
  u_ibex_top_u_ibex_core_add_x_479/U54/CO (FADDX1_HVT)
                                                   0.11      3.12 r
  u_ibex_top_u_ibex_core_add_x_479/U55/CO (FADDX1_HVT)
                                                   0.11      3.23 r
  u_ibex_top_u_ibex_core_add_x_479/U56/CO (FADDX1_HVT)
                                                   0.11      3.33 r
  u_ibex_top_u_ibex_core_add_x_479/U57/CO (FADDX1_HVT)
                                                   0.11      3.44 r
  u_ibex_top_u_ibex_core_add_x_479/U58/CO (FADDX1_HVT)
                                                   0.11      3.55 r
  u_ibex_top_u_ibex_core_add_x_479/U59/CO (FADDX1_HVT)
                                                   0.11      3.65 r
  u_ibex_top_u_ibex_core_add_x_479/U60/CO (FADDX1_HVT)
                                                   0.11      3.76 r
  u_ibex_top_u_ibex_core_add_x_479/U61/CO (FADDX1_HVT)
                                                   0.11      3.87 r
  u_ibex_top_u_ibex_core_add_x_479/U62/CO (FADDX1_HVT)
                                                   0.11      3.97 r
  u_ibex_top_u_ibex_core_add_x_479/U63/CO (FADDX1_HVT)
                                                   0.11      4.08 r
  u_ibex_top_u_ibex_core_add_x_479/U64/CO (FADDX1_HVT)
                                                   0.11      4.19 r
  u_ibex_top_u_ibex_core_add_x_479/U65/CO (FADDX1_HVT)
                                                   0.11      4.30 r
  u_ibex_top_u_ibex_core_add_x_479/U66/CO (FADDX1_HVT)
                                                   0.11      4.40 r
  u_ibex_top_u_ibex_core_add_x_479/U67/CO (FADDX1_HVT)
                                                   0.11      4.51 r
  u_ibex_top_u_ibex_core_add_x_479/U68/CO (FADDX1_HVT)
                                                   0.11      4.62 r
  u_ibex_top_u_ibex_core_add_x_479/U69/CO (FADDX1_HVT)
                                                   0.11      4.72 r
  u_ibex_top_u_ibex_core_add_x_479/U70/CO (FADDX2_HVT)
                                                   0.11      4.84 r
  u_ibex_top_u_ibex_core_add_x_479/U71/CO (FADDX1_HVT)
                                                   0.11      4.94 r
  u_ibex_top_u_ibex_core_add_x_479/U72/CO (FADDX1_HVT)
                                                   0.11      5.06 r
  u_ibex_top_u_ibex_core_add_x_479/U43/S (FADDX2_HVT)
                                                   0.22      5.27 f
  U31467/Y (INVX2_HVT)                             0.03      5.30 r
  U3435/Y (NAND4X0_HVT)                            0.10      5.40 f
  U3441/Y (NOR4X1_HVT)                             0.12      5.52 r
  U42471/Y (NAND4X0_HVT)                           0.12      5.63 f
  U31517/Y (INVX2_HVT)                             0.04      5.68 r
  U3444/Y (MUX21X1_HVT)                            0.10      5.78 r
  U3445/Y (NAND2X0_HVT)                            0.04      5.82 f
  U3446/Y (OA22X1_HVT)                             0.07      5.89 f
  U3447/Y (AO221X1_HVT)                            0.09      5.98 f
  U3448/Y (NOR4X1_HVT)                             0.09      6.07 r
  U3449/Y (INVX1_HVT)                              0.02      6.09 f
  U3450/Y (AND2X1_HVT)                             0.04      6.13 f
  U3465/Y (AND2X1_HVT)                             0.05      6.18 f
  U3466/Y (AND2X1_HVT)                             0.05      6.23 f
  U3470/Y (AND2X1_HVT)                             0.04      6.27 f
  U3471/Y (AND3X1_HVT)                             0.06      6.34 f
  U3475/Y (NAND4X0_HVT)                            0.04      6.38 r
  U5408/Y (AO21X1_HVT)                             0.06      6.43 r
  U5409/Y (NAND4X0_HVT)                            0.13      6.56 f
  U5420/Y (NAND2X0_HVT)                            0.08      6.64 r
  U5421/Y (NAND2X0_HVT)                            0.08      6.72 f
  U5422/Y (INVX1_HVT)                              0.02      6.75 r
  U5427/Y (AND4X1_HVT)                             0.10      6.85 r
  U6503/Y (AND2X1_HVT)                             0.07      6.92 r
  U7405/Y (AO21X1_HVT)                             0.05      6.97 r
  U7406/Y (AND4X1_HVT)                             0.10      7.07 r
  U7407/Y (NAND4X0_HVT)                            0.08      7.16 f
  U7408/Y (NAND3X0_HVT)                            0.05      7.20 r
  U7409/Y (NAND3X0_HVT)                            0.11      7.32 f
  U7412/Y (INVX1_HVT)                              0.04      7.36 r
  U7480/Y (NAND2X0_HVT)                            0.09      7.45 f
  U7481/Y (INVX1_HVT)                              0.07      7.52 r
  U7534/Y (AO21X1_HVT)                             0.08      7.60 r
  U6163/Y (NAND2X1_HVT)                            0.14      7.74 f
  U6067/Y (NOR2X1_HVT)                             0.14      7.88 r
  U7552/Y (AO222X1_HVT)                            0.12      8.00 r
  u_ibex_top_u_ibex_core_if_stage_i_gen_prefetch_buffer_prefetch_buffer_i_fifo_i_rdata_q_reg_1__5_/D (DFFX1_HVT)
                                                   0.00      8.00 r
  data arrival time                                          8.00

  clock clk (rise edge)                           10.00     10.00
  clock network delay (ideal)                      0.00     10.00
  u_ibex_top_u_ibex_core_if_stage_i_gen_prefetch_buffer_prefetch_buffer_i_fifo_i_rdata_q_reg_1__5_/CLK (DFFX1_HVT)
                                                   0.00     10.00 r
  clock uncertainty                               -0.10      9.90
  library setup time                              -0.06      9.84
  data required time                                         9.84
  ------------------------------------------------------------------------
  data required time                                         9.84
  data arrival time                                         -8.00
  ------------------------------------------------------------------------
  slack (MET)                                                1.84



  Startpoint: u_ibex_top_u_ibex_core_if_stage_i_instr_rdata_alu_id_o_reg_5_ (rising edge-triggered flip-flop clocked by clk)
  Endpoint: u_ibex_top_u_ibex_core_if_stage_i_gen_prefetch_buffer_prefetch_buffer_i_fifo_i_rdata_q_reg_1__4_ (rising edge-triggered flip-flop clocked by clk)
  Mode: default
  Corner: default
  Scenario: default
  Path Group: clk
  Path Type: max

  Point                                            Incr      Path  
  ------------------------------------------------------------------------
  clock clk (rise edge)                            0.00      0.00
  clock network delay (ideal)                      0.00      0.00

  u_ibex_top_u_ibex_core_if_stage_i_instr_rdata_alu_id_o_reg_5_/CLK (DFFX1_HVT)
                                                   0.00      0.00 r
  u_ibex_top_u_ibex_core_if_stage_i_instr_rdata_alu_id_o_reg_5_/Q (DFFX1_HVT)
                                                   0.22      0.22 f
  U3031/Y (INVX1_HVT)                              0.04      0.26 r
  U3043/Y (AND2X1_HVT)                             0.06      0.32 r
  U3045/Y (AO222X1_HVT)                            0.14      0.46 r
  U3046/Y (AND4X1_HVT)                             0.13      0.59 r
  U3047/Y (OA221X1_HVT)                            0.09      0.67 r
  U3048/Y (AND2X1_HVT)                             0.07      0.74 r
  U3060/Y (AND2X1_HVT)                             0.06      0.80 r
  U3062/Y (AO222X1_HVT)                            0.15      0.95 r
  U3063/Y (OA21X1_HVT)                             0.08      1.02 r
  U3066/Y (NAND2X0_HVT)                            0.06      1.08 f
  U3067/Y (INVX1_HVT)                              0.07      1.15 r
  U44745/Y (AO222X1_HVT)                           0.18      1.33 r
  U7965/Y (NAND2X1_HVT)                            0.21      1.54 f
  U8239/Y (AO22X1_HVT)                             0.09      1.64 f
  U8240/Y (NAND3X0_HVT)                            0.05      1.68 r
  u_ibex_top_u_ibex_core_add_x_479/U44/CO (FADDX1_HVT)
                                                   0.12      1.81 r
  u_ibex_top_u_ibex_core_add_x_479/U45/CO (FADDX1_HVT)
                                                   0.11      1.92 r
  u_ibex_top_u_ibex_core_add_x_479/U46/CO (FADDX1_HVT)
                                                   0.11      2.02 r
  u_ibex_top_u_ibex_core_add_x_479/U40/CO (FADDX2_HVT)
                                                   0.11      2.14 r
  u_ibex_top_u_ibex_core_add_x_479/U42/CO (FADDX2_HVT)
                                                   0.11      2.25 r
  u_ibex_top_u_ibex_core_add_x_479/U47/CO (FADDX1_HVT)
                                                   0.11      2.36 r
  u_ibex_top_u_ibex_core_add_x_479/U48/CO (FADDX2_HVT)
                                                   0.11      2.47 r
  u_ibex_top_u_ibex_core_add_x_479/U49/CO (FADDX1_HVT)
                                                   0.11      2.58 r
  u_ibex_top_u_ibex_core_add_x_479/U50/CO (FADDX1_HVT)
                                                   0.11      2.68 r
  u_ibex_top_u_ibex_core_add_x_479/U51/CO (FADDX2_HVT)
                                                   0.11      2.80 r
  u_ibex_top_u_ibex_core_add_x_479/U52/CO (FADDX1_HVT)
                                                   0.11      2.90 r
  u_ibex_top_u_ibex_core_add_x_479/U53/CO (FADDX1_HVT)
                                                   0.11      3.01 r
  u_ibex_top_u_ibex_core_add_x_479/U54/CO (FADDX1_HVT)
                                                   0.11      3.12 r
  u_ibex_top_u_ibex_core_add_x_479/U55/CO (FADDX1_HVT)
                                                   0.11      3.23 r
  u_ibex_top_u_ibex_core_add_x_479/U56/CO (FADDX1_HVT)
                                                   0.11      3.33 r
  u_ibex_top_u_ibex_core_add_x_479/U57/CO (FADDX1_HVT)
                                                   0.11      3.44 r
  u_ibex_top_u_ibex_core_add_x_479/U58/CO (FADDX1_HVT)
                                                   0.11      3.55 r
  u_ibex_top_u_ibex_core_add_x_479/U59/CO (FADDX1_HVT)
                                                   0.11      3.65 r
  u_ibex_top_u_ibex_core_add_x_479/U60/CO (FADDX1_HVT)
                                                   0.11      3.76 r
  u_ibex_top_u_ibex_core_add_x_479/U61/CO (FADDX1_HVT)
                                                   0.11      3.87 r
  u_ibex_top_u_ibex_core_add_x_479/U62/CO (FADDX1_HVT)
                                                   0.11      3.97 r
  u_ibex_top_u_ibex_core_add_x_479/U63/CO (FADDX1_HVT)
                                                   0.11      4.08 r
  u_ibex_top_u_ibex_core_add_x_479/U64/CO (FADDX1_HVT)
                                                   0.11      4.19 r
  u_ibex_top_u_ibex_core_add_x_479/U65/CO (FADDX1_HVT)
                                                   0.11      4.30 r
  u_ibex_top_u_ibex_core_add_x_479/U66/CO (FADDX1_HVT)
                                                   0.11      4.40 r
  u_ibex_top_u_ibex_core_add_x_479/U67/CO (FADDX1_HVT)
                                                   0.11      4.51 r
  u_ibex_top_u_ibex_core_add_x_479/U68/CO (FADDX1_HVT)
                                                   0.11      4.62 r
  u_ibex_top_u_ibex_core_add_x_479/U69/CO (FADDX1_HVT)
                                                   0.11      4.72 r
  u_ibex_top_u_ibex_core_add_x_479/U70/CO (FADDX2_HVT)
                                                   0.11      4.84 r
  u_ibex_top_u_ibex_core_add_x_479/U71/CO (FADDX1_HVT)
                                                   0.11      4.94 r
  u_ibex_top_u_ibex_core_add_x_479/U72/CO (FADDX1_HVT)
                                                   0.11      5.06 r
  u_ibex_top_u_ibex_core_add_x_479/U43/S (FADDX2_HVT)
                                                   0.22      5.27 f
  U31467/Y (INVX2_HVT)                             0.03      5.30 r
  U3435/Y (NAND4X0_HVT)                            0.10      5.40 f
  U3441/Y (NOR4X1_HVT)                             0.12      5.52 r
  U42471/Y (NAND4X0_HVT)                           0.12      5.63 f
  U31517/Y (INVX2_HVT)                             0.04      5.68 r
  U3444/Y (MUX21X1_HVT)                            0.10      5.78 r
  U3445/Y (NAND2X0_HVT)                            0.04      5.82 f
  U3446/Y (OA22X1_HVT)                             0.07      5.89 f
  U3447/Y (AO221X1_HVT)                            0.09      5.98 f
  U3448/Y (NOR4X1_HVT)                             0.09      6.07 r
  U3449/Y (INVX1_HVT)                              0.02      6.09 f
  U3450/Y (AND2X1_HVT)                             0.04      6.13 f
  U3465/Y (AND2X1_HVT)                             0.05      6.18 f
  U3466/Y (AND2X1_HVT)                             0.05      6.23 f
  U3470/Y (AND2X1_HVT)                             0.04      6.27 f
  U3471/Y (AND3X1_HVT)                             0.06      6.34 f
  U3475/Y (NAND4X0_HVT)                            0.04      6.38 r
  U5408/Y (AO21X1_HVT)                             0.06      6.43 r
  U5409/Y (NAND4X0_HVT)                            0.13      6.56 f
  U5420/Y (NAND2X0_HVT)                            0.08      6.64 r
  U5421/Y (NAND2X0_HVT)                            0.08      6.72 f
  U5422/Y (INVX1_HVT)                              0.02      6.75 r
  U5427/Y (AND4X1_HVT)                             0.10      6.85 r
  U6503/Y (AND2X1_HVT)                             0.07      6.92 r
  U7405/Y (AO21X1_HVT)                             0.05      6.97 r
  U7406/Y (AND4X1_HVT)                             0.10      7.07 r
  U7407/Y (NAND4X0_HVT)                            0.08      7.16 f
  U7408/Y (NAND3X0_HVT)                            0.05      7.20 r
  U7409/Y (NAND3X0_HVT)                            0.11      7.32 f
  U7412/Y (INVX1_HVT)                              0.04      7.36 r
  U7480/Y (NAND2X0_HVT)                            0.09      7.45 f
  U7481/Y (INVX1_HVT)                              0.07      7.52 r
  U7534/Y (AO21X1_HVT)                             0.08      7.60 r
  U6163/Y (NAND2X1_HVT)                            0.14      7.74 f
  U6067/Y (NOR2X1_HVT)                             0.14      7.88 r
  U7551/Y (AO222X1_HVT)                            0.12      8.00 r
  u_ibex_top_u_ibex_core_if_stage_i_gen_prefetch_buffer_prefetch_buffer_i_fifo_i_rdata_q_reg_1__4_/D (DFFX1_HVT)
                                                   0.00      8.00 r
  data arrival time                                          8.00

  clock clk (rise edge)                           10.00     10.00
  clock network delay (ideal)                      0.00     10.00
  u_ibex_top_u_ibex_core_if_stage_i_gen_prefetch_buffer_prefetch_buffer_i_fifo_i_rdata_q_reg_1__4_/CLK (DFFX1_HVT)
                                                   0.00     10.00 r
  clock uncertainty                               -0.10      9.90
  library setup time                              -0.06      9.84
  data required time                                         9.84
  ------------------------------------------------------------------------
  data required time                                         9.84
  data arrival time                                         -8.00
  ------------------------------------------------------------------------
  slack (MET)                                                1.84


1
