****************************************
Report : reference
Design : ibex_mini_soc_top
Version: W-2024.09-SP2
Date   : Sun May 10 19:20:32 2026
****************************************

Attributes
    b - black-box (unknown)
    h - hierarchical
    n - noncombinational
    u - contains unmapped logic
    E - extracted timing model
    Q - Quick timing model (QTM)
    s - synthetic operator


Reference          Library       Unit Area   Count    Total Area   Attributes
--------------------------------------------------------------------------------
AND2X1_HVT         saed32hvt_tt.modified_lef_via1_pitch_no_track
                                      2.03     672       1366.28   
AND2X2_HVT         saed32hvt_tt.modified_lef_via1_pitch_no_track
                                      2.29     114        260.75   
AND2X4_HVT         saed32hvt_tt.modified_lef_via1_pitch_no_track
                                      2.80     245        684.92   
AND2X4_RVT         saed32rvt_tt.modified_lef_via1_pitch_no_track
                                      2.80       2          5.59   
AND3X1_HVT         saed32hvt_tt.modified_lef_via1_pitch_no_track
                                      2.29      63        144.10   
AND3X2_HVT         saed32hvt_tt.modified_lef_via1_pitch_no_track
                                      2.54      79        200.77   
AND3X4_HVT         saed32hvt_tt.modified_lef_via1_pitch_no_track
                                      3.05      61        186.03   
AND4X1_HVT         saed32hvt_tt.modified_lef_via1_pitch_no_track
                                      2.54     277        703.98   
AND4X1_RVT         saed32rvt_tt.modified_lef_via1_pitch_no_track
                                      2.54       1          2.54   
AND4X2_HVT         saed32hvt_tt.modified_lef_via1_pitch_no_track
                                      3.81     207        789.12   
AND4X4_HVT         saed32hvt_tt.modified_lef_via1_pitch_no_track
                                      4.32      77        332.67   
AND4X4_RVT         saed32rvt_tt.modified_lef_via1_pitch_no_track
                                      4.32       1          4.32   
AO21X1_HVT         saed32hvt_tt.modified_lef_via1_pitch_no_track
                                      2.54     419       1064.86   
AO21X2_HVT         saed32hvt_tt.modified_lef_via1_pitch_no_track
                                      2.80      26         72.69   
AO221X1_HVT        saed32hvt_tt.modified_lef_via1_pitch_no_track
                                      3.05     113        344.62   
AO221X2_HVT        saed32hvt_tt.modified_lef_via1_pitch_no_track
                                      3.30       1          3.30   
AO222X1_HVT        saed32hvt_tt.modified_lef_via1_pitch_no_track
                                      3.30     460       1519.78   
AO222X2_HVT        saed32hvt_tt.modified_lef_via1_pitch_no_track
                                      3.56      36        128.09   
AO22X1_HVT         saed32hvt_tt.modified_lef_via1_pitch_no_track
                                      2.54   52183     132619.96   
AO22X2_HVT         saed32hvt_tt.modified_lef_via1_pitch_no_track
                                      2.80      73        204.08   
AOI21X1_HVT        saed32hvt_tt.modified_lef_via1_pitch_no_track
                                      3.05       3          9.15   
AOI221X1_HVT       saed32hvt_tt.modified_lef_via1_pitch_no_track
                                      3.56       1          3.56   
AOI222X1_HVT       saed32hvt_tt.modified_lef_via1_pitch_no_track
                                      3.81       4         15.25   
AOI22X1_HVT        saed32hvt_tt.modified_lef_via1_pitch_no_track
                                      3.05     195        594.70   
DELLN1X2_HVT       saed32hvt_tt.modified_lef_via1_pitch_no_track
                                      5.08    1534       7797.14   
DELLN2X2_HVT       saed32hvt_tt.modified_lef_via1_pitch_no_track
                                      6.61      14         92.51   
DELLN3X2_HVT       saed32hvt_tt.modified_lef_via1_pitch_no_track
                                      9.66       2         19.31   
DFFARX1_HVT        saed32hvt_tt.modified_lef_via1_pitch_no_track
                                      7.12    1709      12161.30   n
DFFARX2_HVT        saed32hvt_tt.modified_lef_via1_pitch_no_track
                                      7.88      99        779.97   n
DFFASX1_HVT        saed32hvt_tt.modified_lef_via1_pitch_no_track
                                      7.12      37        263.29   n
DFFX1_HVT          saed32hvt_tt.modified_lef_via1_pitch_no_track
                                      6.61   32746     216377.19   n
DFFX2_HVT          saed32hvt_tt.modified_lef_via1_pitch_no_track
                                      7.62     292       2226.30   n
FADDX1_HVT         saed32hvt_tt.modified_lef_via1_pitch_no_track
                                      4.83       1          4.83   
HADDX1_HVT         saed32hvt_tt.modified_lef_via1_pitch_no_track
                                      3.30       7         23.13   
HADDX2_HVT         saed32hvt_tt.modified_lef_via1_pitch_no_track
                                      3.81       1          3.81   
IBUFFX2_HVT        saed32hvt_tt.modified_lef_via1_pitch_no_track
                                      2.54     835       2122.10   
IBUFFX32_HVT       saed32hvt_tt.modified_lef_via1_pitch_no_track
                                     11.69       2         23.38   
IBUFFX32_LVT       saed32lvt_tt.modified_lef_via1_pitch_no_track
                                     11.69       2         23.38   
IBUFFX8_HVT        saed32hvt_tt.modified_lef_via1_pitch_no_track
                                      4.32       2          8.64   
INVX0_HVT          saed32hvt_tt.modified_lef_via1_pitch_no_track
                                      1.27     372        472.71   
INVX16_HVT         saed32hvt_tt.modified_lef_via1_pitch_no_track
                                      5.08      36        182.98   
INVX16_LVT         saed32lvt_tt.modified_lef_via1_pitch_no_track
                                      5.08      24        121.99   
INVX16_RVT         saed32rvt_tt.modified_lef_via1_pitch_no_track
                                      5.08      10         50.83   
INVX1_HVT          saed32hvt_tt.modified_lef_via1_pitch_no_track
                                      1.27    1642       2086.52   
INVX1_LVT          saed32lvt_tt.modified_lef_via1_pitch_no_track
                                      1.27       2          2.54   
INVX2_HVT          saed32hvt_tt.modified_lef_via1_pitch_no_track
                                      1.52     293        446.79   
INVX2_RVT          saed32rvt_tt.modified_lef_via1_pitch_no_track
                                      1.52       4          6.10   
INVX32_HVT         saed32hvt_tt.modified_lef_via1_pitch_no_track
                                      9.15      19        173.83   
INVX32_LVT         saed32lvt_tt.modified_lef_via1_pitch_no_track
                                      9.15      10         91.49   
INVX32_RVT         saed32rvt_tt.modified_lef_via1_pitch_no_track
                                      9.15       7         64.04   
INVX4_HVT          saed32hvt_tt.modified_lef_via1_pitch_no_track
                                      2.03     516       1049.11   
INVX4_LVT          saed32lvt_tt.modified_lef_via1_pitch_no_track
                                      2.03       7         14.23   
INVX4_RVT          saed32rvt_tt.modified_lef_via1_pitch_no_track
                                      2.03      10         20.33   
INVX8_HVT          saed32hvt_tt.modified_lef_via1_pitch_no_track
                                      3.05     389       1186.34   
INVX8_LVT          saed32lvt_tt.modified_lef_via1_pitch_no_track
                                      3.05      17         51.85   
INVX8_RVT          saed32rvt_tt.modified_lef_via1_pitch_no_track
                                      3.05     159        484.91   
LATCHX1_HVT        saed32hvt_tt.modified_lef_via1_pitch_no_track
                                      5.08       1          5.08   n
MUX21X1_HVT        saed32hvt_tt.modified_lef_via1_pitch_no_track
                                      3.30       8         26.43   
MUX41X1_HVT        saed32hvt_tt.modified_lef_via1_pitch_no_track
                                      5.59     111        620.62   
MUX41X2_HVT        saed32hvt_tt.modified_lef_via1_pitch_no_track
                                      6.10      15         91.49   
NAND2X0_HVT        saed32hvt_tt.modified_lef_via1_pitch_no_track
                                      1.52    1438       2192.75   
NAND2X1_HVT        saed32hvt_tt.modified_lef_via1_pitch_no_track
                                      2.54       2          5.08   
NAND2X2_HVT        saed32hvt_tt.modified_lef_via1_pitch_no_track
                                      2.80    1604       4484.12   
NAND2X4_HVT        saed32hvt_tt.modified_lef_via1_pitch_no_track
                                      3.30      89        294.04   
NAND3X0_HVT        saed32hvt_tt.modified_lef_via1_pitch_no_track
                                      1.78     202        359.36   
NAND3X1_HVT        saed32hvt_tt.modified_lef_via1_pitch_no_track
                                      2.80       1          2.80   
NAND3X2_HVT        saed32hvt_tt.modified_lef_via1_pitch_no_track
                                      3.05      51        155.54   
NAND3X4_HVT        saed32hvt_tt.modified_lef_via1_pitch_no_track
                                      3.56      33        117.41   
NAND4X0_HVT        saed32hvt_tt.modified_lef_via1_pitch_no_track
                                      2.03     863       1754.61   
NAND4X1_HVT        saed32hvt_tt.modified_lef_via1_pitch_no_track
                                      3.05     105        320.22   
NBUFFX16_HVT       saed32hvt_tt.modified_lef_via1_pitch_no_track
                                      6.10     978       5965.27   
NBUFFX16_LVT       saed32lvt_tt.modified_lef_via1_pitch_no_track
                                      6.10       2         12.20   
NBUFFX16_RVT       saed32rvt_tt.modified_lef_via1_pitch_no_track
                                      6.10      15         91.49   
NBUFFX2_HVT        saed32hvt_tt.modified_lef_via1_pitch_no_track
                                      2.03    5006      10177.96   
NBUFFX2_RVT        saed32rvt_tt.modified_lef_via1_pitch_no_track
                                      2.03      12         24.40   
NBUFFX32_HVT       saed32hvt_tt.modified_lef_via1_pitch_no_track
                                     10.67      37        394.94   
NBUFFX32_LVT       saed32lvt_tt.modified_lef_via1_pitch_no_track
                                     10.67       5         53.37   
NBUFFX32_RVT       saed32rvt_tt.modified_lef_via1_pitch_no_track
                                     10.67      25        266.85   
NBUFFX4_HVT        saed32hvt_tt.modified_lef_via1_pitch_no_track
                                      2.54    2468       6272.27   
NBUFFX4_LVT        saed32lvt_tt.modified_lef_via1_pitch_no_track
                                      2.54       5         12.71   
NBUFFX4_RVT        saed32rvt_tt.modified_lef_via1_pitch_no_track
                                      2.54      39         99.12   
NBUFFX8_HVT        saed32hvt_tt.modified_lef_via1_pitch_no_track
                                      3.81    1655       6309.12   
NBUFFX8_LVT        saed32lvt_tt.modified_lef_via1_pitch_no_track
                                      3.81      12         45.75   
NBUFFX8_RVT        saed32rvt_tt.modified_lef_via1_pitch_no_track
                                      3.81     124        472.71   
NOR2X0_HVT         saed32hvt_tt.modified_lef_via1_pitch_no_track
                                      2.54       2          5.08   
NOR2X1_HVT         saed32hvt_tt.modified_lef_via1_pitch_no_track
                                      2.54      11         27.96   
NOR2X4_HVT         saed32hvt_tt.modified_lef_via1_pitch_no_track
                                      3.30       3          9.91   
NOR3X0_HVT         saed32hvt_tt.modified_lef_via1_pitch_no_track
                                      2.80       4         11.18   
NOR3X2_HVT         saed32hvt_tt.modified_lef_via1_pitch_no_track
                                      3.05       5         15.25   
NOR4X0_HVT         saed32hvt_tt.modified_lef_via1_pitch_no_track
                                      3.05     424       1293.08   
NOR4X1_HVT         saed32hvt_tt.modified_lef_via1_pitch_no_track
                                      3.05    3925      11970.18   
OA21X1_HVT         saed32hvt_tt.modified_lef_via1_pitch_no_track
                                      2.54      42        106.74   
OA21X2_HVT         saed32hvt_tt.modified_lef_via1_pitch_no_track
                                      2.80       5         13.98   
OA221X1_HVT        saed32hvt_tt.modified_lef_via1_pitch_no_track
                                      3.05      76        231.78   
OA221X2_HVT        saed32hvt_tt.modified_lef_via1_pitch_no_track
                                      3.30       2          6.61   
OA222X1_HVT        saed32hvt_tt.modified_lef_via1_pitch_no_track
                                      3.30      52        171.80   
OA222X2_HVT        saed32hvt_tt.modified_lef_via1_pitch_no_track
                                      3.56      10         35.58   
OA22X1_HVT         saed32hvt_tt.modified_lef_via1_pitch_no_track
                                      2.54     213        541.33   
OA22X2_HVT         saed32hvt_tt.modified_lef_via1_pitch_no_track
                                      2.80      30         83.87   
OAI21X1_HVT        saed32hvt_tt.modified_lef_via1_pitch_no_track
                                      3.05       3          9.15   
OAI221X1_HVT       saed32hvt_tt.modified_lef_via1_pitch_no_track
                                      3.56       1          3.56   
OAI222X1_HVT       saed32hvt_tt.modified_lef_via1_pitch_no_track
                                      3.81       2          7.62   
OAI22X1_HVT        saed32hvt_tt.modified_lef_via1_pitch_no_track
                                      3.05       5         15.25   
OR2X1_HVT          saed32hvt_tt.modified_lef_via1_pitch_no_track
                                      2.29     629       1438.71   
OR2X2_HVT          saed32hvt_tt.modified_lef_via1_pitch_no_track
                                      2.29      34         77.77   
OR2X4_HVT          saed32hvt_tt.modified_lef_via1_pitch_no_track
                                      2.29       9         20.59   
OR3X1_HVT          saed32hvt_tt.modified_lef_via1_pitch_no_track
                                      2.29      80        182.98   
OR3X2_HVT          saed32hvt_tt.modified_lef_via1_pitch_no_track
                                      2.54      70        177.90   
OR3X4_HVT          saed32hvt_tt.modified_lef_via1_pitch_no_track
                                      4.07     102        414.76   
OR3X4_RVT          saed32rvt_tt.modified_lef_via1_pitch_no_track
                                      4.07       4         16.27   
OR4X1_HVT          saed32hvt_tt.modified_lef_via1_pitch_no_track
                                      3.56      47        167.23   
OR4X2_HVT          saed32hvt_tt.modified_lef_via1_pitch_no_track
                                      3.81      19         72.43   
OR4X4_HVT          saed32hvt_tt.modified_lef_via1_pitch_no_track
                                      4.32      11         47.52   
SHFILL128_RVT      saed32rvt_tt.modified_lef_via1_pitch_no_track
                                     32.53     644      20949.60   
SHFILL1_RVT        saed32rvt_tt.modified_lef_via1_pitch_no_track
                                      0.25   30092       7647.70   
SHFILL2_RVT        saed32rvt_tt.modified_lef_via1_pitch_no_track
                                      0.51   23017      11699.26   
SHFILL3_RVT        saed32rvt_tt.modified_lef_via1_pitch_no_track
                                      0.76   219661    167476.58   
SHFILL64_RVT       saed32rvt_tt.modified_lef_via1_pitch_no_track
                                     16.27    2012      32725.61   
XOR2X1_HVT         saed32hvt_tt.modified_lef_via1_pitch_no_track
                                      4.32       4         17.28   
H13945677562857465990_DP_OP_899J3_122_459_J3_0
                                   1920.06       1       1920.06   h
H13945677562857465990_DW01_add_J3_0
                                    103.94       1        103.94   h
H13945677562857465990_DW01_add_J3_1
                                    158.59       1        158.59   h
H13945677562857465990_DW01_add_J3_11
                                     99.12       1         99.12   h
H13945677562857465990_DW01_add_J3_2
                                     99.12       1         99.12   h
H13945677562857465990_DW01_inc_J3_0
                                    208.14       1        208.14   h
H13945677562857465990_DW01_inc_J3_1
                                    208.14       1        208.14   h
ibex_mini_soc_top_DW01_inc_J4_0     102.42       1        102.42   h
--------------------------------------------------------------------------------
Total 127 references                                   690913.34
1
