Checking secondary net through power switch is enabled. 
Secondary net will be checked together from primary net. They will be treated as the same net
Primary Net : VDD    Secondary Net:
Primary Net : VSS    Secondary Net:
Loading cell instances...
Number of Standard Cells: 117273
Number of Macro Cells: 0
Number of IO Pad Cells: 0
Number of Blocks: 0
Loading P/G wires and vias...
Number of VDD Wires: 336
Number of VDD Vias: 15393
Number of VDD Terminals: 8
**************Verify net VDD connectivity*****************
  Number of floating wires: 0
  Number of floating vias: 0
  Number of floating std cells: 0
  Number of floating hard macros: 0
  Number of floating I/O pads: 0
  Number of floating terminals: 0
  Number of floating hierarchical blocks: 0
************************************************************
Loading cell instances...
Loading P/G wires and vias...
Number of VSS Wires: 335
Number of VSS Vias: 15268
Number of VSS Terminals: 8
**************Verify net VSS connectivity*****************
  Number of floating wires: 7
  Number of floating vias: 0
  Number of floating std cells: 3443
  Number of floating hard macros: 0
  Number of floating I/O pads: 0
  Number of floating terminals: 0
  Number of floating hierarchical blocks: 0
************************************************************
Successfully written connectivity statistics to /DATA/home/edu135/ibex/4_Backend_ICC2/4_Report/99_debug/pg_m2_sweep/p20_o00_w0p2_m7o30/pg_connectivity_detail.rpt.
Overall runtime: 2 seconds.
{PATH_11_245 PATH_11_269 PATH_11_293 PATH_11_317 PATH_11_341 PATH_11_365 PATH_11_389}
