****************************************
Report : Report drc errors
Design : ibex_mini_soc_top
Data   : zroute.err
Type   : error_layer
Version: W-2024.09-SP2
Date   : Sun May 10 11:56:28 2026
****************************************

ErrorSet                                    Total   Visible     Fixed   Ignored
--------------------------------------------------------------------------------
Design : ibex_mini_soc_top                  19      19          0       0
      Data : zroute.err                     19      19          0       0
            M1 (11)                         2       2           0       0
                Diff net spacing            1       1           0       0
                Off-grid                    1       1           0       0
            M2 (13)                         1       1           0       0
                Diff net spacing            1       1           0       0
            VIA1 (12)                       16      16          0       0
                Off-grid                    16      16          0       0
1
