****************************************
Report : clock timing
        -type summary
Design : ibex_mini_soc_top
Version: W-2024.09-SP2
Date   : Sun May 10 15:27:47 2026
****************************************

  Mode: default
  Clock: clk
                                                                                 Corner
---------------------------------------------------------------------------------------------------
  Maximum setup launch latency:
      u_dmem_mem_reg_370__22_/CLK                              0.33       rp-+    default

  Minimum setup capture latency:
      u_imem_mem_reg_320__18_/CLK                              0.12       rp-+    default

  Minimum hold launch latency:
      u_imem_mem_reg_320__18_/CLK                              0.12       rp-+    default

  Maximum hold capture latency:
      u_dmem_mem_reg_370__22_/CLK                              0.33       rp-+    default

  Maximum active transition:
      u_dmem_mem_reg_242__9_/CLK                               0.09       rp-+    default

  Minimum active transition:
      u_imem_mem_reg_174__4_/CLK                               0.03       rp-+    default

  Maximum setup skew:
      u_dmem_mem_reg_362__10_/CLK                                         rp-+    default
      u_dmem_rdata_q_reg_10_/CLK                               0.14       rp-+    default

  Maximum hold skew:
      u_imem_mem_reg_71__25_/CLK                                          rp-+    default
      u_imem_rdata_q_reg_25_/CLK                               0.17       rp-+    default


1
