****************************************
Report : clock timing
        -type latency
        -launch
        -nworst 20
        -hold
Design : ibex_mini_soc_top
Version: W-2024.09-SP2
Date   : Sun May 10 15:28:05 2026
****************************************

  Mode: default
  Clock: clk

                                                 --- Latency ---
  Clock Pin                             Trans   Source   Offset  Network    Total            Corner
---------------------------------------------------------------------------------------------------
  u_imem_mem_reg_320__18_/CLK            0.03     0.00       --     0.12     0.12 rp-+      default
  u_imem_mem_reg_39__29_/CLK             0.03     0.00       --     0.12     0.12 rp-+      default
  u_imem_mem_reg_71__25_/CLK             0.03     0.00       --     0.12     0.12 rp-+      default
  u_imem_mem_reg_288__18_/CLK            0.03     0.00       --     0.12     0.12 rp-+      default
  u_imem_mem_reg_39__25_/CLK             0.03     0.00       --     0.12     0.12 rp-+      default
  u_imem_mem_reg_71__29_/CLK             0.03     0.00       --     0.12     0.12 rp-+      default
  u_imem_mem_reg_288__20_/CLK            0.03     0.00       --     0.12     0.12 rp-+      default
  u_imem_mem_reg_39__31_/CLK             0.03     0.00       --     0.12     0.12 rp-+      default
  u_imem_mem_reg_71__28_/CLK             0.03     0.00       --     0.12     0.12 rp-+      default
  u_imem_mem_reg_39__28_/CLK             0.03     0.00       --     0.12     0.12 rp-+      default
  u_imem_mem_reg_288__17_/CLK            0.03     0.00       --     0.12     0.12 rp-+      default
  u_imem_mem_reg_71__31_/CLK             0.03     0.00       --     0.12     0.12 rp-+      default
  u_imem_mem_reg_288__19_/CLK            0.03     0.00       --     0.12     0.12 rp-+      default
  u_imem_mem_reg_87__29_/CLK             0.03     0.00       --     0.12     0.12 rp-+      default
  u_imem_mem_reg_336__19_/CLK            0.03     0.00       --     0.12     0.12 rp-+      default
  u_imem_mem_reg_336__18_/CLK            0.03     0.00       --     0.12     0.12 rp-+      default
  u_imem_mem_reg_39__26_/CLK             0.03     0.00       --     0.12     0.12 rp-+      default
  u_imem_mem_reg_55__29_/CLK             0.03     0.00       --     0.12     0.12 rp-+      default
  u_imem_mem_reg_336__20_/CLK            0.03     0.00       --     0.12     0.12 rp-+      default
  u_imem_mem_reg_336__21_/CLK            0.03     0.00       --     0.12     0.12 rp-+      default
---------------------------------------------------------------------------------------------------
1
