Information: The command 'check_routes' cleared the undo history. (UNDO-016)
Cell Min-Routing-Layer = M1
Cell Max-Routing-Layer = M8
Turn off antenna since no rule is specified
Information: Option route.detail.force_end_on_preferred_grid will be ignored since none of the layers have preferred grid. (ZRT-703)
Warning: Cannot find a default contact code for layer CO. (ZRT-022)
Warning: Port VDD of cell ibex_mini_soc_top is unplaced.  This may impact routing result. (ZRT-740)
Warning: Port VSS of cell ibex_mini_soc_top is unplaced.  This may impact routing result. (ZRT-740)
Warning: Ignore 2 top cell ports with no pins. (ZRT-027)
Info: number of net_type_blockage: 0 
Information: Via ladder engine would be activated for pattern must join connection in certain commands. Please refer to man-page for the command list. (ZRT-619)
Information: When applicable Min-max layer allow_pin_connection mode will allow paths of length 5.32 outside the layer range. (ZRT-707)
Information: When applicable Min-max layer allow_pin_connection mode will allow paths of length 5.32 outside the layer range on clock nets. (ZRT-718)
Information: When applicable layer based tapering will taper up to 0.00 in distance from the pin. (ZRT-706)
Warning: Standard cell pin MUX41X2_HVT/S0 has no valid via regions. (ZRT-044)


Start checking for open nets ... 

Total number of nets = 117475, of which 0 are not extracted
Total number of open nets = 0, of which 0 are frozen

Check 117475 nets, 0 have Errors

[CHECK OPEN NETS] Elapsed real time: 0:00:00 
[CHECK OPEN NETS] Elapsed cpu  time: sys=0:00:00 usr=0:00:00 total=0:00:00
[CHECK OPEN NETS] Stage (MB): Used    0  Alloctr    0  Proc    0 
[CHECK OPEN NETS] Total (MB): Used  267  Alloctr  269  Proc 4929 
Printing options for 'route.common.*'

Printing options for 'route.detail.*'

Printing options for 'route.auto_via_ladder.*'


Begin full DRC check ...

Information: Using 1 threads for routing. (ZRT-444)
Checked	2/196 Partitions, Violations =	0
Checked	7/196 Partitions, Violations =	18
Checked	14/196 Partitions, Violations =	18
Checked	21/196 Partitions, Violations =	18
Checked	28/196 Partitions, Violations =	18
Checked	35/196 Partitions, Violations =	18
Checked	42/196 Partitions, Violations =	18
Checked	49/196 Partitions, Violations =	23
Checked	56/196 Partitions, Violations =	23
Checked	63/196 Partitions, Violations =	23
Checked	70/196 Partitions, Violations =	23
Checked	77/196 Partitions, Violations =	27
Checked	84/196 Partitions, Violations =	27
Checked	91/196 Partitions, Violations =	41
Checked	98/196 Partitions, Violations =	41
Checked	105/196 Partitions, Violations =	41
Checked	112/196 Partitions, Violations =	41
Checked	119/196 Partitions, Violations =	41
Checked	126/196 Partitions, Violations =	41
Checked	133/196 Partitions, Violations =	41
Checked	140/196 Partitions, Violations =	41
Checked	147/196 Partitions, Violations =	41
Checked	154/196 Partitions, Violations =	41
Checked	161/196 Partitions, Violations =	41
Checked	168/196 Partitions, Violations =	41
Checked	175/196 Partitions, Violations =	41
Checked	182/196 Partitions, Violations =	41
Checked	189/196 Partitions, Violations =	41
Checked	196/196 Partitions, Violations =	41
[DRC CHECK] Elapsed real time: 0:00:49 
[DRC CHECK] Elapsed cpu  time: sys=0:00:00 usr=0:00:48 total=0:00:49
[DRC CHECK] Stage (MB): Used    1  Alloctr    2  Proc   26 
[DRC CHECK] Total (MB): Used  375  Alloctr  377  Proc 4956 
Warning: No antenna rules defined, Skip antenna analysis. (ZRT-309)

DRC-SUMMARY:
	@@@@@@@ TOTAL VIOLATIONS =	41
	Diff net spacing : 1
	Off-grid : 39
	Short : 1


Total Wire Length =                    3411936 micron
Total Number of Contacts =             1164422
Total Number of Wires =                1106162
Total Number of PtConns =              198721
Total Number of Routed Wires =       1105636
Total Routed Wire Length =           3390593 micron
Total Number of Routed Contacts =       1164422
	Layer                 M1 :      70649 micron
	Layer                 M2 :     999509 micron
	Layer                 M3 :    1091586 micron
	Layer                 M4 :     452378 micron
	Layer                 M5 :     547001 micron
	Layer                 M6 :      85276 micron
	Layer                 M7 :     142949 micron
	Layer                 M8 :       1245 micron
	Layer                 M9 :          0 micron
	Layer               MRDL :          0 micron
	Via            VIA78SQ_C :         22
	Via       VIA67SQ_C(rot) :       4501
	Via            VIA56SQ_C :       7358
	Via       VIA45SQ_C(rot) :      68718
	Via            VIA34SQ_C :      91871
	Via       VIA34SQ_C(rot) :        339
	Via            VIA23SQ_C :       5993
	Via       VIA23SQ_C(rot) :     502357
	Via            VIA12SQ_C :     473481
	Via       VIA12SQ_C(rot) :       9607
	Via        VIA12SQ_C_2x1 :         80
	Via   VIA12SQ_C(rot)_2x1 :         18
	Via        VIA12SQ_C_1x2 :         21
	Via          VIA12SQ_2x1 :         10
	Via     VIA12SQ(rot)_2x1 :         32
	Via          VIA12SQ_1x2 :         14

 
Redundant via conversion report:
--------------------------------

  Total optimized via conversion rate =  0.02% (175 / 1164422 vias)
 
    Layer VIA1       =  0.04% (175    / 483263  vias)
        Weight 1     =  0.04% (175     vias)
        Un-optimized =  0.00% (0       vias)
        Un-mapped    = 99.96% (483088  vias)
    Layer VIA2       =  0.00% (0      / 508350  vias)
        Un-optimized =  0.00% (0       vias)
        Un-mapped    = 100.00% (508350  vias)
    Layer VIA3       =  0.00% (0      / 92210   vias)
        Un-optimized =  0.00% (0       vias)
        Un-mapped    = 100.00% (92210   vias)
    Layer VIA4       =  0.00% (0      / 68718   vias)
        Un-optimized =  0.00% (0       vias)
        Un-mapped    = 100.00% (68718   vias)
    Layer VIA5       =  0.00% (0      / 7358    vias)
        Un-optimized =  0.00% (0       vias)
        Un-mapped    = 100.00% (7358    vias)
    Layer VIA6       =  0.00% (0      / 4501    vias)
        Un-optimized =  0.00% (0       vias)
        Un-mapped    = 100.00% (4501    vias)
    Layer VIA7       =  0.00% (0      / 22      vias)
        Un-optimized =  0.00% (0       vias)
        Un-mapped    = 100.00% (22      vias)
 
  Total double via conversion rate    =  0.02% (175 / 1164422 vias)
 
    Layer VIA1       =  0.04% (175    / 483263  vias)
    Layer VIA2       =  0.00% (0      / 508350  vias)
    Layer VIA3       =  0.00% (0      / 92210   vias)
    Layer VIA4       =  0.00% (0      / 68718   vias)
    Layer VIA5       =  0.00% (0      / 7358    vias)
    Layer VIA6       =  0.00% (0      / 4501    vias)
    Layer VIA7       =  0.00% (0      / 22      vias)
 
  The optimized via conversion rate based on total routed via count =  0.02% (175 / 1164422 vias)
 
    Layer VIA1       =  0.04% (175    / 483263  vias)
        Weight 1     =  0.04% (175     vias)
        Un-optimized =  0.00% (0       vias)
        Un-mapped    = 99.96% (483088  vias)
    Layer VIA2       =  0.00% (0      / 508350  vias)
        Un-optimized =  0.00% (0       vias)
        Un-mapped    = 100.00% (508350  vias)
    Layer VIA3       =  0.00% (0      / 92210   vias)
        Un-optimized =  0.00% (0       vias)
        Un-mapped    = 100.00% (92210   vias)
    Layer VIA4       =  0.00% (0      / 68718   vias)
        Un-optimized =  0.00% (0       vias)
        Un-mapped    = 100.00% (68718   vias)
    Layer VIA5       =  0.00% (0      / 7358    vias)
        Un-optimized =  0.00% (0       vias)
        Un-mapped    = 100.00% (7358    vias)
    Layer VIA6       =  0.00% (0      / 4501    vias)
        Un-optimized =  0.00% (0       vias)
        Un-mapped    = 100.00% (4501    vias)
    Layer VIA7       =  0.00% (0      / 22      vias)
        Un-optimized =  0.00% (0       vias)
        Un-mapped    = 100.00% (22      vias)
 


Verify Summary:

Total number of nets = 117475, of which 0 are not extracted
Total number of open nets = 0, of which 0 are frozen
Total number of excluded ports = 0 ports of 0 unplaced cells connected to 0 nets
                                 0 ports without pins of 0 cells connected to 0 nets
                                 0 ports of 0 cover cells connected to 0 non-pg nets
Total number of DRCs = 41
Total number of antenna violations = no antenna rules defined
Total number of tie to rail violations = not checked
Total number of tie to rail directly violations = not checked


