### help_app_options route.detail.*via*
route.detail.allow_default_rule_nets_via_ladder_lower_layer_connection # allow connections to lower layers of via ladders for default rule nets
route.detail.allow_ndr_nets_via_ladder_lower_layer_connection # allow connections to lower layers of via ladders for NDR nets
route.detail.insert_redundant_vias_layer_order_low_to_high # controls the order of layer processing during redundant via insertion
route.detail.optimize_wire_via_effort_level # Effort level for optimize wire length and via counts
route.detail.via_ladder_upper_layer_via_connection_mode # allowed via connection types to via ladder

### report_app_options route.detail.*via*
****************************************
Report : app_option
Design : NO_DESIGN
Version: W-2024.09-SP2
Date   : Sun May 10 01:25:35 2026
****************************************
Name                                                                   Type       Value      User-value   User-default System-default Scope      Status     Source
---------------------------------------------------------------------- ---------- ---------- ------------ ------------ -------------- ---------- ---------- ----------
route.detail.allow_default_rule_nets_via_ladder_lower_layer_connection bool       --         --           --           false          block      normal     --
route.detail.allow_ndr_nets_via_ladder_lower_layer_connection          bool       --         --           --           false          block      normal     --
route.detail.insert_redundant_vias_layer_order_low_to_high             bool       --         --           --           false          block      normal     --
route.detail.optimize_wire_via_effort_level                            enum       --         --           --           low            block      normal     --
route.detail.via_ladder_upper_layer_via_connection_mode                enum       --         --           --           above          block      normal     --
---------------------------------------------------------------------- ---------- ---------- ------------ ------------ -------------- ---------- ---------- ----------

There are additional internal differences.
0
