 
****************************************
Report : reference
Design : ibex_mini_soc_top
Version: W-2024.09-SP5-5
Date   : Sat May  9 21:15:53 2026
****************************************

Attributes:
    b - black box (unknown)
   bo - allows boundary optimization
    d - dont_touch
   mo - map_only
    h - hierarchical
    n - noncombinational
    r - removable
    s - synthetic operator
    u - contains unmapped logic

Reference          Library       Unit Area   Count    Total Area   Attributes
-----------------------------------------------------------------------------
AND2X1_HVT         saed32hvt_tt1p05v25c
                                  2.033152     962   1955.892323  
AND2X2_HVT         saed32hvt_tt1p05v25c
                                  2.287296      41     93.779138  
AND2X4_HVT         saed32hvt_tt1p05v25c
                                  2.795584      32     89.458687  
AND3X1_HVT         saed32hvt_tt1p05v25c
                                  2.287296      65    148.674244  
AND3X2_HVT         saed32hvt_tt1p05v25c
                                  2.541440     138    350.718721  
AND4X1_HVT         saed32hvt_tt1p05v25c
                                  2.541440     553   1405.416326  
AND4X2_HVT         saed32hvt_tt1p05v25c
                                  3.812160       6     22.872960  
AND4X4_HVT         saed32hvt_tt1p05v25c
                                  4.320448      10     43.204479  
AO21X1_HVT         saed32hvt_tt1p05v25c
                                  2.541440     404   1026.741764  
AO21X2_HVT         saed32hvt_tt1p05v25c
                                  2.795584      40    111.823359  
AO22X1_HVT         saed32hvt_tt1p05v25c
                                  2.541440   52191  132640.295566 
AO22X2_HVT         saed32hvt_tt1p05v25c
                                  2.795584      65    181.712958  
AO221X1_HVT        saed32hvt_tt1p05v25c
                                  3.049728     113    344.619255  
AO221X2_HVT        saed32hvt_tt1p05v25c
                                  3.303872       1      3.303872  
AO222X1_HVT        saed32hvt_tt1p05v25c
                                  3.303872     473   1562.731507  
AO222X2_HVT        saed32hvt_tt1p05v25c
                                  3.558016      23     81.834369  
AOI21X1_HVT        saed32hvt_tt1p05v25c
                                  3.049728       3      9.149184  
AOI22X1_HVT        saed32hvt_tt1p05v25c
                                  3.049728     195    594.696944  
AOI221X1_HVT       saed32hvt_tt1p05v25c
                                  3.558016       1      3.558016  
AOI222X1_HVT       saed32hvt_tt1p05v25c
                                  3.812160       4     15.248640  
DFFARX1_HVT        saed32hvt_tt1p05v25c
                                  7.116032    1710  12168.414931  n
DFFARX2_HVT        saed32hvt_tt1p05v25c
                                  7.878464      98    772.089494  n
DFFASX1_HVT        saed32hvt_tt1p05v25c
                                  7.116032      37    263.293189  n
DFFX1_HVT          saed32hvt_tt1p05v25c
                                  6.607744   32749  216397.015360 n
DFFX2_HVT          saed32hvt_tt1p05v25c
                                  7.624320     289   2203.428489  n
FADDX1_HVT         saed32hvt_tt1p05v25c
                                  4.828736       1      4.828736  r
H13945677562857465990_DP_OP_899J3_122_459_J3_0
                               1855.759487       1   1855.759487  h
H13945677562857465990_DW01_add_J3_0
                                103.944899       1    103.944899  h
H13945677562857465990_DW01_inc_J3_0
                                208.143943       1    208.143943  h
H13945677562857465990_DW01_inc_J3_1
                                208.143943       1    208.143943  h
H13945677562857465990_DW01_add_J3_1
                                157.060988       1    157.060988  h
H13945677562857465990_DW01_add_J3_2
                                 99.116163       1     99.116163  h
H13945677562857465990_DW01_add_J3_11
                                 99.116163       1     99.116163  h
HADDX1_HVT         saed32hvt_tt1p05v25c
                                  3.303872       5     16.519361  r
HADDX2_HVT         saed32hvt_tt1p05v25c
                                  3.812160       3     11.436480  r
IBUFFX8_HVT        saed32hvt_tt1p05v25c
                                  4.320448       2      8.640896  
INVX1_HVT          saed32hvt_tt1p05v25c
                                  1.270720    3512   4462.768658  
INVX2_HVT          saed32hvt_tt1p05v25c
                                  1.524864     158    240.928505  
INVX4_HVT          saed32hvt_tt1p05v25c
                                  2.033152      27     54.895107  
INVX8_HVT          saed32hvt_tt1p05v25c
                                  3.049728      40    121.989117  
INVX16_HVT         saed32hvt_tt1p05v25c
                                  5.082880       1      5.082880  
LATCHX1_HVT        saed32hvt_tt1p05v25c
                                  5.082880       1      5.082880  n
MUX21X1_HVT        saed32hvt_tt1p05v25c
                                  3.303872       8     26.430977  
MUX41X1_HVT        saed32hvt_tt1p05v25c
                                  5.591168      92    514.387449  
MUX41X2_HVT        saed32hvt_tt1p05v25c
                                  6.099456      33    201.282043  
NAND2X0_HVT        saed32hvt_tt1p05v25c
                                  1.524864    3076   4690.481536  
NAND2X1_HVT        saed32hvt_tt1p05v25c
                                  2.541440       1      2.541440  
NAND2X2_HVT        saed32hvt_tt1p05v25c
                                  2.795584       9     25.160256  
NAND2X4_HVT        saed32hvt_tt1p05v25c
                                  3.303872      38    125.547140  
NAND3X0_HVT        saed32hvt_tt1p05v25c
                                  1.779008     285    507.017289  
NAND3X1_HVT        saed32hvt_tt1p05v25c
                                  2.795584       1      2.795584  
NAND3X2_HVT        saed32hvt_tt1p05v25c
                                  3.049728       2      6.099456  
NAND4X0_HVT        saed32hvt_tt1p05v25c
                                  2.033152     969   1970.124388  
NBUFFX2_HVT        saed32hvt_tt1p05v25c
                                  2.033152    4217   8573.802420  
NBUFFX4_HVT        saed32hvt_tt1p05v25c
                                  2.541440     312    792.929283  
NBUFFX8_HVT        saed32hvt_tt1p05v25c
                                  3.812160      14     53.370240  
NBUFFX32_HVT       saed32hvt_tt1p05v25c
                                 10.674048      15    160.110726  
NOR2X0_HVT         saed32hvt_tt1p05v25c
                                  2.541440      12     30.497280  
NOR2X2_HVT         saed32hvt_tt1p05v25c
                                  2.795584       7     19.569088  
NOR3X0_HVT         saed32hvt_tt1p05v25c
                                  2.795584       6     16.773504  
NOR3X2_HVT         saed32hvt_tt1p05v25c
                                  3.049728       3      9.149184  
NOR4X1_HVT         saed32hvt_tt1p05v25c
                                  3.049728    4349  13263.266710  
OA21X1_HVT         saed32hvt_tt1p05v25c
                                  2.541440      43    109.281920  
OA21X2_HVT         saed32hvt_tt1p05v25c
                                  2.795584       4     11.182336  
OA22X1_HVT         saed32hvt_tt1p05v25c
                                  2.541440     227    576.906882  
OA22X2_HVT         saed32hvt_tt1p05v25c
                                  2.795584      16     44.729343  
OA221X1_HVT        saed32hvt_tt1p05v25c
                                  3.049728      74    225.679866  
OA221X2_HVT        saed32hvt_tt1p05v25c
                                  3.303872       4     13.215488  
OA222X1_HVT        saed32hvt_tt1p05v25c
                                  3.303872      50    165.193605  
OA222X2_HVT        saed32hvt_tt1p05v25c
                                  3.558016      12     42.696193  
OAI21X1_HVT        saed32hvt_tt1p05v25c
                                  3.049728       3      9.149184  
OAI22X1_HVT        saed32hvt_tt1p05v25c
                                  3.049728       5     15.248640  
OAI221X1_HVT       saed32hvt_tt1p05v25c
                                  3.558016       1      3.558016  
OAI222X1_HVT       saed32hvt_tt1p05v25c
                                  3.812160       2      7.624320  
OR2X1_HVT          saed32hvt_tt1p05v25c
                                  2.033152     665   1352.046149  
OR2X2_HVT          saed32hvt_tt1p05v25c
                                  2.287296       7     16.011072  
OR3X1_HVT          saed32hvt_tt1p05v25c
                                  2.287296     124    283.624711  
OR3X2_HVT          saed32hvt_tt1p05v25c
                                  2.541440     133    338.011521  
OR4X1_HVT          saed32hvt_tt1p05v25c
                                  3.558016      58    206.364932  
OR4X2_HVT          saed32hvt_tt1p05v25c
                                  3.812160      19     72.431040  
XOR2X1_HVT         saed32hvt_tt1p05v25c
                                  4.320448       1      4.320448  
XOR2X2_HVT         saed32hvt_tt1p05v25c
                                  4.574592       3     13.723776  
ibex_mini_soc_top_DW01_inc_J4_0
                                102.420035       1    102.420035  h
-----------------------------------------------------------------------------
Total 83 references                                 414758.187451

****************************************
Design: H13945677562857465990_DP_OP_899J3_122_459_J3_0 
****************************************
Reference          Library       Unit Area   Count    Total Area   Attributes
-----------------------------------------------------------------------------
AND3X1_HVT         saed32hvt_tt1p05v25c
                                  2.287296       1      2.287296  
AO21X1_HVT         saed32hvt_tt1p05v25c
                                  2.541440       5     12.707200  
AO22X1_HVT         saed32hvt_tt1p05v25c
                                  2.541440      25     63.536000  
AO22X2_HVT         saed32hvt_tt1p05v25c
                                  2.795584       1      2.795584  
AO221X1_HVT        saed32hvt_tt1p05v25c
                                  3.049728       5     15.248640  
AO222X1_HVT        saed32hvt_tt1p05v25c
                                  3.303872       5     16.519361  
AOI221X2_HVT       saed32hvt_tt1p05v25c
                                  3.812160       1      3.812160  
FADDX1_HVT         saed32hvt_tt1p05v25c
                                  4.828736     128    618.078186  r
FADDX2_HVT         saed32hvt_tt1p05v25c
                                  5.337024      16     85.392387  r
HADDX1_HVT         saed32hvt_tt1p05v25c
                                  3.303872     118    389.856909  r
INVX1_HVT          saed32hvt_tt1p05v25c
                                  1.270720      64     81.326080  
INVX2_HVT          saed32hvt_tt1p05v25c
                                  1.524864      14     21.348095  
MUX21X1_HVT        saed32hvt_tt1p05v25c
                                  3.303872       1      3.303872  
NAND2X0_HVT        saed32hvt_tt1p05v25c
                                  1.524864      25     38.121599  
NAND3X0_HVT        saed32hvt_tt1p05v25c
                                  1.779008       4      7.116032  
NBUFFX2_HVT        saed32hvt_tt1p05v25c
                                  2.033152       4      8.132608  
NBUFFX4_HVT        saed32hvt_tt1p05v25c
                                  2.541440       1      2.541440  
OA21X1_HVT         saed32hvt_tt1p05v25c
                                  2.541440       5     12.707200  
OA22X1_HVT         saed32hvt_tt1p05v25c
                                  2.541440      74    188.066561  
OAI21X1_HVT        saed32hvt_tt1p05v25c
                                  3.049728       1      3.049728  
OAI22X1_HVT        saed32hvt_tt1p05v25c
                                  3.049728       5     15.248640  
OAI221X1_HVT       saed32hvt_tt1p05v25c
                                  3.558016      70    249.061124  
OR2X1_HVT          saed32hvt_tt1p05v25c
                                  2.033152       3      6.099456  
OR2X2_HVT          saed32hvt_tt1p05v25c
                                  2.287296       3      6.861888  
OR3X2_HVT          saed32hvt_tt1p05v25c
                                  2.541440       1      2.541440  
-----------------------------------------------------------------------------
Total 25 references                                  1855.759487

****************************************
Design: H13945677562857465990_DW01_add_J3_0 
****************************************
Reference          Library       Unit Area   Count    Total Area   Attributes
-----------------------------------------------------------------------------
FADDX1_HVT         saed32hvt_tt1p05v25c
                                  4.828736       1      4.828736  r
HADDX1_HVT         saed32hvt_tt1p05v25c
                                  3.303872      30     99.116163  r
-----------------------------------------------------------------------------
Total 2 references                                    103.944899

****************************************
Design: H13945677562857465990_DW01_inc_J3_0 
****************************************
Reference          Library       Unit Area   Count    Total Area   Attributes
-----------------------------------------------------------------------------
HADDX1_HVT         saed32hvt_tt1p05v25c
                                  3.303872      63    208.143943  r
-----------------------------------------------------------------------------
Total 1 references                                    208.143943

****************************************
Design: H13945677562857465990_DW01_inc_J3_1 
****************************************
Reference          Library       Unit Area   Count    Total Area   Attributes
-----------------------------------------------------------------------------
HADDX1_HVT         saed32hvt_tt1p05v25c
                                  3.303872      63    208.143943  r
-----------------------------------------------------------------------------
Total 1 references                                    208.143943

****************************************
Design: H13945677562857465990_DW01_add_J3_1 
****************************************
Reference          Library       Unit Area   Count    Total Area   Attributes
-----------------------------------------------------------------------------
FADDX1_HVT         saed32hvt_tt1p05v25c
                                  4.828736      27    130.375867  r
FADDX2_HVT         saed32hvt_tt1p05v25c
                                  5.337024       5     26.685121  r
-----------------------------------------------------------------------------
Total 2 references                                    157.060988

****************************************
Design: H13945677562857465990_DW01_add_J3_2 
****************************************
Reference          Library       Unit Area   Count    Total Area   Attributes
-----------------------------------------------------------------------------
HADDX1_HVT         saed32hvt_tt1p05v25c
                                  3.303872      30     99.116163  r
-----------------------------------------------------------------------------
Total 1 references                                     99.116163

****************************************
Design: H13945677562857465990_DW01_add_J3_11 
****************************************
Reference          Library       Unit Area   Count    Total Area   Attributes
-----------------------------------------------------------------------------
HADDX1_HVT         saed32hvt_tt1p05v25c
                                  3.303872      30     99.116163  r
-----------------------------------------------------------------------------
Total 1 references                                     99.116163

****************************************
Design: ibex_mini_soc_top_DW01_inc_J4_0 
****************************************
Reference          Library       Unit Area   Count    Total Area   Attributes
-----------------------------------------------------------------------------
HADDX1_HVT         saed32hvt_tt1p05v25c
                                  3.303872      31    102.420035  r
-----------------------------------------------------------------------------
Total 1 references                                    102.420035
1
