****************************************
Report : timing
        -path_type full
        -delay_type min
        -max_paths 20
        -report_by design
Design : ibex_mini_soc_top
Version: W-2024.09-SP2
Date   : Sun May 10 12:48:02 2026
****************************************

  Startpoint: u_dmem_mem_reg_152__18_ (rising edge-triggered flip-flop clocked by clk)
  Endpoint: u_dmem_mem_reg_152__18_ (rising edge-triggered flip-flop clocked by clk)
  Mode: default
  Corner: default
  Scenario: default
  Path Group: clk
  Path Type: min

  Point                                            Incr      Path  
  ------------------------------------------------------------------------
  clock clk (rise edge)                            0.00      0.00
  clock network delay (propagated)                 0.25      0.25

  u_dmem_mem_reg_152__18_/CLK (DFFX1_HVT)          0.00      0.25 r
  u_dmem_mem_reg_152__18_/Q (DFFX1_HVT)            0.17      0.42 f
  U39016/Y (AO22X1_HVT)                            0.05      0.47 f
  u_dmem_mem_reg_152__18_/D (DFFX1_HVT)            0.00      0.47 f
  data arrival time                                          0.47

  clock clk (rise edge)                            0.00      0.00
  clock network delay (propagated)                 0.31      0.31
  u_dmem_mem_reg_152__18_/CLK (DFFX1_HVT)          0.00      0.31 r
  clock uncertainty                                0.10      0.41
  library hold time                                0.02      0.43
  data required time                                         0.43
  ------------------------------------------------------------------------
  data required time                                         0.43
  data arrival time                                         -0.47
  ------------------------------------------------------------------------
  slack (MET)                                                0.04



  Startpoint: u_dmem_mem_reg_174__21_ (rising edge-triggered flip-flop clocked by clk)
  Endpoint: u_dmem_mem_reg_174__21_ (rising edge-triggered flip-flop clocked by clk)
  Mode: default
  Corner: default
  Scenario: default
  Path Group: clk
  Path Type: min

  Point                                            Incr      Path  
  ------------------------------------------------------------------------
  clock clk (rise edge)                            0.00      0.00
  clock network delay (propagated)                 0.25      0.25

  u_dmem_mem_reg_174__21_/CLK (DFFX1_HVT)          0.00      0.25 r
  u_dmem_mem_reg_174__21_/Q (DFFX1_HVT)            0.17      0.42 f
  U38017/Y (AO22X1_HVT)                            0.05      0.47 f
  u_dmem_mem_reg_174__21_/D (DFFX1_HVT)            0.00      0.47 f
  data arrival time                                          0.47

  clock clk (rise edge)                            0.00      0.00
  clock network delay (propagated)                 0.32      0.32
  u_dmem_mem_reg_174__21_/CLK (DFFX1_HVT)          0.00      0.32 r
  clock uncertainty                                0.10      0.42
  library hold time                                0.02      0.44
  data required time                                         0.44
  ------------------------------------------------------------------------
  data required time                                         0.44
  data arrival time                                         -0.47
  ------------------------------------------------------------------------
  slack (MET)                                                0.04



  Startpoint: u_dmem_mem_reg_244__20_ (rising edge-triggered flip-flop clocked by clk)
  Endpoint: u_dmem_mem_reg_244__20_ (rising edge-triggered flip-flop clocked by clk)
  Mode: default
  Corner: default
  Scenario: default
  Path Group: clk
  Path Type: min

  Point                                            Incr      Path  
  ------------------------------------------------------------------------
  clock clk (rise edge)                            0.00      0.00
  clock network delay (propagated)                 0.25      0.25

  u_dmem_mem_reg_244__20_/CLK (DFFX1_HVT)          0.00      0.25 r
  u_dmem_mem_reg_244__20_/Q (DFFX1_HVT)            0.17      0.42 f
  U34849/Y (AO22X1_HVT)                            0.05      0.47 f
  u_dmem_mem_reg_244__20_/D (DFFX1_HVT)            0.00      0.47 f
  data arrival time                                          0.47

  clock clk (rise edge)                            0.00      0.00
  clock network delay (propagated)                 0.32      0.32
  u_dmem_mem_reg_244__20_/CLK (DFFX1_HVT)          0.00      0.32 r
  clock uncertainty                                0.10      0.42
  library hold time                                0.02      0.43
  data required time                                         0.43
  ------------------------------------------------------------------------
  data required time                                         0.43
  data arrival time                                         -0.47
  ------------------------------------------------------------------------
  slack (MET)                                                0.04



  Startpoint: u_dmem_mem_reg_209__15_ (rising edge-triggered flip-flop clocked by clk)
  Endpoint: u_dmem_mem_reg_209__15_ (rising edge-triggered flip-flop clocked by clk)
  Mode: default
  Corner: default
  Scenario: default
  Path Group: clk
  Path Type: min

  Point                                            Incr      Path  
  ------------------------------------------------------------------------
  clock clk (rise edge)                            0.00      0.00
  clock network delay (propagated)                 0.24      0.24

  u_dmem_mem_reg_209__15_/CLK (DFFX1_HVT)          0.00      0.24 r
  u_dmem_mem_reg_209__15_/Q (DFFX1_HVT)            0.17      0.42 f
  U36393/Y (AO22X1_HVT)                            0.05      0.47 f
  u_dmem_mem_reg_209__15_/D (DFFX1_HVT)            0.00      0.47 f
  data arrival time                                          0.47

  clock clk (rise edge)                            0.00      0.00
  clock network delay (propagated)                 0.31      0.31
  u_dmem_mem_reg_209__15_/CLK (DFFX1_HVT)          0.00      0.31 r
  clock uncertainty                                0.10      0.41
  library hold time                                0.02      0.43
  data required time                                         0.43
  ------------------------------------------------------------------------
  data required time                                         0.43
  data arrival time                                         -0.47
  ------------------------------------------------------------------------
  slack (MET)                                                0.04



  Startpoint: u_dmem_mem_reg_161__15_ (rising edge-triggered flip-flop clocked by clk)
  Endpoint: u_dmem_mem_reg_161__15_ (rising edge-triggered flip-flop clocked by clk)
  Mode: default
  Corner: default
  Scenario: default
  Path Group: clk
  Path Type: min

  Point                                            Incr      Path  
  ------------------------------------------------------------------------
  clock clk (rise edge)                            0.00      0.00
  clock network delay (propagated)                 0.24      0.24

  u_dmem_mem_reg_161__15_/CLK (DFFX1_HVT)          0.00      0.24 r
  u_dmem_mem_reg_161__15_/Q (DFFX1_HVT)            0.17      0.42 f
  U38562/Y (AO22X1_HVT)                            0.05      0.47 f
  u_dmem_mem_reg_161__15_/D (DFFX1_HVT)            0.00      0.47 f
  data arrival time                                          0.47

  clock clk (rise edge)                            0.00      0.00
  clock network delay (propagated)                 0.31      0.31
  u_dmem_mem_reg_161__15_/CLK (DFFX1_HVT)          0.00      0.31 r
  clock uncertainty                                0.10      0.41
  library hold time                                0.02      0.43
  data required time                                         0.43
  ------------------------------------------------------------------------
  data required time                                         0.43
  data arrival time                                         -0.47
  ------------------------------------------------------------------------
  slack (MET)                                                0.04



  Startpoint: u_dmem_mem_reg_156__16_ (rising edge-triggered flip-flop clocked by clk)
  Endpoint: u_dmem_mem_reg_156__16_ (rising edge-triggered flip-flop clocked by clk)
  Mode: default
  Corner: default
  Scenario: default
  Path Group: clk
  Path Type: min

  Point                                            Incr      Path  
  ------------------------------------------------------------------------
  clock clk (rise edge)                            0.00      0.00
  clock network delay (propagated)                 0.25      0.25

  u_dmem_mem_reg_156__16_/CLK (DFFX1_HVT)          0.00      0.25 r
  u_dmem_mem_reg_156__16_/Q (DFFX1_HVT)            0.17      0.42 f
  U38786/Y (AO22X1_HVT)                            0.05      0.47 f
  u_dmem_mem_reg_156__16_/D (DFFX1_HVT)            0.00      0.47 f
  data arrival time                                          0.47

  clock clk (rise edge)                            0.00      0.00
  clock network delay (propagated)                 0.31      0.31
  u_dmem_mem_reg_156__16_/CLK (DFFX1_HVT)          0.00      0.31 r
  clock uncertainty                                0.10      0.41
  library hold time                                0.02      0.43
  data required time                                         0.43
  ------------------------------------------------------------------------
  data required time                                         0.43
  data arrival time                                         -0.47
  ------------------------------------------------------------------------
  slack (MET)                                                0.04



  Startpoint: u_dmem_mem_reg_202__21_ (rising edge-triggered flip-flop clocked by clk)
  Endpoint: u_dmem_mem_reg_202__21_ (rising edge-triggered flip-flop clocked by clk)
  Mode: default
  Corner: default
  Scenario: default
  Path Group: clk
  Path Type: min

  Point                                            Incr      Path  
  ------------------------------------------------------------------------
  clock clk (rise edge)                            0.00      0.00
  clock network delay (propagated)                 0.24      0.24

  u_dmem_mem_reg_202__21_/CLK (DFFX1_HVT)          0.00      0.24 r
  u_dmem_mem_reg_202__21_/Q (DFFX1_HVT)            0.17      0.41 f
  U36717/Y (AO22X1_HVT)                            0.05      0.46 f
  u_dmem_mem_reg_202__21_/D (DFFX1_HVT)            0.00      0.46 f
  data arrival time                                          0.46

  clock clk (rise edge)                            0.00      0.00
  clock network delay (propagated)                 0.31      0.31
  u_dmem_mem_reg_202__21_/CLK (DFFX1_HVT)          0.00      0.31 r
  clock uncertainty                                0.10      0.41
  library hold time                                0.02      0.43
  data required time                                         0.43
  ------------------------------------------------------------------------
  data required time                                         0.43
  data arrival time                                         -0.46
  ------------------------------------------------------------------------
  slack (MET)                                                0.04



  Startpoint: u_dmem_mem_reg_132__21_ (rising edge-triggered flip-flop clocked by clk)
  Endpoint: u_dmem_mem_reg_132__21_ (rising edge-triggered flip-flop clocked by clk)
  Mode: default
  Corner: default
  Scenario: default
  Path Group: clk
  Path Type: min

  Point                                            Incr      Path  
  ------------------------------------------------------------------------
  clock clk (rise edge)                            0.00      0.00
  clock network delay (propagated)                 0.25      0.25

  u_dmem_mem_reg_132__21_/CLK (DFFX1_HVT)          0.00      0.25 r
  u_dmem_mem_reg_132__21_/Q (DFFX1_HVT)            0.18      0.42 f
  U39875/Y (AO22X1_HVT)                            0.05      0.47 f
  u_dmem_mem_reg_132__21_/D (DFFX1_HVT)            0.00      0.47 f
  data arrival time                                          0.47

  clock clk (rise edge)                            0.00      0.00
  clock network delay (propagated)                 0.32      0.32
  u_dmem_mem_reg_132__21_/CLK (DFFX1_HVT)          0.00      0.32 r
  clock uncertainty                                0.10      0.42
  library hold time                                0.02      0.44
  data required time                                         0.44
  ------------------------------------------------------------------------
  data required time                                         0.44
  data arrival time                                         -0.47
  ------------------------------------------------------------------------
  slack (MET)                                                0.04



  Startpoint: u_dmem_mem_reg_161__10_ (rising edge-triggered flip-flop clocked by clk)
  Endpoint: u_dmem_mem_reg_161__10_ (rising edge-triggered flip-flop clocked by clk)
  Mode: default
  Corner: default
  Scenario: default
  Path Group: clk
  Path Type: min

  Point                                            Incr      Path  
  ------------------------------------------------------------------------
  clock clk (rise edge)                            0.00      0.00
  clock network delay (propagated)                 0.24      0.24

  u_dmem_mem_reg_161__10_/CLK (DFFX1_HVT)          0.00      0.24 r
  u_dmem_mem_reg_161__10_/Q (DFFX1_HVT)            0.17      0.42 f
  U38557/Y (AO22X1_HVT)                            0.05      0.47 f
  u_dmem_mem_reg_161__10_/D (DFFX1_HVT)            0.00      0.47 f
  data arrival time                                          0.47

  clock clk (rise edge)                            0.00      0.00
  clock network delay (propagated)                 0.31      0.31
  u_dmem_mem_reg_161__10_/CLK (DFFX1_HVT)          0.00      0.31 r
  clock uncertainty                                0.10      0.41
  library hold time                                0.02      0.43
  data required time                                         0.43
  ------------------------------------------------------------------------
  data required time                                         0.43
  data arrival time                                         -0.47
  ------------------------------------------------------------------------
  slack (MET)                                                0.04



  Startpoint: u_dmem_mem_reg_136__20_ (rising edge-triggered flip-flop clocked by clk)
  Endpoint: u_dmem_mem_reg_136__20_ (rising edge-triggered flip-flop clocked by clk)
  Mode: default
  Corner: default
  Scenario: default
  Path Group: clk
  Path Type: min

  Point                                            Incr      Path  
  ------------------------------------------------------------------------
  clock clk (rise edge)                            0.00      0.00
  clock network delay (propagated)                 0.25      0.25

  u_dmem_mem_reg_136__20_/CLK (DFFX1_HVT)          0.00      0.25 r
  u_dmem_mem_reg_136__20_/Q (DFFX1_HVT)            0.17      0.42 f
  U39710/Y (AO22X1_HVT)                            0.05      0.47 f
  u_dmem_mem_reg_136__20_/D (DFFX1_HVT)            0.00      0.47 f
  data arrival time                                          0.47

  clock clk (rise edge)                            0.00      0.00
  clock network delay (propagated)                 0.32      0.32
  u_dmem_mem_reg_136__20_/CLK (DFFX1_HVT)          0.00      0.32 r
  clock uncertainty                                0.10      0.42
  library hold time                                0.02      0.43
  data required time                                         0.43
  ------------------------------------------------------------------------
  data required time                                         0.43
  data arrival time                                         -0.47
  ------------------------------------------------------------------------
  slack (MET)                                                0.04



  Startpoint: u_dmem_mem_reg_201__13_ (rising edge-triggered flip-flop clocked by clk)
  Endpoint: u_dmem_mem_reg_201__13_ (rising edge-triggered flip-flop clocked by clk)
  Mode: default
  Corner: default
  Scenario: default
  Path Group: clk
  Path Type: min

  Point                                            Incr      Path  
  ------------------------------------------------------------------------
  clock clk (rise edge)                            0.00      0.00
  clock network delay (propagated)                 0.24      0.24

  u_dmem_mem_reg_201__13_/CLK (DFFX1_HVT)          0.00      0.24 r
  u_dmem_mem_reg_201__13_/Q (DFFX1_HVT)            0.17      0.41 f
  U36747/Y (AO22X1_HVT)                            0.05      0.46 f
  u_dmem_mem_reg_201__13_/D (DFFX1_HVT)            0.00      0.46 f
  data arrival time                                          0.46

  clock clk (rise edge)                            0.00      0.00
  clock network delay (propagated)                 0.31      0.31
  u_dmem_mem_reg_201__13_/CLK (DFFX1_HVT)          0.00      0.31 r
  clock uncertainty                                0.10      0.41
  library hold time                                0.02      0.43
  data required time                                         0.43
  ------------------------------------------------------------------------
  data required time                                         0.43
  data arrival time                                         -0.46
  ------------------------------------------------------------------------
  slack (MET)                                                0.04



  Startpoint: u_dmem_mem_reg_174__20_ (rising edge-triggered flip-flop clocked by clk)
  Endpoint: u_dmem_mem_reg_174__20_ (rising edge-triggered flip-flop clocked by clk)
  Mode: default
  Corner: default
  Scenario: default
  Path Group: clk
  Path Type: min

  Point                                            Incr      Path  
  ------------------------------------------------------------------------
  clock clk (rise edge)                            0.00      0.00
  clock network delay (propagated)                 0.25      0.25

  u_dmem_mem_reg_174__20_/CLK (DFFX1_HVT)          0.00      0.25 r
  u_dmem_mem_reg_174__20_/Q (DFFX1_HVT)            0.17      0.42 f
  U38016/Y (AO22X1_HVT)                            0.05      0.47 f
  u_dmem_mem_reg_174__20_/D (DFFX1_HVT)            0.00      0.47 f
  data arrival time                                          0.47

  clock clk (rise edge)                            0.00      0.00
  clock network delay (propagated)                 0.32      0.32
  u_dmem_mem_reg_174__20_/CLK (DFFX1_HVT)          0.00      0.32 r
  clock uncertainty                                0.10      0.42
  library hold time                                0.02      0.43
  data required time                                         0.43
  ------------------------------------------------------------------------
  data required time                                         0.43
  data arrival time                                         -0.47
  ------------------------------------------------------------------------
  slack (MET)                                                0.04



  Startpoint: u_dmem_mem_reg_158__19_ (rising edge-triggered flip-flop clocked by clk)
  Endpoint: u_dmem_mem_reg_158__19_ (rising edge-triggered flip-flop clocked by clk)
  Mode: default
  Corner: default
  Scenario: default
  Path Group: clk
  Path Type: min

  Point                                            Incr      Path  
  ------------------------------------------------------------------------
  clock clk (rise edge)                            0.00      0.00
  clock network delay (propagated)                 0.24      0.24

  u_dmem_mem_reg_158__19_/CLK (DFFX1_HVT)          0.00      0.24 r
  u_dmem_mem_reg_158__19_/Q (DFFX1_HVT)            0.17      0.41 f
  U38703/Y (AO22X1_HVT)                            0.05      0.47 f
  u_dmem_mem_reg_158__19_/D (DFFX1_HVT)            0.00      0.47 f
  data arrival time                                          0.47

  clock clk (rise edge)                            0.00      0.00
  clock network delay (propagated)                 0.31      0.31
  u_dmem_mem_reg_158__19_/CLK (DFFX1_HVT)          0.00      0.31 r
  clock uncertainty                                0.10      0.41
  library hold time                                0.02      0.43
  data required time                                         0.43
  ------------------------------------------------------------------------
  data required time                                         0.43
  data arrival time                                         -0.47
  ------------------------------------------------------------------------
  slack (MET)                                                0.04



  Startpoint: u_dmem_mem_reg_170__19_ (rising edge-triggered flip-flop clocked by clk)
  Endpoint: u_dmem_mem_reg_170__19_ (rising edge-triggered flip-flop clocked by clk)
  Mode: default
  Corner: default
  Scenario: default
  Path Group: clk
  Path Type: min

  Point                                            Incr      Path  
  ------------------------------------------------------------------------
  clock clk (rise edge)                            0.00      0.00
  clock network delay (propagated)                 0.24      0.24

  u_dmem_mem_reg_170__19_/CLK (DFFX1_HVT)          0.00      0.24 r
  u_dmem_mem_reg_170__19_/Q (DFFX1_HVT)            0.17      0.41 f
  U38176/Y (AO22X1_HVT)                            0.05      0.46 f
  u_dmem_mem_reg_170__19_/D (DFFX1_HVT)            0.00      0.46 f
  data arrival time                                          0.46

  clock clk (rise edge)                            0.00      0.00
  clock network delay (propagated)                 0.31      0.31
  u_dmem_mem_reg_170__19_/CLK (DFFX1_HVT)          0.00      0.31 r
  clock uncertainty                                0.10      0.41
  library hold time                                0.02      0.43
  data required time                                         0.43
  ------------------------------------------------------------------------
  data required time                                         0.43
  data arrival time                                         -0.46
  ------------------------------------------------------------------------
  slack (MET)                                                0.04



  Startpoint: u_dmem_mem_reg_202__19_ (rising edge-triggered flip-flop clocked by clk)
  Endpoint: u_dmem_mem_reg_202__19_ (rising edge-triggered flip-flop clocked by clk)
  Mode: default
  Corner: default
  Scenario: default
  Path Group: clk
  Path Type: min

  Point                                            Incr      Path  
  ------------------------------------------------------------------------
  clock clk (rise edge)                            0.00      0.00
  clock network delay (propagated)                 0.24      0.24

  u_dmem_mem_reg_202__19_/CLK (DFFX1_HVT)          0.00      0.24 r
  u_dmem_mem_reg_202__19_/Q (DFFX1_HVT)            0.17      0.42 f
  U36715/Y (AO22X1_HVT)                            0.05      0.47 f
  u_dmem_mem_reg_202__19_/D (DFFX1_HVT)            0.00      0.47 f
  data arrival time                                          0.47

  clock clk (rise edge)                            0.00      0.00
  clock network delay (propagated)                 0.31      0.31
  u_dmem_mem_reg_202__19_/CLK (DFFX1_HVT)          0.00      0.31 r
  clock uncertainty                                0.10      0.41
  library hold time                                0.02      0.43
  data required time                                         0.43
  ------------------------------------------------------------------------
  data required time                                         0.43
  data arrival time                                         -0.47
  ------------------------------------------------------------------------
  slack (MET)                                                0.04



  Startpoint: u_dmem_mem_reg_249__8_ (rising edge-triggered flip-flop clocked by clk)
  Endpoint: u_dmem_mem_reg_249__8_ (rising edge-triggered flip-flop clocked by clk)
  Mode: default
  Corner: default
  Scenario: default
  Path Group: clk
  Path Type: min

  Point                                            Incr      Path  
  ------------------------------------------------------------------------
  clock clk (rise edge)                            0.00      0.00
  clock network delay (propagated)                 0.24      0.24

  u_dmem_mem_reg_249__8_/CLK (DFFX1_HVT)           0.00      0.24 r
  u_dmem_mem_reg_249__8_/Q (DFFX1_HVT)             0.17      0.42 f
  U34635/Y (AO22X1_HVT)                            0.05      0.47 f
  u_dmem_mem_reg_249__8_/D (DFFX1_HVT)             0.00      0.47 f
  data arrival time                                          0.47

  clock clk (rise edge)                            0.00      0.00
  clock network delay (propagated)                 0.31      0.31
  u_dmem_mem_reg_249__8_/CLK (DFFX1_HVT)           0.00      0.31 r
  clock uncertainty                                0.10      0.41
  library hold time                                0.02      0.43
  data required time                                         0.43
  ------------------------------------------------------------------------
  data required time                                         0.43
  data arrival time                                         -0.47
  ------------------------------------------------------------------------
  slack (MET)                                                0.04



  Startpoint: u_dmem_mem_reg_132__23_ (rising edge-triggered flip-flop clocked by clk)
  Endpoint: u_dmem_mem_reg_132__23_ (rising edge-triggered flip-flop clocked by clk)
  Mode: default
  Corner: default
  Scenario: default
  Path Group: clk
  Path Type: min

  Point                                            Incr      Path  
  ------------------------------------------------------------------------
  clock clk (rise edge)                            0.00      0.00
  clock network delay (propagated)                 0.25      0.25

  u_dmem_mem_reg_132__23_/CLK (DFFX1_HVT)          0.00      0.25 r
  u_dmem_mem_reg_132__23_/Q (DFFX1_HVT)            0.18      0.42 f
  U39877/Y (AO22X1_HVT)                            0.05      0.47 f
  u_dmem_mem_reg_132__23_/D (DFFX1_HVT)            0.00      0.47 f
  data arrival time                                          0.47

  clock clk (rise edge)                            0.00      0.00
  clock network delay (propagated)                 0.31      0.31
  u_dmem_mem_reg_132__23_/CLK (DFFX1_HVT)          0.00      0.31 r
  clock uncertainty                                0.10      0.41
  library hold time                                0.02      0.43
  data required time                                         0.43
  ------------------------------------------------------------------------
  data required time                                         0.43
  data arrival time                                         -0.47
  ------------------------------------------------------------------------
  slack (MET)                                                0.04



  Startpoint: u_dmem_mem_reg_221__23_ (rising edge-triggered flip-flop clocked by clk)
  Endpoint: u_dmem_mem_reg_221__23_ (rising edge-triggered flip-flop clocked by clk)
  Mode: default
  Corner: default
  Scenario: default
  Path Group: clk
  Path Type: min

  Point                                            Incr      Path  
  ------------------------------------------------------------------------
  clock clk (rise edge)                            0.00      0.00
  clock network delay (propagated)                 0.25      0.25

  u_dmem_mem_reg_221__23_/CLK (DFFX1_HVT)          0.00      0.25 r
  u_dmem_mem_reg_221__23_/Q (DFFX1_HVT)            0.17      0.42 f
  U35890/Y (AO22X1_HVT)                            0.05      0.47 f
  u_dmem_mem_reg_221__23_/D (DFFX1_HVT)            0.00      0.47 f
  data arrival time                                          0.47

  clock clk (rise edge)                            0.00      0.00
  clock network delay (propagated)                 0.31      0.31
  u_dmem_mem_reg_221__23_/CLK (DFFX1_HVT)          0.00      0.31 r
  clock uncertainty                                0.10      0.41
  library hold time                                0.02      0.43
  data required time                                         0.43
  ------------------------------------------------------------------------
  data required time                                         0.43
  data arrival time                                         -0.47
  ------------------------------------------------------------------------
  slack (MET)                                                0.04



  Startpoint: u_dmem_mem_reg_236__20_ (rising edge-triggered flip-flop clocked by clk)
  Endpoint: u_dmem_mem_reg_236__20_ (rising edge-triggered flip-flop clocked by clk)
  Mode: default
  Corner: default
  Scenario: default
  Path Group: clk
  Path Type: min

  Point                                            Incr      Path  
  ------------------------------------------------------------------------
  clock clk (rise edge)                            0.00      0.00
  clock network delay (propagated)                 0.25      0.25

  u_dmem_mem_reg_236__20_/CLK (DFFX1_HVT)          0.00      0.25 r
  u_dmem_mem_reg_236__20_/Q (DFFX1_HVT)            0.17      0.42 f
  U35205/Y (AO22X1_HVT)                            0.05      0.47 f
  u_dmem_mem_reg_236__20_/D (DFFX1_HVT)            0.00      0.47 f
  data arrival time                                          0.47

  clock clk (rise edge)                            0.00      0.00
  clock network delay (propagated)                 0.31      0.31
  u_dmem_mem_reg_236__20_/CLK (DFFX1_HVT)          0.00      0.31 r
  clock uncertainty                                0.10      0.41
  library hold time                                0.02      0.43
  data required time                                         0.43
  ------------------------------------------------------------------------
  data required time                                         0.43
  data arrival time                                         -0.47
  ------------------------------------------------------------------------
  slack (MET)                                                0.04



  Startpoint: u_dmem_mem_reg_398__17_ (rising edge-triggered flip-flop clocked by clk)
  Endpoint: u_dmem_mem_reg_398__17_ (rising edge-triggered flip-flop clocked by clk)
  Mode: default
  Corner: default
  Scenario: default
  Path Group: clk
  Path Type: min

  Point                                            Incr      Path  
  ------------------------------------------------------------------------
  clock clk (rise edge)                            0.00      0.00
  clock network delay (propagated)                 0.24      0.24

  u_dmem_mem_reg_398__17_/CLK (DFFX1_HVT)          0.00      0.24 r
  u_dmem_mem_reg_398__17_/Q (DFFX1_HVT)            0.17      0.42 f
  U27929/Y (AO22X1_HVT)                            0.05      0.47 f
  u_dmem_mem_reg_398__17_/D (DFFX1_HVT)            0.00      0.47 f
  data arrival time                                          0.47

  clock clk (rise edge)                            0.00      0.00
  clock network delay (propagated)                 0.31      0.31
  u_dmem_mem_reg_398__17_/CLK (DFFX1_HVT)          0.00      0.31 r
  clock uncertainty                                0.10      0.41
  library hold time                                0.02      0.43
  data required time                                         0.43
  ------------------------------------------------------------------------
  data required time                                         0.43
  data arrival time                                         -0.47
  ------------------------------------------------------------------------
  slack (MET)                                                0.04


1
