Information: The value of option cts.compile.enable_cell_relocation has been overridden to "leaf_only" to support latency-driven placement. (CTS-973)
****************************************
Report : report clock qor
        -type area
Design : ibex_mini_soc_top
Version: W-2024.09-SP2
Date   : Sun May 10 00:33:06 2026
****************************************


==========================
==== Area (per clock) ====
==========================

Clock                                 Sinks          Clock          Clock          Clock          Clock          Sinks           Sink
                                 (balanced)     Cell Count        Stdcell       Repeater       Repeater     (physical)        Stdcell          Macro
                                                (non sink)           Area          Count           Area                          Area           Area
------------------------------------------------------------------------------------------------------------------------------------------------------
clk                                   34884            871        3318.61            870        3315.82          34884      231809.32           0.00
------------------------------------------------------------------------------------------------------------------------------------------------------
Total                                 34884            871        3318.61            870        3315.82          34884      231809.32           0.00

Type                               Instance           Unit          Total           Cell             Vt             Vt
                                      Count           Area           Area           Type          Group           Type


=================================
==== Area (per library cell) ====
=================================

===== Summary =====
Type                               Instance           Unit          Total           Cell             Vt             Vt
                                      Count           Area           Area           Type          Group           Type
------------------------------------------------------------------------------------------------------------------------
Clock Repeaters                         870              -        3315.82              -              -              -
Other Network Cells                       1              -           2.80              -              -              -
Standard Cell Sinks                   34884              -      231809.32              -              -              -
Macro Cells                               0              -           0.00              -              -              -

===== Clock Repeaters =====
Type                               Instance           Unit          Total           Cell             Vt             Vt
                                      Count           Area           Area           Type          Group           Type
------------------------------------------------------------------------------------------------------------------------
IBUFFX32_HVT                              1          11.69          11.69       Inverter saed32cell_hvt              -
INVX0_RVT                                 1           1.27           1.27       Inverter saed32cell_svt              -
INVX1_LVT                                 1           1.27           1.27       Inverter saed32cell_lvt              -
INVX2_LVT                                 1           1.52           1.52       Inverter saed32cell_lvt              -
INVX2_RVT                                 5           1.52           7.62       Inverter saed32cell_svt              -
INVX4_LVT                                 5           2.03          10.17       Inverter saed32cell_lvt              -
INVX4_RVT                                18           2.03          36.60       Inverter saed32cell_svt              -
INVX8_HVT                               275           3.05         838.68       Inverter saed32cell_hvt              -
INVX8_LVT                                19           3.05          57.94       Inverter saed32cell_lvt              -
INVX8_RVT                               214           3.05         652.64       Inverter saed32cell_svt              -
INVX16_HVT                               43           5.08         218.56       Inverter saed32cell_hvt              -
INVX16_LVT                               33           5.08         167.74       Inverter saed32cell_lvt              -
INVX16_RVT                               12           5.08          60.99       Inverter saed32cell_svt              -
INVX32_HVT                               15           9.15         137.24       Inverter saed32cell_hvt              -
INVX32_LVT                                9           9.15          82.34       Inverter saed32cell_lvt              -
INVX32_RVT                                8           9.15          73.19       Inverter saed32cell_svt              -
NBUFFX2_RVT                               5           2.03          10.17         Buffer saed32cell_svt              -
NBUFFX4_LVT                               8           2.54          20.33         Buffer saed32cell_lvt              -
NBUFFX4_RVT                              19           2.54          48.29         Buffer saed32cell_svt              -
NBUFFX8_HVT                              35           3.81         133.43         Buffer saed32cell_hvt              -
NBUFFX8_LVT                              19           3.81          72.43         Buffer saed32cell_lvt              -
NBUFFX8_RVT                              77           3.81         293.54         Buffer saed32cell_svt              -
NBUFFX16_HVT                             13           6.10          79.29         Buffer saed32cell_hvt              -
NBUFFX16_LVT                              2           6.10          12.20         Buffer saed32cell_lvt              -
NBUFFX16_RVT                             12           6.10          73.19         Buffer saed32cell_svt              -
NBUFFX32_HVT                              8          10.67          85.39         Buffer saed32cell_hvt              -
NBUFFX32_LVT                              4          10.67          42.70         Buffer saed32cell_lvt              -
NBUFFX32_RVT                              8          10.67          85.39         Buffer saed32cell_svt              -
------------------------------------------------------------------------------------------------------------------------
Total                                   870              -        3315.82              -              -              -

===== Other Network Cells =====
Type                               Instance           Unit          Total           Cell             Vt             Vt
                                      Count           Area           Area           Type          Group           Type
------------------------------------------------------------------------------------------------------------------------
AND2X4_RVT                                1           2.80           2.80  Combinational saed32cell_svt              -
------------------------------------------------------------------------------------------------------------------------
Total                                     1              -           2.80              -              -              -

===== Standard Cell Sinks =====
Type                               Instance           Unit          Total           Cell             Vt             Vt
                                      Count           Area           Area           Type          Group           Type
------------------------------------------------------------------------------------------------------------------------
DFFARX1_HVT                            1710           7.12       12168.41           Flop saed32cell_hvt              -
DFFARX2_HVT                              98           7.88         772.09           Flop saed32cell_hvt              -
DFFASX1_HVT                              37           7.12         263.29           Flop saed32cell_hvt              -
DFFX1_HVT                             32749           6.61      216397.01           Flop saed32cell_hvt              -
DFFX2_HVT                               289           7.62        2203.43           Flop saed32cell_hvt              -
LATCHX1_HVT                               1           5.08           5.08          Latch saed32cell_hvt              -
------------------------------------------------------------------------------------------------------------------------
Total                                 34884              -      231809.32              -              -              -

===== Macro Cells =====
Type                               Instance           Unit          Total           Cell             Vt             Vt
                                      Count           Area           Area           Type          Group           Type
------------------------------------------------------------------------------------------------------------------------
------------------------------------------------------------------------------------------------------------------------
Total                                     0              -           0.00              -              -              -



==============================
==== Area (per hierarchy) ====
==============================

Hierarchy                             Sinks          Clock          Clock          Clock          Clock          Sinks           Sink
                                 (balanced)     Cell Count        Stdcell       Repeater       Repeater     (physical)        Stdcell          Macro
                                                (non sink)           Area          Count           Area                          Area           Area
------------------------------------------------------------------------------------------------------------------------------------------------------
ibex_mini_soc_top                     34884            871        3318.61            870        3315.82          34884      231809.32           0.00
------------------------------------------------------------------------------------------------------------------------------------------------------
Total                                 34884            871        3318.61            870        3315.82          34884      231809.32           0.00

1
