****************************************
Report : clock timing
        -type summary
Design : ibex_mini_soc_top
Version: W-2024.09-SP2
Date   : Sun May 10 00:33:12 2026
****************************************

  Mode: default
  Clock: clk
                                                                                 Corner
---------------------------------------------------------------------------------------------------
  Maximum setup launch latency:
      u_dmem_mem_reg_495__0_/CLK                               0.38       rp-+    default

  Minimum setup capture latency:
      u_imem_mem_reg_93__13_/CLK                               0.14       rp-+    default

  Minimum hold launch latency:
      u_imem_mem_reg_93__13_/CLK                               0.14       rp-+    default

  Maximum hold capture latency:
      u_dmem_mem_reg_495__0_/CLK                               0.38       rp-+    default

  Maximum active transition:
      u_imem_mem_reg_442__25_/CLK                              0.09       rp-+    default

  Minimum active transition:
      u_imem_mem_reg_114__17_/CLK                              0.02       rp-+    default

  Maximum setup skew:
      u_gpio_rdata_q_reg_15_/CLK                                          rp-+    default
      u_ibex_top_gen_regfile_ff_register_file_i_g_rf_flops_24__rf_reg_q_reg_16_/CLK
                                                               0.17       rp-+    default

  Maximum hold skew:
      u_ibex_top_gen_regfile_ff_register_file_i_g_rf_flops_24__rf_reg_q_reg_3_/CLK
                                                                          rp-+    default
      u_dmem_mem_reg_495__0_/CLK                               0.21       rp-+    default


1
