****************************************
Report : qor
Design : ibex_mini_soc_top
Version: W-2024.09-SP2
Date   : Sun May 10 00:33:32 2026
****************************************


Scenario           'default'
Timing Path Group  '**in2reg_default**'
----------------------------------------
Levels of Logic:                     10
Critical Path Length:              2.64
Critical Path Slack:               7.11
Critical Path Clk Period:         10.00
Total Negative Slack:              0.00
No. of Violating Paths:               0
Worst Hold Violation:              0.00
Total Hold Violation:              0.00
No. of Hold Violations:               0
----------------------------------------

Scenario           'default'
Timing Path Group  '**reg2out_default**'
----------------------------------------
Levels of Logic:                      2
Critical Path Length:              0.41
Critical Path Slack:               8.36
Critical Path Clk Period:         10.00
Total Negative Slack:              0.00
No. of Violating Paths:               0
Worst Hold Violation:              0.00
Total Hold Violation:              0.00
No. of Hold Violations:               0
----------------------------------------

Scenario           'default'
Timing Path Group  'clk'
----------------------------------------
Levels of Logic:                     84
Critical Path Length:              9.41
Critical Path Slack:               0.43
Critical Path Clk Period:         10.00
Total Negative Slack:              0.00
No. of Violating Paths:               0
Worst Hold Violation:              0.00
Total Hold Violation:              0.00
No. of Hold Violations:               0
----------------------------------------


Cell Count
----------------------------------------
Hierarchical Cell Count:              8
Hierarchical Port Count:            833
Leaf Cell Count:                 118584
Buf/Inv Cell Count:               17252
Buf Cell Count:                   12734
Inv Cell Count:                    4518
Combinational Cell Count:         83700
   Single-bit Isolation Cell Count:                        0
   Multi-bit Isolation Cell Count:                         0
   Isolation Cell Banking Ratio:                           0.00%
   Single-bit Level Shifter Cell Count:                    0
   Multi-bit Level Shifter Cell Count:                     0
   Level Shifter Cell Banking Ratio:                       0.00%
   Single-bit ELS Cell Count:                              0
   Multi-bit ELS Cell Count:                               0
   ELS Cell Banking Ratio:                                 0.00%
Sequential Cell Count:            34884
   Integrated Clock-Gating Cell Count:                     0
   Sequential Macro Cell Count:                            0
   Single-bit Sequential Cell Count:                       34884
   Multi-bit Sequential Cell Count:                        0
   Sequential Cell Banking Ratio:                          0.00%
   BitsPerflop:                                            1.00
Macro Count:                          0
----------------------------------------


Area
----------------------------------------
Combinational Area:           220727.88
Noncombinational Area:        231809.32
Buf/Inv Area:                  49020.57
Total Buffer Area:             39826.91
Total Inverter Area:            9193.66
Macro/Black Box Area:              0.00
Net Area:                             0
Net XLength:                 1939496.45
Net YLength:                 1522334.59
----------------------------------------
Cell Area (netlist):                         452537.19
Cell Area (netlist and physical only):       452537.19
Net Length:                  3461831.03


Design Rules
----------------------------------------
Total Number of Nets:            119263
Nets with Violations:               176
Max Trans Violations:                 2
Max Cap Violations:                 175
----------------------------------------

1
