****************************************
Report : timing
        -path_type full
        -delay_type min
        -max_paths 20
        -report_by design
Design : ibex_mini_soc_top
Version: W-2024.09-SP2
Date   : Sun May 10 00:33:30 2026
****************************************

  Startpoint: u_dmem_mem_reg_415__1_ (rising edge-triggered flip-flop clocked by clk)
  Endpoint: u_dmem_mem_reg_415__1_ (rising edge-triggered flip-flop clocked by clk)
  Mode: default
  Corner: default
  Scenario: default
  Path Group: clk
  Path Type: min

  Point                                            Incr      Path  
  ------------------------------------------------------------------------
  clock clk (rise edge)                            0.00      0.00
  clock network delay (propagated)                 0.30      0.30

  u_dmem_mem_reg_415__1_/CLK (DFFX1_HVT)           0.00      0.30 r
  u_dmem_mem_reg_415__1_/Q (DFFX1_HVT)             0.18      0.48 f
  U27100/Y (AO22X1_HVT)                            0.05      0.53 f
  u_dmem_mem_reg_415__1_/D (DFFX1_HVT)             0.00      0.53 f
  data arrival time                                          0.53

  clock clk (rise edge)                            0.00      0.00
  clock network delay (propagated)                 0.38      0.38
  u_dmem_mem_reg_415__1_/CLK (DFFX1_HVT)           0.00      0.38 r
  clock uncertainty                                0.10      0.48
  library hold time                                0.02      0.50
  data required time                                         0.50
  ------------------------------------------------------------------------
  data required time                                         0.50
  data arrival time                                         -0.53
  ------------------------------------------------------------------------
  slack (MET)                                                0.03



  Startpoint: u_dmem_mem_reg_415__0_ (rising edge-triggered flip-flop clocked by clk)
  Endpoint: u_dmem_mem_reg_415__0_ (rising edge-triggered flip-flop clocked by clk)
  Mode: default
  Corner: default
  Scenario: default
  Path Group: clk
  Path Type: min

  Point                                            Incr      Path  
  ------------------------------------------------------------------------
  clock clk (rise edge)                            0.00      0.00
  clock network delay (propagated)                 0.30      0.30

  u_dmem_mem_reg_415__0_/CLK (DFFX1_HVT)           0.00      0.30 r
  u_dmem_mem_reg_415__0_/Q (DFFX1_HVT)             0.18      0.48 f
  U27099/Y (AO22X1_HVT)                            0.05      0.53 f
  u_dmem_mem_reg_415__0_/D (DFFX1_HVT)             0.00      0.53 f
  data arrival time                                          0.53

  clock clk (rise edge)                            0.00      0.00
  clock network delay (propagated)                 0.38      0.38
  u_dmem_mem_reg_415__0_/CLK (DFFX1_HVT)           0.00      0.38 r
  clock uncertainty                                0.10      0.48
  library hold time                                0.02      0.50
  data required time                                         0.50
  ------------------------------------------------------------------------
  data required time                                         0.50
  data arrival time                                         -0.53
  ------------------------------------------------------------------------
  slack (MET)                                                0.03



  Startpoint: u_dmem_mem_reg_431__6_ (rising edge-triggered flip-flop clocked by clk)
  Endpoint: u_dmem_mem_reg_431__6_ (rising edge-triggered flip-flop clocked by clk)
  Mode: default
  Corner: default
  Scenario: default
  Path Group: clk
  Path Type: min

  Point                                            Incr      Path  
  ------------------------------------------------------------------------
  clock clk (rise edge)                            0.00      0.00
  clock network delay (propagated)                 0.30      0.30

  u_dmem_mem_reg_431__6_/CLK (DFFX1_HVT)           0.00      0.30 r
  u_dmem_mem_reg_431__6_/Q (DFFX1_HVT)             0.18      0.48 f
  U26400/Y (AO22X1_HVT)                            0.05      0.53 f
  u_dmem_mem_reg_431__6_/D (DFFX1_HVT)             0.00      0.53 f
  data arrival time                                          0.53

  clock clk (rise edge)                            0.00      0.00
  clock network delay (propagated)                 0.38      0.38
  u_dmem_mem_reg_431__6_/CLK (DFFX1_HVT)           0.00      0.38 r
  clock uncertainty                                0.10      0.48
  library hold time                                0.02      0.50
  data required time                                         0.50
  ------------------------------------------------------------------------
  data required time                                         0.50
  data arrival time                                         -0.53
  ------------------------------------------------------------------------
  slack (MET)                                                0.03



  Startpoint: u_dmem_mem_reg_453__5_ (rising edge-triggered flip-flop clocked by clk)
  Endpoint: u_dmem_mem_reg_453__5_ (rising edge-triggered flip-flop clocked by clk)
  Mode: default
  Corner: default
  Scenario: default
  Path Group: clk
  Path Type: min

  Point                                            Incr      Path  
  ------------------------------------------------------------------------
  clock clk (rise edge)                            0.00      0.00
  clock network delay (propagated)                 0.29      0.29

  u_dmem_mem_reg_453__5_/CLK (DFFX1_HVT)           0.00      0.29 r
  u_dmem_mem_reg_453__5_/Q (DFFX1_HVT)             0.17      0.47 f
  U25430/Y (AO22X1_HVT)                            0.05      0.52 f
  u_dmem_mem_reg_453__5_/D (DFFX1_HVT)             0.00      0.52 f
  data arrival time                                          0.52

  clock clk (rise edge)                            0.00      0.00
  clock network delay (propagated)                 0.37      0.37
  u_dmem_mem_reg_453__5_/CLK (DFFX1_HVT)           0.00      0.37 r
  clock uncertainty                                0.10      0.47
  library hold time                                0.02      0.49
  data required time                                         0.49
  ------------------------------------------------------------------------
  data required time                                         0.49
  data arrival time                                         -0.52
  ------------------------------------------------------------------------
  slack (MET)                                                0.03



  Startpoint: u_dmem_mem_reg_487__5_ (rising edge-triggered flip-flop clocked by clk)
  Endpoint: u_dmem_mem_reg_487__5_ (rising edge-triggered flip-flop clocked by clk)
  Mode: default
  Corner: default
  Scenario: default
  Path Group: clk
  Path Type: min

  Point                                            Incr      Path  
  ------------------------------------------------------------------------
  clock clk (rise edge)                            0.00      0.00
  clock network delay (propagated)                 0.30      0.30

  u_dmem_mem_reg_487__5_/CLK (DFFX1_HVT)           0.00      0.30 r
  u_dmem_mem_reg_487__5_/Q (DFFX1_HVT)             0.18      0.47 f
  U23899/Y (AO22X1_HVT)                            0.05      0.52 f
  u_dmem_mem_reg_487__5_/D (DFFX1_HVT)             0.00      0.52 f
  data arrival time                                          0.52

  clock clk (rise edge)                            0.00      0.00
  clock network delay (propagated)                 0.37      0.37
  u_dmem_mem_reg_487__5_/CLK (DFFX1_HVT)           0.00      0.37 r
  clock uncertainty                                0.10      0.47
  library hold time                                0.02      0.49
  data required time                                         0.49
  ------------------------------------------------------------------------
  data required time                                         0.49
  data arrival time                                         -0.52
  ------------------------------------------------------------------------
  slack (MET)                                                0.03



  Startpoint: u_dmem_mem_reg_400__0_ (rising edge-triggered flip-flop clocked by clk)
  Endpoint: u_dmem_mem_reg_400__0_ (rising edge-triggered flip-flop clocked by clk)
  Mode: default
  Corner: default
  Scenario: default
  Path Group: clk
  Path Type: min

  Point                                            Incr      Path  
  ------------------------------------------------------------------------
  clock clk (rise edge)                            0.00      0.00
  clock network delay (propagated)                 0.30      0.30

  u_dmem_mem_reg_400__0_/CLK (DFFX1_HVT)           0.00      0.30 r
  u_dmem_mem_reg_400__0_/Q (DFFX1_HVT)             0.17      0.47 f
  U27823/Y (AO22X1_HVT)                            0.05      0.52 f
  u_dmem_mem_reg_400__0_/D (DFFX1_HVT)             0.00      0.52 f
  data arrival time                                          0.52

  clock clk (rise edge)                            0.00      0.00
  clock network delay (propagated)                 0.37      0.37
  u_dmem_mem_reg_400__0_/CLK (DFFX1_HVT)           0.00      0.37 r
  clock uncertainty                                0.10      0.47
  library hold time                                0.02      0.49
  data required time                                         0.49
  ------------------------------------------------------------------------
  data required time                                         0.49
  data arrival time                                         -0.52
  ------------------------------------------------------------------------
  slack (MET)                                                0.03



  Startpoint: u_dmem_mem_reg_139__7_ (rising edge-triggered flip-flop clocked by clk)
  Endpoint: u_dmem_mem_reg_139__7_ (rising edge-triggered flip-flop clocked by clk)
  Mode: default
  Corner: default
  Scenario: default
  Path Group: clk
  Path Type: min

  Point                                            Incr      Path  
  ------------------------------------------------------------------------
  clock clk (rise edge)                            0.00      0.00
  clock network delay (propagated)                 0.30      0.30

  u_dmem_mem_reg_139__7_/CLK (DFFX1_HVT)           0.00      0.30 r
  u_dmem_mem_reg_139__7_/Q (DFFX1_HVT)             0.18      0.47 f
  U39569/Y (AO22X1_HVT)                            0.05      0.53 f
  u_dmem_mem_reg_139__7_/D (DFFX1_HVT)             0.00      0.53 f
  data arrival time                                          0.53

  clock clk (rise edge)                            0.00      0.00
  clock network delay (propagated)                 0.37      0.37
  u_dmem_mem_reg_139__7_/CLK (DFFX1_HVT)           0.00      0.37 r
  clock uncertainty                                0.10      0.47
  library hold time                                0.02      0.49
  data required time                                         0.49
  ------------------------------------------------------------------------
  data required time                                         0.49
  data arrival time                                         -0.53
  ------------------------------------------------------------------------
  slack (MET)                                                0.03



  Startpoint: u_dmem_mem_reg_251__0_ (rising edge-triggered flip-flop clocked by clk)
  Endpoint: u_dmem_mem_reg_251__0_ (rising edge-triggered flip-flop clocked by clk)
  Mode: default
  Corner: default
  Scenario: default
  Path Group: clk
  Path Type: min

  Point                                            Incr      Path  
  ------------------------------------------------------------------------
  clock clk (rise edge)                            0.00      0.00
  clock network delay (propagated)                 0.29      0.29

  u_dmem_mem_reg_251__0_/CLK (DFFX1_HVT)           0.00      0.29 r
  u_dmem_mem_reg_251__0_/Q (DFFX1_HVT)             0.18      0.47 f
  U34514/Y (AO22X1_HVT)                            0.05      0.52 f
  u_dmem_mem_reg_251__0_/D (DFFX1_HVT)             0.00      0.52 f
  data arrival time                                          0.52

  clock clk (rise edge)                            0.00      0.00
  clock network delay (propagated)                 0.37      0.37
  u_dmem_mem_reg_251__0_/CLK (DFFX1_HVT)           0.00      0.37 r
  clock uncertainty                                0.10      0.47
  library hold time                                0.02      0.49
  data required time                                         0.49
  ------------------------------------------------------------------------
  data required time                                         0.49
  data arrival time                                         -0.52
  ------------------------------------------------------------------------
  slack (MET)                                                0.03



  Startpoint: u_dmem_mem_reg_400__7_ (rising edge-triggered flip-flop clocked by clk)
  Endpoint: u_dmem_mem_reg_400__7_ (rising edge-triggered flip-flop clocked by clk)
  Mode: default
  Corner: default
  Scenario: default
  Path Group: clk
  Path Type: min

  Point                                            Incr      Path  
  ------------------------------------------------------------------------
  clock clk (rise edge)                            0.00      0.00
  clock network delay (propagated)                 0.30      0.30

  u_dmem_mem_reg_400__7_/CLK (DFFX1_HVT)           0.00      0.30 r
  u_dmem_mem_reg_400__7_/Q (DFFX1_HVT)             0.17      0.47 f
  U27830/Y (AO22X1_HVT)                            0.05      0.52 f
  u_dmem_mem_reg_400__7_/D (DFFX1_HVT)             0.00      0.52 f
  data arrival time                                          0.52

  clock clk (rise edge)                            0.00      0.00
  clock network delay (propagated)                 0.37      0.37
  u_dmem_mem_reg_400__7_/CLK (DFFX1_HVT)           0.00      0.37 r
  clock uncertainty                                0.10      0.47
  library hold time                                0.02      0.49
  data required time                                         0.49
  ------------------------------------------------------------------------
  data required time                                         0.49
  data arrival time                                         -0.52
  ------------------------------------------------------------------------
  slack (MET)                                                0.03



  Startpoint: u_dmem_mem_reg_503__4_ (rising edge-triggered flip-flop clocked by clk)
  Endpoint: u_dmem_mem_reg_503__4_ (rising edge-triggered flip-flop clocked by clk)
  Mode: default
  Corner: default
  Scenario: default
  Path Group: clk
  Path Type: min

  Point                                            Incr      Path  
  ------------------------------------------------------------------------
  clock clk (rise edge)                            0.00      0.00
  clock network delay (propagated)                 0.30      0.30

  u_dmem_mem_reg_503__4_/CLK (DFFX1_HVT)           0.00      0.30 r
  u_dmem_mem_reg_503__4_/Q (DFFX1_HVT)             0.18      0.47 f
  U23146/Y (AO22X1_HVT)                            0.05      0.52 f
  u_dmem_mem_reg_503__4_/D (DFFX1_HVT)             0.00      0.52 f
  data arrival time                                          0.52

  clock clk (rise edge)                            0.00      0.00
  clock network delay (propagated)                 0.37      0.37
  u_dmem_mem_reg_503__4_/CLK (DFFX1_HVT)           0.00      0.37 r
  clock uncertainty                                0.10      0.47
  library hold time                                0.02      0.49
  data required time                                         0.49
  ------------------------------------------------------------------------
  data required time                                         0.49
  data arrival time                                         -0.52
  ------------------------------------------------------------------------
  slack (MET)                                                0.03



  Startpoint: u_dmem_mem_reg_453__1_ (rising edge-triggered flip-flop clocked by clk)
  Endpoint: u_dmem_mem_reg_453__1_ (rising edge-triggered flip-flop clocked by clk)
  Mode: default
  Corner: default
  Scenario: default
  Path Group: clk
  Path Type: min

  Point                                            Incr      Path  
  ------------------------------------------------------------------------
  clock clk (rise edge)                            0.00      0.00
  clock network delay (propagated)                 0.30      0.30

  u_dmem_mem_reg_453__1_/CLK (DFFX1_HVT)           0.00      0.30 r
  u_dmem_mem_reg_453__1_/Q (DFFX1_HVT)             0.18      0.48 f
  U25426/Y (AO22X1_HVT)                            0.05      0.53 f
  u_dmem_mem_reg_453__1_/D (DFFX1_HVT)             0.00      0.53 f
  data arrival time                                          0.53

  clock clk (rise edge)                            0.00      0.00
  clock network delay (propagated)                 0.38      0.38
  u_dmem_mem_reg_453__1_/CLK (DFFX1_HVT)           0.00      0.38 r
  clock uncertainty                                0.10      0.48
  library hold time                                0.02      0.50
  data required time                                         0.50
  ------------------------------------------------------------------------
  data required time                                         0.50
  data arrival time                                         -0.53
  ------------------------------------------------------------------------
  slack (MET)                                                0.03



  Startpoint: u_dmem_mem_reg_139__1_ (rising edge-triggered flip-flop clocked by clk)
  Endpoint: u_dmem_mem_reg_139__1_ (rising edge-triggered flip-flop clocked by clk)
  Mode: default
  Corner: default
  Scenario: default
  Path Group: clk
  Path Type: min

  Point                                            Incr      Path  
  ------------------------------------------------------------------------
  clock clk (rise edge)                            0.00      0.00
  clock network delay (propagated)                 0.30      0.30

  u_dmem_mem_reg_139__1_/CLK (DFFX1_HVT)           0.00      0.30 r
  u_dmem_mem_reg_139__1_/Q (DFFX1_HVT)             0.18      0.47 f
  U39563/Y (AO22X1_HVT)                            0.05      0.53 f
  u_dmem_mem_reg_139__1_/D (DFFX1_HVT)             0.00      0.53 f
  data arrival time                                          0.53

  clock clk (rise edge)                            0.00      0.00
  clock network delay (propagated)                 0.37      0.37
  u_dmem_mem_reg_139__1_/CLK (DFFX1_HVT)           0.00      0.37 r
  clock uncertainty                                0.10      0.47
  library hold time                                0.02      0.49
  data required time                                         0.49
  ------------------------------------------------------------------------
  data required time                                         0.49
  data arrival time                                         -0.53
  ------------------------------------------------------------------------
  slack (MET)                                                0.03



  Startpoint: u_dmem_mem_reg_475__4_ (rising edge-triggered flip-flop clocked by clk)
  Endpoint: u_dmem_mem_reg_475__4_ (rising edge-triggered flip-flop clocked by clk)
  Mode: default
  Corner: default
  Scenario: default
  Path Group: clk
  Path Type: min

  Point                                            Incr      Path  
  ------------------------------------------------------------------------
  clock clk (rise edge)                            0.00      0.00
  clock network delay (propagated)                 0.29      0.29

  u_dmem_mem_reg_475__4_/CLK (DFFX1_HVT)           0.00      0.29 r
  u_dmem_mem_reg_475__4_/Q (DFFX1_HVT)             0.17      0.47 f
  U24481/Y (AO22X1_HVT)                            0.05      0.52 f
  u_dmem_mem_reg_475__4_/D (DFFX1_HVT)             0.00      0.52 f
  data arrival time                                          0.52

  clock clk (rise edge)                            0.00      0.00
  clock network delay (propagated)                 0.37      0.37
  u_dmem_mem_reg_475__4_/CLK (DFFX1_HVT)           0.00      0.37 r
  clock uncertainty                                0.10      0.47
  library hold time                                0.02      0.49
  data required time                                         0.49
  ------------------------------------------------------------------------
  data required time                                         0.49
  data arrival time                                         -0.52
  ------------------------------------------------------------------------
  slack (MET)                                                0.03



  Startpoint: u_dmem_mem_reg_439__5_ (rising edge-triggered flip-flop clocked by clk)
  Endpoint: u_dmem_mem_reg_439__5_ (rising edge-triggered flip-flop clocked by clk)
  Mode: default
  Corner: default
  Scenario: default
  Path Group: clk
  Path Type: min

  Point                                            Incr      Path  
  ------------------------------------------------------------------------
  clock clk (rise edge)                            0.00      0.00
  clock network delay (propagated)                 0.29      0.29

  u_dmem_mem_reg_439__5_/CLK (DFFX1_HVT)           0.00      0.29 r
  u_dmem_mem_reg_439__5_/Q (DFFX1_HVT)             0.17      0.47 f
  U26072/Y (AO22X1_HVT)                            0.05      0.52 f
  u_dmem_mem_reg_439__5_/D (DFFX1_HVT)             0.00      0.52 f
  data arrival time                                          0.52

  clock clk (rise edge)                            0.00      0.00
  clock network delay (propagated)                 0.37      0.37
  u_dmem_mem_reg_439__5_/CLK (DFFX1_HVT)           0.00      0.37 r
  clock uncertainty                                0.10      0.47
  library hold time                                0.02      0.49
  data required time                                         0.49
  ------------------------------------------------------------------------
  data required time                                         0.49
  data arrival time                                         -0.52
  ------------------------------------------------------------------------
  slack (MET)                                                0.03



  Startpoint: u_dmem_mem_reg_485__6_ (rising edge-triggered flip-flop clocked by clk)
  Endpoint: u_dmem_mem_reg_485__6_ (rising edge-triggered flip-flop clocked by clk)
  Mode: default
  Corner: default
  Scenario: default
  Path Group: clk
  Path Type: min

  Point                                            Incr      Path  
  ------------------------------------------------------------------------
  clock clk (rise edge)                            0.00      0.00
  clock network delay (propagated)                 0.29      0.29

  u_dmem_mem_reg_485__6_/CLK (DFFX1_HVT)           0.00      0.29 r
  u_dmem_mem_reg_485__6_/Q (DFFX1_HVT)             0.17      0.47 f
  U23987/Y (AO22X1_HVT)                            0.05      0.52 f
  u_dmem_mem_reg_485__6_/D (DFFX1_HVT)             0.00      0.52 f
  data arrival time                                          0.52

  clock clk (rise edge)                            0.00      0.00
  clock network delay (propagated)                 0.37      0.37
  u_dmem_mem_reg_485__6_/CLK (DFFX1_HVT)           0.00      0.37 r
  clock uncertainty                                0.10      0.47
  library hold time                                0.02      0.49
  data required time                                         0.49
  ------------------------------------------------------------------------
  data required time                                         0.49
  data arrival time                                         -0.52
  ------------------------------------------------------------------------
  slack (MET)                                                0.03



  Startpoint: u_dmem_mem_reg_495__1_ (rising edge-triggered flip-flop clocked by clk)
  Endpoint: u_dmem_mem_reg_495__1_ (rising edge-triggered flip-flop clocked by clk)
  Mode: default
  Corner: default
  Scenario: default
  Path Group: clk
  Path Type: min

  Point                                            Incr      Path  
  ------------------------------------------------------------------------
  clock clk (rise edge)                            0.00      0.00
  clock network delay (propagated)                 0.30      0.30

  u_dmem_mem_reg_495__1_/CLK (DFFX1_HVT)           0.00      0.30 r
  u_dmem_mem_reg_495__1_/Q (DFFX1_HVT)             0.18      0.48 f
  U23515/Y (AO22X1_HVT)                            0.05      0.53 f
  u_dmem_mem_reg_495__1_/D (DFFX1_HVT)             0.00      0.53 f
  data arrival time                                          0.53

  clock clk (rise edge)                            0.00      0.00
  clock network delay (propagated)                 0.38      0.38
  u_dmem_mem_reg_495__1_/CLK (DFFX1_HVT)           0.00      0.38 r
  clock uncertainty                                0.10      0.48
  library hold time                                0.02      0.50
  data required time                                         0.50
  ------------------------------------------------------------------------
  data required time                                         0.50
  data arrival time                                         -0.53
  ------------------------------------------------------------------------
  slack (MET)                                                0.03



  Startpoint: u_dmem_mem_reg_395__3_ (rising edge-triggered flip-flop clocked by clk)
  Endpoint: u_dmem_mem_reg_395__3_ (rising edge-triggered flip-flop clocked by clk)
  Mode: default
  Corner: default
  Scenario: default
  Path Group: clk
  Path Type: min

  Point                                            Incr      Path  
  ------------------------------------------------------------------------
  clock clk (rise edge)                            0.00      0.00
  clock network delay (propagated)                 0.30      0.30

  u_dmem_mem_reg_395__3_/CLK (DFFX1_HVT)           0.00      0.30 r
  u_dmem_mem_reg_395__3_/Q (DFFX1_HVT)             0.18      0.47 f
  U28039/Y (AO22X1_HVT)                            0.05      0.52 f
  u_dmem_mem_reg_395__3_/D (DFFX1_HVT)             0.00      0.52 f
  data arrival time                                          0.52

  clock clk (rise edge)                            0.00      0.00
  clock network delay (propagated)                 0.37      0.37
  u_dmem_mem_reg_395__3_/CLK (DFFX1_HVT)           0.00      0.37 r
  clock uncertainty                                0.10      0.47
  library hold time                                0.02      0.49
  data required time                                         0.49
  ------------------------------------------------------------------------
  data required time                                         0.49
  data arrival time                                         -0.52
  ------------------------------------------------------------------------
  slack (MET)                                                0.03



  Startpoint: u_dmem_mem_reg_448__5_ (rising edge-triggered flip-flop clocked by clk)
  Endpoint: u_dmem_mem_reg_448__5_ (rising edge-triggered flip-flop clocked by clk)
  Mode: default
  Corner: default
  Scenario: default
  Path Group: clk
  Path Type: min

  Point                                            Incr      Path  
  ------------------------------------------------------------------------
  clock clk (rise edge)                            0.00      0.00
  clock network delay (propagated)                 0.30      0.30

  u_dmem_mem_reg_448__5_/CLK (DFFX1_HVT)           0.00      0.30 r
  u_dmem_mem_reg_448__5_/Q (DFFX1_HVT)             0.17      0.47 f
  U25631/Y (AO22X1_HVT)                            0.05      0.52 f
  u_dmem_mem_reg_448__5_/D (DFFX1_HVT)             0.00      0.52 f
  data arrival time                                          0.52

  clock clk (rise edge)                            0.00      0.00
  clock network delay (propagated)                 0.37      0.37
  u_dmem_mem_reg_448__5_/CLK (DFFX1_HVT)           0.00      0.37 r
  clock uncertainty                                0.10      0.47
  library hold time                                0.02      0.49
  data required time                                         0.49
  ------------------------------------------------------------------------
  data required time                                         0.49
  data arrival time                                         -0.52
  ------------------------------------------------------------------------
  slack (MET)                                                0.03



  Startpoint: u_dmem_mem_reg_475__7_ (rising edge-triggered flip-flop clocked by clk)
  Endpoint: u_dmem_mem_reg_475__7_ (rising edge-triggered flip-flop clocked by clk)
  Mode: default
  Corner: default
  Scenario: default
  Path Group: clk
  Path Type: min

  Point                                            Incr      Path  
  ------------------------------------------------------------------------
  clock clk (rise edge)                            0.00      0.00
  clock network delay (propagated)                 0.30      0.30

  u_dmem_mem_reg_475__7_/CLK (DFFX1_HVT)           0.00      0.30 r
  u_dmem_mem_reg_475__7_/Q (DFFX1_HVT)             0.18      0.48 f
  U24484/Y (AO22X1_HVT)                            0.05      0.53 f
  u_dmem_mem_reg_475__7_/D (DFFX1_HVT)             0.00      0.53 f
  data arrival time                                          0.53

  clock clk (rise edge)                            0.00      0.00
  clock network delay (propagated)                 0.38      0.38
  u_dmem_mem_reg_475__7_/CLK (DFFX1_HVT)           0.00      0.38 r
  clock uncertainty                                0.10      0.48
  library hold time                                0.02      0.50
  data required time                                         0.50
  ------------------------------------------------------------------------
  data required time                                         0.50
  data arrival time                                         -0.53
  ------------------------------------------------------------------------
  slack (MET)                                                0.03



  Startpoint: u_dmem_mem_reg_497__5_ (rising edge-triggered flip-flop clocked by clk)
  Endpoint: u_dmem_mem_reg_497__5_ (rising edge-triggered flip-flop clocked by clk)
  Mode: default
  Corner: default
  Scenario: default
  Path Group: clk
  Path Type: min

  Point                                            Incr      Path  
  ------------------------------------------------------------------------
  clock clk (rise edge)                            0.00      0.00
  clock network delay (propagated)                 0.30      0.30

  u_dmem_mem_reg_497__5_/CLK (DFFX1_HVT)           0.00      0.30 r
  u_dmem_mem_reg_497__5_/Q (DFFX1_HVT)             0.18      0.48 f
  U23432/Y (AO22X1_HVT)                            0.05      0.53 f
  u_dmem_mem_reg_497__5_/D (DFFX1_HVT)             0.00      0.53 f
  data arrival time                                          0.53

  clock clk (rise edge)                            0.00      0.00
  clock network delay (propagated)                 0.38      0.38
  u_dmem_mem_reg_497__5_/CLK (DFFX1_HVT)           0.00      0.38 r
  clock uncertainty                                0.10      0.48
  library hold time                                0.02      0.50
  data required time                                         0.50
  ------------------------------------------------------------------------
  data required time                                         0.50
  data arrival time                                         -0.53
  ------------------------------------------------------------------------
  slack (MET)                                                0.03


1
