Information: Timer using 1 threads
****************************************
Report : qor
Design : ibex_mini_soc_top
Version: W-2024.09-SP2
Date   : Sun May 10 12:18:00 2026
****************************************
Information: Corner default: no PVT mismatches. (PVT-032)
Information: The stitching and editing of coupling caps is turned OFF for design 'ibex_mini_soc_top_modified_lef_via12_all_row1_route_icc2_lib:ibex_mini_soc_top.design'. (TIM-125)
Information: Design Average RC for design ibex_mini_soc_top  (NEX-011)
Information: r = 1.790748 ohm/um, via_r = 0.466610 ohm/cut, c = 0.057722 ff/um, cc = 0.000000 ff/um (X dir) (NEX-017)
Information: r = 1.672017 ohm/um, via_r = 0.578659 ohm/cut, c = 0.064975 ff/um, cc = 0.000000 ff/um (Y dir) (NEX-017)
Information: The RC mode used is VR for design 'ibex_mini_soc_top'. (NEX-022)
Information: Update timing completed net estimation for all the timing graph nets (TIM-111)
Information: Net estimation statistics: timing graph nets = 110307, routed nets = 0, across physical hierarchy nets = 0, parasitics cached nets = 0, delay annotated nets = 0, parasitics annotated nets = 0, multi-voltage nets = 0. (TIM-112)
************************************************************
Timer Settings:
Delay Calculation Style:                   auto
Signal Integrity Analysis:                 disabled
Timing Window Analysis:                    disabled
Advanced Waveform Propagation:             disabled
Variation Type:                            fixed_derate
Clock Reconvergence Pessimism Removal:     disabled
Advanced Receiver Model:                   disabled
LLE:                                       disabled
ML Acceleration:                           off
Smart Arc Optimization:                    disabled
************************************************************


Scenario           'default'
Timing Path Group  '**in2reg_default**'
----------------------------------------
Levels of Logic:                      8
Critical Path Length:              2.27
Critical Path Slack:               7.63
Critical Path Clk Period:         10.00
Total Negative Slack:              0.00
No. of Violating Paths:               0
Worst Hold Violation:              0.00
Total Hold Violation:              0.00
No. of Hold Violations:               0
----------------------------------------

Scenario           'default'
Timing Path Group  '**reg2out_default**'
----------------------------------------
Levels of Logic:                      0
Critical Path Length:              0.54
Critical Path Slack:               8.36
Critical Path Clk Period:         10.00
Total Negative Slack:              0.00
No. of Violating Paths:               0
Worst Hold Violation:              0.00
Total Hold Violation:              0.00
No. of Hold Violations:               0
----------------------------------------

Scenario           'default'
Timing Path Group  'clk'
----------------------------------------
Levels of Logic:                     82
Critical Path Length:              7.96
Critical Path Slack:               1.88
Critical Path Clk Period:         10.00
Total Negative Slack:              0.00
No. of Violating Paths:               0
Worst Hold Violation:              0.00
Total Hold Violation:              0.00
No. of Hold Violations:               0
----------------------------------------


Cell Count
----------------------------------------
Hierarchical Cell Count:              8
Hierarchical Port Count:            817
Leaf Cell Count:                 109713
Buf/Inv Cell Count:                8381
Buf Cell Count:                    4563
Inv Cell Count:                    3818
Combinational Cell Count:         74829
   Single-bit Isolation Cell Count:                        0
   Multi-bit Isolation Cell Count:                         0
   Isolation Cell Banking Ratio:                           0.00%
   Single-bit Level Shifter Cell Count:                    0
   Multi-bit Level Shifter Cell Count:                     0
   Level Shifter Cell Banking Ratio:                       0.00%
   Single-bit ELS Cell Count:                              0
   Multi-bit ELS Cell Count:                               0
   ELS Cell Banking Ratio:                                 0.00%
Sequential Cell Count:            34884
   Integrated Clock-Gating Cell Count:                     0
   Sequential Macro Cell Count:                            0
   Single-bit Sequential Cell Count:                       34884
   Multi-bit Sequential Cell Count:                        0
   Sequential Cell Banking Ratio:                          0.00%
   BitsPerflop:                                            1.00
Macro Count:                          0
----------------------------------------


Area
----------------------------------------
Combinational Area:           183118.63
Noncombinational Area:        231809.32
Buf/Inv Area:                  14587.87
Total Buffer Area:              9590.89
Total Inverter Area:            4996.98
Macro/Black Box Area:              0.00
Net Area:                             0
Net XLength:                  209381.99
Net YLength:                   81771.20
----------------------------------------
Cell Area (netlist):                         414927.95
Cell Area (netlist and physical only):       414927.95
Net Length:                   291153.20


Design Rules
----------------------------------------
Total Number of Nets:            110392
Nets with Violations:              2125
Max Trans Violations:                45
Max Cap Violations:                2125
----------------------------------------

1
