Information: Deserialized np data
INFO: timer data loaded from /tmp/ibex_mini_soc_top_post_route_maxcap_eco_3855564_551782250.timdat
****************************************
Report : qor
Design : ibex_mini_soc_top
Version: W-2024.09-SP2
Date   : Sun May 10 21:01:28 2026
****************************************
Information: The RC mode used is DR for design 'ibex_mini_soc_top'. (NEX-022)
Extracting design: ibex_mini_soc_top_post_route_maxcap_eco 
Information: coupling capacitance is lumped to ground. (NEX-030)
Information: 116514 nets are successfully extracted. (NEX-028)
Warning: Advanced receiver model has not been enabled for detailed routed design. (TIM-204)
Information: Update timing completed net estimation for all the timing graph nets (TIM-111)
Information: Net estimation statistics: timing graph nets = 116514, routed nets = 116514, across physical hierarchy nets = 0, parasitics cached nets = 116514, delay annotated nets = 0, parasitics annotated nets = 0, multi-voltage nets = 0. (TIM-112)


Scenario           'default'
Timing Path Group  '**in2reg_default**'
----------------------------------------
Levels of Logic:                     11
Critical Path Length:              2.70
Critical Path Slack:               7.09
Critical Path Clk Period:         10.00
Total Negative Slack:              0.00
No. of Violating Paths:               0
Worst Hold Violation:              0.00
Total Hold Violation:              0.00
No. of Hold Violations:               0
----------------------------------------

Scenario           'default'
Timing Path Group  '**reg2out_default**'
----------------------------------------
Levels of Logic:                      1
Critical Path Length:              0.34
Critical Path Slack:               8.41
Critical Path Clk Period:         10.00
Total Negative Slack:              0.00
No. of Violating Paths:               0
Worst Hold Violation:              0.00
Total Hold Violation:              0.00
No. of Hold Violations:               0
----------------------------------------

Scenario           'default'
Timing Path Group  'clk'
----------------------------------------
Levels of Logic:                     84
Critical Path Length:              9.13
Critical Path Slack:               0.64
Critical Path Clk Period:         10.00
Total Negative Slack:              0.00
No. of Violating Paths:               0
Worst Hold Violation:              0.00
Total Hold Violation:              0.00
No. of Hold Violations:               0
----------------------------------------


Cell Count
----------------------------------------
Hierarchical Cell Count:              8
Hierarchical Port Count:            833
Leaf Cell Count:                 115920
Buf/Inv Cell Count:               14591
Buf Cell Count:                   10155
Inv Cell Count:                    4436
Combinational Cell Count:         81036
   Single-bit Isolation Cell Count:                        0
   Multi-bit Isolation Cell Count:                         0
   Isolation Cell Banking Ratio:                           0.00%
   Single-bit Level Shifter Cell Count:                    0
   Multi-bit Level Shifter Cell Count:                     0
   Level Shifter Cell Banking Ratio:                       0.00%
   Single-bit ELS Cell Count:                              0
   Multi-bit ELS Cell Count:                               0
   ELS Cell Banking Ratio:                                 0.00%
Sequential Cell Count:            34884
   Integrated Clock-Gating Cell Count:                     0
   Sequential Macro Cell Count:                            0
   Single-bit Sequential Cell Count:                       34884
   Multi-bit Sequential Cell Count:                        0
   Sequential Cell Banking Ratio:                          0.00%
   BitsPerflop:                                            1.00
Macro Count:                          0
----------------------------------------


Area
----------------------------------------
Combinational Area:           211970.33
Noncombinational Area:        231813.13
Buf/Inv Area:                  40411.44
Total Buffer Area:             31668.88
Total Inverter Area:            8742.55
Macro/Black Box Area:              0.00
Net Area:                             0
Net XLength:                 1843828.31
Net YLength:                 1573518.61
----------------------------------------
Cell Area (netlist):                         443783.46
Cell Area (netlist and physical only):       443783.46
Net Length:                  3417346.93


Design Rules
----------------------------------------
Total Number of Nets:            116599
Nets with Violations:                 2
Max Trans Violations:                 0
Max Cap Violations:                   2
----------------------------------------

1
