Checking secondary net through power switch is enabled. 
Secondary net will be checked together from primary net. They will be treated as the same net
Primary Net : VDD    Secondary Net:
Primary Net : VSS    Secondary Net:
Loading cell instances...
Number of Standard Cells: 117273
Number of Macro Cells: 0
Number of IO Pad Cells: 0
Number of Blocks: 0
Loading P/G wires and vias...
Number of VDD Wires: 316
Number of VDD Vias: 8026
Number of VDD Terminals: 8
**************Verify net VDD connectivity*****************
  Number of floating wires: 7
  Number of floating vias: 0
  Number of floating std cells: 3446
  Number of floating hard macros: 0
  Number of floating I/O pads: 0
  Number of floating terminals: 0
  Number of floating hierarchical blocks: 0
************************************************************
Loading cell instances...
Loading P/G wires and vias...
Number of VSS Wires: 313
Number of VSS Vias: 7604
Number of VSS Terminals: 8
**************Verify net VSS connectivity*****************
  Number of floating wires: 3
  Number of floating vias: 0
  Number of floating std cells: 1442
  Number of floating hard macros: 0
  Number of floating I/O pads: 0
  Number of floating terminals: 0
  Number of floating hierarchical blocks: 0
************************************************************
Successfully written connectivity statistics to /DATA/home/edu135/ibex/4_Backend_ICC2/4_Report/99_debug/pg_m7_offset_sweep/offset_25/pg_connectivity_detail.rpt.
Overall runtime: 2 seconds.
{PATH_11_27 PATH_11_51 PATH_11_75 PATH_11_230 PATH_11_254 PATH_11_278 PATH_11_302 PATH_11_326 PATH_11_350 PATH_11_374}
