Information: The command 'check_pg_connectivity' cleared the undo history. (UNDO-016)
Checking secondary net through power switch is enabled. 
Secondary net will be checked together from primary net. They will be treated as the same net
Primary Net : VDD    Secondary Net:
Primary Net : VSS    Secondary Net:
Loading cell instances...
Number of Standard Cells: 109693
Number of Macro Cells: 0
Number of IO Pad Cells: 0
Number of Blocks: 0
Loading P/G wires and vias...
Number of VDD Wires: 316
Number of VDD Vias: 8026
Number of VDD Terminals: 8
**************Verify net VDD connectivity*****************
  Number of floating wires: 7
  Number of floating vias: 7
  Number of floating std cells: 109693
  Number of floating hard macros: 0
  Number of floating I/O pads: 0
  Number of floating terminals: 0
  Number of floating hierarchical blocks: 0
************************************************************
Loading cell instances...
Loading P/G wires and vias...
Number of VSS Wires: 313
Number of VSS Vias: 7644
Number of VSS Terminals: 8
**************Verify net VSS connectivity*****************
  Number of floating wires: 1
  Number of floating vias: 1
  Number of floating std cells: 109693
  Number of floating hard macros: 0
  Number of floating I/O pads: 0
  Number of floating terminals: 0
  Number of floating hierarchical blocks: 0
************************************************************
Successfully written connectivity statistics to 4_Backend_ICC2/4_Report/99_debug/modified_lef_nor2_policy_pg_m2_o25_route_flow/03_powerplan/pg_connectivity_detail.rpt.
Overall runtime: 2 seconds.
{PATH_11_184 PATH_11_208 PATH_11_232 PATH_11_256 PATH_11_280 PATH_11_304 PATH_11_328 PATH_11_483 VIA_S_0 VIA_S_1 VIA_S_2 VIA_S_3 VIA_S_4 VIA_S_5 VIA_S_6 VIA_S_7}
