Information: Timer using 1 threads
****************************************
Report : qor
Design : ibex_mini_soc_top
Version: W-2024.09-SP2
Date   : Sun May 10 16:41:24 2026
****************************************
Information: Corner default: no PVT mismatches. (PVT-032)
Information: The stitching and editing of coupling caps is turned OFF for design 'ibex_mini_soc_top_modified_lef_via1_pitch_no_track_nor2_mux41_policy_route_icc2_lib:ibex_mini_soc_top.design'. (TIM-125)
Information: Design Average RC for design ibex_mini_soc_top  (NEX-011)
Information: r = 1.790175 ohm/um, via_r = 0.465536 ohm/cut, c = 0.059594 ff/um, cc = 0.000000 ff/um (X dir) (NEX-017)
Information: r = 1.670554 ohm/um, via_r = 0.578374 ohm/cut, c = 0.067171 ff/um, cc = 0.000000 ff/um (Y dir) (NEX-017)
Information: The RC mode used is VR for design 'ibex_mini_soc_top'. (NEX-022)
Information: Update timing completed net estimation for all the timing graph nets (TIM-111)
Information: Net estimation statistics: timing graph nets = 110305, routed nets = 0, across physical hierarchy nets = 0, parasitics cached nets = 0, delay annotated nets = 0, parasitics annotated nets = 0, multi-voltage nets = 0. (TIM-112)
************************************************************
Timer Settings:
Delay Calculation Style:                   auto
Signal Integrity Analysis:                 disabled
Timing Window Analysis:                    disabled
Advanced Waveform Propagation:             disabled
Variation Type:                            fixed_derate
Clock Reconvergence Pessimism Removal:     disabled
Advanced Receiver Model:                   disabled
LLE:                                       disabled
ML Acceleration:                           off
Smart Arc Optimization:                    disabled
************************************************************


Scenario           'default'
Timing Path Group  '**in2reg_default**'
----------------------------------------
Levels of Logic:                      8
Critical Path Length:              2.30
Critical Path Slack:               7.60
Critical Path Clk Period:         10.00
Total Negative Slack:              0.00
No. of Violating Paths:               0
Worst Hold Violation:              0.00
Total Hold Violation:              0.00
No. of Hold Violations:               0
----------------------------------------

Scenario           'default'
Timing Path Group  '**reg2out_default**'
----------------------------------------
Levels of Logic:                      0
Critical Path Length:              0.54
Critical Path Slack:               8.36
Critical Path Clk Period:         10.00
Total Negative Slack:              0.00
No. of Violating Paths:               0
Worst Hold Violation:              0.00
Total Hold Violation:              0.00
No. of Hold Violations:               0
----------------------------------------

Scenario           'default'
Timing Path Group  'clk'
----------------------------------------
Levels of Logic:                     83
Critical Path Length:              8.00
Critical Path Slack:               1.84
Critical Path Clk Period:         10.00
Total Negative Slack:              0.00
No. of Violating Paths:               0
Worst Hold Violation:              0.00
Total Hold Violation:              0.00
No. of Hold Violations:               0
----------------------------------------


Cell Count
----------------------------------------
Hierarchical Cell Count:              8
Hierarchical Port Count:            833
Leaf Cell Count:                 109711
Buf/Inv Cell Count:                8382
Buf Cell Count:                    4560
Inv Cell Count:                    3822
Combinational Cell Count:         74827
   Single-bit Isolation Cell Count:                        0
   Multi-bit Isolation Cell Count:                         0
   Isolation Cell Banking Ratio:                           0.00%
   Single-bit Level Shifter Cell Count:                    0
   Multi-bit Level Shifter Cell Count:                     0
   Level Shifter Cell Banking Ratio:                       0.00%
   Single-bit ELS Cell Count:                              0
   Multi-bit ELS Cell Count:                               0
   ELS Cell Banking Ratio:                                 0.00%
Sequential Cell Count:            34884
   Integrated Clock-Gating Cell Count:                     0
   Sequential Macro Cell Count:                            0
   Single-bit Sequential Cell Count:                       34884
   Multi-bit Sequential Cell Count:                        0
   Sequential Cell Banking Ratio:                          0.00%
   BitsPerflop:                                            1.00
Macro Count:                          0
----------------------------------------


Area
----------------------------------------
Combinational Area:           182967.92
Noncombinational Area:        231813.13
Buf/Inv Area:                  14473.25
Total Buffer Area:              9466.86
Total Inverter Area:            5006.38
Macro/Black Box Area:              0.00
Net Area:                             0
Net XLength:                  209260.54
Net YLength:                   81766.51
----------------------------------------
Cell Area (netlist):                         414781.05
Cell Area (netlist and physical only):       414781.05
Net Length:                   291027.05


Design Rules
----------------------------------------
Total Number of Nets:            110392
Nets with Violations:              2128
Max Trans Violations:                49
Max Cap Violations:                2128
----------------------------------------

1
