
=========================================================
==     Check for PG Net Open  ==
=========================================================


>>>>>> No PG net open

=========================================================
==     Check for global route app-option  ==
=========================================================

>>> The option values are suggested.

NEX(Warning): extract.rc_techfile_for_diode_mode_26_thickness not set, will igonre it
Cell Min-Routing-Layer = M1
Cell Max-Routing-Layer = M8
Turn off antenna since no rule is specified
Information: Option route.detail.force_end_on_preferred_grid will be ignored since none of the layers have preferred grid. (ZRT-703)
Warning: Cannot find a default contact code for layer CO. (ZRT-022)
Warning: Port VDD of cell ibex_mini_soc_top is unplaced.  This may impact routing result. (ZRT-740)
Warning: Port VSS of cell ibex_mini_soc_top is unplaced.  This may impact routing result. (ZRT-740)
Warning: Ignore 2 top cell ports with no pins. (ZRT-027)
Info: number of net_type_blockage: 0 
Information: Via ladder engine would be activated for pattern must join connection in certain commands. Please refer to man-page for the command list. (ZRT-619)
Information: When applicable Min-max layer allow_pin_connection mode will allow paths of length 3.55 outside the layer range. (ZRT-707)
Information: When applicable Min-max layer allow_pin_connection mode will allow paths of length 3.55 outside the layer range on clock nets. (ZRT-718)
Information: When applicable layer based tapering will taper up to 0.00 in distance from the pin. (ZRT-706)
Warning: Standard cell pin MUX41X2_HVT/S0 has no valid via regions. (ZRT-044)
Printing options for 'route.common.*'

Printing options for 'route.detail.*'

Printing options for 'route.auto_via_ladder.*'


============================================
==  Check for design                      ==
============================================

>>> No net contains a large number of ports 

>>> No port contains a large number of pins 

Warning: Port VDD of cell ibex_mini_soc_top is unplaced.  This may impact routing result. (ZRT-740)
Warning: Port VSS of cell ibex_mini_soc_top is unplaced.  This may impact routing result. (ZRT-740)

>>>>>> Found 2 unplaced ports

================================
==  Check for PG DPT on Track ==
================================
>>>>>> Number of PG rails cross even number of track: 0

============================================
==  Check for PG PreRoute setting         ==
============================================
 No number_of_secondary_pg_pin_connections setting and skip checking 
 
============================================
==             Check for pins             ==
============================================
Warning: pin is off track in the region (405.7350 105.4260) (405.9830 105.4760) on layer M1. (ZRT-761)
Warning: pin is off track in the region (405.7350 112.1140) (405.9830 112.1640) on layer M1. (ZRT-761)
Warning: pin is off track in the region (539.4950 61.9540) (539.7430 62.0040) on layer M1. (ZRT-761)
Warning: pin is off track in the region (539.4950 102.0820) (539.7430 102.1320) on layer M1. (ZRT-761)
Warning: pin is off track in the region (138.2150 145.5540) (138.4630 145.6040) on layer M1. (ZRT-761)
Warning: pin is off track in the region (138.2150 165.2600) (138.4630 165.3100) on layer M1. (ZRT-761)
Warning: pin is off track in the region (138.2150 239.1860) (138.4630 239.2360) on layer M1. (ZRT-761)
Warning: pin is off track in the region (530.2090 224.9310) (530.5330 224.9810) on layer M1. (ZRT-761)
Warning: pin is off track in the region (673.2550 268.9240) (673.5030 268.9740) on layer M1. (ZRT-761)
Warning: pin is off track in the region (663.9690 241.6510) (664.2930 241.7010) on layer M1. (ZRT-761)
Note - message 'ZRT-761' limit (10) exceeded. Remainder will be suppressed.

>>>>>> found 37 off track pins

====================================================
== Check for the Cut Metal not on Preferred Grid ==
====================================================

============================================
==  Check for overlap of standard cells   ==
============================================

>>>>>> No overlap of standard cells found

============================================
==     Check for min-grid violations      ==
============================================

  >>>> No Library min-grid violations found

  >>>> No Design min-grid violations found

>>>>>> No min-grid violations found


============================================
==    Check for out-of-boundary ports     ==
============================================

>>>>>> No out-of-boundary error found

============================================
==        Check for blocked ports         ==
============================================

>>>>>> Port might be blocked by layer constraints - min/max and freeze layer settings

>>>>>> Port might be blocked by check port access

>>>>>> No blocked ports found

>>>>>> Net blocked by layer constraints - min/max and freeze layer settings

>>>>>> No blocked nets found

============================================
==     Check for shielding violations     ==
============================================

>>>>>> The following Non-PG net has a shape with shape_use shield_route

>>> No non-PG net has a shape with shape_use shield_route.

>>>>>> The following PG net has shape with shape_use detail_route and shape length is too long.

>>> No PG net has shape with shape_use detail_route and shape length is too long.

>>>>>> The following nets with shield non-default rule has no internal data representation in Zroute.

>>> No nets with shield non-default rule has no internal data representation in Zroute.


>>> No valid P/G net specified in route.common.shielding_nets.

============================================
==     Check for via cut blockage violation   ==
============================================

>>>>>> The following via cut blockages are wrongly treated as real vias.

>>> No via cut blockage is wrongly treated as real via.

============================================
==     Check for custom via definition    ==
============================================

>>> No custom via definition has too many cuts

============================================
==          Check for via master          ==
============================================

>>> The total number of via master definition is 302

===============================================
==     Check non-default rule setting        ==
===============================================

>>> No NDR width is larger than signalRouteMaxWidth

>>> No NDR shield width is larger than signalRouteMaxWidth

======================================================
==     Check redundant duplicated PG shapes         ==
======================================================

>>> No redundant duplicated PG shapes overlap with each other.

=========================================================
==     Check for shapes with no net  ==
=========================================================

>>> No shape with no net.

=========================================================
==     Check for high fanout net  ==
=========================================================

>>> No high fanout net.

===========================================================
==     Check library cell has non-routing layer pins     ==
===========================================================

>>> No cell has non-routing layer pins to be connected.

============================================
==     Check over promoted nets           ==
============================================

>>> No over promoted nets.

End of check_routability
rtapiOptAttrInterf: set attribute check_routability_called=1778380621 
