Information: Timer using 1 threads
****************************************
Report : qor
Design : ibex_mini_soc_top
Version: W-2024.09-SP2
Date   : Sun May 10 00:19:45 2026
****************************************
Information: Corner default: no PVT mismatches. (PVT-032)
Information: The stitching and editing of coupling caps is turned OFF for design 'ibex_mini_soc_top_icc2_lib:ibex_mini_soc_top.design'. (TIM-125)
Information: Design ibex_mini_soc_top has 117869 nets, 0 global routed, 889 detail routed. (NEX-024)
Information: The RC mode used is CTO for design 'ibex_mini_soc_top'. (NEX-022)
Information: Design Average RC for design ibex_mini_soc_top  (NEX-011)
Information: r = 1.786242 ohm/um, via_r = 0.460476 ohm/cut, c = 0.078992 ff/um, cc = 0.000000 ff/um (X dir) (NEX-017)
Information: r = 1.670554 ohm/um, via_r = 0.578374 ohm/cut, c = 0.090334 ff/um, cc = 0.000000 ff/um (Y dir) (NEX-017)
Information: Update timing completed net estimation for all the timing graph nets (TIM-111)
Information: Net estimation statistics: timing graph nets = 117867, routed nets = 889, across physical hierarchy nets = 0, parasitics cached nets = 117867, delay annotated nets = 0, parasitics annotated nets = 0, multi-voltage nets = 0. (TIM-112)
************************************************************
Timer Settings:
Delay Calculation Style:                   auto
Signal Integrity Analysis:                 disabled
Timing Window Analysis:                    disabled
Advanced Waveform Propagation:             disabled
Variation Type:                            fixed_derate
Clock Reconvergence Pessimism Removal:     disabled
Advanced Receiver Model:                   disabled
LLE:                                       disabled
ML Acceleration:                           off
Smart Arc Optimization:                    disabled
************************************************************


Scenario           'default'
Timing Path Group  '**in2reg_default**'
----------------------------------------
Levels of Logic:                     11
Critical Path Length:              2.41
Critical Path Slack:               7.37
Critical Path Clk Period:         10.00
Total Negative Slack:              0.00
No. of Violating Paths:               0
Worst Hold Violation:              0.00
Total Hold Violation:              0.00
No. of Hold Violations:               0
----------------------------------------

Scenario           'default'
Timing Path Group  '**reg2out_default**'
----------------------------------------
Levels of Logic:                      1
Critical Path Length:              0.33
Critical Path Slack:               8.46
Critical Path Clk Period:         10.00
Total Negative Slack:              0.00
No. of Violating Paths:               0
Worst Hold Violation:              0.00
Total Hold Violation:              0.00
No. of Hold Violations:               0
----------------------------------------

Scenario           'default'
Timing Path Group  'clk'
----------------------------------------
Levels of Logic:                     84
Critical Path Length:              9.15
Critical Path Slack:               0.63
Critical Path Clk Period:         10.00
Total Negative Slack:              0.00
No. of Violating Paths:               0
Worst Hold Violation:              0.00
Total Hold Violation:              0.00
No. of Hold Violations:               0
----------------------------------------


Cell Count
----------------------------------------
Hierarchical Cell Count:              8
Hierarchical Port Count:            833
Leaf Cell Count:                 117273
Buf/Inv Cell Count:               15941
Buf Cell Count:                   11270
Inv Cell Count:                    4671
Combinational Cell Count:         82389
   Single-bit Isolation Cell Count:                        0
   Multi-bit Isolation Cell Count:                         0
   Isolation Cell Banking Ratio:                           0.00%
   Single-bit Level Shifter Cell Count:                    0
   Multi-bit Level Shifter Cell Count:                     0
   Level Shifter Cell Banking Ratio:                       0.00%
   Single-bit ELS Cell Count:                              0
   Multi-bit ELS Cell Count:                               0
   ELS Cell Banking Ratio:                                 0.00%
Sequential Cell Count:            34884
   Integrated Clock-Gating Cell Count:                     0
   Sequential Macro Cell Count:                            0
   Single-bit Sequential Cell Count:                       34884
   Multi-bit Sequential Cell Count:                        0
   Sequential Cell Banking Ratio:                          0.00%
   BitsPerflop:                                            1.00
Macro Count:                          0
----------------------------------------


Area
----------------------------------------
Combinational Area:           216923.34
Noncombinational Area:        231809.32
Buf/Inv Area:                  45367.25
Total Buffer Area:             35741.29
Total Inverter Area:            9625.96
Macro/Black Box Area:              0.00
Net Area:                             0
Net XLength:                 1820171.31
Net YLength:                 1429609.94
----------------------------------------
Cell Area (netlist):                         448732.66
Cell Area (netlist and physical only):       448732.66
Net Length:                  3249781.25


Design Rules
----------------------------------------
Total Number of Nets:            117952
Nets with Violations:               296
Max Trans Violations:                 7
Max Cap Violations:                 295
----------------------------------------

1
