Information: The stitching and editing of coupling caps is turned OFF for design 'ibex_mini_soc_top_modified_lef_via12_all_row1_route_icc2_lib:ibex_mini_soc_top.design'. (TIM-125)
Warning: No physical information exists for design 'ibex_mini_soc_top'. Zero interconnect delay is used in timing analysis. (TIM-101)
Warning: The extractor can not be initialized for design 'ibex_mini_soc_top'. Zero interconnect delay is used in timing analysis. (TIM-102)
Warning: Batch extraction is skipped for block "ibex_mini_soc_top"
Information: Update timing completed net estimation for all the timing graph nets (TIM-111)
Information: Net estimation statistics: timing graph nets = 110307, routed nets = 0, across physical hierarchy nets = 0, parasitics cached nets = 0, delay annotated nets = 0, parasitics annotated nets = 0, multi-voltage nets = 0. (TIM-112)
************************************************************
Timer Settings:
Delay Calculation Style:                   auto
Signal Integrity Analysis:                 disabled
Timing Window Analysis:                    disabled
Advanced Waveform Propagation:             disabled
Variation Type:                            fixed_derate
Clock Reconvergence Pessimism Removal:     disabled
Advanced Receiver Model:                   disabled
LLE:                                       disabled
ML Acceleration:                           off
Smart Arc Optimization:                    disabled
************************************************************
****************************************
Report : timing
        -path_type full
        -delay_type max
        -max_paths 10
        -report_by design
Design : ibex_mini_soc_top
Version: W-2024.09-SP2
Date   : Sun May 10 12:17:47 2026
****************************************

  Startpoint: u_ibex_top_u_ibex_core_if_stage_i_instr_rdata_alu_id_o_reg_5_ (rising edge-triggered flip-flop clocked by clk)
  Endpoint: u_ibex_top_u_ibex_core_if_stage_i_gen_prefetch_buffer_prefetch_buffer_i_fifo_i_rdata_q_reg_1__30_ (rising edge-triggered flip-flop clocked by clk)
  Mode: default
  Corner: default
  Scenario: default
  Path Group: clk
  Path Type: max

  Point                                            Incr      Path  
  ------------------------------------------------------------------------
  clock clk (rise edge)                            0.00      0.00
  clock network delay (ideal)                      0.00      0.00

  u_ibex_top_u_ibex_core_if_stage_i_instr_rdata_alu_id_o_reg_5_/CLK (DFFX1_HVT)
                                                   0.00      0.00 r
  u_ibex_top_u_ibex_core_if_stage_i_instr_rdata_alu_id_o_reg_5_/Q (DFFX1_HVT)
                                                   0.22      0.22 f
  U3031/Y (INVX1_HVT)                              0.04      0.26 r
  U3043/Y (AND2X1_HVT)                             0.06      0.32 r
  U3045/Y (AO222X1_HVT)                            0.14      0.46 r
  U3046/Y (AND4X1_HVT)                             0.13      0.59 r
  U3047/Y (OA221X1_HVT)                            0.09      0.67 r
  U3048/Y (AND2X1_HVT)                             0.07      0.74 r
  U3060/Y (AND2X1_HVT)                             0.06      0.80 r
  U3062/Y (AO222X1_HVT)                            0.15      0.95 r
  U3063/Y (OA21X1_HVT)                             0.08      1.02 r
  U3066/Y (NAND2X0_HVT)                            0.07      1.09 f
  U3067/Y (INVX2_HVT)                              0.05      1.15 r
  U44717/Y (AO222X1_HVT)                           0.18      1.32 r
  U7965/Y (NAND2X1_HVT)                            0.21      1.54 f
  U8239/Y (AO22X1_HVT)                             0.09      1.63 f
  U8240/Y (NAND3X0_HVT)                            0.05      1.68 r
  u_ibex_top_u_ibex_core_add_x_479/U44/CO (FADDX1_HVT)
                                                   0.12      1.80 r
  u_ibex_top_u_ibex_core_add_x_479/U45/CO (FADDX1_HVT)
                                                   0.11      1.91 r
  u_ibex_top_u_ibex_core_add_x_479/U46/CO (FADDX1_HVT)
                                                   0.11      2.02 r
  u_ibex_top_u_ibex_core_add_x_479/U40/CO (FADDX2_HVT)
                                                   0.11      2.13 r
  u_ibex_top_u_ibex_core_add_x_479/U42/CO (FADDX1_HVT)
                                                   0.11      2.24 r
  u_ibex_top_u_ibex_core_add_x_479/U47/CO (FADDX2_HVT)
                                                   0.11      2.35 r
  u_ibex_top_u_ibex_core_add_x_479/U48/CO (FADDX1_HVT)
                                                   0.11      2.46 r
  u_ibex_top_u_ibex_core_add_x_479/U49/CO (FADDX1_HVT)
                                                   0.11      2.56 r
  u_ibex_top_u_ibex_core_add_x_479/U50/CO (FADDX1_HVT)
                                                   0.11      2.67 r
  u_ibex_top_u_ibex_core_add_x_479/U51/CO (FADDX2_HVT)
                                                   0.11      2.78 r
  u_ibex_top_u_ibex_core_add_x_479/U52/CO (FADDX1_HVT)
                                                   0.11      2.89 r
  u_ibex_top_u_ibex_core_add_x_479/U53/CO (FADDX1_HVT)
                                                   0.11      3.00 r
  u_ibex_top_u_ibex_core_add_x_479/U54/CO (FADDX1_HVT)
                                                   0.11      3.11 r
  u_ibex_top_u_ibex_core_add_x_479/U55/CO (FADDX1_HVT)
                                                   0.11      3.21 r
  u_ibex_top_u_ibex_core_add_x_479/U56/CO (FADDX1_HVT)
                                                   0.11      3.32 r
  u_ibex_top_u_ibex_core_add_x_479/U57/CO (FADDX1_HVT)
                                                   0.11      3.43 r
  u_ibex_top_u_ibex_core_add_x_479/U58/CO (FADDX1_HVT)
                                                   0.11      3.53 r
  u_ibex_top_u_ibex_core_add_x_479/U59/CO (FADDX1_HVT)
                                                   0.11      3.64 r
  u_ibex_top_u_ibex_core_add_x_479/U60/CO (FADDX1_HVT)
                                                   0.11      3.75 r
  u_ibex_top_u_ibex_core_add_x_479/U61/CO (FADDX1_HVT)
                                                   0.11      3.86 r
  u_ibex_top_u_ibex_core_add_x_479/U62/CO (FADDX1_HVT)
                                                   0.11      3.96 r
  u_ibex_top_u_ibex_core_add_x_479/U63/CO (FADDX1_HVT)
                                                   0.11      4.07 r
  u_ibex_top_u_ibex_core_add_x_479/U64/CO (FADDX1_HVT)
                                                   0.11      4.18 r
  u_ibex_top_u_ibex_core_add_x_479/U65/CO (FADDX1_HVT)
                                                   0.11      4.28 r
  u_ibex_top_u_ibex_core_add_x_479/U66/CO (FADDX1_HVT)
                                                   0.11      4.39 r
  u_ibex_top_u_ibex_core_add_x_479/U67/CO (FADDX1_HVT)
                                                   0.11      4.50 r
  u_ibex_top_u_ibex_core_add_x_479/U68/CO (FADDX1_HVT)
                                                   0.11      4.60 r
  u_ibex_top_u_ibex_core_add_x_479/U69/CO (FADDX1_HVT)
                                                   0.11      4.71 r
  u_ibex_top_u_ibex_core_add_x_479/U70/CO (FADDX2_HVT)
                                                   0.11      4.82 r
  u_ibex_top_u_ibex_core_add_x_479/U71/CO (FADDX1_HVT)
                                                   0.11      4.93 r
  u_ibex_top_u_ibex_core_add_x_479/U72/CO (FADDX1_HVT)
                                                   0.11      5.04 r
  u_ibex_top_u_ibex_core_add_x_479/U43/S (FADDX2_HVT)
                                                   0.22      5.26 f
  U31467/Y (INVX2_HVT)                             0.03      5.29 r
  U3435/Y (NAND4X0_HVT)                            0.10      5.39 f
  U3441/Y (NOR4X1_HVT)                             0.12      5.51 r
  U42471/Y (NAND4X0_HVT)                           0.12      5.62 f
  U31517/Y (INVX2_HVT)                             0.04      5.66 r
  U3444/Y (MUX21X1_HVT)                            0.10      5.77 r
  U3445/Y (NAND2X0_HVT)                            0.04      5.81 f
  U3446/Y (OA22X1_HVT)                             0.07      5.88 f
  U3447/Y (AO221X1_HVT)                            0.09      5.97 f
  U3448/Y (NOR4X1_HVT)                             0.09      6.05 r
  U3449/Y (INVX1_HVT)                              0.02      6.08 f
  U3450/Y (AND2X1_HVT)                             0.04      6.12 f
  U3465/Y (AND2X1_HVT)                             0.05      6.17 f
  U3466/Y (AND2X1_HVT)                             0.05      6.22 f
  U3470/Y (AND2X1_HVT)                             0.04      6.26 f
  U3471/Y (AND3X1_HVT)                             0.06      6.32 f
  U3475/Y (NAND4X0_HVT)                            0.04      6.36 r
  U5408/Y (AO21X1_HVT)                             0.06      6.42 r
  U5409/Y (NAND4X0_HVT)                            0.13      6.55 f
  U5420/Y (NAND2X0_HVT)                            0.08      6.63 r
  U5421/Y (NAND2X0_HVT)                            0.08      6.71 f
  U5422/Y (INVX1_HVT)                              0.02      6.73 r
  U5427/Y (AND4X1_HVT)                             0.10      6.83 r
  U6503/Y (AND2X1_HVT)                             0.07      6.91 r
  U7405/Y (AO21X1_HVT)                             0.05      6.96 r
  U7406/Y (AND4X1_HVT)                             0.10      7.06 r
  U7407/Y (NAND4X0_HVT)                            0.08      7.15 f
  U7408/Y (NAND3X0_HVT)                            0.05      7.19 r
  U7409/Y (NAND3X0_HVT)                            0.11      7.30 f
  U7412/Y (INVX1_HVT)                              0.04      7.35 r
  U7480/Y (NAND2X0_HVT)                            0.09      7.44 f
  U7481/Y (INVX1_HVT)                              0.07      7.50 r
  U7535/Y (NAND3X0_HVT)                            0.10      7.60 f
  U6186/Y (NAND2X0_HVT)                            0.16      7.77 r
  U7579/Y (AO222X1_HVT)                            0.20      7.96 r
  u_ibex_top_u_ibex_core_if_stage_i_gen_prefetch_buffer_prefetch_buffer_i_fifo_i_rdata_q_reg_1__30_/D (DFFX1_HVT)
                                                   0.00      7.96 r
  data arrival time                                          7.96

  clock clk (rise edge)                           10.00     10.00
  clock network delay (ideal)                      0.00     10.00
  u_ibex_top_u_ibex_core_if_stage_i_gen_prefetch_buffer_prefetch_buffer_i_fifo_i_rdata_q_reg_1__30_/CLK (DFFX1_HVT)
                                                   0.00     10.00 r
  clock uncertainty                               -0.10      9.90
  library setup time                              -0.06      9.84
  data required time                                         9.84
  ------------------------------------------------------------------------
  data required time                                         9.84
  data arrival time                                         -7.96
  ------------------------------------------------------------------------
  slack (MET)                                                1.88



  Startpoint: u_ibex_top_u_ibex_core_if_stage_i_instr_rdata_alu_id_o_reg_5_ (rising edge-triggered flip-flop clocked by clk)
  Endpoint: u_ibex_top_u_ibex_core_if_stage_i_gen_prefetch_buffer_prefetch_buffer_i_fifo_i_rdata_q_reg_1__28_ (rising edge-triggered flip-flop clocked by clk)
  Mode: default
  Corner: default
  Scenario: default
  Path Group: clk
  Path Type: max

  Point                                            Incr      Path  
  ------------------------------------------------------------------------
  clock clk (rise edge)                            0.00      0.00
  clock network delay (ideal)                      0.00      0.00

  u_ibex_top_u_ibex_core_if_stage_i_instr_rdata_alu_id_o_reg_5_/CLK (DFFX1_HVT)
                                                   0.00      0.00 r
  u_ibex_top_u_ibex_core_if_stage_i_instr_rdata_alu_id_o_reg_5_/Q (DFFX1_HVT)
                                                   0.22      0.22 f
  U3031/Y (INVX1_HVT)                              0.04      0.26 r
  U3043/Y (AND2X1_HVT)                             0.06      0.32 r
  U3045/Y (AO222X1_HVT)                            0.14      0.46 r
  U3046/Y (AND4X1_HVT)                             0.13      0.59 r
  U3047/Y (OA221X1_HVT)                            0.09      0.67 r
  U3048/Y (AND2X1_HVT)                             0.07      0.74 r
  U3060/Y (AND2X1_HVT)                             0.06      0.80 r
  U3062/Y (AO222X1_HVT)                            0.15      0.95 r
  U3063/Y (OA21X1_HVT)                             0.08      1.02 r
  U3066/Y (NAND2X0_HVT)                            0.07      1.09 f
  U3067/Y (INVX2_HVT)                              0.05      1.15 r
  U44717/Y (AO222X1_HVT)                           0.18      1.32 r
  U7965/Y (NAND2X1_HVT)                            0.21      1.54 f
  U8239/Y (AO22X1_HVT)                             0.09      1.63 f
  U8240/Y (NAND3X0_HVT)                            0.05      1.68 r
  u_ibex_top_u_ibex_core_add_x_479/U44/CO (FADDX1_HVT)
                                                   0.12      1.80 r
  u_ibex_top_u_ibex_core_add_x_479/U45/CO (FADDX1_HVT)
                                                   0.11      1.91 r
  u_ibex_top_u_ibex_core_add_x_479/U46/CO (FADDX1_HVT)
                                                   0.11      2.02 r
  u_ibex_top_u_ibex_core_add_x_479/U40/CO (FADDX2_HVT)
                                                   0.11      2.13 r
  u_ibex_top_u_ibex_core_add_x_479/U42/CO (FADDX1_HVT)
                                                   0.11      2.24 r
  u_ibex_top_u_ibex_core_add_x_479/U47/CO (FADDX2_HVT)
                                                   0.11      2.35 r
  u_ibex_top_u_ibex_core_add_x_479/U48/CO (FADDX1_HVT)
                                                   0.11      2.46 r
  u_ibex_top_u_ibex_core_add_x_479/U49/CO (FADDX1_HVT)
                                                   0.11      2.56 r
  u_ibex_top_u_ibex_core_add_x_479/U50/CO (FADDX1_HVT)
                                                   0.11      2.67 r
  u_ibex_top_u_ibex_core_add_x_479/U51/CO (FADDX2_HVT)
                                                   0.11      2.78 r
  u_ibex_top_u_ibex_core_add_x_479/U52/CO (FADDX1_HVT)
                                                   0.11      2.89 r
  u_ibex_top_u_ibex_core_add_x_479/U53/CO (FADDX1_HVT)
                                                   0.11      3.00 r
  u_ibex_top_u_ibex_core_add_x_479/U54/CO (FADDX1_HVT)
                                                   0.11      3.11 r
  u_ibex_top_u_ibex_core_add_x_479/U55/CO (FADDX1_HVT)
                                                   0.11      3.21 r
  u_ibex_top_u_ibex_core_add_x_479/U56/CO (FADDX1_HVT)
                                                   0.11      3.32 r
  u_ibex_top_u_ibex_core_add_x_479/U57/CO (FADDX1_HVT)
                                                   0.11      3.43 r
  u_ibex_top_u_ibex_core_add_x_479/U58/CO (FADDX1_HVT)
                                                   0.11      3.53 r
  u_ibex_top_u_ibex_core_add_x_479/U59/CO (FADDX1_HVT)
                                                   0.11      3.64 r
  u_ibex_top_u_ibex_core_add_x_479/U60/CO (FADDX1_HVT)
                                                   0.11      3.75 r
  u_ibex_top_u_ibex_core_add_x_479/U61/CO (FADDX1_HVT)
                                                   0.11      3.86 r
  u_ibex_top_u_ibex_core_add_x_479/U62/CO (FADDX1_HVT)
                                                   0.11      3.96 r
  u_ibex_top_u_ibex_core_add_x_479/U63/CO (FADDX1_HVT)
                                                   0.11      4.07 r
  u_ibex_top_u_ibex_core_add_x_479/U64/CO (FADDX1_HVT)
                                                   0.11      4.18 r
  u_ibex_top_u_ibex_core_add_x_479/U65/CO (FADDX1_HVT)
                                                   0.11      4.28 r
  u_ibex_top_u_ibex_core_add_x_479/U66/CO (FADDX1_HVT)
                                                   0.11      4.39 r
  u_ibex_top_u_ibex_core_add_x_479/U67/CO (FADDX1_HVT)
                                                   0.11      4.50 r
  u_ibex_top_u_ibex_core_add_x_479/U68/CO (FADDX1_HVT)
                                                   0.11      4.60 r
  u_ibex_top_u_ibex_core_add_x_479/U69/CO (FADDX1_HVT)
                                                   0.11      4.71 r
  u_ibex_top_u_ibex_core_add_x_479/U70/CO (FADDX2_HVT)
                                                   0.11      4.82 r
  u_ibex_top_u_ibex_core_add_x_479/U71/CO (FADDX1_HVT)
                                                   0.11      4.93 r
  u_ibex_top_u_ibex_core_add_x_479/U72/CO (FADDX1_HVT)
                                                   0.11      5.04 r
  u_ibex_top_u_ibex_core_add_x_479/U43/S (FADDX2_HVT)
                                                   0.22      5.26 f
  U31467/Y (INVX2_HVT)                             0.03      5.29 r
  U3435/Y (NAND4X0_HVT)                            0.10      5.39 f
  U3441/Y (NOR4X1_HVT)                             0.12      5.51 r
  U42471/Y (NAND4X0_HVT)                           0.12      5.62 f
  U31517/Y (INVX2_HVT)                             0.04      5.66 r
  U3444/Y (MUX21X1_HVT)                            0.10      5.77 r
  U3445/Y (NAND2X0_HVT)                            0.04      5.81 f
  U3446/Y (OA22X1_HVT)                             0.07      5.88 f
  U3447/Y (AO221X1_HVT)                            0.09      5.97 f
  U3448/Y (NOR4X1_HVT)                             0.09      6.05 r
  U3449/Y (INVX1_HVT)                              0.02      6.08 f
  U3450/Y (AND2X1_HVT)                             0.04      6.12 f
  U3465/Y (AND2X1_HVT)                             0.05      6.17 f
  U3466/Y (AND2X1_HVT)                             0.05      6.22 f
  U3470/Y (AND2X1_HVT)                             0.04      6.26 f
  U3471/Y (AND3X1_HVT)                             0.06      6.32 f
  U3475/Y (NAND4X0_HVT)                            0.04      6.36 r
  U5408/Y (AO21X1_HVT)                             0.06      6.42 r
  U5409/Y (NAND4X0_HVT)                            0.13      6.55 f
  U5420/Y (NAND2X0_HVT)                            0.08      6.63 r
  U5421/Y (NAND2X0_HVT)                            0.08      6.71 f
  U5422/Y (INVX1_HVT)                              0.02      6.73 r
  U5427/Y (AND4X1_HVT)                             0.10      6.83 r
  U6503/Y (AND2X1_HVT)                             0.07      6.91 r
  U7405/Y (AO21X1_HVT)                             0.05      6.96 r
  U7406/Y (AND4X1_HVT)                             0.10      7.06 r
  U7407/Y (NAND4X0_HVT)                            0.08      7.15 f
  U7408/Y (NAND3X0_HVT)                            0.05      7.19 r
  U7409/Y (NAND3X0_HVT)                            0.11      7.30 f
  U7412/Y (INVX1_HVT)                              0.04      7.35 r
  U7480/Y (NAND2X0_HVT)                            0.09      7.44 f
  U7481/Y (INVX1_HVT)                              0.07      7.50 r
  U7535/Y (NAND3X0_HVT)                            0.10      7.60 f
  U6186/Y (NAND2X0_HVT)                            0.16      7.77 r
  U7577/Y (AO222X1_HVT)                            0.20      7.96 r
  u_ibex_top_u_ibex_core_if_stage_i_gen_prefetch_buffer_prefetch_buffer_i_fifo_i_rdata_q_reg_1__28_/D (DFFX1_HVT)
                                                   0.00      7.96 r
  data arrival time                                          7.96

  clock clk (rise edge)                           10.00     10.00
  clock network delay (ideal)                      0.00     10.00
  u_ibex_top_u_ibex_core_if_stage_i_gen_prefetch_buffer_prefetch_buffer_i_fifo_i_rdata_q_reg_1__28_/CLK (DFFX1_HVT)
                                                   0.00     10.00 r
  clock uncertainty                               -0.10      9.90
  library setup time                              -0.06      9.84
  data required time                                         9.84
  ------------------------------------------------------------------------
  data required time                                         9.84
  data arrival time                                         -7.96
  ------------------------------------------------------------------------
  slack (MET)                                                1.88



  Startpoint: u_ibex_top_u_ibex_core_if_stage_i_instr_rdata_alu_id_o_reg_5_ (rising edge-triggered flip-flop clocked by clk)
  Endpoint: u_ibex_top_u_ibex_core_if_stage_i_gen_prefetch_buffer_prefetch_buffer_i_fifo_i_rdata_q_reg_1__24_ (rising edge-triggered flip-flop clocked by clk)
  Mode: default
  Corner: default
  Scenario: default
  Path Group: clk
  Path Type: max

  Point                                            Incr      Path  
  ------------------------------------------------------------------------
  clock clk (rise edge)                            0.00      0.00
  clock network delay (ideal)                      0.00      0.00

  u_ibex_top_u_ibex_core_if_stage_i_instr_rdata_alu_id_o_reg_5_/CLK (DFFX1_HVT)
                                                   0.00      0.00 r
  u_ibex_top_u_ibex_core_if_stage_i_instr_rdata_alu_id_o_reg_5_/Q (DFFX1_HVT)
                                                   0.22      0.22 f
  U3031/Y (INVX1_HVT)                              0.04      0.26 r
  U3043/Y (AND2X1_HVT)                             0.06      0.32 r
  U3045/Y (AO222X1_HVT)                            0.14      0.46 r
  U3046/Y (AND4X1_HVT)                             0.13      0.59 r
  U3047/Y (OA221X1_HVT)                            0.09      0.67 r
  U3048/Y (AND2X1_HVT)                             0.07      0.74 r
  U3060/Y (AND2X1_HVT)                             0.06      0.80 r
  U3062/Y (AO222X1_HVT)                            0.15      0.95 r
  U3063/Y (OA21X1_HVT)                             0.08      1.02 r
  U3066/Y (NAND2X0_HVT)                            0.07      1.09 f
  U3067/Y (INVX2_HVT)                              0.05      1.15 r
  U44717/Y (AO222X1_HVT)                           0.18      1.32 r
  U7965/Y (NAND2X1_HVT)                            0.21      1.54 f
  U8239/Y (AO22X1_HVT)                             0.09      1.63 f
  U8240/Y (NAND3X0_HVT)                            0.05      1.68 r
  u_ibex_top_u_ibex_core_add_x_479/U44/CO (FADDX1_HVT)
                                                   0.12      1.80 r
  u_ibex_top_u_ibex_core_add_x_479/U45/CO (FADDX1_HVT)
                                                   0.11      1.91 r
  u_ibex_top_u_ibex_core_add_x_479/U46/CO (FADDX1_HVT)
                                                   0.11      2.02 r
  u_ibex_top_u_ibex_core_add_x_479/U40/CO (FADDX2_HVT)
                                                   0.11      2.13 r
  u_ibex_top_u_ibex_core_add_x_479/U42/CO (FADDX1_HVT)
                                                   0.11      2.24 r
  u_ibex_top_u_ibex_core_add_x_479/U47/CO (FADDX2_HVT)
                                                   0.11      2.35 r
  u_ibex_top_u_ibex_core_add_x_479/U48/CO (FADDX1_HVT)
                                                   0.11      2.46 r
  u_ibex_top_u_ibex_core_add_x_479/U49/CO (FADDX1_HVT)
                                                   0.11      2.56 r
  u_ibex_top_u_ibex_core_add_x_479/U50/CO (FADDX1_HVT)
                                                   0.11      2.67 r
  u_ibex_top_u_ibex_core_add_x_479/U51/CO (FADDX2_HVT)
                                                   0.11      2.78 r
  u_ibex_top_u_ibex_core_add_x_479/U52/CO (FADDX1_HVT)
                                                   0.11      2.89 r
  u_ibex_top_u_ibex_core_add_x_479/U53/CO (FADDX1_HVT)
                                                   0.11      3.00 r
  u_ibex_top_u_ibex_core_add_x_479/U54/CO (FADDX1_HVT)
                                                   0.11      3.11 r
  u_ibex_top_u_ibex_core_add_x_479/U55/CO (FADDX1_HVT)
                                                   0.11      3.21 r
  u_ibex_top_u_ibex_core_add_x_479/U56/CO (FADDX1_HVT)
                                                   0.11      3.32 r
  u_ibex_top_u_ibex_core_add_x_479/U57/CO (FADDX1_HVT)
                                                   0.11      3.43 r
  u_ibex_top_u_ibex_core_add_x_479/U58/CO (FADDX1_HVT)
                                                   0.11      3.53 r
  u_ibex_top_u_ibex_core_add_x_479/U59/CO (FADDX1_HVT)
                                                   0.11      3.64 r
  u_ibex_top_u_ibex_core_add_x_479/U60/CO (FADDX1_HVT)
                                                   0.11      3.75 r
  u_ibex_top_u_ibex_core_add_x_479/U61/CO (FADDX1_HVT)
                                                   0.11      3.86 r
  u_ibex_top_u_ibex_core_add_x_479/U62/CO (FADDX1_HVT)
                                                   0.11      3.96 r
  u_ibex_top_u_ibex_core_add_x_479/U63/CO (FADDX1_HVT)
                                                   0.11      4.07 r
  u_ibex_top_u_ibex_core_add_x_479/U64/CO (FADDX1_HVT)
                                                   0.11      4.18 r
  u_ibex_top_u_ibex_core_add_x_479/U65/CO (FADDX1_HVT)
                                                   0.11      4.28 r
  u_ibex_top_u_ibex_core_add_x_479/U66/CO (FADDX1_HVT)
                                                   0.11      4.39 r
  u_ibex_top_u_ibex_core_add_x_479/U67/CO (FADDX1_HVT)
                                                   0.11      4.50 r
  u_ibex_top_u_ibex_core_add_x_479/U68/CO (FADDX1_HVT)
                                                   0.11      4.60 r
  u_ibex_top_u_ibex_core_add_x_479/U69/CO (FADDX1_HVT)
                                                   0.11      4.71 r
  u_ibex_top_u_ibex_core_add_x_479/U70/CO (FADDX2_HVT)
                                                   0.11      4.82 r
  u_ibex_top_u_ibex_core_add_x_479/U71/CO (FADDX1_HVT)
                                                   0.11      4.93 r
  u_ibex_top_u_ibex_core_add_x_479/U72/CO (FADDX1_HVT)
                                                   0.11      5.04 r
  u_ibex_top_u_ibex_core_add_x_479/U43/S (FADDX2_HVT)
                                                   0.22      5.26 f
  U31467/Y (INVX2_HVT)                             0.03      5.29 r
  U3435/Y (NAND4X0_HVT)                            0.10      5.39 f
  U3441/Y (NOR4X1_HVT)                             0.12      5.51 r
  U42471/Y (NAND4X0_HVT)                           0.12      5.62 f
  U31517/Y (INVX2_HVT)                             0.04      5.66 r
  U3444/Y (MUX21X1_HVT)                            0.10      5.77 r
  U3445/Y (NAND2X0_HVT)                            0.04      5.81 f
  U3446/Y (OA22X1_HVT)                             0.07      5.88 f
  U3447/Y (AO221X1_HVT)                            0.09      5.97 f
  U3448/Y (NOR4X1_HVT)                             0.09      6.05 r
  U3449/Y (INVX1_HVT)                              0.02      6.08 f
  U3450/Y (AND2X1_HVT)                             0.04      6.12 f
  U3465/Y (AND2X1_HVT)                             0.05      6.17 f
  U3466/Y (AND2X1_HVT)                             0.05      6.22 f
  U3470/Y (AND2X1_HVT)                             0.04      6.26 f
  U3471/Y (AND3X1_HVT)                             0.06      6.32 f
  U3475/Y (NAND4X0_HVT)                            0.04      6.36 r
  U5408/Y (AO21X1_HVT)                             0.06      6.42 r
  U5409/Y (NAND4X0_HVT)                            0.13      6.55 f
  U5420/Y (NAND2X0_HVT)                            0.08      6.63 r
  U5421/Y (NAND2X0_HVT)                            0.08      6.71 f
  U5422/Y (INVX1_HVT)                              0.02      6.73 r
  U5427/Y (AND4X1_HVT)                             0.10      6.83 r
  U6503/Y (AND2X1_HVT)                             0.07      6.91 r
  U7405/Y (AO21X1_HVT)                             0.05      6.96 r
  U7406/Y (AND4X1_HVT)                             0.10      7.06 r
  U7407/Y (NAND4X0_HVT)                            0.08      7.15 f
  U7408/Y (NAND3X0_HVT)                            0.05      7.19 r
  U7409/Y (NAND3X0_HVT)                            0.11      7.30 f
  U7412/Y (INVX1_HVT)                              0.04      7.35 r
  U7480/Y (NAND2X0_HVT)                            0.09      7.44 f
  U7481/Y (INVX1_HVT)                              0.07      7.50 r
  U7535/Y (NAND3X0_HVT)                            0.10      7.60 f
  U6186/Y (NAND2X0_HVT)                            0.16      7.77 r
  U7573/Y (AO222X1_HVT)                            0.20      7.96 r
  u_ibex_top_u_ibex_core_if_stage_i_gen_prefetch_buffer_prefetch_buffer_i_fifo_i_rdata_q_reg_1__24_/D (DFFX1_HVT)
                                                   0.00      7.96 r
  data arrival time                                          7.96

  clock clk (rise edge)                           10.00     10.00
  clock network delay (ideal)                      0.00     10.00
  u_ibex_top_u_ibex_core_if_stage_i_gen_prefetch_buffer_prefetch_buffer_i_fifo_i_rdata_q_reg_1__24_/CLK (DFFX1_HVT)
                                                   0.00     10.00 r
  clock uncertainty                               -0.10      9.90
  library setup time                              -0.06      9.84
  data required time                                         9.84
  ------------------------------------------------------------------------
  data required time                                         9.84
  data arrival time                                         -7.96
  ------------------------------------------------------------------------
  slack (MET)                                                1.88



  Startpoint: u_ibex_top_u_ibex_core_if_stage_i_instr_rdata_alu_id_o_reg_5_ (rising edge-triggered flip-flop clocked by clk)
  Endpoint: u_ibex_top_u_ibex_core_if_stage_i_gen_prefetch_buffer_prefetch_buffer_i_fifo_i_rdata_q_reg_1__23_ (rising edge-triggered flip-flop clocked by clk)
  Mode: default
  Corner: default
  Scenario: default
  Path Group: clk
  Path Type: max

  Point                                            Incr      Path  
  ------------------------------------------------------------------------
  clock clk (rise edge)                            0.00      0.00
  clock network delay (ideal)                      0.00      0.00

  u_ibex_top_u_ibex_core_if_stage_i_instr_rdata_alu_id_o_reg_5_/CLK (DFFX1_HVT)
                                                   0.00      0.00 r
  u_ibex_top_u_ibex_core_if_stage_i_instr_rdata_alu_id_o_reg_5_/Q (DFFX1_HVT)
                                                   0.22      0.22 f
  U3031/Y (INVX1_HVT)                              0.04      0.26 r
  U3043/Y (AND2X1_HVT)                             0.06      0.32 r
  U3045/Y (AO222X1_HVT)                            0.14      0.46 r
  U3046/Y (AND4X1_HVT)                             0.13      0.59 r
  U3047/Y (OA221X1_HVT)                            0.09      0.67 r
  U3048/Y (AND2X1_HVT)                             0.07      0.74 r
  U3060/Y (AND2X1_HVT)                             0.06      0.80 r
  U3062/Y (AO222X1_HVT)                            0.15      0.95 r
  U3063/Y (OA21X1_HVT)                             0.08      1.02 r
  U3066/Y (NAND2X0_HVT)                            0.07      1.09 f
  U3067/Y (INVX2_HVT)                              0.05      1.15 r
  U44717/Y (AO222X1_HVT)                           0.18      1.32 r
  U7965/Y (NAND2X1_HVT)                            0.21      1.54 f
  U8239/Y (AO22X1_HVT)                             0.09      1.63 f
  U8240/Y (NAND3X0_HVT)                            0.05      1.68 r
  u_ibex_top_u_ibex_core_add_x_479/U44/CO (FADDX1_HVT)
                                                   0.12      1.80 r
  u_ibex_top_u_ibex_core_add_x_479/U45/CO (FADDX1_HVT)
                                                   0.11      1.91 r
  u_ibex_top_u_ibex_core_add_x_479/U46/CO (FADDX1_HVT)
                                                   0.11      2.02 r
  u_ibex_top_u_ibex_core_add_x_479/U40/CO (FADDX2_HVT)
                                                   0.11      2.13 r
  u_ibex_top_u_ibex_core_add_x_479/U42/CO (FADDX1_HVT)
                                                   0.11      2.24 r
  u_ibex_top_u_ibex_core_add_x_479/U47/CO (FADDX2_HVT)
                                                   0.11      2.35 r
  u_ibex_top_u_ibex_core_add_x_479/U48/CO (FADDX1_HVT)
                                                   0.11      2.46 r
  u_ibex_top_u_ibex_core_add_x_479/U49/CO (FADDX1_HVT)
                                                   0.11      2.56 r
  u_ibex_top_u_ibex_core_add_x_479/U50/CO (FADDX1_HVT)
                                                   0.11      2.67 r
  u_ibex_top_u_ibex_core_add_x_479/U51/CO (FADDX2_HVT)
                                                   0.11      2.78 r
  u_ibex_top_u_ibex_core_add_x_479/U52/CO (FADDX1_HVT)
                                                   0.11      2.89 r
  u_ibex_top_u_ibex_core_add_x_479/U53/CO (FADDX1_HVT)
                                                   0.11      3.00 r
  u_ibex_top_u_ibex_core_add_x_479/U54/CO (FADDX1_HVT)
                                                   0.11      3.11 r
  u_ibex_top_u_ibex_core_add_x_479/U55/CO (FADDX1_HVT)
                                                   0.11      3.21 r
  u_ibex_top_u_ibex_core_add_x_479/U56/CO (FADDX1_HVT)
                                                   0.11      3.32 r
  u_ibex_top_u_ibex_core_add_x_479/U57/CO (FADDX1_HVT)
                                                   0.11      3.43 r
  u_ibex_top_u_ibex_core_add_x_479/U58/CO (FADDX1_HVT)
                                                   0.11      3.53 r
  u_ibex_top_u_ibex_core_add_x_479/U59/CO (FADDX1_HVT)
                                                   0.11      3.64 r
  u_ibex_top_u_ibex_core_add_x_479/U60/CO (FADDX1_HVT)
                                                   0.11      3.75 r
  u_ibex_top_u_ibex_core_add_x_479/U61/CO (FADDX1_HVT)
                                                   0.11      3.86 r
  u_ibex_top_u_ibex_core_add_x_479/U62/CO (FADDX1_HVT)
                                                   0.11      3.96 r
  u_ibex_top_u_ibex_core_add_x_479/U63/CO (FADDX1_HVT)
                                                   0.11      4.07 r
  u_ibex_top_u_ibex_core_add_x_479/U64/CO (FADDX1_HVT)
                                                   0.11      4.18 r
  u_ibex_top_u_ibex_core_add_x_479/U65/CO (FADDX1_HVT)
                                                   0.11      4.28 r
  u_ibex_top_u_ibex_core_add_x_479/U66/CO (FADDX1_HVT)
                                                   0.11      4.39 r
  u_ibex_top_u_ibex_core_add_x_479/U67/CO (FADDX1_HVT)
                                                   0.11      4.50 r
  u_ibex_top_u_ibex_core_add_x_479/U68/CO (FADDX1_HVT)
                                                   0.11      4.60 r
  u_ibex_top_u_ibex_core_add_x_479/U69/CO (FADDX1_HVT)
                                                   0.11      4.71 r
  u_ibex_top_u_ibex_core_add_x_479/U70/CO (FADDX2_HVT)
                                                   0.11      4.82 r
  u_ibex_top_u_ibex_core_add_x_479/U71/CO (FADDX1_HVT)
                                                   0.11      4.93 r
  u_ibex_top_u_ibex_core_add_x_479/U72/CO (FADDX1_HVT)
                                                   0.11      5.04 r
  u_ibex_top_u_ibex_core_add_x_479/U43/S (FADDX2_HVT)
                                                   0.22      5.26 f
  U31467/Y (INVX2_HVT)                             0.03      5.29 r
  U3435/Y (NAND4X0_HVT)                            0.10      5.39 f
  U3441/Y (NOR4X1_HVT)                             0.12      5.51 r
  U42471/Y (NAND4X0_HVT)                           0.12      5.62 f
  U31517/Y (INVX2_HVT)                             0.04      5.66 r
  U3444/Y (MUX21X1_HVT)                            0.10      5.77 r
  U3445/Y (NAND2X0_HVT)                            0.04      5.81 f
  U3446/Y (OA22X1_HVT)                             0.07      5.88 f
  U3447/Y (AO221X1_HVT)                            0.09      5.97 f
  U3448/Y (NOR4X1_HVT)                             0.09      6.05 r
  U3449/Y (INVX1_HVT)                              0.02      6.08 f
  U3450/Y (AND2X1_HVT)                             0.04      6.12 f
  U3465/Y (AND2X1_HVT)                             0.05      6.17 f
  U3466/Y (AND2X1_HVT)                             0.05      6.22 f
  U3470/Y (AND2X1_HVT)                             0.04      6.26 f
  U3471/Y (AND3X1_HVT)                             0.06      6.32 f
  U3475/Y (NAND4X0_HVT)                            0.04      6.36 r
  U5408/Y (AO21X1_HVT)                             0.06      6.42 r
  U5409/Y (NAND4X0_HVT)                            0.13      6.55 f
  U5420/Y (NAND2X0_HVT)                            0.08      6.63 r
  U5421/Y (NAND2X0_HVT)                            0.08      6.71 f
  U5422/Y (INVX1_HVT)                              0.02      6.73 r
  U5427/Y (AND4X1_HVT)                             0.10      6.83 r
  U6503/Y (AND2X1_HVT)                             0.07      6.91 r
  U7405/Y (AO21X1_HVT)                             0.05      6.96 r
  U7406/Y (AND4X1_HVT)                             0.10      7.06 r
  U7407/Y (NAND4X0_HVT)                            0.08      7.15 f
  U7408/Y (NAND3X0_HVT)                            0.05      7.19 r
  U7409/Y (NAND3X0_HVT)                            0.11      7.30 f
  U7412/Y (INVX1_HVT)                              0.04      7.35 r
  U7480/Y (NAND2X0_HVT)                            0.09      7.44 f
  U7481/Y (INVX1_HVT)                              0.07      7.50 r
  U7535/Y (NAND3X0_HVT)                            0.10      7.60 f
  U6186/Y (NAND2X0_HVT)                            0.16      7.77 r
  U7572/Y (AO222X1_HVT)                            0.20      7.96 r
  u_ibex_top_u_ibex_core_if_stage_i_gen_prefetch_buffer_prefetch_buffer_i_fifo_i_rdata_q_reg_1__23_/D (DFFX1_HVT)
                                                   0.00      7.96 r
  data arrival time                                          7.96

  clock clk (rise edge)                           10.00     10.00
  clock network delay (ideal)                      0.00     10.00
  u_ibex_top_u_ibex_core_if_stage_i_gen_prefetch_buffer_prefetch_buffer_i_fifo_i_rdata_q_reg_1__23_/CLK (DFFX1_HVT)
                                                   0.00     10.00 r
  clock uncertainty                               -0.10      9.90
  library setup time                              -0.06      9.84
  data required time                                         9.84
  ------------------------------------------------------------------------
  data required time                                         9.84
  data arrival time                                         -7.96
  ------------------------------------------------------------------------
  slack (MET)                                                1.88



  Startpoint: u_ibex_top_u_ibex_core_if_stage_i_instr_rdata_alu_id_o_reg_5_ (rising edge-triggered flip-flop clocked by clk)
  Endpoint: u_ibex_top_u_ibex_core_if_stage_i_gen_prefetch_buffer_prefetch_buffer_i_fifo_i_rdata_q_reg_1__22_ (rising edge-triggered flip-flop clocked by clk)
  Mode: default
  Corner: default
  Scenario: default
  Path Group: clk
  Path Type: max

  Point                                            Incr      Path  
  ------------------------------------------------------------------------
  clock clk (rise edge)                            0.00      0.00
  clock network delay (ideal)                      0.00      0.00

  u_ibex_top_u_ibex_core_if_stage_i_instr_rdata_alu_id_o_reg_5_/CLK (DFFX1_HVT)
                                                   0.00      0.00 r
  u_ibex_top_u_ibex_core_if_stage_i_instr_rdata_alu_id_o_reg_5_/Q (DFFX1_HVT)
                                                   0.22      0.22 f
  U3031/Y (INVX1_HVT)                              0.04      0.26 r
  U3043/Y (AND2X1_HVT)                             0.06      0.32 r
  U3045/Y (AO222X1_HVT)                            0.14      0.46 r
  U3046/Y (AND4X1_HVT)                             0.13      0.59 r
  U3047/Y (OA221X1_HVT)                            0.09      0.67 r
  U3048/Y (AND2X1_HVT)                             0.07      0.74 r
  U3060/Y (AND2X1_HVT)                             0.06      0.80 r
  U3062/Y (AO222X1_HVT)                            0.15      0.95 r
  U3063/Y (OA21X1_HVT)                             0.08      1.02 r
  U3066/Y (NAND2X0_HVT)                            0.07      1.09 f
  U3067/Y (INVX2_HVT)                              0.05      1.15 r
  U44717/Y (AO222X1_HVT)                           0.18      1.32 r
  U7965/Y (NAND2X1_HVT)                            0.21      1.54 f
  U8239/Y (AO22X1_HVT)                             0.09      1.63 f
  U8240/Y (NAND3X0_HVT)                            0.05      1.68 r
  u_ibex_top_u_ibex_core_add_x_479/U44/CO (FADDX1_HVT)
                                                   0.12      1.80 r
  u_ibex_top_u_ibex_core_add_x_479/U45/CO (FADDX1_HVT)
                                                   0.11      1.91 r
  u_ibex_top_u_ibex_core_add_x_479/U46/CO (FADDX1_HVT)
                                                   0.11      2.02 r
  u_ibex_top_u_ibex_core_add_x_479/U40/CO (FADDX2_HVT)
                                                   0.11      2.13 r
  u_ibex_top_u_ibex_core_add_x_479/U42/CO (FADDX1_HVT)
                                                   0.11      2.24 r
  u_ibex_top_u_ibex_core_add_x_479/U47/CO (FADDX2_HVT)
                                                   0.11      2.35 r
  u_ibex_top_u_ibex_core_add_x_479/U48/CO (FADDX1_HVT)
                                                   0.11      2.46 r
  u_ibex_top_u_ibex_core_add_x_479/U49/CO (FADDX1_HVT)
                                                   0.11      2.56 r
  u_ibex_top_u_ibex_core_add_x_479/U50/CO (FADDX1_HVT)
                                                   0.11      2.67 r
  u_ibex_top_u_ibex_core_add_x_479/U51/CO (FADDX2_HVT)
                                                   0.11      2.78 r
  u_ibex_top_u_ibex_core_add_x_479/U52/CO (FADDX1_HVT)
                                                   0.11      2.89 r
  u_ibex_top_u_ibex_core_add_x_479/U53/CO (FADDX1_HVT)
                                                   0.11      3.00 r
  u_ibex_top_u_ibex_core_add_x_479/U54/CO (FADDX1_HVT)
                                                   0.11      3.11 r
  u_ibex_top_u_ibex_core_add_x_479/U55/CO (FADDX1_HVT)
                                                   0.11      3.21 r
  u_ibex_top_u_ibex_core_add_x_479/U56/CO (FADDX1_HVT)
                                                   0.11      3.32 r
  u_ibex_top_u_ibex_core_add_x_479/U57/CO (FADDX1_HVT)
                                                   0.11      3.43 r
  u_ibex_top_u_ibex_core_add_x_479/U58/CO (FADDX1_HVT)
                                                   0.11      3.53 r
  u_ibex_top_u_ibex_core_add_x_479/U59/CO (FADDX1_HVT)
                                                   0.11      3.64 r
  u_ibex_top_u_ibex_core_add_x_479/U60/CO (FADDX1_HVT)
                                                   0.11      3.75 r
  u_ibex_top_u_ibex_core_add_x_479/U61/CO (FADDX1_HVT)
                                                   0.11      3.86 r
  u_ibex_top_u_ibex_core_add_x_479/U62/CO (FADDX1_HVT)
                                                   0.11      3.96 r
  u_ibex_top_u_ibex_core_add_x_479/U63/CO (FADDX1_HVT)
                                                   0.11      4.07 r
  u_ibex_top_u_ibex_core_add_x_479/U64/CO (FADDX1_HVT)
                                                   0.11      4.18 r
  u_ibex_top_u_ibex_core_add_x_479/U65/CO (FADDX1_HVT)
                                                   0.11      4.28 r
  u_ibex_top_u_ibex_core_add_x_479/U66/CO (FADDX1_HVT)
                                                   0.11      4.39 r
  u_ibex_top_u_ibex_core_add_x_479/U67/CO (FADDX1_HVT)
                                                   0.11      4.50 r
  u_ibex_top_u_ibex_core_add_x_479/U68/CO (FADDX1_HVT)
                                                   0.11      4.60 r
  u_ibex_top_u_ibex_core_add_x_479/U69/CO (FADDX1_HVT)
                                                   0.11      4.71 r
  u_ibex_top_u_ibex_core_add_x_479/U70/CO (FADDX2_HVT)
                                                   0.11      4.82 r
  u_ibex_top_u_ibex_core_add_x_479/U71/CO (FADDX1_HVT)
                                                   0.11      4.93 r
  u_ibex_top_u_ibex_core_add_x_479/U72/CO (FADDX1_HVT)
                                                   0.11      5.04 r
  u_ibex_top_u_ibex_core_add_x_479/U43/S (FADDX2_HVT)
                                                   0.22      5.26 f
  U31467/Y (INVX2_HVT)                             0.03      5.29 r
  U3435/Y (NAND4X0_HVT)                            0.10      5.39 f
  U3441/Y (NOR4X1_HVT)                             0.12      5.51 r
  U42471/Y (NAND4X0_HVT)                           0.12      5.62 f
  U31517/Y (INVX2_HVT)                             0.04      5.66 r
  U3444/Y (MUX21X1_HVT)                            0.10      5.77 r
  U3445/Y (NAND2X0_HVT)                            0.04      5.81 f
  U3446/Y (OA22X1_HVT)                             0.07      5.88 f
  U3447/Y (AO221X1_HVT)                            0.09      5.97 f
  U3448/Y (NOR4X1_HVT)                             0.09      6.05 r
  U3449/Y (INVX1_HVT)                              0.02      6.08 f
  U3450/Y (AND2X1_HVT)                             0.04      6.12 f
  U3465/Y (AND2X1_HVT)                             0.05      6.17 f
  U3466/Y (AND2X1_HVT)                             0.05      6.22 f
  U3470/Y (AND2X1_HVT)                             0.04      6.26 f
  U3471/Y (AND3X1_HVT)                             0.06      6.32 f
  U3475/Y (NAND4X0_HVT)                            0.04      6.36 r
  U5408/Y (AO21X1_HVT)                             0.06      6.42 r
  U5409/Y (NAND4X0_HVT)                            0.13      6.55 f
  U5420/Y (NAND2X0_HVT)                            0.08      6.63 r
  U5421/Y (NAND2X0_HVT)                            0.08      6.71 f
  U5422/Y (INVX1_HVT)                              0.02      6.73 r
  U5427/Y (AND4X1_HVT)                             0.10      6.83 r
  U6503/Y (AND2X1_HVT)                             0.07      6.91 r
  U7405/Y (AO21X1_HVT)                             0.05      6.96 r
  U7406/Y (AND4X1_HVT)                             0.10      7.06 r
  U7407/Y (NAND4X0_HVT)                            0.08      7.15 f
  U7408/Y (NAND3X0_HVT)                            0.05      7.19 r
  U7409/Y (NAND3X0_HVT)                            0.11      7.30 f
  U7412/Y (INVX1_HVT)                              0.04      7.35 r
  U7480/Y (NAND2X0_HVT)                            0.09      7.44 f
  U7481/Y (INVX1_HVT)                              0.07      7.50 r
  U7535/Y (NAND3X0_HVT)                            0.10      7.60 f
  U6186/Y (NAND2X0_HVT)                            0.16      7.77 r
  U7571/Y (AO222X1_HVT)                            0.20      7.96 r
  u_ibex_top_u_ibex_core_if_stage_i_gen_prefetch_buffer_prefetch_buffer_i_fifo_i_rdata_q_reg_1__22_/D (DFFX1_HVT)
                                                   0.00      7.96 r
  data arrival time                                          7.96

  clock clk (rise edge)                           10.00     10.00
  clock network delay (ideal)                      0.00     10.00
  u_ibex_top_u_ibex_core_if_stage_i_gen_prefetch_buffer_prefetch_buffer_i_fifo_i_rdata_q_reg_1__22_/CLK (DFFX1_HVT)
                                                   0.00     10.00 r
  clock uncertainty                               -0.10      9.90
  library setup time                              -0.06      9.84
  data required time                                         9.84
  ------------------------------------------------------------------------
  data required time                                         9.84
  data arrival time                                         -7.96
  ------------------------------------------------------------------------
  slack (MET)                                                1.88



  Startpoint: u_ibex_top_u_ibex_core_if_stage_i_instr_rdata_alu_id_o_reg_5_ (rising edge-triggered flip-flop clocked by clk)
  Endpoint: u_ibex_top_u_ibex_core_if_stage_i_gen_prefetch_buffer_prefetch_buffer_i_fifo_i_rdata_q_reg_1__21_ (rising edge-triggered flip-flop clocked by clk)
  Mode: default
  Corner: default
  Scenario: default
  Path Group: clk
  Path Type: max

  Point                                            Incr      Path  
  ------------------------------------------------------------------------
  clock clk (rise edge)                            0.00      0.00
  clock network delay (ideal)                      0.00      0.00

  u_ibex_top_u_ibex_core_if_stage_i_instr_rdata_alu_id_o_reg_5_/CLK (DFFX1_HVT)
                                                   0.00      0.00 r
  u_ibex_top_u_ibex_core_if_stage_i_instr_rdata_alu_id_o_reg_5_/Q (DFFX1_HVT)
                                                   0.22      0.22 f
  U3031/Y (INVX1_HVT)                              0.04      0.26 r
  U3043/Y (AND2X1_HVT)                             0.06      0.32 r
  U3045/Y (AO222X1_HVT)                            0.14      0.46 r
  U3046/Y (AND4X1_HVT)                             0.13      0.59 r
  U3047/Y (OA221X1_HVT)                            0.09      0.67 r
  U3048/Y (AND2X1_HVT)                             0.07      0.74 r
  U3060/Y (AND2X1_HVT)                             0.06      0.80 r
  U3062/Y (AO222X1_HVT)                            0.15      0.95 r
  U3063/Y (OA21X1_HVT)                             0.08      1.02 r
  U3066/Y (NAND2X0_HVT)                            0.07      1.09 f
  U3067/Y (INVX2_HVT)                              0.05      1.15 r
  U44717/Y (AO222X1_HVT)                           0.18      1.32 r
  U7965/Y (NAND2X1_HVT)                            0.21      1.54 f
  U8239/Y (AO22X1_HVT)                             0.09      1.63 f
  U8240/Y (NAND3X0_HVT)                            0.05      1.68 r
  u_ibex_top_u_ibex_core_add_x_479/U44/CO (FADDX1_HVT)
                                                   0.12      1.80 r
  u_ibex_top_u_ibex_core_add_x_479/U45/CO (FADDX1_HVT)
                                                   0.11      1.91 r
  u_ibex_top_u_ibex_core_add_x_479/U46/CO (FADDX1_HVT)
                                                   0.11      2.02 r
  u_ibex_top_u_ibex_core_add_x_479/U40/CO (FADDX2_HVT)
                                                   0.11      2.13 r
  u_ibex_top_u_ibex_core_add_x_479/U42/CO (FADDX1_HVT)
                                                   0.11      2.24 r
  u_ibex_top_u_ibex_core_add_x_479/U47/CO (FADDX2_HVT)
                                                   0.11      2.35 r
  u_ibex_top_u_ibex_core_add_x_479/U48/CO (FADDX1_HVT)
                                                   0.11      2.46 r
  u_ibex_top_u_ibex_core_add_x_479/U49/CO (FADDX1_HVT)
                                                   0.11      2.56 r
  u_ibex_top_u_ibex_core_add_x_479/U50/CO (FADDX1_HVT)
                                                   0.11      2.67 r
  u_ibex_top_u_ibex_core_add_x_479/U51/CO (FADDX2_HVT)
                                                   0.11      2.78 r
  u_ibex_top_u_ibex_core_add_x_479/U52/CO (FADDX1_HVT)
                                                   0.11      2.89 r
  u_ibex_top_u_ibex_core_add_x_479/U53/CO (FADDX1_HVT)
                                                   0.11      3.00 r
  u_ibex_top_u_ibex_core_add_x_479/U54/CO (FADDX1_HVT)
                                                   0.11      3.11 r
  u_ibex_top_u_ibex_core_add_x_479/U55/CO (FADDX1_HVT)
                                                   0.11      3.21 r
  u_ibex_top_u_ibex_core_add_x_479/U56/CO (FADDX1_HVT)
                                                   0.11      3.32 r
  u_ibex_top_u_ibex_core_add_x_479/U57/CO (FADDX1_HVT)
                                                   0.11      3.43 r
  u_ibex_top_u_ibex_core_add_x_479/U58/CO (FADDX1_HVT)
                                                   0.11      3.53 r
  u_ibex_top_u_ibex_core_add_x_479/U59/CO (FADDX1_HVT)
                                                   0.11      3.64 r
  u_ibex_top_u_ibex_core_add_x_479/U60/CO (FADDX1_HVT)
                                                   0.11      3.75 r
  u_ibex_top_u_ibex_core_add_x_479/U61/CO (FADDX1_HVT)
                                                   0.11      3.86 r
  u_ibex_top_u_ibex_core_add_x_479/U62/CO (FADDX1_HVT)
                                                   0.11      3.96 r
  u_ibex_top_u_ibex_core_add_x_479/U63/CO (FADDX1_HVT)
                                                   0.11      4.07 r
  u_ibex_top_u_ibex_core_add_x_479/U64/CO (FADDX1_HVT)
                                                   0.11      4.18 r
  u_ibex_top_u_ibex_core_add_x_479/U65/CO (FADDX1_HVT)
                                                   0.11      4.28 r
  u_ibex_top_u_ibex_core_add_x_479/U66/CO (FADDX1_HVT)
                                                   0.11      4.39 r
  u_ibex_top_u_ibex_core_add_x_479/U67/CO (FADDX1_HVT)
                                                   0.11      4.50 r
  u_ibex_top_u_ibex_core_add_x_479/U68/CO (FADDX1_HVT)
                                                   0.11      4.60 r
  u_ibex_top_u_ibex_core_add_x_479/U69/CO (FADDX1_HVT)
                                                   0.11      4.71 r
  u_ibex_top_u_ibex_core_add_x_479/U70/CO (FADDX2_HVT)
                                                   0.11      4.82 r
  u_ibex_top_u_ibex_core_add_x_479/U71/CO (FADDX1_HVT)
                                                   0.11      4.93 r
  u_ibex_top_u_ibex_core_add_x_479/U72/CO (FADDX1_HVT)
                                                   0.11      5.04 r
  u_ibex_top_u_ibex_core_add_x_479/U43/S (FADDX2_HVT)
                                                   0.22      5.26 f
  U31467/Y (INVX2_HVT)                             0.03      5.29 r
  U3435/Y (NAND4X0_HVT)                            0.10      5.39 f
  U3441/Y (NOR4X1_HVT)                             0.12      5.51 r
  U42471/Y (NAND4X0_HVT)                           0.12      5.62 f
  U31517/Y (INVX2_HVT)                             0.04      5.66 r
  U3444/Y (MUX21X1_HVT)                            0.10      5.77 r
  U3445/Y (NAND2X0_HVT)                            0.04      5.81 f
  U3446/Y (OA22X1_HVT)                             0.07      5.88 f
  U3447/Y (AO221X1_HVT)                            0.09      5.97 f
  U3448/Y (NOR4X1_HVT)                             0.09      6.05 r
  U3449/Y (INVX1_HVT)                              0.02      6.08 f
  U3450/Y (AND2X1_HVT)                             0.04      6.12 f
  U3465/Y (AND2X1_HVT)                             0.05      6.17 f
  U3466/Y (AND2X1_HVT)                             0.05      6.22 f
  U3470/Y (AND2X1_HVT)                             0.04      6.26 f
  U3471/Y (AND3X1_HVT)                             0.06      6.32 f
  U3475/Y (NAND4X0_HVT)                            0.04      6.36 r
  U5408/Y (AO21X1_HVT)                             0.06      6.42 r
  U5409/Y (NAND4X0_HVT)                            0.13      6.55 f
  U5420/Y (NAND2X0_HVT)                            0.08      6.63 r
  U5421/Y (NAND2X0_HVT)                            0.08      6.71 f
  U5422/Y (INVX1_HVT)                              0.02      6.73 r
  U5427/Y (AND4X1_HVT)                             0.10      6.83 r
  U6503/Y (AND2X1_HVT)                             0.07      6.91 r
  U7405/Y (AO21X1_HVT)                             0.05      6.96 r
  U7406/Y (AND4X1_HVT)                             0.10      7.06 r
  U7407/Y (NAND4X0_HVT)                            0.08      7.15 f
  U7408/Y (NAND3X0_HVT)                            0.05      7.19 r
  U7409/Y (NAND3X0_HVT)                            0.11      7.30 f
  U7412/Y (INVX1_HVT)                              0.04      7.35 r
  U7480/Y (NAND2X0_HVT)                            0.09      7.44 f
  U7481/Y (INVX1_HVT)                              0.07      7.50 r
  U7535/Y (NAND3X0_HVT)                            0.10      7.60 f
  U6186/Y (NAND2X0_HVT)                            0.16      7.77 r
  U7570/Y (AO222X1_HVT)                            0.20      7.96 r
  u_ibex_top_u_ibex_core_if_stage_i_gen_prefetch_buffer_prefetch_buffer_i_fifo_i_rdata_q_reg_1__21_/D (DFFX1_HVT)
                                                   0.00      7.96 r
  data arrival time                                          7.96

  clock clk (rise edge)                           10.00     10.00
  clock network delay (ideal)                      0.00     10.00
  u_ibex_top_u_ibex_core_if_stage_i_gen_prefetch_buffer_prefetch_buffer_i_fifo_i_rdata_q_reg_1__21_/CLK (DFFX1_HVT)
                                                   0.00     10.00 r
  clock uncertainty                               -0.10      9.90
  library setup time                              -0.06      9.84
  data required time                                         9.84
  ------------------------------------------------------------------------
  data required time                                         9.84
  data arrival time                                         -7.96
  ------------------------------------------------------------------------
  slack (MET)                                                1.88



  Startpoint: u_ibex_top_u_ibex_core_if_stage_i_instr_rdata_alu_id_o_reg_5_ (rising edge-triggered flip-flop clocked by clk)
  Endpoint: u_ibex_top_u_ibex_core_if_stage_i_gen_prefetch_buffer_prefetch_buffer_i_fifo_i_rdata_q_reg_1__18_ (rising edge-triggered flip-flop clocked by clk)
  Mode: default
  Corner: default
  Scenario: default
  Path Group: clk
  Path Type: max

  Point                                            Incr      Path  
  ------------------------------------------------------------------------
  clock clk (rise edge)                            0.00      0.00
  clock network delay (ideal)                      0.00      0.00

  u_ibex_top_u_ibex_core_if_stage_i_instr_rdata_alu_id_o_reg_5_/CLK (DFFX1_HVT)
                                                   0.00      0.00 r
  u_ibex_top_u_ibex_core_if_stage_i_instr_rdata_alu_id_o_reg_5_/Q (DFFX1_HVT)
                                                   0.22      0.22 f
  U3031/Y (INVX1_HVT)                              0.04      0.26 r
  U3043/Y (AND2X1_HVT)                             0.06      0.32 r
  U3045/Y (AO222X1_HVT)                            0.14      0.46 r
  U3046/Y (AND4X1_HVT)                             0.13      0.59 r
  U3047/Y (OA221X1_HVT)                            0.09      0.67 r
  U3048/Y (AND2X1_HVT)                             0.07      0.74 r
  U3060/Y (AND2X1_HVT)                             0.06      0.80 r
  U3062/Y (AO222X1_HVT)                            0.15      0.95 r
  U3063/Y (OA21X1_HVT)                             0.08      1.02 r
  U3066/Y (NAND2X0_HVT)                            0.07      1.09 f
  U3067/Y (INVX2_HVT)                              0.05      1.15 r
  U44717/Y (AO222X1_HVT)                           0.18      1.32 r
  U7965/Y (NAND2X1_HVT)                            0.21      1.54 f
  U8239/Y (AO22X1_HVT)                             0.09      1.63 f
  U8240/Y (NAND3X0_HVT)                            0.05      1.68 r
  u_ibex_top_u_ibex_core_add_x_479/U44/CO (FADDX1_HVT)
                                                   0.12      1.80 r
  u_ibex_top_u_ibex_core_add_x_479/U45/CO (FADDX1_HVT)
                                                   0.11      1.91 r
  u_ibex_top_u_ibex_core_add_x_479/U46/CO (FADDX1_HVT)
                                                   0.11      2.02 r
  u_ibex_top_u_ibex_core_add_x_479/U40/CO (FADDX2_HVT)
                                                   0.11      2.13 r
  u_ibex_top_u_ibex_core_add_x_479/U42/CO (FADDX1_HVT)
                                                   0.11      2.24 r
  u_ibex_top_u_ibex_core_add_x_479/U47/CO (FADDX2_HVT)
                                                   0.11      2.35 r
  u_ibex_top_u_ibex_core_add_x_479/U48/CO (FADDX1_HVT)
                                                   0.11      2.46 r
  u_ibex_top_u_ibex_core_add_x_479/U49/CO (FADDX1_HVT)
                                                   0.11      2.56 r
  u_ibex_top_u_ibex_core_add_x_479/U50/CO (FADDX1_HVT)
                                                   0.11      2.67 r
  u_ibex_top_u_ibex_core_add_x_479/U51/CO (FADDX2_HVT)
                                                   0.11      2.78 r
  u_ibex_top_u_ibex_core_add_x_479/U52/CO (FADDX1_HVT)
                                                   0.11      2.89 r
  u_ibex_top_u_ibex_core_add_x_479/U53/CO (FADDX1_HVT)
                                                   0.11      3.00 r
  u_ibex_top_u_ibex_core_add_x_479/U54/CO (FADDX1_HVT)
                                                   0.11      3.11 r
  u_ibex_top_u_ibex_core_add_x_479/U55/CO (FADDX1_HVT)
                                                   0.11      3.21 r
  u_ibex_top_u_ibex_core_add_x_479/U56/CO (FADDX1_HVT)
                                                   0.11      3.32 r
  u_ibex_top_u_ibex_core_add_x_479/U57/CO (FADDX1_HVT)
                                                   0.11      3.43 r
  u_ibex_top_u_ibex_core_add_x_479/U58/CO (FADDX1_HVT)
                                                   0.11      3.53 r
  u_ibex_top_u_ibex_core_add_x_479/U59/CO (FADDX1_HVT)
                                                   0.11      3.64 r
  u_ibex_top_u_ibex_core_add_x_479/U60/CO (FADDX1_HVT)
                                                   0.11      3.75 r
  u_ibex_top_u_ibex_core_add_x_479/U61/CO (FADDX1_HVT)
                                                   0.11      3.86 r
  u_ibex_top_u_ibex_core_add_x_479/U62/CO (FADDX1_HVT)
                                                   0.11      3.96 r
  u_ibex_top_u_ibex_core_add_x_479/U63/CO (FADDX1_HVT)
                                                   0.11      4.07 r
  u_ibex_top_u_ibex_core_add_x_479/U64/CO (FADDX1_HVT)
                                                   0.11      4.18 r
  u_ibex_top_u_ibex_core_add_x_479/U65/CO (FADDX1_HVT)
                                                   0.11      4.28 r
  u_ibex_top_u_ibex_core_add_x_479/U66/CO (FADDX1_HVT)
                                                   0.11      4.39 r
  u_ibex_top_u_ibex_core_add_x_479/U67/CO (FADDX1_HVT)
                                                   0.11      4.50 r
  u_ibex_top_u_ibex_core_add_x_479/U68/CO (FADDX1_HVT)
                                                   0.11      4.60 r
  u_ibex_top_u_ibex_core_add_x_479/U69/CO (FADDX1_HVT)
                                                   0.11      4.71 r
  u_ibex_top_u_ibex_core_add_x_479/U70/CO (FADDX2_HVT)
                                                   0.11      4.82 r
  u_ibex_top_u_ibex_core_add_x_479/U71/CO (FADDX1_HVT)
                                                   0.11      4.93 r
  u_ibex_top_u_ibex_core_add_x_479/U72/CO (FADDX1_HVT)
                                                   0.11      5.04 r
  u_ibex_top_u_ibex_core_add_x_479/U43/S (FADDX2_HVT)
                                                   0.22      5.26 f
  U31467/Y (INVX2_HVT)                             0.03      5.29 r
  U3435/Y (NAND4X0_HVT)                            0.10      5.39 f
  U3441/Y (NOR4X1_HVT)                             0.12      5.51 r
  U42471/Y (NAND4X0_HVT)                           0.12      5.62 f
  U31517/Y (INVX2_HVT)                             0.04      5.66 r
  U3444/Y (MUX21X1_HVT)                            0.10      5.77 r
  U3445/Y (NAND2X0_HVT)                            0.04      5.81 f
  U3446/Y (OA22X1_HVT)                             0.07      5.88 f
  U3447/Y (AO221X1_HVT)                            0.09      5.97 f
  U3448/Y (NOR4X1_HVT)                             0.09      6.05 r
  U3449/Y (INVX1_HVT)                              0.02      6.08 f
  U3450/Y (AND2X1_HVT)                             0.04      6.12 f
  U3465/Y (AND2X1_HVT)                             0.05      6.17 f
  U3466/Y (AND2X1_HVT)                             0.05      6.22 f
  U3470/Y (AND2X1_HVT)                             0.04      6.26 f
  U3471/Y (AND3X1_HVT)                             0.06      6.32 f
  U3475/Y (NAND4X0_HVT)                            0.04      6.36 r
  U5408/Y (AO21X1_HVT)                             0.06      6.42 r
  U5409/Y (NAND4X0_HVT)                            0.13      6.55 f
  U5420/Y (NAND2X0_HVT)                            0.08      6.63 r
  U5421/Y (NAND2X0_HVT)                            0.08      6.71 f
  U5422/Y (INVX1_HVT)                              0.02      6.73 r
  U5427/Y (AND4X1_HVT)                             0.10      6.83 r
  U6503/Y (AND2X1_HVT)                             0.07      6.91 r
  U7405/Y (AO21X1_HVT)                             0.05      6.96 r
  U7406/Y (AND4X1_HVT)                             0.10      7.06 r
  U7407/Y (NAND4X0_HVT)                            0.08      7.15 f
  U7408/Y (NAND3X0_HVT)                            0.05      7.19 r
  U7409/Y (NAND3X0_HVT)                            0.11      7.30 f
  U7412/Y (INVX1_HVT)                              0.04      7.35 r
  U7480/Y (NAND2X0_HVT)                            0.09      7.44 f
  U7481/Y (INVX1_HVT)                              0.07      7.50 r
  U7535/Y (NAND3X0_HVT)                            0.10      7.60 f
  U6186/Y (NAND2X0_HVT)                            0.16      7.77 r
  U7567/Y (AO222X1_HVT)                            0.20      7.96 r
  u_ibex_top_u_ibex_core_if_stage_i_gen_prefetch_buffer_prefetch_buffer_i_fifo_i_rdata_q_reg_1__18_/D (DFFX1_HVT)
                                                   0.00      7.96 r
  data arrival time                                          7.96

  clock clk (rise edge)                           10.00     10.00
  clock network delay (ideal)                      0.00     10.00
  u_ibex_top_u_ibex_core_if_stage_i_gen_prefetch_buffer_prefetch_buffer_i_fifo_i_rdata_q_reg_1__18_/CLK (DFFX1_HVT)
                                                   0.00     10.00 r
  clock uncertainty                               -0.10      9.90
  library setup time                              -0.06      9.84
  data required time                                         9.84
  ------------------------------------------------------------------------
  data required time                                         9.84
  data arrival time                                         -7.96
  ------------------------------------------------------------------------
  slack (MET)                                                1.88



  Startpoint: u_ibex_top_u_ibex_core_if_stage_i_instr_rdata_alu_id_o_reg_5_ (rising edge-triggered flip-flop clocked by clk)
  Endpoint: u_ibex_top_u_ibex_core_if_stage_i_gen_prefetch_buffer_prefetch_buffer_i_fifo_i_rdata_q_reg_1__17_ (rising edge-triggered flip-flop clocked by clk)
  Mode: default
  Corner: default
  Scenario: default
  Path Group: clk
  Path Type: max

  Point                                            Incr      Path  
  ------------------------------------------------------------------------
  clock clk (rise edge)                            0.00      0.00
  clock network delay (ideal)                      0.00      0.00

  u_ibex_top_u_ibex_core_if_stage_i_instr_rdata_alu_id_o_reg_5_/CLK (DFFX1_HVT)
                                                   0.00      0.00 r
  u_ibex_top_u_ibex_core_if_stage_i_instr_rdata_alu_id_o_reg_5_/Q (DFFX1_HVT)
                                                   0.22      0.22 f
  U3031/Y (INVX1_HVT)                              0.04      0.26 r
  U3043/Y (AND2X1_HVT)                             0.06      0.32 r
  U3045/Y (AO222X1_HVT)                            0.14      0.46 r
  U3046/Y (AND4X1_HVT)                             0.13      0.59 r
  U3047/Y (OA221X1_HVT)                            0.09      0.67 r
  U3048/Y (AND2X1_HVT)                             0.07      0.74 r
  U3060/Y (AND2X1_HVT)                             0.06      0.80 r
  U3062/Y (AO222X1_HVT)                            0.15      0.95 r
  U3063/Y (OA21X1_HVT)                             0.08      1.02 r
  U3066/Y (NAND2X0_HVT)                            0.07      1.09 f
  U3067/Y (INVX2_HVT)                              0.05      1.15 r
  U44717/Y (AO222X1_HVT)                           0.18      1.32 r
  U7965/Y (NAND2X1_HVT)                            0.21      1.54 f
  U8239/Y (AO22X1_HVT)                             0.09      1.63 f
  U8240/Y (NAND3X0_HVT)                            0.05      1.68 r
  u_ibex_top_u_ibex_core_add_x_479/U44/CO (FADDX1_HVT)
                                                   0.12      1.80 r
  u_ibex_top_u_ibex_core_add_x_479/U45/CO (FADDX1_HVT)
                                                   0.11      1.91 r
  u_ibex_top_u_ibex_core_add_x_479/U46/CO (FADDX1_HVT)
                                                   0.11      2.02 r
  u_ibex_top_u_ibex_core_add_x_479/U40/CO (FADDX2_HVT)
                                                   0.11      2.13 r
  u_ibex_top_u_ibex_core_add_x_479/U42/CO (FADDX1_HVT)
                                                   0.11      2.24 r
  u_ibex_top_u_ibex_core_add_x_479/U47/CO (FADDX2_HVT)
                                                   0.11      2.35 r
  u_ibex_top_u_ibex_core_add_x_479/U48/CO (FADDX1_HVT)
                                                   0.11      2.46 r
  u_ibex_top_u_ibex_core_add_x_479/U49/CO (FADDX1_HVT)
                                                   0.11      2.56 r
  u_ibex_top_u_ibex_core_add_x_479/U50/CO (FADDX1_HVT)
                                                   0.11      2.67 r
  u_ibex_top_u_ibex_core_add_x_479/U51/CO (FADDX2_HVT)
                                                   0.11      2.78 r
  u_ibex_top_u_ibex_core_add_x_479/U52/CO (FADDX1_HVT)
                                                   0.11      2.89 r
  u_ibex_top_u_ibex_core_add_x_479/U53/CO (FADDX1_HVT)
                                                   0.11      3.00 r
  u_ibex_top_u_ibex_core_add_x_479/U54/CO (FADDX1_HVT)
                                                   0.11      3.11 r
  u_ibex_top_u_ibex_core_add_x_479/U55/CO (FADDX1_HVT)
                                                   0.11      3.21 r
  u_ibex_top_u_ibex_core_add_x_479/U56/CO (FADDX1_HVT)
                                                   0.11      3.32 r
  u_ibex_top_u_ibex_core_add_x_479/U57/CO (FADDX1_HVT)
                                                   0.11      3.43 r
  u_ibex_top_u_ibex_core_add_x_479/U58/CO (FADDX1_HVT)
                                                   0.11      3.53 r
  u_ibex_top_u_ibex_core_add_x_479/U59/CO (FADDX1_HVT)
                                                   0.11      3.64 r
  u_ibex_top_u_ibex_core_add_x_479/U60/CO (FADDX1_HVT)
                                                   0.11      3.75 r
  u_ibex_top_u_ibex_core_add_x_479/U61/CO (FADDX1_HVT)
                                                   0.11      3.86 r
  u_ibex_top_u_ibex_core_add_x_479/U62/CO (FADDX1_HVT)
                                                   0.11      3.96 r
  u_ibex_top_u_ibex_core_add_x_479/U63/CO (FADDX1_HVT)
                                                   0.11      4.07 r
  u_ibex_top_u_ibex_core_add_x_479/U64/CO (FADDX1_HVT)
                                                   0.11      4.18 r
  u_ibex_top_u_ibex_core_add_x_479/U65/CO (FADDX1_HVT)
                                                   0.11      4.28 r
  u_ibex_top_u_ibex_core_add_x_479/U66/CO (FADDX1_HVT)
                                                   0.11      4.39 r
  u_ibex_top_u_ibex_core_add_x_479/U67/CO (FADDX1_HVT)
                                                   0.11      4.50 r
  u_ibex_top_u_ibex_core_add_x_479/U68/CO (FADDX1_HVT)
                                                   0.11      4.60 r
  u_ibex_top_u_ibex_core_add_x_479/U69/CO (FADDX1_HVT)
                                                   0.11      4.71 r
  u_ibex_top_u_ibex_core_add_x_479/U70/CO (FADDX2_HVT)
                                                   0.11      4.82 r
  u_ibex_top_u_ibex_core_add_x_479/U71/CO (FADDX1_HVT)
                                                   0.11      4.93 r
  u_ibex_top_u_ibex_core_add_x_479/U72/CO (FADDX1_HVT)
                                                   0.11      5.04 r
  u_ibex_top_u_ibex_core_add_x_479/U43/S (FADDX2_HVT)
                                                   0.22      5.26 f
  U31467/Y (INVX2_HVT)                             0.03      5.29 r
  U3435/Y (NAND4X0_HVT)                            0.10      5.39 f
  U3441/Y (NOR4X1_HVT)                             0.12      5.51 r
  U42471/Y (NAND4X0_HVT)                           0.12      5.62 f
  U31517/Y (INVX2_HVT)                             0.04      5.66 r
  U3444/Y (MUX21X1_HVT)                            0.10      5.77 r
  U3445/Y (NAND2X0_HVT)                            0.04      5.81 f
  U3446/Y (OA22X1_HVT)                             0.07      5.88 f
  U3447/Y (AO221X1_HVT)                            0.09      5.97 f
  U3448/Y (NOR4X1_HVT)                             0.09      6.05 r
  U3449/Y (INVX1_HVT)                              0.02      6.08 f
  U3450/Y (AND2X1_HVT)                             0.04      6.12 f
  U3465/Y (AND2X1_HVT)                             0.05      6.17 f
  U3466/Y (AND2X1_HVT)                             0.05      6.22 f
  U3470/Y (AND2X1_HVT)                             0.04      6.26 f
  U3471/Y (AND3X1_HVT)                             0.06      6.32 f
  U3475/Y (NAND4X0_HVT)                            0.04      6.36 r
  U5408/Y (AO21X1_HVT)                             0.06      6.42 r
  U5409/Y (NAND4X0_HVT)                            0.13      6.55 f
  U5420/Y (NAND2X0_HVT)                            0.08      6.63 r
  U5421/Y (NAND2X0_HVT)                            0.08      6.71 f
  U5422/Y (INVX1_HVT)                              0.02      6.73 r
  U5427/Y (AND4X1_HVT)                             0.10      6.83 r
  U6503/Y (AND2X1_HVT)                             0.07      6.91 r
  U7405/Y (AO21X1_HVT)                             0.05      6.96 r
  U7406/Y (AND4X1_HVT)                             0.10      7.06 r
  U7407/Y (NAND4X0_HVT)                            0.08      7.15 f
  U7408/Y (NAND3X0_HVT)                            0.05      7.19 r
  U7409/Y (NAND3X0_HVT)                            0.11      7.30 f
  U7412/Y (INVX1_HVT)                              0.04      7.35 r
  U7480/Y (NAND2X0_HVT)                            0.09      7.44 f
  U7481/Y (INVX1_HVT)                              0.07      7.50 r
  U7535/Y (NAND3X0_HVT)                            0.10      7.60 f
  U6186/Y (NAND2X0_HVT)                            0.16      7.77 r
  U7565/Y (AO222X1_HVT)                            0.20      7.96 r
  u_ibex_top_u_ibex_core_if_stage_i_gen_prefetch_buffer_prefetch_buffer_i_fifo_i_rdata_q_reg_1__17_/D (DFFX1_HVT)
                                                   0.00      7.96 r
  data arrival time                                          7.96

  clock clk (rise edge)                           10.00     10.00
  clock network delay (ideal)                      0.00     10.00
  u_ibex_top_u_ibex_core_if_stage_i_gen_prefetch_buffer_prefetch_buffer_i_fifo_i_rdata_q_reg_1__17_/CLK (DFFX1_HVT)
                                                   0.00     10.00 r
  clock uncertainty                               -0.10      9.90
  library setup time                              -0.06      9.84
  data required time                                         9.84
  ------------------------------------------------------------------------
  data required time                                         9.84
  data arrival time                                         -7.96
  ------------------------------------------------------------------------
  slack (MET)                                                1.88



  Startpoint: u_ibex_top_u_ibex_core_if_stage_i_instr_rdata_alu_id_o_reg_5_ (rising edge-triggered flip-flop clocked by clk)
  Endpoint: u_ibex_top_u_ibex_core_if_stage_i_gen_prefetch_buffer_prefetch_buffer_i_fifo_i_rdata_q_reg_1__16_ (rising edge-triggered flip-flop clocked by clk)
  Mode: default
  Corner: default
  Scenario: default
  Path Group: clk
  Path Type: max

  Point                                            Incr      Path  
  ------------------------------------------------------------------------
  clock clk (rise edge)                            0.00      0.00
  clock network delay (ideal)                      0.00      0.00

  u_ibex_top_u_ibex_core_if_stage_i_instr_rdata_alu_id_o_reg_5_/CLK (DFFX1_HVT)
                                                   0.00      0.00 r
  u_ibex_top_u_ibex_core_if_stage_i_instr_rdata_alu_id_o_reg_5_/Q (DFFX1_HVT)
                                                   0.22      0.22 f
  U3031/Y (INVX1_HVT)                              0.04      0.26 r
  U3043/Y (AND2X1_HVT)                             0.06      0.32 r
  U3045/Y (AO222X1_HVT)                            0.14      0.46 r
  U3046/Y (AND4X1_HVT)                             0.13      0.59 r
  U3047/Y (OA221X1_HVT)                            0.09      0.67 r
  U3048/Y (AND2X1_HVT)                             0.07      0.74 r
  U3060/Y (AND2X1_HVT)                             0.06      0.80 r
  U3062/Y (AO222X1_HVT)                            0.15      0.95 r
  U3063/Y (OA21X1_HVT)                             0.08      1.02 r
  U3066/Y (NAND2X0_HVT)                            0.07      1.09 f
  U3067/Y (INVX2_HVT)                              0.05      1.15 r
  U44717/Y (AO222X1_HVT)                           0.18      1.32 r
  U7965/Y (NAND2X1_HVT)                            0.21      1.54 f
  U8239/Y (AO22X1_HVT)                             0.09      1.63 f
  U8240/Y (NAND3X0_HVT)                            0.05      1.68 r
  u_ibex_top_u_ibex_core_add_x_479/U44/CO (FADDX1_HVT)
                                                   0.12      1.80 r
  u_ibex_top_u_ibex_core_add_x_479/U45/CO (FADDX1_HVT)
                                                   0.11      1.91 r
  u_ibex_top_u_ibex_core_add_x_479/U46/CO (FADDX1_HVT)
                                                   0.11      2.02 r
  u_ibex_top_u_ibex_core_add_x_479/U40/CO (FADDX2_HVT)
                                                   0.11      2.13 r
  u_ibex_top_u_ibex_core_add_x_479/U42/CO (FADDX1_HVT)
                                                   0.11      2.24 r
  u_ibex_top_u_ibex_core_add_x_479/U47/CO (FADDX2_HVT)
                                                   0.11      2.35 r
  u_ibex_top_u_ibex_core_add_x_479/U48/CO (FADDX1_HVT)
                                                   0.11      2.46 r
  u_ibex_top_u_ibex_core_add_x_479/U49/CO (FADDX1_HVT)
                                                   0.11      2.56 r
  u_ibex_top_u_ibex_core_add_x_479/U50/CO (FADDX1_HVT)
                                                   0.11      2.67 r
  u_ibex_top_u_ibex_core_add_x_479/U51/CO (FADDX2_HVT)
                                                   0.11      2.78 r
  u_ibex_top_u_ibex_core_add_x_479/U52/CO (FADDX1_HVT)
                                                   0.11      2.89 r
  u_ibex_top_u_ibex_core_add_x_479/U53/CO (FADDX1_HVT)
                                                   0.11      3.00 r
  u_ibex_top_u_ibex_core_add_x_479/U54/CO (FADDX1_HVT)
                                                   0.11      3.11 r
  u_ibex_top_u_ibex_core_add_x_479/U55/CO (FADDX1_HVT)
                                                   0.11      3.21 r
  u_ibex_top_u_ibex_core_add_x_479/U56/CO (FADDX1_HVT)
                                                   0.11      3.32 r
  u_ibex_top_u_ibex_core_add_x_479/U57/CO (FADDX1_HVT)
                                                   0.11      3.43 r
  u_ibex_top_u_ibex_core_add_x_479/U58/CO (FADDX1_HVT)
                                                   0.11      3.53 r
  u_ibex_top_u_ibex_core_add_x_479/U59/CO (FADDX1_HVT)
                                                   0.11      3.64 r
  u_ibex_top_u_ibex_core_add_x_479/U60/CO (FADDX1_HVT)
                                                   0.11      3.75 r
  u_ibex_top_u_ibex_core_add_x_479/U61/CO (FADDX1_HVT)
                                                   0.11      3.86 r
  u_ibex_top_u_ibex_core_add_x_479/U62/CO (FADDX1_HVT)
                                                   0.11      3.96 r
  u_ibex_top_u_ibex_core_add_x_479/U63/CO (FADDX1_HVT)
                                                   0.11      4.07 r
  u_ibex_top_u_ibex_core_add_x_479/U64/CO (FADDX1_HVT)
                                                   0.11      4.18 r
  u_ibex_top_u_ibex_core_add_x_479/U65/CO (FADDX1_HVT)
                                                   0.11      4.28 r
  u_ibex_top_u_ibex_core_add_x_479/U66/CO (FADDX1_HVT)
                                                   0.11      4.39 r
  u_ibex_top_u_ibex_core_add_x_479/U67/CO (FADDX1_HVT)
                                                   0.11      4.50 r
  u_ibex_top_u_ibex_core_add_x_479/U68/CO (FADDX1_HVT)
                                                   0.11      4.60 r
  u_ibex_top_u_ibex_core_add_x_479/U69/CO (FADDX1_HVT)
                                                   0.11      4.71 r
  u_ibex_top_u_ibex_core_add_x_479/U70/CO (FADDX2_HVT)
                                                   0.11      4.82 r
  u_ibex_top_u_ibex_core_add_x_479/U71/CO (FADDX1_HVT)
                                                   0.11      4.93 r
  u_ibex_top_u_ibex_core_add_x_479/U72/CO (FADDX1_HVT)
                                                   0.11      5.04 r
  u_ibex_top_u_ibex_core_add_x_479/U43/S (FADDX2_HVT)
                                                   0.22      5.26 f
  U31467/Y (INVX2_HVT)                             0.03      5.29 r
  U3435/Y (NAND4X0_HVT)                            0.10      5.39 f
  U3441/Y (NOR4X1_HVT)                             0.12      5.51 r
  U42471/Y (NAND4X0_HVT)                           0.12      5.62 f
  U31517/Y (INVX2_HVT)                             0.04      5.66 r
  U3444/Y (MUX21X1_HVT)                            0.10      5.77 r
  U3445/Y (NAND2X0_HVT)                            0.04      5.81 f
  U3446/Y (OA22X1_HVT)                             0.07      5.88 f
  U3447/Y (AO221X1_HVT)                            0.09      5.97 f
  U3448/Y (NOR4X1_HVT)                             0.09      6.05 r
  U3449/Y (INVX1_HVT)                              0.02      6.08 f
  U3450/Y (AND2X1_HVT)                             0.04      6.12 f
  U3465/Y (AND2X1_HVT)                             0.05      6.17 f
  U3466/Y (AND2X1_HVT)                             0.05      6.22 f
  U3470/Y (AND2X1_HVT)                             0.04      6.26 f
  U3471/Y (AND3X1_HVT)                             0.06      6.32 f
  U3475/Y (NAND4X0_HVT)                            0.04      6.36 r
  U5408/Y (AO21X1_HVT)                             0.06      6.42 r
  U5409/Y (NAND4X0_HVT)                            0.13      6.55 f
  U5420/Y (NAND2X0_HVT)                            0.08      6.63 r
  U5421/Y (NAND2X0_HVT)                            0.08      6.71 f
  U5422/Y (INVX1_HVT)                              0.02      6.73 r
  U5427/Y (AND4X1_HVT)                             0.10      6.83 r
  U6503/Y (AND2X1_HVT)                             0.07      6.91 r
  U7405/Y (AO21X1_HVT)                             0.05      6.96 r
  U7406/Y (AND4X1_HVT)                             0.10      7.06 r
  U7407/Y (NAND4X0_HVT)                            0.08      7.15 f
  U7408/Y (NAND3X0_HVT)                            0.05      7.19 r
  U7409/Y (NAND3X0_HVT)                            0.11      7.30 f
  U7412/Y (INVX1_HVT)                              0.04      7.35 r
  U7480/Y (NAND2X0_HVT)                            0.09      7.44 f
  U7481/Y (INVX1_HVT)                              0.07      7.50 r
  U7535/Y (NAND3X0_HVT)                            0.10      7.60 f
  U6186/Y (NAND2X0_HVT)                            0.16      7.77 r
  U7563/Y (AO222X1_HVT)                            0.20      7.96 r
  u_ibex_top_u_ibex_core_if_stage_i_gen_prefetch_buffer_prefetch_buffer_i_fifo_i_rdata_q_reg_1__16_/D (DFFX1_HVT)
                                                   0.00      7.96 r
  data arrival time                                          7.96

  clock clk (rise edge)                           10.00     10.00
  clock network delay (ideal)                      0.00     10.00
  u_ibex_top_u_ibex_core_if_stage_i_gen_prefetch_buffer_prefetch_buffer_i_fifo_i_rdata_q_reg_1__16_/CLK (DFFX1_HVT)
                                                   0.00     10.00 r
  clock uncertainty                               -0.10      9.90
  library setup time                              -0.06      9.84
  data required time                                         9.84
  ------------------------------------------------------------------------
  data required time                                         9.84
  data arrival time                                         -7.96
  ------------------------------------------------------------------------
  slack (MET)                                                1.88



  Startpoint: u_ibex_top_u_ibex_core_if_stage_i_instr_rdata_alu_id_o_reg_5_ (rising edge-triggered flip-flop clocked by clk)
  Endpoint: u_ibex_top_u_ibex_core_if_stage_i_gen_prefetch_buffer_prefetch_buffer_i_fifo_i_rdata_q_reg_1__12_ (rising edge-triggered flip-flop clocked by clk)
  Mode: default
  Corner: default
  Scenario: default
  Path Group: clk
  Path Type: max

  Point                                            Incr      Path  
  ------------------------------------------------------------------------
  clock clk (rise edge)                            0.00      0.00
  clock network delay (ideal)                      0.00      0.00

  u_ibex_top_u_ibex_core_if_stage_i_instr_rdata_alu_id_o_reg_5_/CLK (DFFX1_HVT)
                                                   0.00      0.00 r
  u_ibex_top_u_ibex_core_if_stage_i_instr_rdata_alu_id_o_reg_5_/Q (DFFX1_HVT)
                                                   0.22      0.22 f
  U3031/Y (INVX1_HVT)                              0.04      0.26 r
  U3043/Y (AND2X1_HVT)                             0.06      0.32 r
  U3045/Y (AO222X1_HVT)                            0.14      0.46 r
  U3046/Y (AND4X1_HVT)                             0.13      0.59 r
  U3047/Y (OA221X1_HVT)                            0.09      0.67 r
  U3048/Y (AND2X1_HVT)                             0.07      0.74 r
  U3060/Y (AND2X1_HVT)                             0.06      0.80 r
  U3062/Y (AO222X1_HVT)                            0.15      0.95 r
  U3063/Y (OA21X1_HVT)                             0.08      1.02 r
  U3066/Y (NAND2X0_HVT)                            0.07      1.09 f
  U3067/Y (INVX2_HVT)                              0.05      1.15 r
  U44717/Y (AO222X1_HVT)                           0.18      1.32 r
  U7965/Y (NAND2X1_HVT)                            0.21      1.54 f
  U8239/Y (AO22X1_HVT)                             0.09      1.63 f
  U8240/Y (NAND3X0_HVT)                            0.05      1.68 r
  u_ibex_top_u_ibex_core_add_x_479/U44/CO (FADDX1_HVT)
                                                   0.12      1.80 r
  u_ibex_top_u_ibex_core_add_x_479/U45/CO (FADDX1_HVT)
                                                   0.11      1.91 r
  u_ibex_top_u_ibex_core_add_x_479/U46/CO (FADDX1_HVT)
                                                   0.11      2.02 r
  u_ibex_top_u_ibex_core_add_x_479/U40/CO (FADDX2_HVT)
                                                   0.11      2.13 r
  u_ibex_top_u_ibex_core_add_x_479/U42/CO (FADDX1_HVT)
                                                   0.11      2.24 r
  u_ibex_top_u_ibex_core_add_x_479/U47/CO (FADDX2_HVT)
                                                   0.11      2.35 r
  u_ibex_top_u_ibex_core_add_x_479/U48/CO (FADDX1_HVT)
                                                   0.11      2.46 r
  u_ibex_top_u_ibex_core_add_x_479/U49/CO (FADDX1_HVT)
                                                   0.11      2.56 r
  u_ibex_top_u_ibex_core_add_x_479/U50/CO (FADDX1_HVT)
                                                   0.11      2.67 r
  u_ibex_top_u_ibex_core_add_x_479/U51/CO (FADDX2_HVT)
                                                   0.11      2.78 r
  u_ibex_top_u_ibex_core_add_x_479/U52/CO (FADDX1_HVT)
                                                   0.11      2.89 r
  u_ibex_top_u_ibex_core_add_x_479/U53/CO (FADDX1_HVT)
                                                   0.11      3.00 r
  u_ibex_top_u_ibex_core_add_x_479/U54/CO (FADDX1_HVT)
                                                   0.11      3.11 r
  u_ibex_top_u_ibex_core_add_x_479/U55/CO (FADDX1_HVT)
                                                   0.11      3.21 r
  u_ibex_top_u_ibex_core_add_x_479/U56/CO (FADDX1_HVT)
                                                   0.11      3.32 r
  u_ibex_top_u_ibex_core_add_x_479/U57/CO (FADDX1_HVT)
                                                   0.11      3.43 r
  u_ibex_top_u_ibex_core_add_x_479/U58/CO (FADDX1_HVT)
                                                   0.11      3.53 r
  u_ibex_top_u_ibex_core_add_x_479/U59/CO (FADDX1_HVT)
                                                   0.11      3.64 r
  u_ibex_top_u_ibex_core_add_x_479/U60/CO (FADDX1_HVT)
                                                   0.11      3.75 r
  u_ibex_top_u_ibex_core_add_x_479/U61/CO (FADDX1_HVT)
                                                   0.11      3.86 r
  u_ibex_top_u_ibex_core_add_x_479/U62/CO (FADDX1_HVT)
                                                   0.11      3.96 r
  u_ibex_top_u_ibex_core_add_x_479/U63/CO (FADDX1_HVT)
                                                   0.11      4.07 r
  u_ibex_top_u_ibex_core_add_x_479/U64/CO (FADDX1_HVT)
                                                   0.11      4.18 r
  u_ibex_top_u_ibex_core_add_x_479/U65/CO (FADDX1_HVT)
                                                   0.11      4.28 r
  u_ibex_top_u_ibex_core_add_x_479/U66/CO (FADDX1_HVT)
                                                   0.11      4.39 r
  u_ibex_top_u_ibex_core_add_x_479/U67/CO (FADDX1_HVT)
                                                   0.11      4.50 r
  u_ibex_top_u_ibex_core_add_x_479/U68/CO (FADDX1_HVT)
                                                   0.11      4.60 r
  u_ibex_top_u_ibex_core_add_x_479/U69/CO (FADDX1_HVT)
                                                   0.11      4.71 r
  u_ibex_top_u_ibex_core_add_x_479/U70/CO (FADDX2_HVT)
                                                   0.11      4.82 r
  u_ibex_top_u_ibex_core_add_x_479/U71/CO (FADDX1_HVT)
                                                   0.11      4.93 r
  u_ibex_top_u_ibex_core_add_x_479/U72/CO (FADDX1_HVT)
                                                   0.11      5.04 r
  u_ibex_top_u_ibex_core_add_x_479/U43/S (FADDX2_HVT)
                                                   0.22      5.26 f
  U31467/Y (INVX2_HVT)                             0.03      5.29 r
  U3435/Y (NAND4X0_HVT)                            0.10      5.39 f
  U3441/Y (NOR4X1_HVT)                             0.12      5.51 r
  U42471/Y (NAND4X0_HVT)                           0.12      5.62 f
  U31517/Y (INVX2_HVT)                             0.04      5.66 r
  U3444/Y (MUX21X1_HVT)                            0.10      5.77 r
  U3445/Y (NAND2X0_HVT)                            0.04      5.81 f
  U3446/Y (OA22X1_HVT)                             0.07      5.88 f
  U3447/Y (AO221X1_HVT)                            0.09      5.97 f
  U3448/Y (NOR4X1_HVT)                             0.09      6.05 r
  U3449/Y (INVX1_HVT)                              0.02      6.08 f
  U3450/Y (AND2X1_HVT)                             0.04      6.12 f
  U3465/Y (AND2X1_HVT)                             0.05      6.17 f
  U3466/Y (AND2X1_HVT)                             0.05      6.22 f
  U3470/Y (AND2X1_HVT)                             0.04      6.26 f
  U3471/Y (AND3X1_HVT)                             0.06      6.32 f
  U3475/Y (NAND4X0_HVT)                            0.04      6.36 r
  U5408/Y (AO21X1_HVT)                             0.06      6.42 r
  U5409/Y (NAND4X0_HVT)                            0.13      6.55 f
  U5420/Y (NAND2X0_HVT)                            0.08      6.63 r
  U5421/Y (NAND2X0_HVT)                            0.08      6.71 f
  U5422/Y (INVX1_HVT)                              0.02      6.73 r
  U5427/Y (AND4X1_HVT)                             0.10      6.83 r
  U6503/Y (AND2X1_HVT)                             0.07      6.91 r
  U7405/Y (AO21X1_HVT)                             0.05      6.96 r
  U7406/Y (AND4X1_HVT)                             0.10      7.06 r
  U7407/Y (NAND4X0_HVT)                            0.08      7.15 f
  U7408/Y (NAND3X0_HVT)                            0.05      7.19 r
  U7409/Y (NAND3X0_HVT)                            0.11      7.30 f
  U7412/Y (INVX1_HVT)                              0.04      7.35 r
  U7480/Y (NAND2X0_HVT)                            0.09      7.44 f
  U7481/Y (INVX1_HVT)                              0.07      7.50 r
  U7535/Y (NAND3X0_HVT)                            0.10      7.60 f
  U6186/Y (NAND2X0_HVT)                            0.16      7.77 r
  U7559/Y (AO222X1_HVT)                            0.20      7.96 r
  u_ibex_top_u_ibex_core_if_stage_i_gen_prefetch_buffer_prefetch_buffer_i_fifo_i_rdata_q_reg_1__12_/D (DFFX1_HVT)
                                                   0.00      7.96 r
  data arrival time                                          7.96

  clock clk (rise edge)                           10.00     10.00
  clock network delay (ideal)                      0.00     10.00
  u_ibex_top_u_ibex_core_if_stage_i_gen_prefetch_buffer_prefetch_buffer_i_fifo_i_rdata_q_reg_1__12_/CLK (DFFX1_HVT)
                                                   0.00     10.00 r
  clock uncertainty                               -0.10      9.90
  library setup time                              -0.06      9.84
  data required time                                         9.84
  ------------------------------------------------------------------------
  data required time                                         9.84
  data arrival time                                         -7.96
  ------------------------------------------------------------------------
  slack (MET)                                                1.88


1
