Cell Min-Routing-Layer = M1
Cell Max-Routing-Layer = M8
Turn off antenna since no rule is specified
Information: Option route.detail.force_end_on_preferred_grid will be ignored since none of the layers have preferred grid. (ZRT-703)
Warning: Cannot find a default contact code for layer CO. (ZRT-022)
Warning: Port VDD of cell ibex_mini_soc_top is unplaced.  This may impact routing result. (ZRT-740)
Warning: Port VSS of cell ibex_mini_soc_top is unplaced.  This may impact routing result. (ZRT-740)
Warning: Ignore 2 top cell ports with no pins. (ZRT-027)
Info: number of net_type_blockage: 0 
Information: Via ladder engine would be activated for pattern must join connection in certain commands. Please refer to man-page for the command list. (ZRT-619)
Information: When applicable Min-max layer allow_pin_connection mode will allow paths of length 5.32 outside the layer range. (ZRT-707)
Information: When applicable Min-max layer allow_pin_connection mode will allow paths of length 5.32 outside the layer range on clock nets. (ZRT-718)
Information: When applicable layer based tapering will taper up to 0.00 in distance from the pin. (ZRT-706)
Warning: Standard cell pin MUX41X2_HVT/S0 has no valid via regions. (ZRT-044)


Start checking for open nets ... 

Total number of nets = 118261, of which 0 are not extracted
Total number of open nets = 0, of which 0 are frozen

Check 118261 nets, 0 have Errors

[CHECK OPEN NETS] Elapsed real time: 0:00:00 
[CHECK OPEN NETS] Elapsed cpu  time: sys=0:00:00 usr=0:00:00 total=0:00:00
[CHECK OPEN NETS] Stage (MB): Used    0  Alloctr    0  Proc    0 
[CHECK OPEN NETS] Total (MB): Used  268  Alloctr  270  Proc 5250 
Printing options for 'route.common.*'

Printing options for 'route.detail.*'
detail.antenna                                          :	 true                

Printing options for 'route.auto_via_ladder.*'


Begin full DRC check ...

Information: Using 1 threads for routing. (ZRT-444)
Checked	1/196 Partitions, Violations =	0
Checked	7/196 Partitions, Violations =	0
Checked	14/196 Partitions, Violations =	0
Checked	21/196 Partitions, Violations =	0
Checked	28/196 Partitions, Violations =	0
Checked	35/196 Partitions, Violations =	2
Checked	42/196 Partitions, Violations =	2
Checked	49/196 Partitions, Violations =	6
Checked	56/196 Partitions, Violations =	6
Checked	63/196 Partitions, Violations =	6
Checked	70/196 Partitions, Violations =	6
Checked	77/196 Partitions, Violations =	6
Checked	84/196 Partitions, Violations =	6
Checked	91/196 Partitions, Violations =	6
Checked	98/196 Partitions, Violations =	6
Checked	105/196 Partitions, Violations =	6
Checked	112/196 Partitions, Violations =	6
Checked	119/196 Partitions, Violations =	6
Checked	126/196 Partitions, Violations =	6
Checked	133/196 Partitions, Violations =	33
Checked	140/196 Partitions, Violations =	33
Checked	147/196 Partitions, Violations =	33
Checked	154/196 Partitions, Violations =	33
Checked	161/196 Partitions, Violations =	35
Checked	168/196 Partitions, Violations =	35
Checked	175/196 Partitions, Violations =	35
Checked	182/196 Partitions, Violations =	35
Checked	189/196 Partitions, Violations =	36
Checked	196/196 Partitions, Violations =	36
[DRC CHECK] Elapsed real time: 0:00:48 
[DRC CHECK] Elapsed cpu  time: sys=0:00:00 usr=0:00:48 total=0:00:49
[DRC CHECK] Stage (MB): Used    1  Alloctr    2  Proc  172 
[DRC CHECK] Total (MB): Used  376  Alloctr  379  Proc 5503 
Warning: No antenna rules defined, Skip antenna analysis. (ZRT-309)

DRC-SUMMARY:
	@@@@@@@ TOTAL VIOLATIONS =	36
	Diff net spacing : 2
	Off-grid : 34


Total Wire Length =                    3483675 micron
Total Number of Contacts =             1162541
Total Number of Wires =                1104865
Total Number of PtConns =              199393
Total Number of Routed Wires =       1104375
Total Routed Wire Length =           3462289 micron
Total Number of Routed Contacts =       1162541
	Layer                 M1 :      61099 micron
	Layer                 M2 :    1028717 micron
	Layer                 M3 :    1059702 micron
	Layer                 M4 :     495749 micron
	Layer                 M5 :     538267 micron
	Layer                 M6 :     138479 micron
	Layer                 M7 :     136138 micron
	Layer                 M8 :       4138 micron
	Layer                 M9 :          0 micron
	Layer               MRDL :          0 micron
	Via            VIA78SQ_C :         64
	Via       VIA67SQ_C(rot) :       3966
	Via            VIA56SQ_C :       7549
	Via       VIA45SQ_C(rot) :      67050
	Via            VIA34SQ_C :      89712
	Via       VIA34SQ_C(rot) :        305
	Via            VIA23SQ_C :       5873
	Via       VIA23SQ_C(rot) :     505719
	Via            VIA12SQ_C :     472431
	Via       VIA12SQ_C(rot) :       9706
	Via        VIA12SQ_C_2x1 :         73
	Via   VIA12SQ_C(rot)_2x1 :         12
	Via        VIA12SQ_C_1x2 :         19
	Via          VIA12SQ_2x1 :         12
	Via     VIA12SQ(rot)_2x1 :         35
	Via          VIA12SQ_1x2 :         15

 
Redundant via conversion report:
--------------------------------

  Total optimized via conversion rate =  0.01% (166 / 1162541 vias)
 
    Layer VIA1       =  0.03% (166    / 482303  vias)
        Weight 1     =  0.03% (166     vias)
        Un-optimized =  0.00% (0       vias)
        Un-mapped    = 99.97% (482137  vias)
    Layer VIA2       =  0.00% (0      / 511592  vias)
        Un-optimized =  0.00% (0       vias)
        Un-mapped    = 100.00% (511592  vias)
    Layer VIA3       =  0.00% (0      / 90017   vias)
        Un-optimized =  0.00% (0       vias)
        Un-mapped    = 100.00% (90017   vias)
    Layer VIA4       =  0.00% (0      / 67050   vias)
        Un-optimized =  0.00% (0       vias)
        Un-mapped    = 100.00% (67050   vias)
    Layer VIA5       =  0.00% (0      / 7549    vias)
        Un-optimized =  0.00% (0       vias)
        Un-mapped    = 100.00% (7549    vias)
    Layer VIA6       =  0.00% (0      / 3966    vias)
        Un-optimized =  0.00% (0       vias)
        Un-mapped    = 100.00% (3966    vias)
    Layer VIA7       =  0.00% (0      / 64      vias)
        Un-optimized =  0.00% (0       vias)
        Un-mapped    = 100.00% (64      vias)
 
  Total double via conversion rate    =  0.01% (166 / 1162541 vias)
 
    Layer VIA1       =  0.03% (166    / 482303  vias)
    Layer VIA2       =  0.00% (0      / 511592  vias)
    Layer VIA3       =  0.00% (0      / 90017   vias)
    Layer VIA4       =  0.00% (0      / 67050   vias)
    Layer VIA5       =  0.00% (0      / 7549    vias)
    Layer VIA6       =  0.00% (0      / 3966    vias)
    Layer VIA7       =  0.00% (0      / 64      vias)
 
  The optimized via conversion rate based on total routed via count =  0.01% (166 / 1162541 vias)
 
    Layer VIA1       =  0.03% (166    / 482303  vias)
        Weight 1     =  0.03% (166     vias)
        Un-optimized =  0.00% (0       vias)
        Un-mapped    = 99.97% (482137  vias)
    Layer VIA2       =  0.00% (0      / 511592  vias)
        Un-optimized =  0.00% (0       vias)
        Un-mapped    = 100.00% (511592  vias)
    Layer VIA3       =  0.00% (0      / 90017   vias)
        Un-optimized =  0.00% (0       vias)
        Un-mapped    = 100.00% (90017   vias)
    Layer VIA4       =  0.00% (0      / 67050   vias)
        Un-optimized =  0.00% (0       vias)
        Un-mapped    = 100.00% (67050   vias)
    Layer VIA5       =  0.00% (0      / 7549    vias)
        Un-optimized =  0.00% (0       vias)
        Un-mapped    = 100.00% (7549    vias)
    Layer VIA6       =  0.00% (0      / 3966    vias)
        Un-optimized =  0.00% (0       vias)
        Un-mapped    = 100.00% (3966    vias)
    Layer VIA7       =  0.00% (0      / 64      vias)
        Un-optimized =  0.00% (0       vias)
        Un-mapped    = 100.00% (64      vias)
 


Verify Summary:

Total number of nets = 118261, of which 0 are not extracted
Total number of open nets = 0, of which 0 are frozen
Total number of excluded ports = 0 ports of 0 unplaced cells connected to 0 nets
                                 0 ports without pins of 0 cells connected to 0 nets
                                 0 ports of 0 cover cells connected to 0 non-pg nets
Total number of DRCs = 36
Total number of antenna violations = no antenna rules defined
Total number of tie to rail violations = not checked
Total number of tie to rail directly violations = not checked


