*****************************************************************
**********Net VDD Connectivity Stats**************************
*****************************************************************

  Number of disjoint networks: 1

  **************(main network)***********
    Number of wires: 329
    Number of vias: 8613
    Number of std cells: 117642
    Number of hard macros: 0
    Number of I/O pads: 0
    Number of terminals: 8
    Number of hierarchical blocks: 0
  ***************************************

  Number of floating std cells: 0
    

  *********************************

  Number of floating hard macros: 0
    

  *********************************

  Number of floating I/O pads: 0
    

  *********************************

  Number of floating terminals: 0


  *********************************

  Number of floating hierarchical blocks: 0
    

  *********************************

  Number of std cells with unconnected port: 0
    

  *********************************

  Number of hard macros with unconnected port: 0
    

  *********************************

  Number of I/O pads with unconnected port: 0
    

  *********************************

  Number of std cells with unconnected port: 0
    


***********End of Net VDD***********

*****************************************************************
**********Net VSS Connectivity Stats**************************
*****************************************************************

  Number of disjoint networks: 2

  **************(main network)***********
    Number of wires: 326
    Number of vias: 8357
    Number of std cells: 117335
    Number of hard macros: 0
    Number of I/O pads: 0
    Number of terminals: 8
    Number of hierarchical blocks: 0
  ***************************************

  *****sub-network 1*****************
    Number of wires: 1
    Number of vias: 0
    Number of terminals: 0
    Number of std cells: 307
      U75947, u_imem_mem_reg_61__19_, u_imem_mem_reg_58__27_, u_imem_mem_reg_298__6_, u_imem_mem_reg_357__0_, u_imem_mem_reg_269__9_, U75565, U75940, u_imem_mem_reg_61__28_, u_imem_mem_reg_61__27_, U62363, u_imem_mem_reg_61__21_, U62233, u_imem_mem_reg_58__30_, U62361, u_imem_mem_reg_357__1_, u_imem_mem_reg_374__12_, U62273, u_imem_mem_reg_269__2_, u_imem_mem_reg_346__11_, ZBUF_33_inst_2851, u_imem_mem_reg_370__10_, U78749, U78756, u_imem_mem_reg_297__23_, U16982, U67813, U54761, u_imem_mem_reg_73__22_, U54763, U54765, U79102, u_imem_mem_reg_73__17_, U53644, u_imem_mem_reg_285__3_, U66499, U15639, U66501, U78746, u_imem_mem_reg_357__3_, U54119, U54135, U15818, U55917, u_imem_mem_reg_373__24_, U48170, U63219, U48341, u_imem_mem_reg_357__9_, u_imem_mem_reg_370__9_, U27488, u_imem_mem_reg_357__4_, U55608, U55602, U55588, U18108, U55450, u_imem_mem_reg_361__13_, U52140, u_imem_mem_reg_297__11_, u_imem_mem_reg_297__5_, u_imem_mem_reg_109__20_, u_imem_mem_reg_281__13_, u_imem_mem_reg_281__5_, U68654, u_imem_mem_reg_109__26_, u_imem_mem_reg_361__3_, u_imem_mem_reg_361__4_, U62229, u_imem_mem_reg_381__14_, U10729, U69245, U69004, U68994, u_imem_mem_reg_325__16_, U51625, U65987, u_imem_mem_reg_325__19_, u_imem_mem_reg_282__8_, U76731, U52773, U52780, U52782, U52787, U52991, U53469, u_imem_mem_reg_361__5_, U51984, U76381, U76383, U52132, U52315, u_imem_mem_reg_73__28_, u_imem_mem_reg_361__10_, U52137, U65869, u_imem_mem_reg_10__29_, u_imem_mem_reg_345__29_, u_imem_mem_reg_313__1_, U15730, ZBUF_307_inst_4336, U18056, u_imem_mem_reg_345__26_, U75218, u_imem_mem_reg_261__11_, u_imem_mem_reg_26__26_, U62680, U71137, U71484, U65808, U48131, U55447, U62551, U74780, u_imem_mem_reg_117__25_, u_imem_mem_reg_313__20_, U75476, u_imem_mem_reg_57__25_, ZCTSINV_1128719_1288, U70414, ZBUF_557_inst_2543, ZBUF_315_inst_2561, ZCTSBUF_1042746_1334, U75475, u_imem_mem_reg_41__26_, u_imem_mem_reg_365__9_, u_imem_mem_reg_298__8_, u_imem_mem_reg_341__3_, U71920, u_imem_mem_reg_13__10_, u_imem_mem_reg_41__24_, U72391, U71927, U73084, U63336, U63329, u_imem_mem_reg_266__12_, U64527, u_imem_mem_reg_313__28_, U64537, U62687, U73825, U71918, U71231, U71835, U71833, U71222, u_imem_mem_reg_261__12_, u_imem_mem_reg_313__18_, U64684, u_imem_mem_reg_29__21_, U71571, U68177, u_imem_mem_reg_117__30_, u_imem_mem_reg_117__31_, U64678, u_imem_mem_reg_117__28_, u_imem_mem_reg_313__8_, u_imem_mem_reg_317__4_, U64532, U71139, U53627, U10755, u_imem_mem_reg_293__19_, U62577, u_imem_mem_reg_361__23_, u_imem_mem_reg_109__17_, U64536, U64535, U53649, U62690, u_imem_mem_reg_109__10_, U53648, U53647, U15632, U64534, U78397, U54141, u_imem_mem_reg_109__5_, U78399, U48246, U78492, U78494, U74785, u_imem_mem_reg_325__0_, U48249, U68653, U48303, u_imem_mem_reg_90__31_, U75951, u_imem_mem_reg_106__29_, U75121, u_imem_mem_reg_277__13_, u_imem_mem_reg_58__28_, U67698, u_imem_mem_reg_345__15_, U62573, u_imem_mem_reg_114__5_, U62572, U48094, U66508, U56052, U78396, U48151, U51343, U15727, U76286, u_imem_mem_reg_357__11_, U69344, U74777, U73086, U63335, U65884, U52310, u_imem_mem_reg_317__10_, U51795, U52321, u_imem_mem_reg_106__21_, u_imem_mem_reg_365__11_, U64721, U64065, U64035, ZBUF_948_inst_5877, U52101, U64068, U72649, U73002, U65872, U64066, U55442, u_imem_mem_reg_298__10_, U64525, U52786, u_imem_mem_reg_58__31_, U65996, U52802, U56243, U68656, u_imem_mem_reg_118__29_, U52803, U52990, U68543, U52322, U65989, U76299, U56242, U71224, u_imem_mem_reg_269__11_, U68894, u_imem_mem_reg_93__28_, u_imem_mem_reg_282__12_, U56240, U56241, U64717, U64716, U17008, U19172, U54944, U18081, U68071, u_imem_mem_reg_297__22_, u_imem_mem_reg_26__18_, U2883, u_imem_mem_reg_114__6_, u_imem_mem_reg_26__22_, U69806, U69826, U69825, U62272, U9200, U54950, U69815, U70162, u_imem_mem_reg_57__24_, u_imem_mem_reg_57__29_, u_imem_mem_reg_73__20_, U79187, U54139, U79100, U75939, u_imem_mem_reg_362__12_, U55256, ZBUF_455_inst_2615, u_imem_mem_reg_73__21_, U62360, U55610, u_imem_mem_reg_61__29_, U54964, u_imem_mem_reg_57__22_, u_imem_mem_reg_114__8_, U54966, U75946, U68167, U75129, U75128, u_imem_mem_reg_357__18_, U75942, u_imem_mem_reg_90__30_, u_imem_mem_reg_345__11_, U16870, U16873, U18142, u_imem_mem_reg_26__17_, u_imem_mem_reg_90__28_, u_imem_mem_reg_29__30_, ZBUF_104_inst_1727, U79097, 
    Number of hard macros: 0
      
    Number of I/O pads: 0
      
    Number of hierarchical blocks: 0
      
  *******************************

  Number of floating std cells: 0
    

  *********************************

  Number of floating hard macros: 0
    

  *********************************

  Number of floating I/O pads: 0
    

  *********************************

  Number of floating terminals: 0


  *********************************

  Number of floating hierarchical blocks: 0
    

  *********************************

  Number of std cells with unconnected port: 307
    u_imem_mem_reg_381__14_, u_imem_mem_reg_374__12_, u_imem_mem_reg_373__24_, u_imem_mem_reg_370__9_, u_imem_mem_reg_370__10_, u_imem_mem_reg_365__9_, u_imem_mem_reg_365__11_, u_imem_mem_reg_362__12_, u_imem_mem_reg_361__3_, u_imem_mem_reg_361__4_, u_imem_mem_reg_361__5_, u_imem_mem_reg_361__10_, u_imem_mem_reg_361__13_, u_imem_mem_reg_361__23_, u_imem_mem_reg_357__0_, u_imem_mem_reg_357__1_, u_imem_mem_reg_357__3_, u_imem_mem_reg_357__4_, u_imem_mem_reg_357__9_, u_imem_mem_reg_357__11_, u_imem_mem_reg_357__18_, u_imem_mem_reg_346__11_, u_imem_mem_reg_345__11_, u_imem_mem_reg_345__15_, u_imem_mem_reg_345__26_, u_imem_mem_reg_345__29_, u_imem_mem_reg_341__3_, u_imem_mem_reg_325__0_, u_imem_mem_reg_325__16_, u_imem_mem_reg_325__19_, u_imem_mem_reg_317__4_, u_imem_mem_reg_317__10_, u_imem_mem_reg_313__1_, u_imem_mem_reg_313__8_, u_imem_mem_reg_313__18_, u_imem_mem_reg_313__20_, u_imem_mem_reg_313__28_, u_imem_mem_reg_298__6_, u_imem_mem_reg_298__8_, u_imem_mem_reg_298__10_, u_imem_mem_reg_297__5_, u_imem_mem_reg_297__11_, u_imem_mem_reg_297__22_, u_imem_mem_reg_297__23_, u_imem_mem_reg_293__19_, u_imem_mem_reg_285__3_, u_imem_mem_reg_282__8_, u_imem_mem_reg_282__12_, u_imem_mem_reg_281__5_, u_imem_mem_reg_281__13_, u_imem_mem_reg_277__13_, u_imem_mem_reg_269__2_, u_imem_mem_reg_269__9_, u_imem_mem_reg_269__11_, u_imem_mem_reg_266__12_, u_imem_mem_reg_261__11_, u_imem_mem_reg_261__12_, u_imem_mem_reg_118__29_, u_imem_mem_reg_117__25_, u_imem_mem_reg_117__28_, u_imem_mem_reg_117__30_, u_imem_mem_reg_117__31_, u_imem_mem_reg_114__5_, u_imem_mem_reg_114__6_, u_imem_mem_reg_114__8_, u_imem_mem_reg_109__5_, u_imem_mem_reg_109__10_, u_imem_mem_reg_109__17_, u_imem_mem_reg_109__20_, u_imem_mem_reg_109__26_, u_imem_mem_reg_106__21_, u_imem_mem_reg_106__29_, u_imem_mem_reg_93__28_, u_imem_mem_reg_90__28_, u_imem_mem_reg_90__30_, u_imem_mem_reg_90__31_, u_imem_mem_reg_73__17_, u_imem_mem_reg_73__20_, u_imem_mem_reg_73__21_, u_imem_mem_reg_73__22_, u_imem_mem_reg_73__28_, u_imem_mem_reg_61__19_, u_imem_mem_reg_61__21_, u_imem_mem_reg_61__27_, u_imem_mem_reg_61__28_, u_imem_mem_reg_61__29_, u_imem_mem_reg_58__27_, u_imem_mem_reg_58__28_, u_imem_mem_reg_58__30_, u_imem_mem_reg_58__31_, u_imem_mem_reg_57__22_, u_imem_mem_reg_57__24_, u_imem_mem_reg_57__25_, u_imem_mem_reg_57__29_, u_imem_mem_reg_41__24_, u_imem_mem_reg_41__26_, u_imem_mem_reg_29__21_, u_imem_mem_reg_29__30_, u_imem_mem_reg_26__17_, u_imem_mem_reg_26__18_, u_imem_mem_reg_26__22_, u_imem_mem_reg_26__26_, u_imem_mem_reg_13__10_, u_imem_mem_reg_10__29_, U51343, U51625, U51795, U51984, U52101, U52132, U52137, U52140, U52310, U52315, U52321, U52322, U52773, U52780, U52782, U52786, U52787, U52802, U52803, U52990, U52991, U53469, U53627, U53644, U53647, U53648, U53649, U54119, U54135, U54139, U54141, U54761, U54763, U54765, U54944, U54950, U54964, U54966, U55256, U55442, U55447, U55450, U55588, U55602, U55608, U55610, U55917, U56052, U56240, U56241, U56242, U56243, U62229, U62233, U62272, U62273, U62360, U62361, U62363, U62551, U62572, U62573, U62577, U62680, U62687, U62690, U63219, U63329, U63335, U63336, U64035, U64065, U64066, U64068, U64525, U64527, U64532, U64534, U64535, U64536, U64537, U64678, U64684, U64716, U64717, U64721, U65808, U65869, U65872, U65884, U65987, U65989, U65996, U66499, U66501, U66508, U67698, U67813, U68071, U68167, U68177, U68543, U68653, U68654, U68656, U68894, U68994, U69004, U69245, U69344, U69806, U69815, U69825, U69826, U70162, U70414, U71137, U71139, U71222, U71224, U71231, U71484, U71571, U71833, U71835, U71918, U71920, U71927, U72391, U72649, U73002, U73084, U73086, U73825, U74777, U74780, U74785, U75121, U75128, U75129, U75218, U75475, U75476, U75565, U75939, U75940, U75942, U75946, U75947, U75951, U76286, U76299, U76381, U76383, U76731, U78396, U78397, U78399, U78492, U78494, U78746, U78749, U78756, U79097, U79100, U79102, U79187, U19172, U18142, U18108, U18081, U2883, U18056, U17008, U16982, U16870, U16873, U15818, U15730, U15727, U15639, U15632, U10755, U10729, U9200, U27488, U48094, U48131, U48151, U48170, U48246, U48249, U48303, U48341, ZCTSINV_1128719_1288, ZCTSBUF_1042746_1334, ZBUF_104_inst_1727, ZBUF_557_inst_2543, ZBUF_315_inst_2561, ZBUF_455_inst_2615, ZBUF_33_inst_2851, ZBUF_307_inst_4336, ZBUF_948_inst_5877, 

  *********************************

  Number of hard macros with unconnected port: 0
    

  *********************************

  Number of I/O pads with unconnected port: 0
    

  *********************************

  Number of std cells with unconnected port: 0
    


***********End of Net VSS***********

