****************************************
Report : clock timing
        -type latency
        -launch
        -nworst 20
        -setup
Design : ibex_mini_soc_top
Version: W-2024.09-SP2
Date   : Sun May 10 14:51:04 2026
****************************************

  Mode: default
  Clock: clk

                                                 --- Latency ---
  Clock Pin                             Trans   Source   Offset  Network    Total            Corner
---------------------------------------------------------------------------------------------------
  u_imem_mem_reg_410__27_/CLK            0.05     0.00       --     0.44     0.44 rp-+      default
  u_imem_mem_reg_240__28_/CLK            0.05     0.00       --     0.44     0.44 rp-+      default
  u_imem_mem_reg_240__27_/CLK            0.05     0.00       --     0.44     0.44 rp-+      default
  u_imem_mem_reg_142__24_/CLK            0.05     0.00       --     0.44     0.44 rp-+      default
  u_imem_mem_reg_426__25_/CLK            0.05     0.00       --     0.44     0.44 rp-+      default
  u_imem_mem_reg_490__29_/CLK            0.05     0.00       --     0.44     0.44 rp-+      default
  u_imem_mem_reg_490__31_/CLK            0.05     0.00       --     0.44     0.44 rp-+      default
  u_imem_mem_reg_142__25_/CLK            0.05     0.00       --     0.44     0.44 rp-+      default
  u_imem_mem_reg_142__23_/CLK            0.05     0.00       --     0.44     0.44 rp-+      default
  u_imem_mem_reg_240__29_/CLK            0.05     0.00       --     0.44     0.44 rp-+      default
  u_imem_mem_reg_240__24_/CLK            0.05     0.00       --     0.44     0.44 rp-+      default
  u_dmem_mem_reg_279__21_/CLK            0.05     0.00       --     0.44     0.44 rp-+      default
  u_imem_mem_reg_142__22_/CLK            0.05     0.00       --     0.44     0.44 rp-+      default
  u_imem_mem_reg_142__26_/CLK            0.05     0.00       --     0.44     0.44 rp-+      default
  u_imem_mem_reg_426__26_/CLK            0.05     0.00       --     0.44     0.44 rp-+      default
  u_imem_mem_reg_410__29_/CLK            0.05     0.00       --     0.44     0.44 rp-+      default
  u_imem_mem_reg_222__30_/CLK            0.05     0.00       --     0.44     0.44 rp-+      default
  u_imem_mem_reg_190__31_/CLK            0.05     0.00       --     0.44     0.44 rp-+      default
  u_imem_mem_reg_190__30_/CLK            0.05     0.00       --     0.44     0.44 rp-+      default
  u_imem_mem_reg_222__25_/CLK            0.05     0.00       --     0.44     0.44 rp-+      default
---------------------------------------------------------------------------------------------------
1
