****************************************
Report : clock timing
        -type latency
        -launch
        -nworst 20
        -hold
Design : ibex_mini_soc_top
Version: W-2024.09-SP2
Date   : Sun May 10 14:51:04 2026
****************************************

  Mode: default
  Clock: clk

                                                 --- Latency ---
  Clock Pin                             Trans   Source   Offset  Network    Total            Corner
---------------------------------------------------------------------------------------------------
  u_dmem_mem_reg_164__27_/CLK            0.04     0.00       --     0.18     0.18 rp-+      default
  u_dmem_mem_reg_164__26_/CLK            0.04     0.00       --     0.18     0.18 rp-+      default
  u_gpio_rdata_q_reg_29_/CLK             0.05     0.00       --     0.18     0.18 rp-+      default
  u_gpio_rdata_q_reg_28_/CLK             0.05     0.00       --     0.18     0.18 rp-+      default
  u_gpio_rdata_q_reg_23_/CLK             0.05     0.00       --     0.18     0.18 rp-+      default
  u_dmem_mem_reg_164__28_/CLK            0.04     0.00       --     0.18     0.18 rp-+      default
  u_gpio_rdata_q_reg_24_/CLK             0.04     0.00       --     0.18     0.18 rp-+      default
  u_gpio_rdata_q_reg_25_/CLK             0.05     0.00       --     0.18     0.18 rp-+      default
  u_dmem_mem_reg_232__28_/CLK            0.05     0.00       --     0.18     0.18 rp-+      default
  u_dmem_mem_reg_232__30_/CLK            0.05     0.00       --     0.18     0.18 rp-+      default
  u_dmem_mem_reg_164__31_/CLK            0.05     0.00       --     0.18     0.18 rp-+      default
  u_imem_mem_reg_464__5_/CLK             0.03     0.00       --     0.18     0.18 rp-+      default
  u_imem_mem_reg_504__6_/CLK             0.03     0.00       --     0.18     0.18 rp-+      default
  u_dmem_mem_reg_216__30_/CLK            0.05     0.00       --     0.18     0.18 rp-+      default
  u_imem_mem_reg_464__14_/CLK            0.03     0.00       --     0.18     0.18 rp-+      default
  u_dmem_mem_reg_184__28_/CLK            0.05     0.00       --     0.18     0.18 rp-+      default
  u_dmem_mem_reg_216__31_/CLK            0.05     0.00       --     0.18     0.18 rp-+      default
  u_dmem_mem_reg_216__25_/CLK            0.05     0.00       --     0.18     0.18 rp-+      default
  u_dmem_mem_reg_184__30_/CLK            0.05     0.00       --     0.18     0.18 rp-+      default
  u_dmem_mem_reg_216__28_/CLK            0.05     0.00       --     0.18     0.18 rp-+      default
---------------------------------------------------------------------------------------------------
1
