 
****************************************
Report : area
Design : ibex_mini_soc_top
Version: W-2024.09-SP5-5
Date   : Sun May 10 16:39:23 2026
****************************************

Library(s) Used:

    saed32hvt_tt1p05v25c (File: /DATA/home/edu135/lib/SAED32_EDK/lib/stdcell_hvt/db_nldm/saed32hvt_tt1p05v25c.db)

Number of ports:                          948
Number of nets:                        111009
Number of cells:                       109721
Number of combinational cells:          74827
Number of sequential cells:             34884
Number of macros/black boxes:               0
Number of buf/inv:                       8382
Number of references:                      81

Combinational area:             182797.901569
Buf/Inv area:                    14473.247106
Noncombinational area:          231813.136502
Macro/Black Box area:                0.000000
Net Interconnect area:      undefined  (Wire load has zero net area)

Total cell area:                414611.038071
Total area:                 undefined

Hierarchical area distribution
------------------------------

                                  Global cell area              Local cell area
                                  --------------------  -------------------------------- 
Hierarchical cell                 Absolute     Percent  Combi-       Noncombi-    Black-
                                  Total        Total    national     national     boxes   Design
--------------------------------  -----------  -------  -----------  -----------  ------  ----------------------------------------------
ibex_mini_soc_top                 414611.0381    100.0  179963.6877  231813.1365  0.0000  ibex_mini_soc_top
add_x_14                             102.4200      0.0     102.4200       0.0000  0.0000  ibex_mini_soc_top_DW01_inc_J4_0
u_ibex_top/u_ibex_core/DP_OP_899J3_122_459
                                    1855.7595      0.4    1855.7595       0.0000  0.0000  H13945677562857465990_DP_OP_899J3_122_459_J3_0
u_ibex_top/u_ibex_core/add_x_190      99.1162      0.0      99.1162       0.0000  0.0000  H13945677562857465990_DW01_add_J3_11
u_ibex_top/u_ibex_core/add_x_422      99.1162      0.0      99.1162       0.0000  0.0000  H13945677562857465990_DW01_add_J3_2
u_ibex_top/u_ibex_core/add_x_479     157.5693      0.0     157.5693       0.0000  0.0000  H13945677562857465990_DW01_add_J3_1
u_ibex_top/u_ibex_core/add_x_534     208.1439      0.1     208.1439       0.0000  0.0000  H13945677562857465990_DW01_inc_J3_1
u_ibex_top/u_ibex_core/add_x_536     208.1439      0.1     208.1439       0.0000  0.0000  H13945677562857465990_DW01_inc_J3_0
u_ibex_top/u_ibex_core/add_x_550     103.9449      0.0     103.9449       0.0000  0.0000  H13945677562857465990_DW01_add_J3_0
--------------------------------  -----------  -------  -----------  -----------  ------  ----------------------------------------------
Total                                                   182797.9016  231813.1365  0.0000

1
