Information: Timer using 1 threads
****************************************
Report : qor
Design : ibex_mini_soc_top
Version: W-2024.09-SP2
Date   : Sun May 10 20:38:13 2026
****************************************
Information: Corner default: no PVT mismatches. (PVT-032)
Information: The stitching and editing of coupling caps is turned OFF for design 'ibex_mini_soc_top_post_route_electrical_drc_iter3_icc2_lib:ibex_mini_soc_top_post_route_electrical_drc_iter3.design'. (TIM-125)
Information: Design ibex_mini_soc_top_post_route_electrical_drc_iter3 has 116461 nets, 0 global routed, 116459 detail routed. (NEX-024)
Information: The RC mode used is DR for design 'ibex_mini_soc_top'. (NEX-022)
---extraction options---
Corner: default
 late_cap_scale                : 1
 late_res_scale                : 1
 early_cap_scale               : 1
 early_res_scale               : 1
Global options:
 reference_direction       : use_from_tluplus
 real_metalfill_extraction : none
 virtual_shield_extraction : true
---app options---
 host.max_cores                   : 1
 extract.connect_open           : true
 extract.enable_coupling_cap    : false
Extracting design: ibex_mini_soc_top_post_route_electrical_drc_iter3 
Information: coupling capacitance is lumped to ground. (NEX-030)
Information: 116459 nets are successfully extracted. (NEX-028)
Warning: Advanced receiver model has not been enabled for detailed routed design. (TIM-204)
Information: Update timing completed net estimation for all the timing graph nets (TIM-111)
Information: Net estimation statistics: timing graph nets = 116459, routed nets = 116459, across physical hierarchy nets = 0, parasitics cached nets = 116459, delay annotated nets = 0, parasitics annotated nets = 0, multi-voltage nets = 0. (TIM-112)
************************************************************
Timer Settings:
Delay Calculation Style:                   auto
Signal Integrity Analysis:                 disabled
Timing Window Analysis:                    disabled
Advanced Waveform Propagation:             disabled
Variation Type:                            fixed_derate
Clock Reconvergence Pessimism Removal:     disabled
Advanced Receiver Model:                   disabled
LLE:                                       disabled
ML Acceleration:                           off
Smart Arc Optimization:                    disabled
************************************************************


Scenario           'default'
Timing Path Group  '**in2reg_default**'
----------------------------------------
Levels of Logic:                     11
Critical Path Length:              2.70
Critical Path Slack:               7.09
Critical Path Clk Period:         10.00
Total Negative Slack:              0.00
No. of Violating Paths:               0
Worst Hold Violation:              0.00
Total Hold Violation:              0.00
No. of Hold Violations:               0
----------------------------------------

Scenario           'default'
Timing Path Group  '**reg2out_default**'
----------------------------------------
Levels of Logic:                      1
Critical Path Length:              0.34
Critical Path Slack:               8.41
Critical Path Clk Period:         10.00
Total Negative Slack:              0.00
No. of Violating Paths:               0
Worst Hold Violation:              0.00
Total Hold Violation:              0.00
No. of Hold Violations:               0
----------------------------------------

Scenario           'default'
Timing Path Group  'clk'
----------------------------------------
Levels of Logic:                     84
Critical Path Length:              9.12
Critical Path Slack:               0.65
Critical Path Clk Period:         10.00
Total Negative Slack:              0.00
No. of Violating Paths:               0
Worst Hold Violation:              0.00
Total Hold Violation:              0.00
No. of Hold Violations:               0
----------------------------------------


Cell Count
----------------------------------------
Hierarchical Cell Count:              8
Hierarchical Port Count:            833
Leaf Cell Count:                 115865
Buf/Inv Cell Count:               14536
Buf Cell Count:                   10100
Inv Cell Count:                    4436
Combinational Cell Count:         80981
   Single-bit Isolation Cell Count:                        0
   Multi-bit Isolation Cell Count:                         0
   Isolation Cell Banking Ratio:                           0.00%
   Single-bit Level Shifter Cell Count:                    0
   Multi-bit Level Shifter Cell Count:                     0
   Level Shifter Cell Banking Ratio:                       0.00%
   Single-bit ELS Cell Count:                              0
   Multi-bit ELS Cell Count:                               0
   ELS Cell Banking Ratio:                                 0.00%
Sequential Cell Count:            34884
   Integrated Clock-Gating Cell Count:                     0
   Sequential Macro Cell Count:                            0
   Single-bit Sequential Cell Count:                       34884
   Multi-bit Sequential Cell Count:                        0
   Sequential Cell Banking Ratio:                          0.00%
   BitsPerflop:                                            1.00
Macro Count:                          0
----------------------------------------


Area
----------------------------------------
Combinational Area:           211813.52
Noncombinational Area:        231813.13
Buf/Inv Area:                  40274.71
Total Buffer Area:             31537.49
Total Inverter Area:            8737.22
Macro/Black Box Area:              0.00
Net Area:                             0
Net XLength:                 1843695.39
Net YLength:                 1573367.91
----------------------------------------
Cell Area (netlist):                         443626.65
Cell Area (netlist and physical only):       443626.65
Net Length:                  3417063.30


Design Rules
----------------------------------------
Total Number of Nets:            116544
Nets with Violations:               137
Max Trans Violations:                 0
Max Cap Violations:                 137
----------------------------------------

1
