****************************************
Report : qor
Design : ibex_mini_soc_top
Version: W-2024.09-SP2
Date   : Sun May 10 15:55:34 2026
****************************************
Information: The RC mode used is VR for design 'ibex_mini_soc_top'. (NEX-022)
Information: Update timing completed net estimation for all the timing graph nets (TIM-111)
Information: Net estimation statistics: timing graph nets = 110287, routed nets = 0, across physical hierarchy nets = 0, parasitics cached nets = 110285, delay annotated nets = 0, parasitics annotated nets = 0, multi-voltage nets = 0. (TIM-112)


Scenario           'default'
Timing Path Group  '**in2reg_default**'
----------------------------------------
Levels of Logic:                      6
Critical Path Length:              4.09
Critical Path Slack:               5.79
Critical Path Clk Period:         10.00
Total Negative Slack:              0.00
No. of Violating Paths:               0
Worst Hold Violation:              0.00
Total Hold Violation:              0.00
No. of Hold Violations:               0
----------------------------------------

Scenario           'default'
Timing Path Group  '**reg2out_default**'
----------------------------------------
Levels of Logic:                      0
Critical Path Length:              0.58
Critical Path Slack:               8.32
Critical Path Clk Period:         10.00
Total Negative Slack:              0.00
No. of Violating Paths:               0
Worst Hold Violation:              0.00
Total Hold Violation:              0.00
No. of Hold Violations:               0
----------------------------------------

Scenario           'default'
Timing Path Group  'clk'
----------------------------------------
Levels of Logic:                     78
Critical Path Length:              9.73
Critical Path Slack:               0.10
Critical Path Clk Period:         10.00
Total Negative Slack:              0.00
No. of Violating Paths:               0
Worst Hold Violation:              0.00
Total Hold Violation:              0.00
No. of Hold Violations:               0
----------------------------------------


Cell Count
----------------------------------------
Hierarchical Cell Count:              8
Hierarchical Port Count:            833
Leaf Cell Count:                 109693
Buf/Inv Cell Count:                8355
Buf Cell Count:                    4531
Inv Cell Count:                    3824
Combinational Cell Count:         74809
   Single-bit Isolation Cell Count:                        0
   Multi-bit Isolation Cell Count:                         0
   Isolation Cell Banking Ratio:                           0.00%
   Single-bit Level Shifter Cell Count:                    0
   Multi-bit Level Shifter Cell Count:                     0
   Level Shifter Cell Banking Ratio:                       0.00%
   Single-bit ELS Cell Count:                              0
   Multi-bit ELS Cell Count:                               0
   ELS Cell Banking Ratio:                                 0.00%
Sequential Cell Count:            34884
   Integrated Clock-Gating Cell Count:                     0
   Sequential Macro Cell Count:                            0
   Single-bit Sequential Cell Count:                       34884
   Multi-bit Sequential Cell Count:                        0
   Sequential Cell Banking Ratio:                          0.00%
   BitsPerflop:                                            1.00
Macro Count:                          0
----------------------------------------


Area
----------------------------------------
Combinational Area:           183081.27
Noncombinational Area:        231810.33
Buf/Inv Area:                  14528.90
Total Buffer Area:              9521.25
Total Inverter Area:            5007.65
Macro/Black Box Area:              0.00
Net Area:                             0
Net XLength:                 1752372.08
Net YLength:                 1287950.26
----------------------------------------
Cell Area (netlist):                         414891.60
Cell Area (netlist and physical only):       414891.60
Net Length:                  3040322.33


Design Rules
----------------------------------------
Total Number of Nets:            110374
Nets with Violations:              9980
Max Trans Violations:              3551
Max Cap Violations:                9948
----------------------------------------

1
