****************************************
Report : app_option
Design : ibex_mini_soc_top
Version: W-2024.09-SP2
Date   : Sun May 10 10:40:24 2026
****************************************
Name                        Type       Value      User-value   User-default System-default Scope      Status     Source
--------------------------- ---------- ---------- ------------ ------------ -------------- ---------- ---------- ---------------------------------------------------------------------------------------
route.common.via_array_mode enum       off        off          --           all            block      normal     /DATA/home/edu135/ibex/4_Backend_ICC2/0_Script/99_debug/probe_route_drc_variant.tcl:207
--------------------------- ---------- ---------- ------------ ------------ -------------- ---------- ---------- ---------------------------------------------------------------------------------------
****************************************
Report : app_option
Design : ibex_mini_soc_top
Version: W-2024.09-SP2
Date   : Sun May 10 10:40:24 2026
****************************************
Name                                                Type       Value      User-value   User-default System-default Scope      Status     Source
--------------------------------------------------- ---------- ---------- ------------ ------------ -------------- ---------- ---------- ---------------------------------------------------------------------------------------
route.detail.fat_metal_forbidden_pitch_effort_level enum       high       high         --           off            block      normal     /DATA/home/edu135/ibex/4_Backend_ICC2/0_Script/99_debug/probe_route_drc_variant.tcl:207
--------------------------------------------------- ---------- ---------- ------------ ------------ -------------- ---------- ---------- ---------------------------------------------------------------------------------------
****************************************
Report : app_option
Design : ibex_mini_soc_top
Version: W-2024.09-SP2
Date   : Sun May 10 10:40:24 2026
****************************************
Name                                        Type       Value      User-value   User-default System-default Scope      Status     Source
------------------------------------------- ---------- ---------- ------------ ------------ -------------- ---------- ---------- ---------------------------------------------------------------------------------------
route.detail.optimize_wire_via_effort_level enum       high       high         --           low            block      normal     /DATA/home/edu135/ibex/4_Backend_ICC2/0_Script/99_debug/probe_route_drc_variant.tcl:207
------------------------------------------- ---------- ---------- ------------ ------------ -------------- ---------- ---------- ---------------------------------------------------------------------------------------
1
