****************************************
Report : constraint
        -all_violators
Design : ibex_mini_soc_top
Version: W-2024.09-SP2
Date   : Sun May 10 21:15:58 2026
****************************************

   late_timing
   -----------

Endpoint                         Path Delay     Path Required       CRP    Slack Group    Scenario
----------------------------------------------------------------------------------------------------------
No paths.

   early_timing
   -----------

Endpoint                         Path Delay     Path Required       CRP    Slack Group    Scenario
----------------------------------------------------------------------------------------------------------
No paths.

   Mode: default Corner: default
   Scenario: default
   max_transition                                                              
                             Required        Actual                            
   Net                      Transition     Transition        Slack  Violation  
  ---------------------------------------------------------------------------
   n48499                       0.09           0.09           0.00  (MET)      

  ---------------------------------------------------------------------------
   Number of max_transition violation(s): 0

   Mode: default Corner: default
   Scenario: default
   max_capacitance                                                             
                             Required        Actual                            
   Net                      Capacitance    Capacitance       Slack  Violation  
  ---------------------------------------------------------------------------
   n39125                      16.00          16.12          -0.12  (VIOLATED) 
     PIN : U73615/Y            16.00          16.12          -0.12  (VIOLATED) 

   n51648                      64.00          64.04          -0.04  (VIOLATED) 
     PIN : U25898/Y            64.00          64.04          -0.04  (VIOLATED) 

  ---------------------------------------------------------------------------
   Number of max_capacitance violation(s): 2


   Mode: default Corner: default
   Scenario: default
  ---------------------------------------------------------------------------
   Number of min_capacitance violation(s): 0

  Mode: default
  Corner: default
  Scenario: default

  ---------------------------------------------------------------------------
   Number of min_pulse_width violation(s): 0
   Total number of violation(s): 2
1
