****************************************
Report : Report drc errors
Design : ibex_mini_soc_top
Data   : zroute.err
Type   : error_type
Version: W-2024.09-SP2
Date   : Sun May 10 02:13:58 2026
****************************************

ErrorSet                                    Total   Visible     Fixed   Ignored
--------------------------------------------------------------------------------
Design : ibex_mini_soc_top                  41      41          0       0
      Data : zroute.err                     41      41          0       0
            Diff net spacing                1       1           0       0
                M1 (11)                     1       1           0       0
            Off-grid                        39      39          0       0
                M1 (11)                     1       1           0       0
                M2 (13)                     19      19          0       0
                VIA1 (12)                   19      19          0       0
            Short                           1       1           0       0
                M1 (11)                     1       1           0       0
1
