****************************************
Report : app_option
Design : ibex_mini_soc_top
Version: W-2024.09-SP2
Date   : Sun May 10 09:14:38 2026
****************************************
Name                                                     Type       Value      User-value   User-default System-default Scope      Status     Source
-------------------------------------------------------- ---------- ---------- ------------ ------------ -------------- ---------- ---------- ---------------------------------------------------------------------------------------
route.auto_via_ladder.check_drcs_on_existing_via_ladders bool       true       true         --           false          block      normal     /DATA/home/edu135/ibex/4_Backend_ICC2/0_Script/99_debug/probe_route_drc_variant.tcl:189
-------------------------------------------------------- ---------- ---------- ------------ ------------ -------------- ---------- ---------- ---------------------------------------------------------------------------------------
****************************************
Report : app_option
Design : ibex_mini_soc_top
Version: W-2024.09-SP2
Date   : Sun May 10 09:14:38 2026
****************************************
Name                        Type       Value      User-value   User-default System-default Scope      Status     Source
--------------------------- ---------- ---------- ------------ ------------ -------------- ---------- ---------- ---------------------------------------------------------------------------------------
route.auto_via_ladder.clean bool       true       true         --           false          block      normal     /DATA/home/edu135/ibex/4_Backend_ICC2/0_Script/99_debug/probe_route_drc_variant.tcl:189
--------------------------- ---------- ---------- ------------ ------------ -------------- ---------- ---------- ---------------------------------------------------------------------------------------
****************************************
Report : app_option
Design : ibex_mini_soc_top
Version: W-2024.09-SP2
Date   : Sun May 10 09:14:38 2026
****************************************
Name                                       Type       Value      User-value   User-default System-default Scope      Status     Source
------------------------------------------ ---------- ---------- ------------ ------------ -------------- ---------- ---------- ---------------------------------------------------------------------------------------
route.auto_via_ladder.connect_within_metal bool       true       true         --           false          block      normal     /DATA/home/edu135/ibex/4_Backend_ICC2/0_Script/99_debug/probe_route_drc_variant.tcl:189
------------------------------------------ ---------- ---------- ------------ ------------ -------------- ---------- ---------- ---------------------------------------------------------------------------------------
****************************************
Report : app_option
Design : ibex_mini_soc_top
Version: W-2024.09-SP2
Date   : Sun May 10 09:14:38 2026
****************************************
Name                                                Type       Value      User-value   User-default System-default Scope      Status     Source
--------------------------------------------------- ---------- ---------- ------------ ------------ -------------- ---------- ---------- ---------------------------------------------------------------------------------------
route.auto_via_ladder.allow_via_array_as_single_cut bool       false      false        --           true           block      normal     /DATA/home/edu135/ibex/4_Backend_ICC2/0_Script/99_debug/probe_route_drc_variant.tcl:189
--------------------------------------------------- ---------- ---------- ------------ ------------ -------------- ---------- ---------- ---------------------------------------------------------------------------------------
1
