Information: The value of option cts.compile.enable_cell_relocation has been overridden to "leaf_only" to support latency-driven placement. (CTS-973)
****************************************
Report : report clock qor
        -type area
Design : ibex_mini_soc_top
Version: W-2024.09-SP2
Date   : Sun May 10 13:22:43 2026
****************************************


==========================
==== Area (per clock) ====
==========================

Clock                                 Sinks          Clock          Clock          Clock          Clock          Sinks           Sink
                                 (balanced)     Cell Count        Stdcell       Repeater       Repeater     (physical)        Stdcell          Macro
                                                (non sink)           Area          Count           Area                          Area           Area
------------------------------------------------------------------------------------------------------------------------------------------------------
clk                                   34884            865        3318.87            864        3316.83          34884      231810.33           0.00
------------------------------------------------------------------------------------------------------------------------------------------------------
Total                                 34884            865        3318.87            864        3316.83          34884      231810.33           0.00

Type                               Instance           Unit          Total           Cell             Vt             Vt
                                      Count           Area           Area           Type          Group           Type


=================================
==== Area (per library cell) ====
=================================

===== Summary =====
Type                               Instance           Unit          Total           Cell             Vt             Vt
                                      Count           Area           Area           Type          Group           Type
------------------------------------------------------------------------------------------------------------------------
Clock Repeaters                         864              -        3316.83              -              -              -
Other Network Cells                       1              -           2.03              -              -              -
Standard Cell Sinks                   34884              -      231810.33              -              -              -
Macro Cells                               0              -           0.00              -              -              -

===== Clock Repeaters =====
Type                               Instance           Unit          Total           Cell             Vt             Vt
                                      Count           Area           Area           Type          Group           Type
------------------------------------------------------------------------------------------------------------------------
IBUFFX16_RVT                              1           6.61           6.61       Inverter saed32cell_svt              -
IBUFFX32_HVT                              2          11.69          23.38       Inverter saed32cell_hvt              -
IBUFFX32_RVT                              5          11.69          58.45       Inverter saed32cell_svt              -
INVX2_LVT                                 2           1.52           3.05       Inverter saed32cell_lvt              -
INVX2_RVT                                 3           1.52           4.57       Inverter saed32cell_svt              -
INVX4_LVT                                 4           2.03           8.13       Inverter saed32cell_lvt              -
INVX4_RVT                                19           2.03          38.63       Inverter saed32cell_svt              -
INVX8_HVT                               289           3.05         881.37       Inverter saed32cell_hvt              -
INVX8_LVT                                13           3.05          39.65       Inverter saed32cell_lvt              -
INVX8_RVT                               183           3.05         558.10       Inverter saed32cell_svt              -
INVX16_HVT                               32           5.08         162.65       Inverter saed32cell_hvt              -
INVX16_LVT                               24           5.08         121.99       Inverter saed32cell_lvt              -
INVX16_RVT                               12           5.08          60.99       Inverter saed32cell_svt              -
INVX32_HVT                               21           9.15         192.13       Inverter saed32cell_hvt              -
INVX32_LVT                               11           9.15         100.64       Inverter saed32cell_lvt              -
INVX32_RVT                                9           9.15          82.34       Inverter saed32cell_svt              -
NBUFFX2_LVT                               1           2.03           2.03         Buffer saed32cell_lvt              -
NBUFFX2_RVT                               9           2.03          18.30         Buffer saed32cell_svt              -
NBUFFX4_HVT                               3           2.54           7.62         Buffer saed32cell_hvt              -
NBUFFX4_LVT                              15           2.54          38.12         Buffer saed32cell_lvt              -
NBUFFX4_RVT                              15           2.54          38.12         Buffer saed32cell_svt              -
NBUFFX8_HVT                              26           3.81          99.12         Buffer saed32cell_hvt              -
NBUFFX8_LVT                              36           3.81         137.24         Buffer saed32cell_lvt              -
NBUFFX8_RVT                              95           3.81         362.16         Buffer saed32cell_svt              -
NBUFFX16_HVT                              4           6.10          24.40         Buffer saed32cell_hvt              -
NBUFFX16_LVT                              3           6.10          18.30         Buffer saed32cell_lvt              -
NBUFFX16_RVT                             13           6.10          79.29         Buffer saed32cell_svt              -
NBUFFX32_HVT                              6          10.67          64.04         Buffer saed32cell_hvt              -
NBUFFX32_LVT                              2          10.67          21.35         Buffer saed32cell_lvt              -
NBUFFX32_RVT                              6          10.67          64.04         Buffer saed32cell_svt              -
------------------------------------------------------------------------------------------------------------------------
Total                                   864              -        3316.83              -              -              -

===== Other Network Cells =====
Type                               Instance           Unit          Total           Cell             Vt             Vt
                                      Count           Area           Area           Type          Group           Type
------------------------------------------------------------------------------------------------------------------------
AND2X1_RVT                                1           2.03           2.03  Combinational saed32cell_svt              -
------------------------------------------------------------------------------------------------------------------------
Total                                     1              -           2.03              -              -              -

===== Standard Cell Sinks =====
Type                               Instance           Unit          Total           Cell             Vt             Vt
                                      Count           Area           Area           Type          Group           Type
------------------------------------------------------------------------------------------------------------------------
DFFARX1_HVT                            1710           7.12       12168.41           Flop saed32cell_hvt              -
DFFARX2_HVT                              98           7.88         772.09           Flop saed32cell_hvt              -
DFFASX1_HVT                              37           7.12         263.29           Flop saed32cell_hvt              -
DFFX1_HVT                             32748           6.61      216390.40           Flop saed32cell_hvt              -
DFFX2_HVT                               290           7.62        2211.05           Flop saed32cell_hvt              -
LATCHX1_HVT                               1           5.08           5.08          Latch saed32cell_hvt              -
------------------------------------------------------------------------------------------------------------------------
Total                                 34884              -      231810.33              -              -              -

===== Macro Cells =====
Type                               Instance           Unit          Total           Cell             Vt             Vt
                                      Count           Area           Area           Type          Group           Type
------------------------------------------------------------------------------------------------------------------------
------------------------------------------------------------------------------------------------------------------------
Total                                     0              -           0.00              -              -              -



==============================
==== Area (per hierarchy) ====
==============================

Hierarchy                             Sinks          Clock          Clock          Clock          Clock          Sinks           Sink
                                 (balanced)     Cell Count        Stdcell       Repeater       Repeater     (physical)        Stdcell          Macro
                                                (non sink)           Area          Count           Area                          Area           Area
------------------------------------------------------------------------------------------------------------------------------------------------------
ibex_mini_soc_top                     34884            865        3318.87            864        3316.83          34884      231810.33           0.00
------------------------------------------------------------------------------------------------------------------------------------------------------
Total                                 34884            865        3318.87            864        3316.83          34884      231810.33           0.00

1
