Warning: Use -per_clock_root option along with -type latency option to split the reporting of a clock to per clock root, so that the clock trees associated with different root pins are reported separately
 Info: Initializing timer in CLOCK_SYN_REPORT_MODE
Information: The value of option cts.compile.enable_cell_relocation has been overridden to "leaf_only" to support latency-driven placement. (CTS-973)
****************************************
Report : clock qor
        -type latency
Design : ibex_mini_soc_top
Version: W-2024.09-SP2
Date   : Sun May 10 13:22:42 2026
****************************************

Attributes
===========
M Master Clock
G Generated Clock
& Internal Generated Clock
U User Defined Skew Group
D Default Skew Group
* Generated Clock Balanced Separately

==============================================
==== Latency Reporting for Corner default ====
==============================================

============================================== Summary Table for Corner default ==============================================
Clock /                               Attrs     Sinks    Target    Global    Target       Max       Min    Median   Latency
Skew Group                                                 Skew      Skew   Latency   Latency   Latency   Latency   Std Dev
------------------------------------------------------------------------------------------------------------------------------
### Mode: default, Scenario: default
clk                                     M,D     34884      1.50      0.19        --      0.38      0.19      0.29      0.04
------------------------------------------------------------------------------------------------------------------------------
All Clocks                                      34884        --      0.19        --      0.38      0.19        --        --


  & = Offset derived from max_clock_tree_path / min_clock_tree_path
  r = latency reported is for a rising edge triggered event at the sink
  f = latency reported is for a falling edge triggered event at the sink


Showing 5 largest and 5 smallest datapoints per clock / skew group (L=largest, S=smallest)
========================================== Details Table for Corner default ==========================================
Clock /                                Sink                             Launch     Capture        Late       Early
Skew Group                             Name                            Latency     Latency      Offset      Offset
----------------------------------------------------------------------------------------------------------------------
### Mode: default, Scenario: default
clk
                                   L   u_imem_mem_reg_5__6_/CLK           0.38 r      0.38 r        --          --
                                   L   u_imem_mem_reg_53__10_/CLK         0.38 r      0.38 r        --          --
                                   L   u_imem_mem_reg_341__8_/CLK         0.38 r      0.38 r        --          --
                                   L   u_imem_mem_reg_309__8_/CLK         0.38 r      0.38 r        --          --
                                   L   u_imem_mem_reg_309__12_/CLK        0.38 r      0.38 r        --          --
                                   S   u_dmem_mem_reg_262__0_/CLK         0.19 r      0.19 r        --          --
                                   S   u_dmem_mem_reg_262__6_/CLK         0.19 r      0.19 r        --          --
                                   S   u_dmem_mem_reg_310__5_/CLK         0.19 r      0.19 r        --          --
                                   S   u_dmem_mem_reg_179__3_/CLK         0.19 r      0.19 r        --          --
                                   S   u_dmem_mem_reg_179__1_/CLK         0.19 r      0.19 r        --          --


1
