****************************************
Report : Report drc errors
Design : ibex_mini_soc_top
Data   : zroute.err
Type   : detailed
Version: W-2024.09-SP2
Date   : Sun May 10 01:04:04 2026
****************************************

Error ID          : 378
Error Type        : Diff net spacing
Error Layer       : M1 (11)
Number of errors  : 251
Description       :  -- 
Status            : error
Bbox              : {830.5360 582.8780} {830.6960 582.9610}

Error ID          : 379
Error Type        : Diff net spacing
Error Layer       : M1 (11)
Number of errors  : 251
Description       :  -- 
Status            : error
Bbox              : {825.5200 587.3110} {825.6800 587.3940}

Error ID          : 380
Error Type        : Diff net spacing
Error Layer       : M1 (11)
Number of errors  : 251
Description       :  -- 
Status            : error
Bbox              : {842.2400 587.3110} {842.4000 587.3940}

Error ID          : 381
Error Type        : Diff net spacing
Error Layer       : M1 (11)
Number of errors  : 251
Description       :  -- 
Status            : error
Bbox              : {843.7600 586.2220} {843.9200 586.3050}

Error ID          : 382
Error Type        : Diff net spacing
Error Layer       : M1 (11)
Number of errors  : 251
Description       :  -- 
Status            : error
Bbox              : {846.0400 583.9670} {846.2000 584.0500}

Error ID          : 383
Error Type        : Diff net spacing
Error Layer       : M1 (11)
Number of errors  : 251
Description       :  -- 
Status            : error
Bbox              : {845.4320 582.8780} {845.5920 582.9610}

Error ID          : 384
Error Type        : Diff net spacing
Error Layer       : M1 (11)
Number of errors  : 251
Description       :  -- 
Status            : error
Bbox              : {842.6960 582.8780} {842.8560 582.9610}

Error ID          : 385
Error Type        : Diff net spacing
Error Layer       : M1 (11)
Number of errors  : 251
Description       :  -- 
Status            : error
Bbox              : {843.0000 583.9670} {843.1600 584.0500}

Error ID          : 396
Error Type        : Diff net spacing
Error Layer       : M1 (11)
Number of errors  : 251
Description       :  -- 
Status            : error
Bbox              : {660.6000 602.9420} {660.7600 603.0250}

Error ID          : 399
Error Type        : Diff net spacing
Error Layer       : M1 (11)
Number of errors  : 251
Description       :  -- 
Status            : error
Bbox              : {758.4880 602.9420} {758.6480 603.0250}

Error ID          : 400
Error Type        : Diff net spacing
Error Layer       : M1 (11)
Number of errors  : 251
Description       :  -- 
Status            : error
Bbox              : {783.5680 604.0310} {783.7280 604.1140}

Error ID          : 405
Error Type        : Diff net spacing
Error Layer       : M1 (11)
Number of errors  : 251
Description       :  -- 
Status            : error
Bbox              : {805.4560 599.5980} {805.6160 599.6810}

Error ID          : 408
Error Type        : Diff net spacing
Error Layer       : M1 (11)
Number of errors  : 251
Description       :  -- 
Status            : error
Bbox              : {806.0640 604.0310} {806.2240 604.1140}

Error ID          : 416
Error Type        : Diff net spacing
Error Layer       : M1 (11)
Number of errors  : 251
Description       :  -- 
Status            : error
Bbox              : {833.1200 596.2540} {833.2800 596.3370}

Error ID          : 424
Error Type        : Diff net spacing
Error Layer       : M1 (11)
Number of errors  : 251
Description       :  -- 
Status            : error
Bbox              : {837.3760 596.2540} {837.5360 596.3370}

Error ID          : 429
Error Type        : Diff net spacing
Error Layer       : M1 (11)
Number of errors  : 251
Description       :  -- 
Status            : error
Bbox              : {409.3440 616.3180} {409.5040 616.4010}

Error ID          : 430
Error Type        : Diff net spacing
Error Layer       : M1 (11)
Number of errors  : 251
Description       :  -- 
Status            : error
Bbox              : {408.7360 612.9740} {408.8960 613.0570}

Error ID          : 431
Error Type        : Diff net spacing
Error Layer       : M1 (11)
Number of errors  : 251
Description       :  -- 
Status            : error
Bbox              : {408.1280 616.3180} {408.2880 616.4010}

Error ID          : 437
Error Type        : Diff net spacing
Error Layer       : M1 (11)
Number of errors  : 251
Description       :  -- 
Status            : error
Bbox              : {565.7520 607.3750} {565.9120 607.4580}

Error ID          : 438
Error Type        : Diff net spacing
Error Layer       : M1 (11)
Number of errors  : 251
Description       :  -- 
Status            : error
Bbox              : {567.2720 612.9740} {567.4320 613.0570}

Error ID          : 1
Error Type        : Diff net spacing
Error Layer       : M1 (11)
Number of errors  : 251
Description       :  -- 
Status            : error
Bbox              : {620.6240 68.9910} {620.7840 69.0740}

Error ID          : 6
Error Type        : Diff net spacing
Error Layer       : M1 (11)
Number of errors  : 251
Description       :  -- 
Status            : error
Bbox              : {619.2560 74.5900} {619.4160 74.6730}

Error ID          : 7
Error Type        : Diff net spacing
Error Layer       : M1 (11)
Number of errors  : 251
Description       :  -- 
Status            : error
Bbox              : {388.3680 151.5020} {388.5280 151.5850}

Error ID          : 8
Error Type        : Diff net spacing
Error Layer       : M1 (11)
Number of errors  : 251
Description       :  -- 
Status            : error
Bbox              : {388.8240 152.5910} {388.9840 152.6740}

Error ID          : 9
Error Type        : Diff net spacing
Error Layer       : M1 (11)
Number of errors  : 251
Description       :  -- 
Status            : error
Bbox              : {387.9120 161.5340} {388.0720 161.6170}

Error ID          : 10
Error Type        : Diff net spacing
Error Layer       : M1 (11)
Number of errors  : 251
Description       :  -- 
Status            : error
Bbox              : {388.8240 159.2790} {388.9840 159.3620}

Error ID          : 11
Error Type        : Diff net spacing
Error Layer       : M1 (11)
Number of errors  : 251
Description       :  -- 
Status            : error
Bbox              : {389.1280 161.5340} {389.2880 161.6170}

Error ID          : 12
Error Type        : Diff net spacing
Error Layer       : M1 (11)
Number of errors  : 251
Description       :  -- 
Status            : error
Bbox              : {389.4320 158.1900} {389.5920 158.2730}

Error ID          : 13
Error Type        : Diff net spacing
Error Layer       : M1 (11)
Number of errors  : 251
Description       :  -- 
Status            : error
Bbox              : {389.5840 165.9670} {389.7440 166.0500}

Error ID          : 14
Error Type        : Diff net spacing
Error Layer       : M1 (11)
Number of errors  : 251
Description       :  -- 
Status            : error
Bbox              : {391.7120 169.3110} {391.8720 169.3940}

Error ID          : 21
Error Type        : Diff net spacing
Error Layer       : M1 (11)
Number of errors  : 251
Description       :  -- 
Status            : error
Bbox              : {457.2240 182.6870} {457.3840 182.7700}

Error ID          : 22
Error Type        : Diff net spacing
Error Layer       : M1 (11)
Number of errors  : 251
Description       :  -- 
Status            : error
Bbox              : {456.7680 188.2860} {456.9280 188.3690}

Error ID          : 24
Error Type        : Diff net spacing
Error Layer       : M1 (11)
Number of errors  : 251
Description       :  -- 
Status            : error
Bbox              : {459.2000 189.3750} {459.3600 189.4580}

Error ID          : 25
Error Type        : Diff net spacing
Error Layer       : M1 (11)
Number of errors  : 251
Description       :  -- 
Status            : error
Bbox              : {462.5440 188.2860} {462.7040 188.3690}

Error ID          : 26
Error Type        : Diff net spacing
Error Layer       : M1 (11)
Number of errors  : 251
Description       :  -- 
Status            : error
Bbox              : {464.6720 189.3750} {464.8320 189.4580}

Error ID          : 61
Error Type        : Diff net spacing
Error Layer       : M1 (11)
Number of errors  : 251
Description       :  -- 
Status            : error
Bbox              : {293.6720 241.7900} {293.8320 241.8730}

Error ID          : 66
Error Type        : Diff net spacing
Error Layer       : M1 (11)
Number of errors  : 251
Description       :  -- 
Status            : error
Bbox              : {459.0480 291.9500} {459.2080 292.0330}

Error ID          : 69
Error Type        : Diff net spacing
Error Layer       : M1 (11)
Number of errors  : 251
Description       :  -- 
Status            : error
Bbox              : {458.5920 323.1350} {458.7520 323.2180}

Error ID          : 70
Error Type        : Diff net spacing
Error Layer       : M1 (11)
Number of errors  : 251
Description       :  -- 
Status            : error
Bbox              : {460.8720 323.1350} {461.0320 323.2180}

Error ID          : 71
Error Type        : Diff net spacing
Error Layer       : M1 (11)
Number of errors  : 251
Description       :  -- 
Status            : error
Bbox              : {466.4960 322.0460} {466.6560 322.1290}

Error ID          : 72
Error Type        : Diff net spacing
Error Layer       : M1 (11)
Number of errors  : 251
Description       :  -- 
Status            : error
Bbox              : {470.6000 323.1350} {470.7600 323.2180}

Error ID          : 73
Error Type        : Diff net spacing
Error Layer       : M1 (11)
Number of errors  : 251
Description       :  -- 
Status            : error
Bbox              : {468.6240 323.1350} {468.7840 323.2180}

Error ID          : 77
Error Type        : Diff net spacing
Error Layer       : M1 (11)
Number of errors  : 251
Description       :  -- 
Status            : error
Bbox              : {462.5440 325.3900} {462.7040 325.4730}

Error ID          : 78
Error Type        : Diff net spacing
Error Layer       : M1 (11)
Number of errors  : 251
Description       :  -- 
Status            : error
Bbox              : {471.2080 325.3900} {471.3680 325.4730}

Error ID          : 79
Error Type        : Diff net spacing
Error Layer       : M1 (11)
Number of errors  : 251
Description       :  -- 
Status            : error
Bbox              : {471.9680 332.0780} {472.1280 332.1610}

Error ID          : 82
Error Type        : Diff net spacing
Error Layer       : M1 (11)
Number of errors  : 251
Description       :  -- 
Status            : error
Bbox              : {184.3840 356.5750} {184.5440 356.6580}

Error ID          : 83
Error Type        : Diff net spacing
Error Layer       : M1 (11)
Number of errors  : 251
Description       :  -- 
Status            : error
Bbox              : {188.9440 355.4860} {189.1040 355.5690}

Error ID          : 84
Error Type        : Diff net spacing
Error Layer       : M1 (11)
Number of errors  : 251
Description       :  -- 
Status            : error
Bbox              : {184.3840 355.4860} {184.5440 355.5690}

Error ID          : 87
Error Type        : Diff net spacing
Error Layer       : M1 (11)
Number of errors  : 251
Description       :  -- 
Status            : error
Bbox              : {192.4400 353.2310} {192.6000 353.3140}

Error ID          : 94
Error Type        : Diff net spacing
Error Layer       : M1 (11)
Number of errors  : 251
Description       :  -- 
Status            : error
Bbox              : {642.0560 405.6460} {642.2160 405.7290}

Error ID          : 95
Error Type        : Diff net spacing
Error Layer       : M1 (11)
Number of errors  : 251
Description       :  -- 
Status            : error
Bbox              : {641.9040 400.0470} {642.0640 400.1300}

Error ID          : 98
Error Type        : Diff net spacing
Error Layer       : M1 (11)
Number of errors  : 251
Description       :  -- 
Status            : error
Bbox              : {634.9120 412.3340} {635.0720 412.4170}

Error ID          : 99
Error Type        : Diff net spacing
Error Layer       : M1 (11)
Number of errors  : 251
Description       :  -- 
Status            : error
Bbox              : {644.3360 415.6780} {644.4960 415.7610}

Error ID          : 106
Error Type        : Diff net spacing
Error Layer       : M1 (11)
Number of errors  : 251
Description       :  -- 
Status            : error
Bbox              : {777.1840 469.1820} {777.3440 469.2650}

Error ID          : 107
Error Type        : Diff net spacing
Error Layer       : M1 (11)
Number of errors  : 251
Description       :  -- 
Status            : error
Bbox              : {782.6560 469.1820} {782.8160 469.2650}

Error ID          : 108
Error Type        : Diff net spacing
Error Layer       : M1 (11)
Number of errors  : 251
Description       :  -- 
Status            : error
Bbox              : {779.3120 465.8380} {779.4720 465.9210}

Error ID          : 126
Error Type        : Diff net spacing
Error Layer       : M1 (11)
Number of errors  : 251
Description       :  -- 
Status            : error
Bbox              : {771.4080 472.5260} {771.5680 472.6090}

Error ID          : 128
Error Type        : Diff net spacing
Error Layer       : M1 (11)
Number of errors  : 251
Description       :  -- 
Status            : error
Bbox              : {779.3120 472.5260} {779.4720 472.6090}

Error ID          : 129
Error Type        : Diff net spacing
Error Layer       : M1 (11)
Number of errors  : 251
Description       :  -- 
Status            : error
Bbox              : {783.5680 476.9590} {783.7280 477.0420}

Error ID          : 130
Error Type        : Diff net spacing
Error Layer       : M1 (11)
Number of errors  : 251
Description       :  -- 
Status            : error
Bbox              : {776.4240 472.5260} {776.5840 472.6090}

Error ID          : 131
Error Type        : Diff net spacing
Error Layer       : M1 (11)
Number of errors  : 251
Description       :  -- 
Status            : error
Bbox              : {781.2880 479.2140} {781.4480 479.2970}

Error ID          : 140
Error Type        : Diff net spacing
Error Layer       : M1 (11)
Number of errors  : 251
Description       :  -- 
Status            : error
Bbox              : {753.3200 489.2460} {753.4800 489.3290}

Error ID          : 141
Error Type        : Diff net spacing
Error Layer       : M1 (11)
Number of errors  : 251
Description       :  -- 
Status            : error
Bbox              : {754.3840 486.9910} {754.5440 487.0740}

Error ID          : 142
Error Type        : Diff net spacing
Error Layer       : M1 (11)
Number of errors  : 251
Description       :  -- 
Status            : error
Bbox              : {760.7680 492.5900} {760.9280 492.6730}

Error ID          : 143
Error Type        : Diff net spacing
Error Layer       : M1 (11)
Number of errors  : 251
Description       :  -- 
Status            : error
Bbox              : {758.1840 492.5900} {758.3440 492.6730}

Error ID          : 144
Error Type        : Diff net spacing
Error Layer       : M1 (11)
Number of errors  : 251
Description       :  -- 
Status            : error
Bbox              : {754.5360 489.2460} {754.6960 489.3290}

Error ID          : 145
Error Type        : Diff net spacing
Error Layer       : M1 (11)
Number of errors  : 251
Description       :  -- 
Status            : error
Bbox              : {774.1440 490.3350} {774.3040 490.4180}

Error ID          : 146
Error Type        : Diff net spacing
Error Layer       : M1 (11)
Number of errors  : 251
Description       :  -- 
Status            : error
Bbox              : {773.5360 493.6790} {773.6960 493.7620}

Error ID          : 147
Error Type        : Diff net spacing
Error Layer       : M1 (11)
Number of errors  : 251
Description       :  -- 
Status            : error
Bbox              : {786.1520 493.6790} {786.3120 493.7620}

Error ID          : 148
Error Type        : Diff net spacing
Error Layer       : M1 (11)
Number of errors  : 251
Description       :  -- 
Status            : error
Bbox              : {778.8560 485.9020} {779.0160 485.9850}

Error ID          : 149
Error Type        : Diff net spacing
Error Layer       : M1 (11)
Number of errors  : 251
Description       :  -- 
Status            : error
Bbox              : {783.1120 483.6470} {783.2720 483.7300}

Error ID          : 160
Error Type        : Diff net spacing
Error Layer       : M1 (11)
Number of errors  : 251
Description       :  -- 
Status            : error
Bbox              : {760.6160 495.9340} {760.7760 496.0170}

Error ID          : 161
Error Type        : Diff net spacing
Error Layer       : M1 (11)
Number of errors  : 251
Description       :  -- 
Status            : error
Bbox              : {758.0320 495.9340} {758.1920 496.0170}

Error ID          : 162
Error Type        : Diff net spacing
Error Layer       : M1 (11)
Number of errors  : 251
Description       :  -- 
Status            : error
Bbox              : {774.2960 495.9340} {774.4560 496.0170}

Error ID          : 163
Error Type        : Diff net spacing
Error Layer       : M1 (11)
Number of errors  : 251
Description       :  -- 
Status            : error
Bbox              : {834.9440 505.9660} {835.1040 506.0490}

Error ID          : 166
Error Type        : Diff net spacing
Error Layer       : M1 (11)
Number of errors  : 251
Description       :  -- 
Status            : error
Bbox              : {833.2720 500.3670} {833.4320 500.4500}

Error ID          : 168
Error Type        : Diff net spacing
Error Layer       : M1 (11)
Number of errors  : 251
Description       :  -- 
Status            : error
Bbox              : {836.1600 505.9660} {836.3200 506.0490}

Error ID          : 171
Error Type        : Diff net spacing
Error Layer       : M1 (11)
Number of errors  : 251
Description       :  -- 
Status            : error
Bbox              : {712.2800 509.3100} {712.4400 509.3930}

Error ID          : 172
Error Type        : Diff net spacing
Error Layer       : M1 (11)
Number of errors  : 251
Description       :  -- 
Status            : error
Bbox              : {704.6800 510.3990} {704.8400 510.4820}

Error ID          : 173
Error Type        : Diff net spacing
Error Layer       : M1 (11)
Number of errors  : 251
Description       :  -- 
Status            : error
Bbox              : {708.9360 509.3100} {709.0960 509.3930}

Error ID          : 174
Error Type        : Diff net spacing
Error Layer       : M1 (11)
Number of errors  : 251
Description       :  -- 
Status            : error
Bbox              : {713.4960 510.3990} {713.6560 510.4820}

Error ID          : 178
Error Type        : Diff net spacing
Error Layer       : M1 (11)
Number of errors  : 251
Description       :  -- 
Status            : error
Bbox              : {764.8720 519.3420} {765.0320 519.4250}

Error ID          : 179
Error Type        : Diff net spacing
Error Layer       : M1 (11)
Number of errors  : 251
Description       :  -- 
Status            : error
Bbox              : {769.2800 517.0870} {769.4400 517.1700}

Error ID          : 180
Error Type        : Diff net spacing
Error Layer       : M1 (11)
Number of errors  : 251
Description       :  -- 
Status            : error
Bbox              : {772.9280 512.6540} {773.0880 512.7370}

Error ID          : 182
Error Type        : Diff net spacing
Error Layer       : M1 (11)
Number of errors  : 251
Description       :  -- 
Status            : error
Bbox              : {775.9680 513.7430} {776.1280 513.8260}

Error ID          : 183
Error Type        : Diff net spacing
Error Layer       : M1 (11)
Number of errors  : 251
Description       :  -- 
Status            : error
Bbox              : {775.3600 512.6540} {775.5200 512.7370}

Error ID          : 630
Error Type        : Diff net spacing
Error Layer       : M1 (11)
Number of errors  : 251
Description       :  -- 
Status            : error
Bbox              : {755.4480 657.5350} {755.6080 657.6180}

Error ID          : 631
Error Type        : Diff net spacing
Error Layer       : M1 (11)
Number of errors  : 251
Description       :  -- 
Status            : error
Bbox              : {754.5360 654.1910} {754.6960 654.2740}

Error ID          : 632
Error Type        : Diff net spacing
Error Layer       : M1 (11)
Number of errors  : 251
Description       :  -- 
Status            : error
Bbox              : {767.3040 659.7900} {767.4640 659.8730}

Error ID          : 633
Error Type        : Diff net spacing
Error Layer       : M1 (11)
Number of errors  : 251
Description       :  -- 
Status            : error
Bbox              : {772.0160 659.7900} {772.1760 659.8730}

Error ID          : 634
Error Type        : Diff net spacing
Error Layer       : M1 (11)
Number of errors  : 251
Description       :  -- 
Status            : error
Bbox              : {786.7600 663.1340} {786.9200 663.2170}

Error ID          : 641
Error Type        : Diff net spacing
Error Layer       : M1 (11)
Number of errors  : 251
Description       :  -- 
Status            : error
Bbox              : {791.6240 663.1340} {791.7840 663.2170}

Error ID          : 651
Error Type        : Diff net spacing
Error Layer       : M1 (11)
Number of errors  : 251
Description       :  -- 
Status            : error
Bbox              : {824.1520 664.2230} {824.3120 664.3060}

Error ID          : 664
Error Type        : Diff net spacing
Error Layer       : M1 (11)
Number of errors  : 251
Description       :  -- 
Status            : error
Bbox              : {785.2400 669.8220} {785.4000 669.9050}

Error ID          : 666
Error Type        : Diff net spacing
Error Layer       : M1 (11)
Number of errors  : 251
Description       :  -- 
Status            : error
Bbox              : {822.6320 666.4780} {822.7920 666.5610}

Error ID          : 667
Error Type        : Diff net spacing
Error Layer       : M1 (11)
Number of errors  : 251
Description       :  -- 
Status            : error
Bbox              : {833.1200 699.9180} {833.2800 700.0010}

Error ID          : 668
Error Type        : Diff net spacing
Error Layer       : M1 (11)
Number of errors  : 251
Description       :  -- 
Status            : error
Bbox              : {807.7360 706.6060} {807.8960 706.6890}

Error ID          : 669
Error Type        : Diff net spacing
Error Layer       : M1 (11)
Number of errors  : 251
Description       :  -- 
Status            : error
Bbox              : {814.1200 703.2620} {814.2800 703.3450}

Error ID          : 670
Error Type        : Diff net spacing
Error Layer       : M1 (11)
Number of errors  : 251
Description       :  -- 
Status            : error
Bbox              : {822.4800 714.3830} {822.6400 714.4660}

Error ID          : 671
Error Type        : Diff net spacing
Error Layer       : M1 (11)
Number of errors  : 251
Description       :  -- 
Status            : error
Bbox              : {832.8160 713.2940} {832.9760 713.3770}

Error ID          : 672
Error Type        : Diff net spacing
Error Layer       : M1 (11)
Number of errors  : 251
Description       :  -- 
Status            : error
Bbox              : {843.9120 707.6950} {844.0720 707.7780}

Error ID          : 673
Error Type        : Diff net spacing
Error Layer       : M1 (11)
Number of errors  : 251
Description       :  -- 
Status            : error
Bbox              : {837.9840 713.2940} {838.1440 713.3770}

Error ID          : 674
Error Type        : Diff net spacing
Error Layer       : M1 (11)
Number of errors  : 251
Description       :  -- 
Status            : error
Bbox              : {813.3600 717.7270} {813.5200 717.8100}

Error ID          : 676
Error Type        : Diff net spacing
Error Layer       : M1 (11)
Number of errors  : 251
Description       :  -- 
Status            : error
Bbox              : {828.2560 716.6380} {828.4160 716.7210}

Error ID          : 680
Error Type        : Diff net spacing
Error Layer       : M1 (11)
Number of errors  : 251
Description       :  -- 
Status            : error
Bbox              : {842.5440 719.9820} {842.7040 720.0650}

Error ID          : 682
Error Type        : Diff net spacing
Error Layer       : M1 (11)
Number of errors  : 251
Description       :  -- 
Status            : error
Bbox              : {840.5680 717.7270} {840.7280 717.8100}

Error ID          : 683
Error Type        : Diff net spacing
Error Layer       : M1 (11)
Number of errors  : 251
Description       :  -- 
Status            : error
Bbox              : {814.7280 726.6700} {814.8880 726.7530}

Error ID          : 692
Error Type        : Diff net spacing
Error Layer       : M1 (11)
Number of errors  : 251
Description       :  -- 
Status            : error
Bbox              : {810.9280 741.1350} {811.0880 741.2180}

Error ID          : 442
Error Type        : Diff net spacing
Error Layer       : M1 (11)
Number of errors  : 251
Description       :  -- 
Status            : error
Bbox              : {569.5520 612.9740} {569.7120 613.0570}

Error ID          : 443
Error Type        : Diff net spacing
Error Layer       : M1 (11)
Number of errors  : 251
Description       :  -- 
Status            : error
Bbox              : {575.6320 612.9740} {575.7920 613.0570}

Error ID          : 444
Error Type        : Diff net spacing
Error Layer       : M1 (11)
Number of errors  : 251
Description       :  -- 
Status            : error
Bbox              : {577.0000 609.6300} {577.1600 609.7130}

Error ID          : 445
Error Type        : Diff net spacing
Error Layer       : M1 (11)
Number of errors  : 251
Description       :  -- 
Status            : error
Bbox              : {580.6480 610.7190} {580.8080 610.8020}

Error ID          : 446
Error Type        : Diff net spacing
Error Layer       : M1 (11)
Number of errors  : 251
Description       :  -- 
Status            : error
Bbox              : {655.7360 607.3750} {655.8960 607.4580}

Error ID          : 447
Error Type        : Diff net spacing
Error Layer       : M1 (11)
Number of errors  : 251
Description       :  -- 
Status            : error
Bbox              : {660.9040 610.7190} {661.0640 610.8020}

Error ID          : 457
Error Type        : Diff net spacing
Error Layer       : M1 (11)
Number of errors  : 251
Description       :  -- 
Status            : error
Bbox              : {746.6320 607.3750} {746.7920 607.4580}

Error ID          : 458
Error Type        : Diff net spacing
Error Layer       : M1 (11)
Number of errors  : 251
Description       :  -- 
Status            : error
Bbox              : {744.2000 607.3750} {744.3600 607.4580}

Error ID          : 460
Error Type        : Diff net spacing
Error Layer       : M1 (11)
Number of errors  : 251
Description       :  -- 
Status            : error
Bbox              : {748.1520 609.6300} {748.3120 609.7130}

Error ID          : 461
Error Type        : Diff net spacing
Error Layer       : M1 (11)
Number of errors  : 251
Description       :  -- 
Status            : error
Bbox              : {752.1040 609.6300} {752.2640 609.7130}

Error ID          : 462
Error Type        : Diff net spacing
Error Layer       : M1 (11)
Number of errors  : 251
Description       :  -- 
Status            : error
Bbox              : {756.9680 614.0630} {757.1280 614.1460}

Error ID          : 463
Error Type        : Diff net spacing
Error Layer       : M1 (11)
Number of errors  : 251
Description       :  -- 
Status            : error
Bbox              : {754.5360 616.3180} {754.6960 616.4010}

Error ID          : 464
Error Type        : Diff net spacing
Error Layer       : M1 (11)
Number of errors  : 251
Description       :  -- 
Status            : error
Bbox              : {761.3760 606.2860} {761.5360 606.3690}

Error ID          : 466
Error Type        : Diff net spacing
Error Layer       : M1 (11)
Number of errors  : 251
Description       :  -- 
Status            : error
Bbox              : {764.2640 607.3750} {764.4240 607.4580}

Error ID          : 467
Error Type        : Diff net spacing
Error Layer       : M1 (11)
Number of errors  : 251
Description       :  -- 
Status            : error
Bbox              : {772.7760 607.3750} {772.9360 607.4580}

Error ID          : 469
Error Type        : Diff net spacing
Error Layer       : M1 (11)
Number of errors  : 251
Description       :  -- 
Status            : error
Bbox              : {767.9120 614.0630} {768.0720 614.1460}

Error ID          : 470
Error Type        : Diff net spacing
Error Layer       : M1 (11)
Number of errors  : 251
Description       :  -- 
Status            : error
Bbox              : {763.5040 609.6300} {763.6640 609.7130}

Error ID          : 471
Error Type        : Diff net spacing
Error Layer       : M1 (11)
Number of errors  : 251
Description       :  -- 
Status            : error
Bbox              : {764.5680 616.3180} {764.7280 616.4010}

Error ID          : 472
Error Type        : Diff net spacing
Error Layer       : M1 (11)
Number of errors  : 251
Description       :  -- 
Status            : error
Bbox              : {781.5920 614.0630} {781.7520 614.1460}

Error ID          : 473
Error Type        : Diff net spacing
Error Layer       : M1 (11)
Number of errors  : 251
Description       :  -- 
Status            : error
Bbox              : {784.7840 609.6300} {784.9440 609.7130}

Error ID          : 476
Error Type        : Diff net spacing
Error Layer       : M1 (11)
Number of errors  : 251
Description       :  -- 
Status            : error
Bbox              : {775.5120 607.3750} {775.6720 607.4580}

Error ID          : 477
Error Type        : Diff net spacing
Error Layer       : M1 (11)
Number of errors  : 251
Description       :  -- 
Status            : error
Bbox              : {798.9200 614.0630} {799.0800 614.1460}

Error ID          : 478
Error Type        : Diff net spacing
Error Layer       : M1 (11)
Number of errors  : 251
Description       :  -- 
Status            : error
Bbox              : {793.2960 614.0630} {793.4560 614.1460}

Error ID          : 482
Error Type        : Diff net spacing
Error Layer       : M1 (11)
Number of errors  : 251
Description       :  -- 
Status            : error
Bbox              : {795.5760 612.9740} {795.7360 613.0570}

Error ID          : 483
Error Type        : Diff net spacing
Error Layer       : M1 (11)
Number of errors  : 251
Description       :  -- 
Status            : error
Bbox              : {790.5600 612.9740} {790.7200 613.0570}

Error ID          : 486
Error Type        : Diff net spacing
Error Layer       : M1 (11)
Number of errors  : 251
Description       :  -- 
Status            : error
Bbox              : {809.4080 607.3750} {809.5680 607.4580}

Error ID          : 487
Error Type        : Diff net spacing
Error Layer       : M1 (11)
Number of errors  : 251
Description       :  -- 
Status            : error
Bbox              : {810.6240 607.3750} {810.7840 607.4580}

Error ID          : 488
Error Type        : Diff net spacing
Error Layer       : M1 (11)
Number of errors  : 251
Description       :  -- 
Status            : error
Bbox              : {806.8240 606.2860} {806.9840 606.3690}

Error ID          : 489
Error Type        : Diff net spacing
Error Layer       : M1 (11)
Number of errors  : 251
Description       :  -- 
Status            : error
Bbox              : {815.4880 607.3750} {815.6480 607.4580}

Error ID          : 490
Error Type        : Diff net spacing
Error Layer       : M1 (11)
Number of errors  : 251
Description       :  -- 
Status            : error
Bbox              : {817.6160 607.3750} {817.7760 607.4580}

Error ID          : 491
Error Type        : Diff net spacing
Error Layer       : M1 (11)
Number of errors  : 251
Description       :  -- 
Status            : error
Bbox              : {820.6560 609.6300} {820.8160 609.7130}

Error ID          : 492
Error Type        : Diff net spacing
Error Layer       : M1 (11)
Number of errors  : 251
Description       :  -- 
Status            : error
Bbox              : {812.1440 607.3750} {812.3040 607.4580}

Error ID          : 500
Error Type        : Diff net spacing
Error Layer       : M1 (11)
Number of errors  : 251
Description       :  -- 
Status            : error
Bbox              : {420.5920 620.7510} {420.7520 620.8340}

Error ID          : 501
Error Type        : Diff net spacing
Error Layer       : M1 (11)
Number of errors  : 251
Description       :  -- 
Status            : error
Bbox              : {419.2240 619.6620} {419.3840 619.7450}

Error ID          : 502
Error Type        : Diff net spacing
Error Layer       : M1 (11)
Number of errors  : 251
Description       :  -- 
Status            : error
Bbox              : {416.3360 619.6620} {416.4960 619.7450}

Error ID          : 503
Error Type        : Diff net spacing
Error Layer       : M1 (11)
Number of errors  : 251
Description       :  -- 
Status            : error
Bbox              : {413.7520 619.6620} {413.9120 619.7450}

Error ID          : 693
Error Type        : Diff net spacing
Error Layer       : M1 (11)
Number of errors  : 251
Description       :  -- 
Status            : error
Bbox              : {817.7680 743.3900} {817.9280 743.4730}

Error ID          : 694
Error Type        : Diff net spacing
Error Layer       : M1 (11)
Number of errors  : 251
Description       :  -- 
Status            : error
Bbox              : {847.7120 744.4790} {847.8720 744.5620}

Error ID          : 695
Error Type        : Diff net spacing
Error Layer       : M1 (11)
Number of errors  : 251
Description       :  -- 
Status            : error
Bbox              : {838.2880 747.8230} {838.4480 747.9060}

Error ID          : 696
Error Type        : Diff net spacing
Error Layer       : M1 (11)
Number of errors  : 251
Description       :  -- 
Status            : error
Bbox              : {849.8400 741.1350} {850.0000 741.2180}

Error ID          : 699
Error Type        : Diff net spacing
Error Layer       : M1 (11)
Number of errors  : 251
Description       :  -- 
Status            : error
Bbox              : {833.5760 760.1100} {833.7360 760.1930}

Error ID          : 703
Error Type        : Diff net spacing
Error Layer       : M1 (11)
Number of errors  : 251
Description       :  -- 
Status            : error
Bbox              : {849.8400 754.5110} {850.0000 754.5940}

Error ID          : 261
Error Type        : Diff net spacing
Error Layer       : M1 (11)
Number of errors  : 251
Description       :  -- 
Status            : error
Bbox              : {758.4880 532.7180} {758.6480 532.8010}

Error ID          : 262
Error Type        : Diff net spacing
Error Layer       : M1 (11)
Number of errors  : 251
Description       :  -- 
Status            : error
Bbox              : {759.2480 537.1510} {759.4080 537.2340}

Error ID          : 263
Error Type        : Diff net spacing
Error Layer       : M1 (11)
Number of errors  : 251
Description       :  -- 
Status            : error
Bbox              : {759.2480 540.4950} {759.4080 540.5780}

Error ID          : 264
Error Type        : Diff net spacing
Error Layer       : M1 (11)
Number of errors  : 251
Description       :  -- 
Status            : error
Bbox              : {763.9600 539.4060} {764.1200 539.4890}

Error ID          : 265
Error Type        : Diff net spacing
Error Layer       : M1 (11)
Number of errors  : 251
Description       :  -- 
Status            : error
Bbox              : {763.8080 542.7500} {763.9680 542.8330}

Error ID          : 266
Error Type        : Diff net spacing
Error Layer       : M1 (11)
Number of errors  : 251
Description       :  -- 
Status            : error
Bbox              : {779.3120 543.8390} {779.4720 543.9220}

Error ID          : 268
Error Type        : Diff net spacing
Error Layer       : M1 (11)
Number of errors  : 251
Description       :  -- 
Status            : error
Bbox              : {794.8160 533.8070} {794.9760 533.8900}

Error ID          : 269
Error Type        : Diff net spacing
Error Layer       : M1 (11)
Number of errors  : 251
Description       :  -- 
Status            : error
Bbox              : {802.7200 533.8070} {802.8800 533.8900}

Error ID          : 270
Error Type        : Diff net spacing
Error Layer       : M1 (11)
Number of errors  : 251
Description       :  -- 
Status            : error
Bbox              : {804.3920 533.8070} {804.5520 533.8900}

Error ID          : 280
Error Type        : Diff net spacing
Error Layer       : M1 (11)
Number of errors  : 251
Description       :  -- 
Status            : error
Bbox              : {842.0880 543.8390} {842.2480 543.9220}

Error ID          : 281
Error Type        : Diff net spacing
Error Layer       : M1 (11)
Number of errors  : 251
Description       :  -- 
Status            : error
Bbox              : {842.3920 537.1510} {842.5520 537.2340}

Error ID          : 282
Error Type        : Diff net spacing
Error Layer       : M1 (11)
Number of errors  : 251
Description       :  -- 
Status            : error
Bbox              : {843.6080 537.1510} {843.7680 537.2340}

Error ID          : 283
Error Type        : Diff net spacing
Error Layer       : M1 (11)
Number of errors  : 251
Description       :  -- 
Status            : error
Bbox              : {846.8000 543.8390} {846.9600 543.9220}

Error ID          : 298
Error Type        : Diff net spacing
Error Layer       : M1 (11)
Number of errors  : 251
Description       :  -- 
Status            : error
Bbox              : {747.2400 546.0940} {747.4000 546.1770}

Error ID          : 299
Error Type        : Diff net spacing
Error Layer       : M1 (11)
Number of errors  : 251
Description       :  -- 
Status            : error
Bbox              : {753.1680 546.0940} {753.3280 546.1770}

Error ID          : 300
Error Type        : Diff net spacing
Error Layer       : M1 (11)
Number of errors  : 251
Description       :  -- 
Status            : error
Bbox              : {765.7840 547.1830} {765.9440 547.2660}

Error ID          : 301
Error Type        : Diff net spacing
Error Layer       : M1 (11)
Number of errors  : 251
Description       :  -- 
Status            : error
Bbox              : {770.3440 553.8710} {770.5040 553.9540}

Error ID          : 302
Error Type        : Diff net spacing
Error Layer       : M1 (11)
Number of errors  : 251
Description       :  -- 
Status            : error
Bbox              : {764.5680 547.1830} {764.7280 547.2660}

Error ID          : 303
Error Type        : Diff net spacing
Error Layer       : M1 (11)
Number of errors  : 251
Description       :  -- 
Status            : error
Bbox              : {764.8720 549.4380} {765.0320 549.5210}

Error ID          : 304
Error Type        : Diff net spacing
Error Layer       : M1 (11)
Number of errors  : 251
Description       :  -- 
Status            : error
Bbox              : {765.9360 552.7820} {766.0960 552.8650}

Error ID          : 305
Error Type        : Diff net spacing
Error Layer       : M1 (11)
Number of errors  : 251
Description       :  -- 
Status            : error
Bbox              : {766.0880 549.4380} {766.2480 549.5210}

Error ID          : 310
Error Type        : Diff net spacing
Error Layer       : M1 (11)
Number of errors  : 251
Description       :  -- 
Status            : error
Bbox              : {840.7200 547.1830} {840.8800 547.2660}

Error ID          : 311
Error Type        : Diff net spacing
Error Layer       : M1 (11)
Number of errors  : 251
Description       :  -- 
Status            : error
Bbox              : {848.0160 549.4380} {848.1760 549.5210}

Error ID          : 312
Error Type        : Diff net spacing
Error Layer       : M1 (11)
Number of errors  : 251
Description       :  -- 
Status            : error
Bbox              : {848.4720 550.5270} {848.6320 550.6100}

Error ID          : 581
Error Type        : Diff net spacing
Error Layer       : M1 (11)
Number of errors  : 251
Description       :  -- 
Status            : error
Bbox              : {721.8560 637.4710} {722.0160 637.5540}

Error ID          : 585
Error Type        : Diff net spacing
Error Layer       : M1 (11)
Number of errors  : 251
Description       :  -- 
Status            : error
Bbox              : {717.4480 637.4710} {717.6080 637.5540}

Error ID          : 586
Error Type        : Diff net spacing
Error Layer       : M1 (11)
Number of errors  : 251
Description       :  -- 
Status            : error
Bbox              : {720.6400 637.4710} {720.8000 637.5540}

Error ID          : 587
Error Type        : Diff net spacing
Error Layer       : M1 (11)
Number of errors  : 251
Description       :  -- 
Status            : error
Bbox              : {730.6720 630.7830} {730.8320 630.8660}

Error ID          : 588
Error Type        : Diff net spacing
Error Layer       : M1 (11)
Number of errors  : 251
Description       :  -- 
Status            : error
Bbox              : {742.8320 639.7260} {742.9920 639.8090}

Error ID          : 589
Error Type        : Diff net spacing
Error Layer       : M1 (11)
Number of errors  : 251
Description       :  -- 
Status            : error
Bbox              : {771.4080 639.7260} {771.5680 639.8090}

Error ID          : 590
Error Type        : Diff net spacing
Error Layer       : M1 (11)
Number of errors  : 251
Description       :  -- 
Status            : error
Bbox              : {779.0080 634.1270} {779.1680 634.2100}

Error ID          : 591
Error Type        : Diff net spacing
Error Layer       : M1 (11)
Number of errors  : 251
Description       :  -- 
Status            : error
Bbox              : {804.5440 633.0380} {804.7040 633.1210}

Error ID          : 592
Error Type        : Diff net spacing
Error Layer       : M1 (11)
Number of errors  : 251
Description       :  -- 
Status            : error
Bbox              : {809.1040 636.3820} {809.2640 636.4650}

Error ID          : 593
Error Type        : Diff net spacing
Error Layer       : M1 (11)
Number of errors  : 251
Description       :  -- 
Status            : error
Bbox              : {810.0160 637.4710} {810.1760 637.5540}

Error ID          : 594
Error Type        : Diff net spacing
Error Layer       : M1 (11)
Number of errors  : 251
Description       :  -- 
Status            : error
Bbox              : {807.7360 630.7830} {807.8960 630.8660}

Error ID          : 595
Error Type        : Diff net spacing
Error Layer       : M1 (11)
Number of errors  : 251
Description       :  -- 
Status            : error
Bbox              : {823.2400 630.7830} {823.4000 630.8660}

Error ID          : 596
Error Type        : Diff net spacing
Error Layer       : M1 (11)
Number of errors  : 251
Description       :  -- 
Status            : error
Bbox              : {819.2880 640.8150} {819.4480 640.8980}

Error ID          : 597
Error Type        : Diff net spacing
Error Layer       : M1 (11)
Number of errors  : 251
Description       :  -- 
Status            : error
Bbox              : {818.0720 636.3820} {818.2320 636.4650}

Error ID          : 598
Error Type        : Diff net spacing
Error Layer       : M1 (11)
Number of errors  : 251
Description       :  -- 
Status            : error
Bbox              : {816.7040 639.7260} {816.8640 639.8090}

Error ID          : 611
Error Type        : Diff net spacing
Error Layer       : M1 (11)
Number of errors  : 251
Description       :  -- 
Status            : error
Bbox              : {723.8320 646.4140} {723.9920 646.4970}

Error ID          : 612
Error Type        : Diff net spacing
Error Layer       : M1 (11)
Number of errors  : 251
Description       :  -- 
Status            : error
Bbox              : {759.2480 653.1020} {759.4080 653.1850}

Error ID          : 613
Error Type        : Diff net spacing
Error Layer       : M1 (11)
Number of errors  : 251
Description       :  -- 
Status            : error
Bbox              : {771.1040 646.4140} {771.2640 646.4970}

Error ID          : 614
Error Type        : Diff net spacing
Error Layer       : M1 (11)
Number of errors  : 251
Description       :  -- 
Status            : error
Bbox              : {773.8400 653.1020} {774.0000 653.1850}

Error ID          : 615
Error Type        : Diff net spacing
Error Layer       : M1 (11)
Number of errors  : 251
Description       :  -- 
Status            : error
Bbox              : {774.9040 649.7580} {775.0640 649.8410}

Error ID          : 616
Error Type        : Diff net spacing
Error Layer       : M1 (11)
Number of errors  : 251
Description       :  -- 
Status            : error
Bbox              : {768.6720 643.0700} {768.8320 643.1530}

Error ID          : 617
Error Type        : Diff net spacing
Error Layer       : M1 (11)
Number of errors  : 251
Description       :  -- 
Status            : error
Bbox              : {763.5040 646.4140} {763.6640 646.4970}

Error ID          : 620
Error Type        : Diff net spacing
Error Layer       : M1 (11)
Number of errors  : 251
Description       :  -- 
Status            : error
Bbox              : {776.4240 644.1590} {776.5840 644.2420}

Error ID          : 621
Error Type        : Diff net spacing
Error Layer       : M1 (11)
Number of errors  : 251
Description       :  -- 
Status            : error
Bbox              : {797.5520 644.1590} {797.7120 644.2420}

Error ID          : 622
Error Type        : Diff net spacing
Error Layer       : M1 (11)
Number of errors  : 251
Description       :  -- 
Status            : error
Bbox              : {799.2240 646.4140} {799.3840 646.4970}

Error ID          : 623
Error Type        : Diff net spacing
Error Layer       : M1 (11)
Number of errors  : 251
Description       :  -- 
Status            : error
Bbox              : {807.8880 644.1590} {808.0480 644.2420}

Error ID          : 624
Error Type        : Diff net spacing
Error Layer       : M1 (11)
Number of errors  : 251
Description       :  -- 
Status            : error
Bbox              : {804.0880 647.5030} {804.2480 647.5860}

Error ID          : 626
Error Type        : Diff net spacing
Error Layer       : M1 (11)
Number of errors  : 251
Description       :  -- 
Status            : error
Bbox              : {733.4080 659.7900} {733.5680 659.8730}

Error ID          : 627
Error Type        : Diff net spacing
Error Layer       : M1 (11)
Number of errors  : 251
Description       :  -- 
Status            : error
Bbox              : {731.4320 657.5350} {731.5920 657.6180}

Error ID          : 629
Error Type        : Diff net spacing
Error Layer       : M1 (11)
Number of errors  : 251
Description       :  -- 
Status            : error
Bbox              : {761.8320 654.1910} {761.9920 654.2740}

Error ID          : 504
Error Type        : Diff net spacing
Error Layer       : M1 (11)
Number of errors  : 251
Description       :  -- 
Status            : error
Bbox              : {410.4080 619.6620} {410.5680 619.7450}

Error ID          : 512
Error Type        : Diff net spacing
Error Layer       : M1 (11)
Number of errors  : 251
Description       :  -- 
Status            : error
Bbox              : {571.2240 619.6620} {571.3840 619.7450}

Error ID          : 513
Error Type        : Diff net spacing
Error Layer       : M1 (11)
Number of errors  : 251
Description       :  -- 
Status            : error
Bbox              : {572.7440 620.7510} {572.9040 620.8340}

Error ID          : 514
Error Type        : Diff net spacing
Error Layer       : M1 (11)
Number of errors  : 251
Description       :  -- 
Status            : error
Bbox              : {575.1760 617.4070} {575.3360 617.4900}

Error ID          : 515
Error Type        : Diff net spacing
Error Layer       : M1 (11)
Number of errors  : 251
Description       :  -- 
Status            : error
Bbox              : {576.3920 617.4070} {576.5520 617.4900}

Error ID          : 544
Error Type        : Diff net spacing
Error Layer       : M1 (11)
Number of errors  : 251
Description       :  -- 
Status            : error
Bbox              : {761.3760 626.3500} {761.5360 626.4330}

Error ID          : 548
Error Type        : Diff net spacing
Error Layer       : M1 (11)
Number of errors  : 251
Description       :  -- 
Status            : error
Bbox              : {768.6720 620.7510} {768.8320 620.8340}

Error ID          : 549
Error Type        : Diff net spacing
Error Layer       : M1 (11)
Number of errors  : 251
Description       :  -- 
Status            : error
Bbox              : {763.3520 617.4070} {763.5120 617.4900}

Error ID          : 550
Error Type        : Diff net spacing
Error Layer       : M1 (11)
Number of errors  : 251
Description       :  -- 
Status            : error
Bbox              : {782.0480 617.4070} {782.2080 617.4900}

Error ID          : 551
Error Type        : Diff net spacing
Error Layer       : M1 (11)
Number of errors  : 251
Description       :  -- 
Status            : error
Bbox              : {784.1760 617.4070} {784.3360 617.4900}

Error ID          : 554
Error Type        : Diff net spacing
Error Layer       : M1 (11)
Number of errors  : 251
Description       :  -- 
Status            : error
Bbox              : {796.3360 627.4390} {796.4960 627.5220}

Error ID          : 555
Error Type        : Diff net spacing
Error Layer       : M1 (11)
Number of errors  : 251
Description       :  -- 
Status            : error
Bbox              : {795.5760 617.4070} {795.7360 617.4900}

Error ID          : 556
Error Type        : Diff net spacing
Error Layer       : M1 (11)
Number of errors  : 251
Description       :  -- 
Status            : error
Bbox              : {791.3200 619.6620} {791.4800 619.7450}

Error ID          : 557
Error Type        : Diff net spacing
Error Layer       : M1 (11)
Number of errors  : 251
Description       :  -- 
Status            : error
Bbox              : {821.8720 620.7510} {822.0320 620.8340}

Error ID          : 561
Error Type        : Diff net spacing
Error Layer       : M1 (11)
Number of errors  : 251
Description       :  -- 
Status            : error
Bbox              : {828.2560 617.4070} {828.4160 617.4900}

Error ID          : 562
Error Type        : Diff net spacing
Error Layer       : M1 (11)
Number of errors  : 251
Description       :  -- 
Status            : error
Bbox              : {830.9920 617.4070} {831.1520 617.4900}

Error ID          : 563
Error Type        : Diff net spacing
Error Layer       : M1 (11)
Number of errors  : 251
Description       :  -- 
Status            : error
Bbox              : {834.1840 617.4070} {834.3440 617.4900}

Error ID          : 320
Error Type        : Diff net spacing
Error Layer       : M1 (11)
Number of errors  : 251
Description       :  -- 
Status            : error
Bbox              : {688.7200 566.1580} {688.8800 566.2410}

Error ID          : 325
Error Type        : Diff net spacing
Error Layer       : M1 (11)
Number of errors  : 251
Description       :  -- 
Status            : error
Bbox              : {711.3680 567.2470} {711.5280 567.3300}

Error ID          : 326
Error Type        : Diff net spacing
Error Layer       : M1 (11)
Number of errors  : 251
Description       :  -- 
Status            : error
Bbox              : {718.0560 567.2470} {718.2160 567.3300}

Error ID          : 328
Error Type        : Diff net spacing
Error Layer       : M1 (11)
Number of errors  : 251
Description       :  -- 
Status            : error
Bbox              : {744.5040 559.4700} {744.6640 559.5530}

Error ID          : 343
Error Type        : Diff net spacing
Error Layer       : M1 (11)
Number of errors  : 251
Description       :  -- 
Status            : error
Bbox              : {712.1280 573.9350} {712.2880 574.0180}

Error ID          : 344
Error Type        : Diff net spacing
Error Layer       : M1 (11)
Number of errors  : 251
Description       :  -- 
Status            : error
Bbox              : {703.9200 572.8460} {704.0800 572.9290}

Error ID          : 345
Error Type        : Diff net spacing
Error Layer       : M1 (11)
Number of errors  : 251
Description       :  -- 
Status            : error
Bbox              : {703.1600 577.2790} {703.3200 577.3620}

Error ID          : 346
Error Type        : Diff net spacing
Error Layer       : M1 (11)
Number of errors  : 251
Description       :  -- 
Status            : error
Bbox              : {706.2000 576.1900} {706.3600 576.2730}

Error ID          : 347
Error Type        : Diff net spacing
Error Layer       : M1 (11)
Number of errors  : 251
Description       :  -- 
Status            : error
Bbox              : {714.5600 572.8460} {714.7200 572.9290}

Error ID          : 351
Error Type        : Diff net spacing
Error Layer       : M1 (11)
Number of errors  : 251
Description       :  -- 
Status            : error
Bbox              : {736.2960 580.6230} {736.4560 580.7060}

Error ID          : 352
Error Type        : Diff net spacing
Error Layer       : M1 (11)
Number of errors  : 251
Description       :  -- 
Status            : error
Bbox              : {737.6640 580.6230} {737.8240 580.7060}

Error ID          : 353
Error Type        : Diff net spacing
Error Layer       : M1 (11)
Number of errors  : 251
Description       :  -- 
Status            : error
Bbox              : {729.3040 572.8460} {729.4640 572.9290}

Error ID          : 354
Error Type        : Diff net spacing
Error Layer       : M1 (11)
Number of errors  : 251
Description       :  -- 
Status            : error
Bbox              : {744.8080 570.5910} {744.9680 570.6740}

Error ID          : 355
Error Type        : Diff net spacing
Error Layer       : M1 (11)
Number of errors  : 251
Description       :  -- 
Status            : error
Bbox              : {739.1840 573.9350} {739.3440 574.0180}

Error ID          : 359
Error Type        : Diff net spacing
Error Layer       : M1 (11)
Number of errors  : 251
Description       :  -- 
Status            : error
Bbox              : {832.3600 580.6230} {832.5200 580.7060}

Error ID          : 360
Error Type        : Diff net spacing
Error Layer       : M1 (11)
Number of errors  : 251
Description       :  -- 
Status            : error
Bbox              : {827.9520 580.6230} {828.1120 580.7060}

Error ID          : 361
Error Type        : Diff net spacing
Error Layer       : M1 (11)
Number of errors  : 251
Description       :  -- 
Status            : error
Bbox              : {842.2400 580.6230} {842.4000 580.7060}

Error ID          : 377
Error Type        : Diff net spacing
Error Layer       : M1 (11)
Number of errors  : 251
Description       :  -- 
Status            : error
Bbox              : {829.3200 586.2220} {829.4800 586.3050}

Error ID          : 196
Error Type        : Diff net spacing
Error Layer       : M1 (11)
Number of errors  : 251
Description       :  -- 
Status            : error
Bbox              : {835.7040 510.3990} {835.8640 510.4820}

Error ID          : 197
Error Type        : Diff net spacing
Error Layer       : M1 (11)
Number of errors  : 251
Description       :  -- 
Status            : error
Bbox              : {834.9440 513.7430} {835.1040 513.8260}

Error ID          : 211
Error Type        : Diff net spacing
Error Layer       : M1 (11)
Number of errors  : 251
Description       :  -- 
Status            : error
Bbox              : {725.6560 527.1190} {725.8160 527.2020}

Error ID          : 213
Error Type        : Diff net spacing
Error Layer       : M1 (11)
Number of errors  : 251
Description       :  -- 
Status            : error
Bbox              : {732.9520 526.0300} {733.1120 526.1130}

Error ID          : 219
Error Type        : Diff net spacing
Error Layer       : M1 (11)
Number of errors  : 251
Description       :  -- 
Status            : error
Bbox              : {748.4560 529.3740} {748.6160 529.4570}

Error ID          : 220
Error Type        : Diff net spacing
Error Layer       : M1 (11)
Number of errors  : 251
Description       :  -- 
Status            : error
Bbox              : {748.4560 526.0300} {748.6160 526.1130}

Error ID          : 230
Error Type        : Diff net spacing
Error Layer       : M1 (11)
Number of errors  : 251
Description       :  -- 
Status            : error
Bbox              : {799.0720 530.4630} {799.2320 530.5460}

Error ID          : 231
Error Type        : Diff net spacing
Error Layer       : M1 (11)
Number of errors  : 251
Description       :  -- 
Status            : error
Bbox              : {792.9920 522.6860} {793.1520 522.7690}

Error ID          : 233
Error Type        : Diff net spacing
Error Layer       : M1 (11)
Number of errors  : 251
Description       :  -- 
Status            : error
Bbox              : {797.2480 526.0300} {797.4080 526.1130}

Error ID          : 234
Error Type        : Diff net spacing
Error Layer       : M1 (11)
Number of errors  : 251
Description       :  -- 
Status            : error
Bbox              : {794.3600 527.1190} {794.5200 527.2020}

Error ID          : 235
Error Type        : Diff net spacing
Error Layer       : M1 (11)
Number of errors  : 251
Description       :  -- 
Status            : error
Bbox              : {797.8560 527.1190} {798.0160 527.2020}

Error ID          : 236
Error Type        : Diff net spacing
Error Layer       : M1 (11)
Number of errors  : 251
Description       :  -- 
Status            : error
Bbox              : {803.7840 522.6860} {803.9440 522.7690}

1
