****************************************
Report : Report drc errors
Design : ibex_mini_soc_top
Data   : zroute.err
Type   : detailed
Version: W-2024.09-SP2
Date   : Sun May 10 01:04:04 2026
****************************************

Error ID          : 386
Error Type        : Needs fat contact
Error Layer       : M1 (11)-M2 (13)
Number of errors  : 347
Description       :  -- 
Status            : error
Bbox              : {845.9380 592.6810} {845.9980 592.7910}

Error ID          : 387
Error Type        : Needs fat contact
Error Layer       : M1 (11)-M2 (13)
Number of errors  : 347
Description       :  -- 
Status            : error
Bbox              : {843.3540 592.6810} {843.4140 592.7910}

Error ID          : 389
Error Type        : Needs fat contact
Error Layer       : M1 (11)-M2 (13)
Number of errors  : 347
Description       :  -- 
Status            : error
Bbox              : {841.3780 590.8570} {841.4380 590.9670}

Error ID          : 390
Error Type        : Needs fat contact
Error Layer       : M1 (11)-M2 (13)
Number of errors  : 347
Description       :  -- 
Status            : error
Bbox              : {563.3700 604.2330} {563.4300 604.3430}

Error ID          : 392
Error Type        : Needs fat contact
Error Layer       : M1 (11)-M2 (13)
Number of errors  : 347
Description       :  -- 
Status            : error
Bbox              : {571.7300 599.3690} {571.7900 599.4790}

Error ID          : 393
Error Type        : Needs fat contact
Error Layer       : M1 (11)-M2 (13)
Number of errors  : 347
Description       :  -- 
Status            : error
Bbox              : {572.4900 602.7130} {572.5500 602.8230}

Error ID          : 394
Error Type        : Needs fat contact
Error Layer       : M1 (11)-M2 (13)
Number of errors  : 347
Description       :  -- 
Status            : error
Bbox              : {575.9860 604.2330} {576.0460 604.3430}

Error ID          : 395
Error Type        : Needs fat contact
Error Layer       : M1 (11)-M2 (13)
Number of errors  : 347
Description       :  -- 
Status            : error
Bbox              : {577.8100 602.7130} {577.8700 602.8230}

Error ID          : 401
Error Type        : Needs fat contact
Error Layer       : M1 (11)-M2 (13)
Number of errors  : 347
Description       :  -- 
Status            : error
Bbox              : {798.5140 600.8890} {798.5740 600.9990}

Error ID          : 402
Error Type        : Needs fat contact
Error Layer       : M1 (11)-M2 (13)
Number of errors  : 347
Description       :  -- 
Status            : error
Bbox              : {795.1700 599.3690} {795.2300 599.4790}

Error ID          : 403
Error Type        : Needs fat contact
Error Layer       : M1 (11)-M2 (13)
Number of errors  : 347
Description       :  -- 
Status            : error
Bbox              : {793.4980 599.3690} {793.5580 599.4790}

Error ID          : 404
Error Type        : Needs fat contact
Error Layer       : M1 (11)-M2 (13)
Number of errors  : 347
Description       :  -- 
Status            : error
Bbox              : {792.1300 602.7130} {792.1900 602.8230}

Error ID          : 406
Error Type        : Needs fat contact
Error Layer       : M1 (11)-M2 (13)
Number of errors  : 347
Description       :  -- 
Status            : error
Bbox              : {804.2900 599.3690} {804.3500 599.4790}

Error ID          : 407
Error Type        : Needs fat contact
Error Layer       : M1 (11)-M2 (13)
Number of errors  : 347
Description       :  -- 
Status            : error
Bbox              : {808.6980 602.7130} {808.7580 602.8230}

Error ID          : 409
Error Type        : Needs fat contact
Error Layer       : M1 (11)-M2 (13)
Number of errors  : 347
Description       :  -- 
Status            : error
Bbox              : {815.5380 596.0250} {815.5980 596.1350}

Error ID          : 410
Error Type        : Needs fat contact
Error Layer       : M1 (11)-M2 (13)
Number of errors  : 347
Description       :  -- 
Status            : error
Bbox              : {823.4420 599.3690} {823.5020 599.4790}

Error ID          : 411
Error Type        : Needs fat contact
Error Layer       : M1 (11)-M2 (13)
Number of errors  : 347
Description       :  -- 
Status            : error
Bbox              : {817.2100 600.8890} {817.2700 600.9990}

Error ID          : 412
Error Type        : Needs fat contact
Error Layer       : M1 (11)-M2 (13)
Number of errors  : 347
Description       :  -- 
Status            : error
Bbox              : {820.7060 599.3690} {820.7660 599.4790}

Error ID          : 413
Error Type        : Needs fat contact
Error Layer       : M1 (11)-M2 (13)
Number of errors  : 347
Description       :  -- 
Status            : error
Bbox              : {822.2260 604.2330} {822.2860 604.3430}

Error ID          : 414
Error Type        : Needs fat contact
Error Layer       : M1 (11)-M2 (13)
Number of errors  : 347
Description       :  -- 
Status            : error
Bbox              : {814.1700 602.7130} {814.2300 602.8230}

Error ID          : 415
Error Type        : Needs fat contact
Error Layer       : M1 (11)-M2 (13)
Number of errors  : 347
Description       :  -- 
Status            : error
Bbox              : {829.6740 600.8890} {829.7340 600.9990}

Error ID          : 417
Error Type        : Needs fat contact
Error Layer       : M1 (11)-M2 (13)
Number of errors  : 347
Description       :  -- 
Status            : error
Bbox              : {831.9540 599.3690} {832.0140 599.4790}

Error ID          : 418
Error Type        : Needs fat contact
Error Layer       : M1 (11)-M2 (13)
Number of errors  : 347
Description       :  -- 
Status            : error
Bbox              : {834.0820 599.3690} {834.1420 599.4790}

Error ID          : 419
Error Type        : Needs fat contact
Error Layer       : M1 (11)-M2 (13)
Number of errors  : 347
Description       :  -- 
Status            : error
Bbox              : {829.0660 602.7130} {829.1260 602.8230}

Error ID          : 420
Error Type        : Needs fat contact
Error Layer       : M1 (11)-M2 (13)
Number of errors  : 347
Description       :  -- 
Status            : error
Bbox              : {833.6260 602.7130} {833.6860 602.8230}

Error ID          : 421
Error Type        : Needs fat contact
Error Layer       : M1 (11)-M2 (13)
Number of errors  : 347
Description       :  -- 
Status            : error
Bbox              : {845.1780 600.8890} {845.2380 600.9990}

Error ID          : 422
Error Type        : Needs fat contact
Error Layer       : M1 (11)-M2 (13)
Number of errors  : 347
Description       :  -- 
Status            : error
Bbox              : {847.1540 600.8890} {847.2140 600.9990}

Error ID          : 423
Error Type        : Needs fat contact
Error Layer       : M1 (11)-M2 (13)
Number of errors  : 347
Description       :  -- 
Status            : error
Bbox              : {843.6580 596.0250} {843.7180 596.1350}

Error ID          : 425
Error Type        : Needs fat contact
Error Layer       : M1 (11)-M2 (13)
Number of errors  : 347
Description       :  -- 
Status            : error
Bbox              : {839.2500 597.5450} {839.3100 597.6550}

Error ID          : 426
Error Type        : Needs fat contact
Error Layer       : M1 (11)-M2 (13)
Number of errors  : 347
Description       :  -- 
Status            : error
Bbox              : {842.1380 597.5450} {842.1980 597.6550}

Error ID          : 427
Error Type        : Needs fat contact
Error Layer       : M1 (11)-M2 (13)
Number of errors  : 347
Description       :  -- 
Status            : error
Bbox              : {836.5140 602.7130} {836.5740 602.8230}

Error ID          : 428
Error Type        : Needs fat contact
Error Layer       : M1 (11)-M2 (13)
Number of errors  : 347
Description       :  -- 
Status            : error
Bbox              : {839.2500 602.7130} {839.3100 602.8230}

Error ID          : 434
Error Type        : Needs fat contact
Error Layer       : M1 (11)-M2 (13)
Number of errors  : 347
Description       :  -- 
Status            : error
Bbox              : {555.3140 606.0570} {555.3740 606.1670}

Error ID          : 439
Error Type        : Needs fat contact
Error Layer       : M1 (11)-M2 (13)
Number of errors  : 347
Description       :  -- 
Status            : error
Bbox              : {557.7460 606.0570} {557.8060 606.1670}

Error ID          : 0
Error Type        : Needs fat contact
Error Layer       : M1 (11)-M2 (13)
Number of errors  : 347
Description       :  -- 
Status            : error
Bbox              : {607.1460 69.1930} {607.2060 69.3030}

Error ID          : 2
Error Type        : Needs fat contact
Error Layer       : M1 (11)-M2 (13)
Number of errors  : 347
Description       :  -- 
Status            : error
Bbox              : {604.2580 74.3610} {604.3180 74.4710}

Error ID          : 3
Error Type        : Needs fat contact
Error Layer       : M1 (11)-M2 (13)
Number of errors  : 347
Description       :  -- 
Status            : error
Bbox              : {605.9300 71.0170} {605.9900 71.1270}

Error ID          : 4
Error Type        : Needs fat contact
Error Layer       : M1 (11)-M2 (13)
Number of errors  : 347
Description       :  -- 
Status            : error
Bbox              : {606.0820 77.7050} {606.1420 77.8150}

Error ID          : 5
Error Type        : Needs fat contact
Error Layer       : M1 (11)-M2 (13)
Number of errors  : 347
Description       :  -- 
Status            : error
Bbox              : {615.3540 81.0490} {615.4140 81.1590}

Error ID          : 15
Error Type        : Needs fat contact
Error Layer       : M1 (11)-M2 (13)
Number of errors  : 347
Description       :  -- 
Status            : error
Bbox              : {733.6100 178.0250} {733.6700 178.1350}

Error ID          : 16
Error Type        : Needs fat contact
Error Layer       : M1 (11)-M2 (13)
Number of errors  : 347
Description       :  -- 
Status            : error
Bbox              : {144.7620 191.4010} {144.8220 191.5110}

Error ID          : 17
Error Type        : Needs fat contact
Error Layer       : M1 (11)-M2 (13)
Number of errors  : 347
Description       :  -- 
Status            : error
Bbox              : {145.9780 191.4010} {146.0380 191.5110}

Error ID          : 18
Error Type        : Needs fat contact
Error Layer       : M1 (11)-M2 (13)
Number of errors  : 347
Description       :  -- 
Status            : error
Bbox              : {148.8660 191.4010} {148.9260 191.5110}

Error ID          : 19
Error Type        : Needs fat contact
Error Layer       : M1 (11)-M2 (13)
Number of errors  : 347
Description       :  -- 
Status            : error
Bbox              : {150.5380 191.4010} {150.5980 191.5110}

Error ID          : 20
Error Type        : Needs fat contact
Error Layer       : M1 (11)-M2 (13)
Number of errors  : 347
Description       :  -- 
Status            : error
Bbox              : {152.6660 191.4010} {152.7260 191.5110}

Error ID          : 23
Error Type        : Needs fat contact
Error Layer       : M1 (11)-M2 (13)
Number of errors  : 347
Description       :  -- 
Status            : error
Bbox              : {469.5860 182.8890} {469.6460 182.9990}

Error ID          : 27
Error Type        : Needs fat contact
Error Layer       : M1 (11)-M2 (13)
Number of errors  : 347
Description       :  -- 
Status            : error
Bbox              : {467.6100 184.7130} {467.6700 184.8230}

Error ID          : 28
Error Type        : Needs fat contact
Error Layer       : M1 (11)-M2 (13)
Number of errors  : 347
Description       :  -- 
Status            : error
Bbox              : {472.0180 182.8890} {472.0780 182.9990}

Error ID          : 29
Error Type        : Needs fat contact
Error Layer       : M1 (11)-M2 (13)
Number of errors  : 347
Description       :  -- 
Status            : error
Bbox              : {472.6260 179.5450} {472.6860 179.6550}

Error ID          : 30
Error Type        : Needs fat contact
Error Layer       : M1 (11)-M2 (13)
Number of errors  : 347
Description       :  -- 
Status            : error
Bbox              : {621.1300 186.2330} {621.1900 186.3430}

Error ID          : 31
Error Type        : Needs fat contact
Error Layer       : M1 (11)-M2 (13)
Number of errors  : 347
Description       :  -- 
Status            : error
Bbox              : {627.8180 184.7130} {627.8780 184.8230}

Error ID          : 32
Error Type        : Needs fat contact
Error Layer       : M1 (11)-M2 (13)
Number of errors  : 347
Description       :  -- 
Status            : error
Bbox              : {623.4100 184.7130} {623.4700 184.8230}

Error ID          : 33
Error Type        : Needs fat contact
Error Layer       : M1 (11)-M2 (13)
Number of errors  : 347
Description       :  -- 
Status            : error
Bbox              : {629.9460 184.7130} {630.0060 184.8230}

Error ID          : 34
Error Type        : Needs fat contact
Error Layer       : M1 (11)-M2 (13)
Number of errors  : 347
Description       :  -- 
Status            : error
Bbox              : {631.7700 184.7130} {631.8300 184.8230}

Error ID          : 35
Error Type        : Needs fat contact
Error Layer       : M1 (11)-M2 (13)
Number of errors  : 347
Description       :  -- 
Status            : error
Bbox              : {634.2020 184.7130} {634.2620 184.8230}

Error ID          : 36
Error Type        : Needs fat contact
Error Layer       : M1 (11)-M2 (13)
Number of errors  : 347
Description       :  -- 
Status            : error
Bbox              : {638.4580 182.8890} {638.5180 182.9990}

Error ID          : 37
Error Type        : Needs fat contact
Error Layer       : M1 (11)-M2 (13)
Number of errors  : 347
Description       :  -- 
Status            : error
Bbox              : {640.5860 186.2330} {640.6460 186.3430}

Error ID          : 38
Error Type        : Needs fat contact
Error Layer       : M1 (11)-M2 (13)
Number of errors  : 347
Description       :  -- 
Status            : error
Bbox              : {642.4100 186.2330} {642.4700 186.3430}

Error ID          : 39
Error Type        : Needs fat contact
Error Layer       : M1 (11)-M2 (13)
Number of errors  : 347
Description       :  -- 
Status            : error
Bbox              : {727.9860 184.7130} {728.0460 184.8230}

Error ID          : 40
Error Type        : Needs fat contact
Error Layer       : M1 (11)-M2 (13)
Number of errors  : 347
Description       :  -- 
Status            : error
Bbox              : {728.5940 186.2330} {728.6540 186.3430}

Error ID          : 41
Error Type        : Needs fat contact
Error Layer       : M1 (11)-M2 (13)
Number of errors  : 347
Description       :  -- 
Status            : error
Bbox              : {729.3540 182.8890} {729.4140 182.9990}

Error ID          : 42
Error Type        : Needs fat contact
Error Layer       : M1 (11)-M2 (13)
Number of errors  : 347
Description       :  -- 
Status            : error
Bbox              : {729.2020 184.7130} {729.2620 184.8230}

Error ID          : 43
Error Type        : Needs fat contact
Error Layer       : M1 (11)-M2 (13)
Number of errors  : 347
Description       :  -- 
Status            : error
Bbox              : {730.5700 181.3690} {730.6300 181.4790}

Error ID          : 44
Error Type        : Needs fat contact
Error Layer       : M1 (11)-M2 (13)
Number of errors  : 347
Description       :  -- 
Status            : error
Bbox              : {730.2660 189.5770} {730.3260 189.6870}

Error ID          : 45
Error Type        : Needs fat contact
Error Layer       : M1 (11)-M2 (13)
Number of errors  : 347
Description       :  -- 
Status            : error
Bbox              : {731.7860 181.3690} {731.8460 181.4790}

Error ID          : 46
Error Type        : Needs fat contact
Error Layer       : M1 (11)-M2 (13)
Number of errors  : 347
Description       :  -- 
Status            : error
Bbox              : {145.5220 192.9210} {145.5820 193.0310}

Error ID          : 47
Error Type        : Needs fat contact
Error Layer       : M1 (11)-M2 (13)
Number of errors  : 347
Description       :  -- 
Status            : error
Bbox              : {153.2740 192.9210} {153.3340 193.0310}

Error ID          : 48
Error Type        : Needs fat contact
Error Layer       : M1 (11)-M2 (13)
Number of errors  : 347
Description       :  -- 
Status            : error
Bbox              : {156.0100 192.9210} {156.0700 193.0310}

Error ID          : 49
Error Type        : Needs fat contact
Error Layer       : M1 (11)-M2 (13)
Number of errors  : 347
Description       :  -- 
Status            : error
Bbox              : {167.8660 192.9210} {167.9260 193.0310}

Error ID          : 50
Error Type        : Needs fat contact
Error Layer       : M1 (11)-M2 (13)
Number of errors  : 347
Description       :  -- 
Status            : error
Bbox              : {169.8420 192.9210} {169.9020 193.0310}

Error ID          : 52
Error Type        : Needs fat contact
Error Layer       : M1 (11)-M2 (13)
Number of errors  : 347
Description       :  -- 
Status            : error
Bbox              : {171.9700 192.9210} {172.0300 193.0310}

Error ID          : 54
Error Type        : Needs fat contact
Error Layer       : M1 (11)-M2 (13)
Number of errors  : 347
Description       :  -- 
Status            : error
Bbox              : {176.9860 192.9210} {177.0460 193.0310}

Error ID          : 55
Error Type        : Needs fat contact
Error Layer       : M1 (11)-M2 (13)
Number of errors  : 347
Description       :  -- 
Status            : error
Bbox              : {177.2900 196.2650} {177.3500 196.3750}

Error ID          : 56
Error Type        : Needs fat contact
Error Layer       : M1 (11)-M2 (13)
Number of errors  : 347
Description       :  -- 
Status            : error
Bbox              : {179.2660 192.9210} {179.3260 193.0310}

Error ID          : 57
Error Type        : Needs fat contact
Error Layer       : M1 (11)-M2 (13)
Number of errors  : 347
Description       :  -- 
Status            : error
Bbox              : {181.3940 192.9210} {181.4540 193.0310}

Error ID          : 58
Error Type        : Needs fat contact
Error Layer       : M1 (11)-M2 (13)
Number of errors  : 347
Description       :  -- 
Status            : error
Bbox              : {181.8500 194.7450} {181.9100 194.8550}

Error ID          : 67
Error Type        : Needs fat contact
Error Layer       : M1 (11)-M2 (13)
Number of errors  : 347
Description       :  -- 
Status            : error
Bbox              : {116.6420 323.3370} {116.7020 323.4470}

Error ID          : 68
Error Type        : Needs fat contact
Error Layer       : M1 (11)-M2 (13)
Number of errors  : 347
Description       :  -- 
Status            : error
Bbox              : {115.5780 321.8170} {115.6380 321.9270}

Error ID          : 74
Error Type        : Needs fat contact
Error Layer       : M1 (11)-M2 (13)
Number of errors  : 347
Description       :  -- 
Status            : error
Bbox              : {107.3700 328.5050} {107.4300 328.6150}

Error ID          : 75
Error Type        : Needs fat contact
Error Layer       : M1 (11)-M2 (13)
Number of errors  : 347
Description       :  -- 
Status            : error
Bbox              : {110.4100 326.6810} {110.4700 326.7910}

Error ID          : 80
Error Type        : Needs fat contact
Error Layer       : M1 (11)-M2 (13)
Number of errors  : 347
Description       :  -- 
Status            : error
Bbox              : {200.6980 348.5690} {200.7580 348.6790}

Error ID          : 81
Error Type        : Needs fat contact
Error Layer       : M1 (11)-M2 (13)
Number of errors  : 347
Description       :  -- 
Status            : error
Bbox              : {204.6500 345.2250} {204.7100 345.3350}

Error ID          : 85
Error Type        : Needs fat contact
Error Layer       : M1 (11)-M2 (13)
Number of errors  : 347
Description       :  -- 
Status            : error
Bbox              : {197.0500 351.9130} {197.1100 352.0230}

Error ID          : 86
Error Type        : Needs fat contact
Error Layer       : M1 (11)-M2 (13)
Number of errors  : 347
Description       :  -- 
Status            : error
Bbox              : {193.5540 351.9130} {193.6140 352.0230}

Error ID          : 88
Error Type        : Needs fat contact
Error Layer       : M1 (11)-M2 (13)
Number of errors  : 347
Description       :  -- 
Status            : error
Bbox              : {631.6180 376.8410} {631.6780 376.9510}

Error ID          : 89
Error Type        : Needs fat contact
Error Layer       : M1 (11)-M2 (13)
Number of errors  : 347
Description       :  -- 
Status            : error
Bbox              : {643.7780 382.0090} {643.8380 382.1190}

Error ID          : 92
Error Type        : Needs fat contact
Error Layer       : M1 (11)-M2 (13)
Number of errors  : 347
Description       :  -- 
Status            : error
Bbox              : {648.3380 390.2170} {648.3980 390.3270}

Error ID          : 96
Error Type        : Needs fat contact
Error Layer       : M1 (11)-M2 (13)
Number of errors  : 347
Description       :  -- 
Status            : error
Bbox              : {656.8500 403.5930} {656.9100 403.7030}

Error ID          : 100
Error Type        : Needs fat contact
Error Layer       : M1 (11)-M2 (13)
Number of errors  : 347
Description       :  -- 
Status            : error
Bbox              : {572.4900 437.0330} {572.5500 437.1430}

Error ID          : 101
Error Type        : Needs fat contact
Error Layer       : M1 (11)-M2 (13)
Number of errors  : 347
Description       :  -- 
Status            : error
Bbox              : {757.6260 470.4730} {757.6860 470.5830}

Error ID          : 102
Error Type        : Needs fat contact
Error Layer       : M1 (11)-M2 (13)
Number of errors  : 347
Description       :  -- 
Status            : error
Bbox              : {753.5220 467.1290} {753.5820 467.2390}

Error ID          : 103
Error Type        : Needs fat contact
Error Layer       : M1 (11)-M2 (13)
Number of errors  : 347
Description       :  -- 
Status            : error
Bbox              : {752.3060 467.1290} {752.3660 467.2390}

Error ID          : 104
Error Type        : Needs fat contact
Error Layer       : M1 (11)-M2 (13)
Number of errors  : 347
Description       :  -- 
Status            : error
Bbox              : {752.1540 463.7850} {752.2140 463.8950}

Error ID          : 105
Error Type        : Needs fat contact
Error Layer       : M1 (11)-M2 (13)
Number of errors  : 347
Description       :  -- 
Status            : error
Bbox              : {752.0020 465.6090} {752.0620 465.7190}

Error ID          : 109
Error Type        : Needs fat contact
Error Layer       : M1 (11)-M2 (13)
Number of errors  : 347
Description       :  -- 
Status            : error
Bbox              : {798.9700 468.9530} {799.0300 469.0630}

Error ID          : 110
Error Type        : Needs fat contact
Error Layer       : M1 (11)-M2 (13)
Number of errors  : 347
Description       :  -- 
Status            : error
Bbox              : {802.1620 467.1290} {802.2220 467.2390}

Error ID          : 111
Error Type        : Needs fat contact
Error Layer       : M1 (11)-M2 (13)
Number of errors  : 347
Description       :  -- 
Status            : error
Bbox              : {805.6580 467.1290} {805.7180 467.2390}

Error ID          : 112
Error Type        : Needs fat contact
Error Layer       : M1 (11)-M2 (13)
Number of errors  : 347
Description       :  -- 
Status            : error
Bbox              : {806.4180 465.6090} {806.4780 465.7190}

Error ID          : 113
Error Type        : Needs fat contact
Error Layer       : M1 (11)-M2 (13)
Number of errors  : 347
Description       :  -- 
Status            : error
Bbox              : {820.7060 468.9530} {820.7660 469.0630}

Error ID          : 114
Error Type        : Needs fat contact
Error Layer       : M1 (11)-M2 (13)
Number of errors  : 347
Description       :  -- 
Status            : error
Bbox              : {813.4100 465.6090} {813.4700 465.7190}

Error ID          : 115
Error Type        : Needs fat contact
Error Layer       : M1 (11)-M2 (13)
Number of errors  : 347
Description       :  -- 
Status            : error
Bbox              : {814.6260 463.7850} {814.6860 463.8950}

Error ID          : 116
Error Type        : Needs fat contact
Error Layer       : M1 (11)-M2 (13)
Number of errors  : 347
Description       :  -- 
Status            : error
Bbox              : {822.5300 467.1290} {822.5900 467.2390}

Error ID          : 117
Error Type        : Needs fat contact
Error Layer       : M1 (11)-M2 (13)
Number of errors  : 347
Description       :  -- 
Status            : error
Bbox              : {834.2340 470.4730} {834.2940 470.5830}

Error ID          : 118
Error Type        : Needs fat contact
Error Layer       : M1 (11)-M2 (13)
Number of errors  : 347
Description       :  -- 
Status            : error
Bbox              : {831.3460 470.4730} {831.4060 470.5830}

Error ID          : 120
Error Type        : Needs fat contact
Error Layer       : M1 (11)-M2 (13)
Number of errors  : 347
Description       :  -- 
Status            : error
Bbox              : {834.9940 468.9530} {835.0540 469.0630}

Error ID          : 121
Error Type        : Needs fat contact
Error Layer       : M1 (11)-M2 (13)
Number of errors  : 347
Description       :  -- 
Status            : error
Bbox              : {831.0420 467.1290} {831.1020 467.2390}

Error ID          : 122
Error Type        : Needs fat contact
Error Layer       : M1 (11)-M2 (13)
Number of errors  : 347
Description       :  -- 
Status            : error
Bbox              : {833.1700 465.6090} {833.2300 465.7190}

Error ID          : 123
Error Type        : Needs fat contact
Error Layer       : M1 (11)-M2 (13)
Number of errors  : 347
Description       :  -- 
Status            : error
Bbox              : {760.6660 472.2970} {760.7260 472.4070}

Error ID          : 124
Error Type        : Needs fat contact
Error Layer       : M1 (11)-M2 (13)
Number of errors  : 347
Description       :  -- 
Status            : error
Bbox              : {762.6420 478.9850} {762.7020 479.0950}

Error ID          : 125
Error Type        : Needs fat contact
Error Layer       : M1 (11)-M2 (13)
Number of errors  : 347
Description       :  -- 
Status            : error
Bbox              : {757.7780 480.5050} {757.8380 480.6150}

Error ID          : 127
Error Type        : Needs fat contact
Error Layer       : M1 (11)-M2 (13)
Number of errors  : 347
Description       :  -- 
Status            : error
Bbox              : {765.6820 477.1610} {765.7420 477.2710}

Error ID          : 132
Error Type        : Needs fat contact
Error Layer       : M1 (11)-M2 (13)
Number of errors  : 347
Description       :  -- 
Status            : error
Bbox              : {830.7380 478.9850} {830.7980 479.0950}

Error ID          : 133
Error Type        : Needs fat contact
Error Layer       : M1 (11)-M2 (13)
Number of errors  : 347
Description       :  -- 
Status            : error
Bbox              : {831.6500 482.3290} {831.7100 482.4390}

Error ID          : 134
Error Type        : Needs fat contact
Error Layer       : M1 (11)-M2 (13)
Number of errors  : 347
Description       :  -- 
Status            : error
Bbox              : {833.4740 473.8170} {833.5340 473.9270}

Error ID          : 135
Error Type        : Needs fat contact
Error Layer       : M1 (11)-M2 (13)
Number of errors  : 347
Description       :  -- 
Status            : error
Bbox              : {831.3460 477.1610} {831.4060 477.2710}

Error ID          : 136
Error Type        : Needs fat contact
Error Layer       : M1 (11)-M2 (13)
Number of errors  : 347
Description       :  -- 
Status            : error
Bbox              : {830.1300 472.2970} {830.1900 472.4070}

Error ID          : 137
Error Type        : Needs fat contact
Error Layer       : M1 (11)-M2 (13)
Number of errors  : 347
Description       :  -- 
Status            : error
Bbox              : {832.8660 478.9850} {832.9260 479.0950}

Error ID          : 139
Error Type        : Needs fat contact
Error Layer       : M1 (11)-M2 (13)
Number of errors  : 347
Description       :  -- 
Status            : error
Bbox              : {832.2580 473.8170} {832.3180 473.9270}

Error ID          : 150
Error Type        : Needs fat contact
Error Layer       : M1 (11)-M2 (13)
Number of errors  : 347
Description       :  -- 
Status            : error
Bbox              : {829.8260 489.0170} {829.8860 489.1270}

Error ID          : 151
Error Type        : Needs fat contact
Error Layer       : M1 (11)-M2 (13)
Number of errors  : 347
Description       :  -- 
Status            : error
Bbox              : {832.7140 493.8810} {832.7740 493.9910}

Error ID          : 153
Error Type        : Needs fat contact
Error Layer       : M1 (11)-M2 (13)
Number of errors  : 347
Description       :  -- 
Status            : error
Bbox              : {831.6500 492.3610} {831.7100 492.4710}

Error ID          : 154
Error Type        : Needs fat contact
Error Layer       : M1 (11)-M2 (13)
Number of errors  : 347
Description       :  -- 
Status            : error
Bbox              : {833.9300 493.8810} {833.9900 493.9910}

Error ID          : 155
Error Type        : Needs fat contact
Error Layer       : M1 (11)-M2 (13)
Number of errors  : 347
Description       :  -- 
Status            : error
Bbox              : {835.1460 489.0170} {835.2060 489.1270}

Error ID          : 156
Error Type        : Needs fat contact
Error Layer       : M1 (11)-M2 (13)
Number of errors  : 347
Description       :  -- 
Status            : error
Bbox              : {837.4260 485.6730} {837.4860 485.7830}

Error ID          : 157
Error Type        : Needs fat contact
Error Layer       : M1 (11)-M2 (13)
Number of errors  : 347
Description       :  -- 
Status            : error
Bbox              : {837.7300 490.5370} {837.7900 490.6470}

Error ID          : 159
Error Type        : Needs fat contact
Error Layer       : M1 (11)-M2 (13)
Number of errors  : 347
Description       :  -- 
Status            : error
Bbox              : {837.5780 487.1930} {837.6380 487.3030}

Error ID          : 164
Error Type        : Needs fat contact
Error Layer       : M1 (11)-M2 (13)
Number of errors  : 347
Description       :  -- 
Status            : error
Bbox              : {834.8420 495.7050} {834.9020 495.8150}

Error ID          : 165
Error Type        : Needs fat contact
Error Layer       : M1 (11)-M2 (13)
Number of errors  : 347
Description       :  -- 
Status            : error
Bbox              : {833.7780 497.2250} {833.8380 497.3350}

Error ID          : 167
Error Type        : Needs fat contact
Error Layer       : M1 (11)-M2 (13)
Number of errors  : 347
Description       :  -- 
Status            : error
Bbox              : {837.1220 495.7050} {837.1820 495.8150}

Error ID          : 169
Error Type        : Needs fat contact
Error Layer       : M1 (11)-M2 (13)
Number of errors  : 347
Description       :  -- 
Status            : error
Bbox              : {694.8500 519.1130} {694.9100 519.2230}

Error ID          : 175
Error Type        : Needs fat contact
Error Layer       : M1 (11)-M2 (13)
Number of errors  : 347
Description       :  -- 
Status            : error
Bbox              : {715.0660 517.2890} {715.1260 517.3990}

Error ID          : 176
Error Type        : Needs fat contact
Error Layer       : M1 (11)-M2 (13)
Number of errors  : 347
Description       :  -- 
Status            : error
Bbox              : {736.9540 517.2890} {737.0140 517.3990}

Error ID          : 177
Error Type        : Needs fat contact
Error Layer       : M1 (11)-M2 (13)
Number of errors  : 347
Description       :  -- 
Status            : error
Bbox              : {743.1860 517.2890} {743.2460 517.3990}

Error ID          : 181
Error Type        : Needs fat contact
Error Layer       : M1 (11)-M2 (13)
Number of errors  : 347
Description       :  -- 
Status            : error
Bbox              : {766.7460 509.0810} {766.8060 509.1910}

Error ID          : 184
Error Type        : Needs fat contact
Error Layer       : M1 (11)-M2 (13)
Number of errors  : 347
Description       :  -- 
Status            : error
Bbox              : {790.7620 519.1130} {790.8220 519.2230}

Error ID          : 185
Error Type        : Needs fat contact
Error Layer       : M1 (11)-M2 (13)
Number of errors  : 347
Description       :  -- 
Status            : error
Bbox              : {793.1940 519.1130} {793.2540 519.2230}

Error ID          : 186
Error Type        : Needs fat contact
Error Layer       : M1 (11)-M2 (13)
Number of errors  : 347
Description       :  -- 
Status            : error
Bbox              : {791.9780 519.1130} {792.0380 519.2230}

Error ID          : 187
Error Type        : Needs fat contact
Error Layer       : M1 (11)-M2 (13)
Number of errors  : 347
Description       :  -- 
Status            : error
Bbox              : {788.6340 517.2890} {788.6940 517.3990}

Error ID          : 188
Error Type        : Needs fat contact
Error Layer       : M1 (11)-M2 (13)
Number of errors  : 347
Description       :  -- 
Status            : error
Bbox              : {789.8500 517.2890} {789.9100 517.3990}

Error ID          : 636
Error Type        : Needs fat contact
Error Layer       : M1 (11)-M2 (13)
Number of errors  : 347
Description       :  -- 
Status            : error
Bbox              : {783.4660 656.2170} {783.5260 656.3270}

Error ID          : 638
Error Type        : Needs fat contact
Error Layer       : M1 (11)-M2 (13)
Number of errors  : 347
Description       :  -- 
Status            : error
Bbox              : {799.2740 659.5610} {799.3340 659.6710}

Error ID          : 639
Error Type        : Needs fat contact
Error Layer       : M1 (11)-M2 (13)
Number of errors  : 347
Description       :  -- 
Status            : error
Bbox              : {797.1460 662.9050} {797.2060 663.0150}

Error ID          : 640
Error Type        : Needs fat contact
Error Layer       : M1 (11)-M2 (13)
Number of errors  : 347
Description       :  -- 
Status            : error
Bbox              : {795.9300 662.9050} {795.9900 663.0150}

Error ID          : 642
Error Type        : Needs fat contact
Error Layer       : M1 (11)-M2 (13)
Number of errors  : 347
Description       :  -- 
Status            : error
Bbox              : {809.6100 654.3930} {809.6700 654.5030}

Error ID          : 643
Error Type        : Needs fat contact
Error Layer       : M1 (11)-M2 (13)
Number of errors  : 347
Description       :  -- 
Status            : error
Bbox              : {805.2020 654.3930} {805.2620 654.5030}

Error ID          : 644
Error Type        : Needs fat contact
Error Layer       : M1 (11)-M2 (13)
Number of errors  : 347
Description       :  -- 
Status            : error
Bbox              : {811.4340 659.5610} {811.4940 659.6710}

Error ID          : 645
Error Type        : Needs fat contact
Error Layer       : M1 (11)-M2 (13)
Number of errors  : 347
Description       :  -- 
Status            : error
Bbox              : {803.8340 659.5610} {803.8940 659.6710}

Error ID          : 646
Error Type        : Needs fat contact
Error Layer       : M1 (11)-M2 (13)
Number of errors  : 347
Description       :  -- 
Status            : error
Bbox              : {806.1140 662.9050} {806.1740 663.0150}

Error ID          : 647
Error Type        : Needs fat contact
Error Layer       : M1 (11)-M2 (13)
Number of errors  : 347
Description       :  -- 
Status            : error
Bbox              : {813.4100 659.5610} {813.4700 659.6710}

Error ID          : 648
Error Type        : Needs fat contact
Error Layer       : M1 (11)-M2 (13)
Number of errors  : 347
Description       :  -- 
Status            : error
Bbox              : {819.3380 656.2170} {819.3980 656.3270}

Error ID          : 649
Error Type        : Needs fat contact
Error Layer       : M1 (11)-M2 (13)
Number of errors  : 347
Description       :  -- 
Status            : error
Bbox              : {817.3620 657.7370} {817.4220 657.8470}

Error ID          : 650
Error Type        : Needs fat contact
Error Layer       : M1 (11)-M2 (13)
Number of errors  : 347
Description       :  -- 
Status            : error
Bbox              : {818.7300 659.5610} {818.7900 659.6710}

Error ID          : 652
Error Type        : Needs fat contact
Error Layer       : M1 (11)-M2 (13)
Number of errors  : 347
Description       :  -- 
Status            : error
Bbox              : {831.4980 664.4250} {831.5580 664.5350}

Error ID          : 653
Error Type        : Needs fat contact
Error Layer       : M1 (11)-M2 (13)
Number of errors  : 347
Description       :  -- 
Status            : error
Bbox              : {834.3860 662.9050} {834.4460 663.0150}

Error ID          : 655
Error Type        : Needs fat contact
Error Layer       : M1 (11)-M2 (13)
Number of errors  : 347
Description       :  -- 
Status            : error
Bbox              : {833.1700 662.9050} {833.2300 663.0150}

Error ID          : 657
Error Type        : Needs fat contact
Error Layer       : M1 (11)-M2 (13)
Number of errors  : 347
Description       :  -- 
Status            : error
Bbox              : {836.0580 662.9050} {836.1180 663.0150}

Error ID          : 658
Error Type        : Needs fat contact
Error Layer       : M1 (11)-M2 (13)
Number of errors  : 347
Description       :  -- 
Status            : error
Bbox              : {837.2740 662.9050} {837.3340 663.0150}

Error ID          : 659
Error Type        : Needs fat contact
Error Layer       : M1 (11)-M2 (13)
Number of errors  : 347
Description       :  -- 
Status            : error
Bbox              : {840.6180 659.5610} {840.6780 659.6710}

Error ID          : 660
Error Type        : Needs fat contact
Error Layer       : M1 (11)-M2 (13)
Number of errors  : 347
Description       :  -- 
Status            : error
Bbox              : {839.2500 659.5610} {839.3100 659.6710}

Error ID          : 661
Error Type        : Needs fat contact
Error Layer       : M1 (11)-M2 (13)
Number of errors  : 347
Description       :  -- 
Status            : error
Bbox              : {837.1220 657.7370} {837.1820 657.8470}

Error ID          : 662
Error Type        : Needs fat contact
Error Layer       : M1 (11)-M2 (13)
Number of errors  : 347
Description       :  -- 
Status            : error
Bbox              : {764.3140 672.9370} {764.3740 673.0470}

Error ID          : 663
Error Type        : Needs fat contact
Error Layer       : M1 (11)-M2 (13)
Number of errors  : 347
Description       :  -- 
Status            : error
Bbox              : {774.4980 671.1130} {774.5580 671.2230}

Error ID          : 665
Error Type        : Needs fat contact
Error Layer       : M1 (11)-M2 (13)
Number of errors  : 347
Description       :  -- 
Status            : error
Bbox              : {806.1140 666.2490} {806.1740 666.3590}

Error ID          : 675
Error Type        : Needs fat contact
Error Layer       : M1 (11)-M2 (13)
Number of errors  : 347
Description       :  -- 
Status            : error
Bbox              : {828.0020 724.6170} {828.0620 724.7270}

Error ID          : 677
Error Type        : Needs fat contact
Error Layer       : M1 (11)-M2 (13)
Number of errors  : 347
Description       :  -- 
Status            : error
Bbox              : {824.9620 724.6170} {825.0220 724.7270}

Error ID          : 678
Error Type        : Needs fat contact
Error Layer       : M1 (11)-M2 (13)
Number of errors  : 347
Description       :  -- 
Status            : error
Bbox              : {830.1300 719.7530} {830.1900 719.8630}

Error ID          : 679
Error Type        : Needs fat contact
Error Layer       : M1 (11)-M2 (13)
Number of errors  : 347
Description       :  -- 
Status            : error
Bbox              : {845.0260 724.6170} {845.0860 724.7270}

Error ID          : 681
Error Type        : Needs fat contact
Error Layer       : M1 (11)-M2 (13)
Number of errors  : 347
Description       :  -- 
Status            : error
Bbox              : {845.0260 723.0970} {845.0860 723.2070}

Error ID          : 684
Error Type        : Needs fat contact
Error Layer       : M1 (11)-M2 (13)
Number of errors  : 347
Description       :  -- 
Status            : error
Bbox              : {829.2180 734.6490} {829.2780 734.7590}

Error ID          : 685
Error Type        : Needs fat contact
Error Layer       : M1 (11)-M2 (13)
Number of errors  : 347
Description       :  -- 
Status            : error
Bbox              : {831.9540 727.9610} {832.0140 728.0710}

Error ID          : 686
Error Type        : Needs fat contact
Error Layer       : M1 (11)-M2 (13)
Number of errors  : 347
Description       :  -- 
Status            : error
Bbox              : {826.1780 731.3050} {826.2380 731.4150}

Error ID          : 687
Error Type        : Needs fat contact
Error Layer       : M1 (11)-M2 (13)
Number of errors  : 347
Description       :  -- 
Status            : error
Bbox              : {834.8420 736.4730} {834.9020 736.5830}

Error ID          : 688
Error Type        : Needs fat contact
Error Layer       : M1 (11)-M2 (13)
Number of errors  : 347
Description       :  -- 
Status            : error
Bbox              : {838.3380 731.3050} {838.3980 731.4150}

Error ID          : 690
Error Type        : Needs fat contact
Error Layer       : M1 (11)-M2 (13)
Number of errors  : 347
Description       :  -- 
Status            : error
Bbox              : {847.7620 729.7850} {847.8220 729.8950}

Error ID          : 691
Error Type        : Needs fat contact
Error Layer       : M1 (11)-M2 (13)
Number of errors  : 347
Description       :  -- 
Status            : error
Bbox              : {849.4340 727.9610} {849.4940 728.0710}

Error ID          : 450
Error Type        : Needs fat contact
Error Layer       : M1 (11)-M2 (13)
Number of errors  : 347
Description       :  -- 
Status            : error
Bbox              : {720.6900 609.4010} {720.7500 609.5110}

Error ID          : 451
Error Type        : Needs fat contact
Error Layer       : M1 (11)-M2 (13)
Number of errors  : 347
Description       :  -- 
Status            : error
Bbox              : {722.5140 612.7450} {722.5740 612.8550}

Error ID          : 456
Error Type        : Needs fat contact
Error Layer       : M1 (11)-M2 (13)
Number of errors  : 347
Description       :  -- 
Status            : error
Bbox              : {735.2820 614.2650} {735.3420 614.3750}

Error ID          : 459
Error Type        : Needs fat contact
Error Layer       : M1 (11)-M2 (13)
Number of errors  : 347
Description       :  -- 
Status            : error
Bbox              : {745.6180 612.7450} {745.6780 612.8550}

Error ID          : 465
Error Type        : Needs fat contact
Error Layer       : M1 (11)-M2 (13)
Number of errors  : 347
Description       :  -- 
Status            : error
Bbox              : {768.8740 609.4010} {768.9340 609.5110}

Error ID          : 468
Error Type        : Needs fat contact
Error Layer       : M1 (11)-M2 (13)
Number of errors  : 347
Description       :  -- 
Status            : error
Bbox              : {772.2180 612.7450} {772.2780 612.8550}

Error ID          : 474
Error Type        : Needs fat contact
Error Layer       : M1 (11)-M2 (13)
Number of errors  : 347
Description       :  -- 
Status            : error
Bbox              : {777.8420 612.7450} {777.9020 612.8550}

Error ID          : 479
Error Type        : Needs fat contact
Error Layer       : M1 (11)-M2 (13)
Number of errors  : 347
Description       :  -- 
Status            : error
Bbox              : {795.7780 607.5770} {795.8380 607.6870}

Error ID          : 481
Error Type        : Needs fat contact
Error Layer       : M1 (11)-M2 (13)
Number of errors  : 347
Description       :  -- 
Status            : error
Bbox              : {794.5620 607.5770} {794.6220 607.6870}

Error ID          : 484
Error Type        : Needs fat contact
Error Layer       : M1 (11)-M2 (13)
Number of errors  : 347
Description       :  -- 
Status            : error
Bbox              : {801.5540 614.2650} {801.6140 614.3750}

Error ID          : 485
Error Type        : Needs fat contact
Error Layer       : M1 (11)-M2 (13)
Number of errors  : 347
Description       :  -- 
Status            : error
Bbox              : {802.1620 610.9210} {802.2220 611.0310}

Error ID          : 493
Error Type        : Needs fat contact
Error Layer       : M1 (11)-M2 (13)
Number of errors  : 347
Description       :  -- 
Status            : error
Bbox              : {828.9140 606.0570} {828.9740 606.1670}

Error ID          : 494
Error Type        : Needs fat contact
Error Layer       : M1 (11)-M2 (13)
Number of errors  : 347
Description       :  -- 
Status            : error
Bbox              : {230.9460 627.6410} {231.0060 627.7510}

Error ID          : 495
Error Type        : Needs fat contact
Error Layer       : M1 (11)-M2 (13)
Number of errors  : 347
Description       :  -- 
Status            : error
Bbox              : {235.6580 626.1210} {235.7180 626.2310}

Error ID          : 496
Error Type        : Needs fat contact
Error Layer       : M1 (11)-M2 (13)
Number of errors  : 347
Description       :  -- 
Status            : error
Bbox              : {242.9540 627.6410} {243.0140 627.7510}

Error ID          : 497
Error Type        : Needs fat contact
Error Layer       : M1 (11)-M2 (13)
Number of errors  : 347
Description       :  -- 
Status            : error
Bbox              : {267.8820 626.1210} {267.9420 626.2310}

Error ID          : 700
Error Type        : Needs fat contact
Error Layer       : M1 (11)-M2 (13)
Number of errors  : 347
Description       :  -- 
Status            : error
Bbox              : {847.1540 761.4010} {847.2140 761.5110}

Error ID          : 701
Error Type        : Needs fat contact
Error Layer       : M1 (11)-M2 (13)
Number of errors  : 347
Description       :  -- 
Status            : error
Bbox              : {849.2820 761.4010} {849.3420 761.5110}

Error ID          : 704
Error Type        : Needs fat contact
Error Layer       : M1 (11)-M2 (13)
Number of errors  : 347
Description       :  -- 
Status            : error
Bbox              : {849.1300 758.0570} {849.1900 758.1670}

Error ID          : 705
Error Type        : Needs fat contact
Error Layer       : M1 (11)-M2 (13)
Number of errors  : 347
Description       :  -- 
Status            : error
Bbox              : {839.2500 764.7450} {839.3100 764.8550}

Error ID          : 706
Error Type        : Needs fat contact
Error Layer       : M1 (11)-M2 (13)
Number of errors  : 347
Description       :  -- 
Status            : error
Bbox              : {846.2420 764.7450} {846.3020 764.8550}

Error ID          : 708
Error Type        : Needs fat contact
Error Layer       : M1 (11)-M2 (13)
Number of errors  : 347
Description       :  -- 
Status            : error
Bbox              : {842.5940 768.0890} {842.6540 768.1990}

Error ID          : 719
Error Type        : Needs fat contact
Error Layer       : M1 (11)-M2 (13)
Number of errors  : 347
Description       :  -- 
Status            : error
Bbox              : {819.1860 813.3850} {819.2460 813.4950}

Error ID          : 252
Error Type        : Needs fat contact
Error Layer       : M1 (11)-M2 (13)
Number of errors  : 347
Description       :  -- 
Status            : error
Bbox              : {705.3380 534.0090} {705.3980 534.1190}

Error ID          : 253
Error Type        : Needs fat contact
Error Layer       : M1 (11)-M2 (13)
Number of errors  : 347
Description       :  -- 
Status            : error
Bbox              : {702.6020 537.3530} {702.6620 537.4630}

Error ID          : 254
Error Type        : Needs fat contact
Error Layer       : M1 (11)-M2 (13)
Number of errors  : 347
Description       :  -- 
Status            : error
Bbox              : {711.4180 537.3530} {711.4780 537.4630}

Error ID          : 255
Error Type        : Needs fat contact
Error Layer       : M1 (11)-M2 (13)
Number of errors  : 347
Description       :  -- 
Status            : error
Bbox              : {709.7460 537.3530} {709.8060 537.4630}

Error ID          : 256
Error Type        : Needs fat contact
Error Layer       : M1 (11)-M2 (13)
Number of errors  : 347
Description       :  -- 
Status            : error
Bbox              : {704.7300 537.3530} {704.7900 537.4630}

Error ID          : 257
Error Type        : Needs fat contact
Error Layer       : M1 (11)-M2 (13)
Number of errors  : 347
Description       :  -- 
Status            : error
Bbox              : {709.1380 539.1770} {709.1980 539.2870}

Error ID          : 258
Error Type        : Needs fat contact
Error Layer       : M1 (11)-M2 (13)
Number of errors  : 347
Description       :  -- 
Status            : error
Bbox              : {718.4100 544.0410} {718.4700 544.1510}

Error ID          : 259
Error Type        : Needs fat contact
Error Layer       : M1 (11)-M2 (13)
Number of errors  : 347
Description       :  -- 
Status            : error
Bbox              : {718.1060 542.5210} {718.1660 542.6310}

Error ID          : 260
Error Type        : Needs fat contact
Error Layer       : M1 (11)-M2 (13)
Number of errors  : 347
Description       :  -- 
Status            : error
Bbox              : {719.0180 535.8330} {719.0780 535.9430}

Error ID          : 267
Error Type        : Needs fat contact
Error Layer       : M1 (11)-M2 (13)
Number of errors  : 347
Description       :  -- 
Status            : error
Bbox              : {790.4580 532.4890} {790.5180 532.5990}

Error ID          : 271
Error Type        : Needs fat contact
Error Layer       : M1 (11)-M2 (13)
Number of errors  : 347
Description       :  -- 
Status            : error
Bbox              : {812.3460 537.3530} {812.4060 537.4630}

Error ID          : 272
Error Type        : Needs fat contact
Error Layer       : M1 (11)-M2 (13)
Number of errors  : 347
Description       :  -- 
Status            : error
Bbox              : {815.9940 535.8330} {816.0540 535.9430}

Error ID          : 273
Error Type        : Needs fat contact
Error Layer       : M1 (11)-M2 (13)
Number of errors  : 347
Description       :  -- 
Status            : error
Bbox              : {817.2100 535.8330} {817.2700 535.9430}

Error ID          : 274
Error Type        : Needs fat contact
Error Layer       : M1 (11)-M2 (13)
Number of errors  : 347
Description       :  -- 
Status            : error
Bbox              : {834.3860 544.0410} {834.4460 544.1510}

Error ID          : 275
Error Type        : Needs fat contact
Error Layer       : M1 (11)-M2 (13)
Number of errors  : 347
Description       :  -- 
Status            : error
Bbox              : {832.5620 542.5210} {832.6220 542.6310}

Error ID          : 276
Error Type        : Needs fat contact
Error Layer       : M1 (11)-M2 (13)
Number of errors  : 347
Description       :  -- 
Status            : error
Bbox              : {845.9380 534.0090} {845.9980 534.1190}

Error ID          : 278
Error Type        : Needs fat contact
Error Layer       : M1 (11)-M2 (13)
Number of errors  : 347
Description       :  -- 
Status            : error
Bbox              : {842.5940 532.4890} {842.6540 532.5990}

Error ID          : 279
Error Type        : Needs fat contact
Error Layer       : M1 (11)-M2 (13)
Number of errors  : 347
Description       :  -- 
Status            : error
Bbox              : {843.2020 534.0090} {843.2620 534.1190}

Error ID          : 284
Error Type        : Needs fat contact
Error Layer       : M1 (11)-M2 (13)
Number of errors  : 347
Description       :  -- 
Status            : error
Bbox              : {106.6100 555.8970} {106.6700 556.0070}

Error ID          : 285
Error Type        : Needs fat contact
Error Layer       : M1 (11)-M2 (13)
Number of errors  : 347
Description       :  -- 
Status            : error
Bbox              : {109.1940 554.0730} {109.2540 554.1830}

Error ID          : 286
Error Type        : Needs fat contact
Error Layer       : M1 (11)-M2 (13)
Number of errors  : 347
Description       :  -- 
Status            : error
Bbox              : {111.3220 554.0730} {111.3820 554.1830}

Error ID          : 287
Error Type        : Needs fat contact
Error Layer       : M1 (11)-M2 (13)
Number of errors  : 347
Description       :  -- 
Status            : error
Bbox              : {112.5380 554.0730} {112.5980 554.1830}

Error ID          : 288
Error Type        : Needs fat contact
Error Layer       : M1 (11)-M2 (13)
Number of errors  : 347
Description       :  -- 
Status            : error
Bbox              : {113.2980 555.8970} {113.3580 556.0070}

Error ID          : 291
Error Type        : Needs fat contact
Error Layer       : M1 (11)-M2 (13)
Number of errors  : 347
Description       :  -- 
Status            : error
Bbox              : {711.4180 555.8970} {711.4780 556.0070}

Error ID          : 292
Error Type        : Needs fat contact
Error Layer       : M1 (11)-M2 (13)
Number of errors  : 347
Description       :  -- 
Status            : error
Bbox              : {714.1540 555.8970} {714.2140 556.0070}

Error ID          : 293
Error Type        : Needs fat contact
Error Layer       : M1 (11)-M2 (13)
Number of errors  : 347
Description       :  -- 
Status            : error
Bbox              : {709.8980 552.5530} {709.9580 552.6630}

Error ID          : 294
Error Type        : Needs fat contact
Error Layer       : M1 (11)-M2 (13)
Number of errors  : 347
Description       :  -- 
Status            : error
Bbox              : {716.4340 555.8970} {716.4940 556.0070}

Error ID          : 295
Error Type        : Needs fat contact
Error Layer       : M1 (11)-M2 (13)
Number of errors  : 347
Description       :  -- 
Status            : error
Bbox              : {715.6740 554.0730} {715.7340 554.1830}

Error ID          : 306
Error Type        : Needs fat contact
Error Layer       : M1 (11)-M2 (13)
Number of errors  : 347
Description       :  -- 
Status            : error
Bbox              : {833.1700 547.3850} {833.2300 547.4950}

Error ID          : 307
Error Type        : Needs fat contact
Error Layer       : M1 (11)-M2 (13)
Number of errors  : 347
Description       :  -- 
Status            : error
Bbox              : {824.2020 549.2090} {824.2620 549.3190}

Error ID          : 308
Error Type        : Needs fat contact
Error Layer       : M1 (11)-M2 (13)
Number of errors  : 347
Description       :  -- 
Status            : error
Bbox              : {829.5220 554.0730} {829.5820 554.1830}

Error ID          : 309
Error Type        : Needs fat contact
Error Layer       : M1 (11)-M2 (13)
Number of errors  : 347
Description       :  -- 
Status            : error
Bbox              : {829.9780 550.7290} {830.0380 550.8390}

Error ID          : 313
Error Type        : Needs fat contact
Error Layer       : M1 (11)-M2 (13)
Number of errors  : 347
Description       :  -- 
Status            : error
Bbox              : {114.0580 559.2410} {114.1180 559.3510}

Error ID          : 314
Error Type        : Needs fat contact
Error Layer       : M1 (11)-M2 (13)
Number of errors  : 347
Description       :  -- 
Status            : error
Bbox              : {115.5780 559.2410} {115.6380 559.3510}

Error ID          : 567
Error Type        : Needs fat contact
Error Layer       : M1 (11)-M2 (13)
Number of errors  : 347
Description       :  -- 
Status            : error
Bbox              : {249.4900 641.0170} {249.5500 641.1270}

Error ID          : 568
Error Type        : Needs fat contact
Error Layer       : M1 (11)-M2 (13)
Number of errors  : 347
Description       :  -- 
Status            : error
Bbox              : {256.9380 639.4970} {256.9980 639.6070}

Error ID          : 569
Error Type        : Needs fat contact
Error Layer       : M1 (11)-M2 (13)
Number of errors  : 347
Description       :  -- 
Status            : error
Bbox              : {262.8660 641.0170} {262.9260 641.1270}

Error ID          : 570
Error Type        : Needs fat contact
Error Layer       : M1 (11)-M2 (13)
Number of errors  : 347
Description       :  -- 
Status            : error
Bbox              : {269.4020 641.0170} {269.4620 641.1270}

Error ID          : 584
Error Type        : Needs fat contact
Error Layer       : M1 (11)-M2 (13)
Number of errors  : 347
Description       :  -- 
Status            : error
Bbox              : {715.5220 629.4650} {715.5820 629.5750}

Error ID          : 599
Error Type        : Needs fat contact
Error Layer       : M1 (11)-M2 (13)
Number of errors  : 347
Description       :  -- 
Status            : error
Bbox              : {827.0900 637.6730} {827.1500 637.7830}

Error ID          : 600
Error Type        : Needs fat contact
Error Layer       : M1 (11)-M2 (13)
Number of errors  : 347
Description       :  -- 
Status            : error
Bbox              : {831.8020 637.6730} {831.8620 637.7830}

Error ID          : 601
Error Type        : Needs fat contact
Error Layer       : M1 (11)-M2 (13)
Number of errors  : 347
Description       :  -- 
Status            : error
Bbox              : {837.7300 630.9850} {837.7900 631.0950}

Error ID          : 602
Error Type        : Needs fat contact
Error Layer       : M1 (11)-M2 (13)
Number of errors  : 347
Description       :  -- 
Status            : error
Bbox              : {842.2900 632.8090} {842.3500 632.9190}

Error ID          : 603
Error Type        : Needs fat contact
Error Layer       : M1 (11)-M2 (13)
Number of errors  : 347
Description       :  -- 
Status            : error
Bbox              : {840.6180 630.9850} {840.6780 631.0950}

Error ID          : 604
Error Type        : Needs fat contact
Error Layer       : M1 (11)-M2 (13)
Number of errors  : 347
Description       :  -- 
Status            : error
Bbox              : {839.2500 630.9850} {839.3100 631.0950}

Error ID          : 605
Error Type        : Needs fat contact
Error Layer       : M1 (11)-M2 (13)
Number of errors  : 347
Description       :  -- 
Status            : error
Bbox              : {227.6020 646.1850} {227.6620 646.2950}

Error ID          : 606
Error Type        : Needs fat contact
Error Layer       : M1 (11)-M2 (13)
Number of errors  : 347
Description       :  -- 
Status            : error
Bbox              : {232.1620 644.3610} {232.2220 644.4710}

Error ID          : 607
Error Type        : Needs fat contact
Error Layer       : M1 (11)-M2 (13)
Number of errors  : 347
Description       :  -- 
Status            : error
Bbox              : {233.6820 644.3610} {233.7420 644.4710}

Error ID          : 608
Error Type        : Needs fat contact
Error Layer       : M1 (11)-M2 (13)
Number of errors  : 347
Description       :  -- 
Status            : error
Bbox              : {254.8100 644.3610} {254.8700 644.4710}

Error ID          : 609
Error Type        : Needs fat contact
Error Layer       : M1 (11)-M2 (13)
Number of errors  : 347
Description       :  -- 
Status            : error
Bbox              : {257.5460 642.8410} {257.6060 642.9510}

Error ID          : 610
Error Type        : Needs fat contact
Error Layer       : M1 (11)-M2 (13)
Number of errors  : 347
Description       :  -- 
Status            : error
Bbox              : {272.4420 644.3610} {272.5020 644.4710}

Error ID          : 618
Error Type        : Needs fat contact
Error Layer       : M1 (11)-M2 (13)
Number of errors  : 347
Description       :  -- 
Status            : error
Bbox              : {783.9220 647.7050} {783.9820 647.8150}

Error ID          : 619
Error Type        : Needs fat contact
Error Layer       : M1 (11)-M2 (13)
Number of errors  : 347
Description       :  -- 
Status            : error
Bbox              : {782.5540 646.1850} {782.6140 646.2950}

Error ID          : 625
Error Type        : Needs fat contact
Error Layer       : M1 (11)-M2 (13)
Number of errors  : 347
Description       :  -- 
Status            : error
Bbox              : {824.0500 642.8410} {824.1100 642.9510}

Error ID          : 628
Error Type        : Needs fat contact
Error Layer       : M1 (11)-M2 (13)
Number of errors  : 347
Description       :  -- 
Status            : error
Bbox              : {762.3380 664.4250} {762.3980 664.5350}

Error ID          : 505
Error Type        : Needs fat contact
Error Layer       : M1 (11)-M2 (13)
Number of errors  : 347
Description       :  -- 
Status            : error
Bbox              : {430.3700 620.9530} {430.4300 621.0630}

Error ID          : 506
Error Type        : Needs fat contact
Error Layer       : M1 (11)-M2 (13)
Number of errors  : 347
Description       :  -- 
Status            : error
Bbox              : {430.0660 619.4330} {430.1260 619.5430}

Error ID          : 507
Error Type        : Needs fat contact
Error Layer       : M1 (11)-M2 (13)
Number of errors  : 347
Description       :  -- 
Status            : error
Bbox              : {427.6340 620.9530} {427.6940 621.0630}

Error ID          : 508
Error Type        : Needs fat contact
Error Layer       : M1 (11)-M2 (13)
Number of errors  : 347
Description       :  -- 
Status            : error
Bbox              : {427.0260 619.4330} {427.0860 619.5430}

Error ID          : 509
Error Type        : Needs fat contact
Error Layer       : M1 (11)-M2 (13)
Number of errors  : 347
Description       :  -- 
Status            : error
Bbox              : {442.2260 619.4330} {442.2860 619.5430}

Error ID          : 510
Error Type        : Needs fat contact
Error Layer       : M1 (11)-M2 (13)
Number of errors  : 347
Description       :  -- 
Status            : error
Bbox              : {437.8180 619.4330} {437.8780 619.5430}

Error ID          : 511
Error Type        : Needs fat contact
Error Layer       : M1 (11)-M2 (13)
Number of errors  : 347
Description       :  -- 
Status            : error
Bbox              : {437.0580 620.9530} {437.1180 621.0630}

Error ID          : 530
Error Type        : Needs fat contact
Error Layer       : M1 (11)-M2 (13)
Number of errors  : 347
Description       :  -- 
Status            : error
Bbox              : {708.6820 624.2970} {708.7420 624.4070}

Error ID          : 531
Error Type        : Needs fat contact
Error Layer       : M1 (11)-M2 (13)
Number of errors  : 347
Description       :  -- 
Status            : error
Bbox              : {709.5940 622.7770} {709.6540 622.8870}

Error ID          : 532
Error Type        : Needs fat contact
Error Layer       : M1 (11)-M2 (13)
Number of errors  : 347
Description       :  -- 
Status            : error
Bbox              : {707.0100 619.4330} {707.0700 619.5430}

Error ID          : 533
Error Type        : Needs fat contact
Error Layer       : M1 (11)-M2 (13)
Number of errors  : 347
Description       :  -- 
Status            : error
Bbox              : {720.6900 619.4330} {720.7500 619.5430}

Error ID          : 534
Error Type        : Needs fat contact
Error Layer       : M1 (11)-M2 (13)
Number of errors  : 347
Description       :  -- 
Status            : error
Bbox              : {722.3620 620.9530} {722.4220 621.0630}

Error ID          : 538
Error Type        : Needs fat contact
Error Layer       : M1 (11)-M2 (13)
Number of errors  : 347
Description       :  -- 
Status            : error
Bbox              : {717.3460 627.6410} {717.4060 627.7510}

Error ID          : 539
Error Type        : Needs fat contact
Error Layer       : M1 (11)-M2 (13)
Number of errors  : 347
Description       :  -- 
Status            : error
Bbox              : {737.2580 617.6090} {737.3180 617.7190}

Error ID          : 540
Error Type        : Needs fat contact
Error Layer       : M1 (11)-M2 (13)
Number of errors  : 347
Description       :  -- 
Status            : error
Bbox              : {735.7380 619.4330} {735.7980 619.5430}

Error ID          : 541
Error Type        : Needs fat contact
Error Layer       : M1 (11)-M2 (13)
Number of errors  : 347
Description       :  -- 
Status            : error
Bbox              : {730.7220 622.7770} {730.7820 622.8870}

Error ID          : 542
Error Type        : Needs fat contact
Error Layer       : M1 (11)-M2 (13)
Number of errors  : 347
Description       :  -- 
Status            : error
Bbox              : {739.2340 620.9530} {739.2940 621.0630}

Error ID          : 545
Error Type        : Needs fat contact
Error Layer       : M1 (11)-M2 (13)
Number of errors  : 347
Description       :  -- 
Status            : error
Bbox              : {774.0420 620.9530} {774.1020 621.0630}

Error ID          : 546
Error Type        : Needs fat contact
Error Layer       : M1 (11)-M2 (13)
Number of errors  : 347
Description       :  -- 
Status            : error
Bbox              : {770.6980 619.4330} {770.7580 619.5430}

Error ID          : 552
Error Type        : Needs fat contact
Error Layer       : M1 (11)-M2 (13)
Number of errors  : 347
Description       :  -- 
Status            : error
Bbox              : {777.3860 619.4330} {777.4460 619.5430}

Error ID          : 558
Error Type        : Needs fat contact
Error Layer       : M1 (11)-M2 (13)
Number of errors  : 347
Description       :  -- 
Status            : error
Bbox              : {812.3460 622.7770} {812.4060 622.8870}

Error ID          : 559
Error Type        : Needs fat contact
Error Layer       : M1 (11)-M2 (13)
Number of errors  : 347
Description       :  -- 
Status            : error
Bbox              : {834.9940 627.6410} {835.0540 627.7510}

Error ID          : 560
Error Type        : Needs fat contact
Error Layer       : M1 (11)-M2 (13)
Number of errors  : 347
Description       :  -- 
Status            : error
Bbox              : {833.9300 626.1210} {833.9900 626.2310}

Error ID          : 564
Error Type        : Needs fat contact
Error Layer       : M1 (11)-M2 (13)
Number of errors  : 347
Description       :  -- 
Status            : error
Bbox              : {228.2100 629.4650} {228.2700 629.5750}

Error ID          : 565
Error Type        : Needs fat contact
Error Layer       : M1 (11)-M2 (13)
Number of errors  : 347
Description       :  -- 
Status            : error
Bbox              : {238.0900 641.0170} {238.1500 641.1270}

Error ID          : 315
Error Type        : Needs fat contact
Error Layer       : M1 (11)-M2 (13)
Number of errors  : 347
Description       :  -- 
Status            : error
Bbox              : {117.0980 559.2410} {117.1580 559.3510}

Error ID          : 316
Error Type        : Needs fat contact
Error Layer       : M1 (11)-M2 (13)
Number of errors  : 347
Description       :  -- 
Status            : error
Bbox              : {118.7700 565.9290} {118.8300 566.0390}

Error ID          : 318
Error Type        : Needs fat contact
Error Layer       : M1 (11)-M2 (13)
Number of errors  : 347
Description       :  -- 
Status            : error
Bbox              : {122.8740 565.9290} {122.9340 566.0390}

Error ID          : 319
Error Type        : Needs fat contact
Error Layer       : M1 (11)-M2 (13)
Number of errors  : 347
Description       :  -- 
Status            : error
Bbox              : {120.8980 567.4490} {120.9580 567.5590}

Error ID          : 327
Error Type        : Needs fat contact
Error Layer       : M1 (11)-M2 (13)
Number of errors  : 347
Description       :  -- 
Status            : error
Bbox              : {717.4980 559.2410} {717.5580 559.3510}

Error ID          : 329
Error Type        : Needs fat contact
Error Layer       : M1 (11)-M2 (13)
Number of errors  : 347
Description       :  -- 
Status            : error
Bbox              : {827.2420 560.7610} {827.3020 560.8710}

Error ID          : 330
Error Type        : Needs fat contact
Error Layer       : M1 (11)-M2 (13)
Number of errors  : 347
Description       :  -- 
Status            : error
Bbox              : {827.0900 559.2410} {827.1500 559.3510}

Error ID          : 331
Error Type        : Needs fat contact
Error Layer       : M1 (11)-M2 (13)
Number of errors  : 347
Description       :  -- 
Status            : error
Bbox              : {828.6100 559.2410} {828.6700 559.3510}

Error ID          : 332
Error Type        : Needs fat contact
Error Layer       : M1 (11)-M2 (13)
Number of errors  : 347
Description       :  -- 
Status            : error
Bbox              : {827.6980 562.5850} {827.7580 562.6950}

Error ID          : 333
Error Type        : Needs fat contact
Error Layer       : M1 (11)-M2 (13)
Number of errors  : 347
Description       :  -- 
Status            : error
Bbox              : {108.2820 575.9610} {108.3420 576.0710}

Error ID          : 334
Error Type        : Needs fat contact
Error Layer       : M1 (11)-M2 (13)
Number of errors  : 347
Description       :  -- 
Status            : error
Bbox              : {110.7140 575.9610} {110.7740 576.0710}

Error ID          : 335
Error Type        : Needs fat contact
Error Layer       : M1 (11)-M2 (13)
Number of errors  : 347
Description       :  -- 
Status            : error
Bbox              : {114.2100 577.4810} {114.2700 577.5910}

Error ID          : 338
Error Type        : Needs fat contact
Error Layer       : M1 (11)-M2 (13)
Number of errors  : 347
Description       :  -- 
Status            : error
Bbox              : {122.5700 569.2730} {122.6300 569.3830}

Error ID          : 339
Error Type        : Needs fat contact
Error Layer       : M1 (11)-M2 (13)
Number of errors  : 347
Description       :  -- 
Status            : error
Bbox              : {122.7220 572.6170} {122.7820 572.7270}

Error ID          : 340
Error Type        : Needs fat contact
Error Layer       : M1 (11)-M2 (13)
Number of errors  : 347
Description       :  -- 
Status            : error
Bbox              : {123.9380 575.9610} {123.9980 576.0710}

Error ID          : 348
Error Type        : Needs fat contact
Error Layer       : M1 (11)-M2 (13)
Number of errors  : 347
Description       :  -- 
Status            : error
Bbox              : {721.9060 575.9610} {721.9660 576.0710}

Error ID          : 349
Error Type        : Needs fat contact
Error Layer       : M1 (11)-M2 (13)
Number of errors  : 347
Description       :  -- 
Status            : error
Bbox              : {725.5540 577.4810} {725.6140 577.5910}

Error ID          : 358
Error Type        : Needs fat contact
Error Layer       : M1 (11)-M2 (13)
Number of errors  : 347
Description       :  -- 
Status            : error
Bbox              : {818.7300 569.2730} {818.7900 569.3830}

Error ID          : 364
Error Type        : Needs fat contact
Error Layer       : M1 (11)-M2 (13)
Number of errors  : 347
Description       :  -- 
Status            : error
Bbox              : {703.8180 589.3370} {703.8780 589.4470}

Error ID          : 365
Error Type        : Needs fat contact
Error Layer       : M1 (11)-M2 (13)
Number of errors  : 347
Description       :  -- 
Status            : error
Bbox              : {726.0100 582.6490} {726.0700 582.7590}

Error ID          : 366
Error Type        : Needs fat contact
Error Layer       : M1 (11)-M2 (13)
Number of errors  : 347
Description       :  -- 
Status            : error
Bbox              : {724.6420 589.3370} {724.7020 589.4470}

Error ID          : 367
Error Type        : Needs fat contact
Error Layer       : M1 (11)-M2 (13)
Number of errors  : 347
Description       :  -- 
Status            : error
Bbox              : {735.7380 587.5130} {735.7980 587.6230}

Error ID          : 374
Error Type        : Needs fat contact
Error Layer       : M1 (11)-M2 (13)
Number of errors  : 347
Description       :  -- 
Status            : error
Bbox              : {823.1380 589.3370} {823.1980 589.4470}

Error ID          : 375
Error Type        : Needs fat contact
Error Layer       : M1 (11)-M2 (13)
Number of errors  : 347
Description       :  -- 
Status            : error
Bbox              : {824.3540 589.3370} {824.4140 589.4470}

Error ID          : 189
Error Type        : Needs fat contact
Error Layer       : M1 (11)-M2 (13)
Number of errors  : 347
Description       :  -- 
Status            : error
Bbox              : {802.6180 513.9450} {802.6780 514.0550}

Error ID          : 190
Error Type        : Needs fat contact
Error Layer       : M1 (11)-M2 (13)
Number of errors  : 347
Description       :  -- 
Status            : error
Bbox              : {805.0500 510.6010} {805.1100 510.7110}

Error ID          : 191
Error Type        : Needs fat contact
Error Layer       : M1 (11)-M2 (13)
Number of errors  : 347
Description       :  -- 
Status            : error
Bbox              : {823.5940 515.7690} {823.6540 515.8790}

Error ID          : 192
Error Type        : Needs fat contact
Error Layer       : M1 (11)-M2 (13)
Number of errors  : 347
Description       :  -- 
Status            : error
Bbox              : {815.6900 513.9450} {815.7500 514.0550}

Error ID          : 193
Error Type        : Needs fat contact
Error Layer       : M1 (11)-M2 (13)
Number of errors  : 347
Description       :  -- 
Status            : error
Bbox              : {816.9060 513.9450} {816.9660 514.0550}

Error ID          : 194
Error Type        : Needs fat contact
Error Layer       : M1 (11)-M2 (13)
Number of errors  : 347
Description       :  -- 
Status            : error
Bbox              : {816.2980 510.6010} {816.3580 510.7110}

Error ID          : 195
Error Type        : Needs fat contact
Error Layer       : M1 (11)-M2 (13)
Number of errors  : 347
Description       :  -- 
Status            : error
Bbox              : {815.0820 510.6010} {815.1420 510.7110}

Error ID          : 198
Error Type        : Needs fat contact
Error Layer       : M1 (11)-M2 (13)
Number of errors  : 347
Description       :  -- 
Status            : error
Bbox              : {842.2900 513.9450} {842.3500 514.0550}

Error ID          : 199
Error Type        : Needs fat contact
Error Layer       : M1 (11)-M2 (13)
Number of errors  : 347
Description       :  -- 
Status            : error
Bbox              : {841.8340 512.4250} {841.8940 512.5350}

Error ID          : 200
Error Type        : Needs fat contact
Error Layer       : M1 (11)-M2 (13)
Number of errors  : 347
Description       :  -- 
Status            : error
Bbox              : {841.8340 519.1130} {841.8940 519.2230}

Error ID          : 201
Error Type        : Needs fat contact
Error Layer       : M1 (11)-M2 (13)
Number of errors  : 347
Description       :  -- 
Status            : error
Bbox              : {841.2260 515.7690} {841.2860 515.8790}

Error ID          : 202
Error Type        : Needs fat contact
Error Layer       : M1 (11)-M2 (13)
Number of errors  : 347
Description       :  -- 
Status            : error
Bbox              : {840.6180 517.2890} {840.6780 517.3990}

Error ID          : 203
Error Type        : Needs fat contact
Error Layer       : M1 (11)-M2 (13)
Number of errors  : 347
Description       :  -- 
Status            : error
Bbox              : {840.6180 512.4250} {840.6780 512.5350}

Error ID          : 205
Error Type        : Needs fat contact
Error Layer       : M1 (11)-M2 (13)
Number of errors  : 347
Description       :  -- 
Status            : error
Bbox              : {837.7300 513.9450} {837.7900 514.0550}

Error ID          : 206
Error Type        : Needs fat contact
Error Layer       : M1 (11)-M2 (13)
Number of errors  : 347
Description       :  -- 
Status            : error
Bbox              : {837.1220 512.4250} {837.1820 512.5350}

Error ID          : 209
Error Type        : Needs fat contact
Error Layer       : M1 (11)-M2 (13)
Number of errors  : 347
Description       :  -- 
Status            : error
Bbox              : {694.6980 520.6330} {694.7580 520.7430}

Error ID          : 210
Error Type        : Needs fat contact
Error Layer       : M1 (11)-M2 (13)
Number of errors  : 347
Description       :  -- 
Status            : error
Bbox              : {716.2820 520.6330} {716.3420 520.7430}

Error ID          : 214
Error Type        : Needs fat contact
Error Layer       : M1 (11)-M2 (13)
Number of errors  : 347
Description       :  -- 
Status            : error
Bbox              : {742.5780 527.3210} {742.6380 527.4310}

Error ID          : 215
Error Type        : Needs fat contact
Error Layer       : M1 (11)-M2 (13)
Number of errors  : 347
Description       :  -- 
Status            : error
Bbox              : {741.3620 527.3210} {741.4220 527.4310}

Error ID          : 216
Error Type        : Needs fat contact
Error Layer       : M1 (11)-M2 (13)
Number of errors  : 347
Description       :  -- 
Status            : error
Bbox              : {744.4020 525.8010} {744.4620 525.9110}

Error ID          : 217
Error Type        : Needs fat contact
Error Layer       : M1 (11)-M2 (13)
Number of errors  : 347
Description       :  -- 
Status            : error
Bbox              : {745.4660 523.9770} {745.5260 524.0870}

Error ID          : 218
Error Type        : Needs fat contact
Error Layer       : M1 (11)-M2 (13)
Number of errors  : 347
Description       :  -- 
Status            : error
Bbox              : {748.8100 522.4570} {748.8700 522.5670}

Error ID          : 221
Error Type        : Needs fat contact
Error Layer       : M1 (11)-M2 (13)
Number of errors  : 347
Description       :  -- 
Status            : error
Bbox              : {746.9860 529.1450} {747.0460 529.2550}

Error ID          : 223
Error Type        : Needs fat contact
Error Layer       : M1 (11)-M2 (13)
Number of errors  : 347
Description       :  -- 
Status            : error
Bbox              : {772.2180 522.4570} {772.2780 522.5670}

Error ID          : 224
Error Type        : Needs fat contact
Error Layer       : M1 (11)-M2 (13)
Number of errors  : 347
Description       :  -- 
Status            : error
Bbox              : {773.2820 523.9770} {773.3420 524.0870}

Error ID          : 225
Error Type        : Needs fat contact
Error Layer       : M1 (11)-M2 (13)
Number of errors  : 347
Description       :  -- 
Status            : error
Bbox              : {771.6100 525.8010} {771.6700 525.9110}

Error ID          : 226
Error Type        : Needs fat contact
Error Layer       : M1 (11)-M2 (13)
Number of errors  : 347
Description       :  -- 
Status            : error
Bbox              : {773.7380 522.4570} {773.7980 522.5670}

Error ID          : 227
Error Type        : Needs fat contact
Error Layer       : M1 (11)-M2 (13)
Number of errors  : 347
Description       :  -- 
Status            : error
Bbox              : {776.3220 529.1450} {776.3820 529.2550}

Error ID          : 228
Error Type        : Needs fat contact
Error Layer       : M1 (11)-M2 (13)
Number of errors  : 347
Description       :  -- 
Status            : error
Bbox              : {781.4900 529.1450} {781.5500 529.2550}

Error ID          : 229
Error Type        : Needs fat contact
Error Layer       : M1 (11)-M2 (13)
Number of errors  : 347
Description       :  -- 
Status            : error
Bbox              : {790.3060 530.6650} {790.3660 530.7750}

Error ID          : 232
Error Type        : Needs fat contact
Error Layer       : M1 (11)-M2 (13)
Number of errors  : 347
Description       :  -- 
Status            : error
Bbox              : {791.8260 522.4570} {791.8860 522.5670}

Error ID          : 237
Error Type        : Needs fat contact
Error Layer       : M1 (11)-M2 (13)
Number of errors  : 347
Description       :  -- 
Status            : error
Bbox              : {818.4260 525.8010} {818.4860 525.9110}

Error ID          : 238
Error Type        : Needs fat contact
Error Layer       : M1 (11)-M2 (13)
Number of errors  : 347
Description       :  -- 
Status            : error
Bbox              : {821.6180 527.3210} {821.6780 527.4310}

Error ID          : 239
Error Type        : Needs fat contact
Error Layer       : M1 (11)-M2 (13)
Number of errors  : 347
Description       :  -- 
Status            : error
Bbox              : {821.7700 522.4570} {821.8300 522.5670}

Error ID          : 240
Error Type        : Needs fat contact
Error Layer       : M1 (11)-M2 (13)
Number of errors  : 347
Description       :  -- 
Status            : error
Bbox              : {815.8420 530.6650} {815.9020 530.7750}

Error ID          : 241
Error Type        : Needs fat contact
Error Layer       : M1 (11)-M2 (13)
Number of errors  : 347
Description       :  -- 
Status            : error
Bbox              : {814.4740 527.3210} {814.5340 527.4310}

Error ID          : 242
Error Type        : Needs fat contact
Error Layer       : M1 (11)-M2 (13)
Number of errors  : 347
Description       :  -- 
Status            : error
Bbox              : {815.9940 522.4570} {816.0540 522.5670}

Error ID          : 243
Error Type        : Needs fat contact
Error Layer       : M1 (11)-M2 (13)
Number of errors  : 347
Description       :  -- 
Status            : error
Bbox              : {842.5940 527.3210} {842.6540 527.4310}

Error ID          : 244
Error Type        : Needs fat contact
Error Layer       : M1 (11)-M2 (13)
Number of errors  : 347
Description       :  -- 
Status            : error
Bbox              : {842.4420 522.4570} {842.5020 522.5670}

Error ID          : 245
Error Type        : Needs fat contact
Error Layer       : M1 (11)-M2 (13)
Number of errors  : 347
Description       :  -- 
Status            : error
Bbox              : {842.2900 529.1450} {842.3500 529.2550}

Error ID          : 246
Error Type        : Needs fat contact
Error Layer       : M1 (11)-M2 (13)
Number of errors  : 347
Description       :  -- 
Status            : error
Bbox              : {843.6580 522.4570} {843.7180 522.5670}

Error ID          : 248
Error Type        : Needs fat contact
Error Layer       : M1 (11)-M2 (13)
Number of errors  : 347
Description       :  -- 
Status            : error
Bbox              : {842.1380 525.8010} {842.1980 525.9110}

Error ID          : 249
Error Type        : Needs fat contact
Error Layer       : M1 (11)-M2 (13)
Number of errors  : 347
Description       :  -- 
Status            : error
Bbox              : {842.1380 520.6330} {842.1980 520.7430}

Error ID          : 250
Error Type        : Needs fat contact
Error Layer       : M1 (11)-M2 (13)
Number of errors  : 347
Description       :  -- 
Status            : error
Bbox              : {841.5300 523.9770} {841.5900 524.0870}

Error ID          : 251
Error Type        : Needs fat contact
Error Layer       : M1 (11)-M2 (13)
Number of errors  : 347
Description       :  -- 
Status            : error
Bbox              : {703.0580 532.4890} {703.1180 532.5990}

1
