Checking secondary net through power switch is enabled. 
Secondary net will be checked together from primary net. They will be treated as the same net
Primary Net : VDD    Secondary Net:
Primary Net : VSS    Secondary Net:
Loading cell instances...
Number of Standard Cells: 117273
Number of Macro Cells: 0
Number of IO Pad Cells: 0
Number of Blocks: 0
Loading P/G wires and vias...
Number of VDD Wires: 316
Number of VDD Vias: 8089
Number of VDD Terminals: 8
**************Verify net VDD connectivity*****************
  Number of floating wires: 4
  Number of floating vias: 0
  Number of floating std cells: 1744
  Number of floating hard macros: 0
  Number of floating I/O pads: 0
  Number of floating terminals: 0
  Number of floating hierarchical blocks: 0
************************************************************
Loading cell instances...
Loading P/G wires and vias...
Number of VSS Wires: 313
Number of VSS Vias: 7524
Number of VSS Terminals: 8
**************Verify net VSS connectivity*****************
  Number of floating wires: 7
  Number of floating vias: 0
  Number of floating std cells: 3342
  Number of floating hard macros: 0
  Number of floating I/O pads: 0
  Number of floating terminals: 0
  Number of floating hierarchical blocks: 0
************************************************************
Successfully written connectivity statistics to /DATA/home/edu135/ibex/4_Backend_ICC2/4_Report/99_debug/pg_m7_offset_sweep/offset_26/pg_connectivity_detail.rpt.
Overall runtime: 2 seconds.
{PATH_11_123 PATH_11_147 PATH_11_171 PATH_11_195 PATH_11_219 PATH_11_243 PATH_11_267 PATH_11_422 PATH_11_446 PATH_11_470 PATH_11_494}
