Cell Min-Routing-Layer = M1
Cell Max-Routing-Layer = M8
Turn off antenna since no rule is specified
Information: Option route.detail.force_end_on_preferred_grid will be ignored since none of the layers have preferred grid. (ZRT-703)
Warning: Cannot find a default contact code for layer CO. (ZRT-022)
Info: number of net_type_blockage: 0 
Information: Via ladder engine would be activated for pattern must join connection in certain commands. Please refer to man-page for the command list. (ZRT-619)
Information: When applicable Min-max layer allow_pin_connection mode will allow paths of length 5.32 outside the layer range. (ZRT-707)
Information: When applicable Min-max layer allow_pin_connection mode will allow paths of length 5.32 outside the layer range on clock nets. (ZRT-718)
Information: When applicable layer based tapering will taper up to 0.00 in distance from the pin. (ZRT-706)
Warning: Standard cell pin MUX41X2_HVT/S0 has no valid via regions. (ZRT-044)


Start checking for open nets ... 

Total number of nets = 119203, of which 0 are not extracted
Total number of open nets = 0, of which 0 are frozen

Check 119203 nets, 0 have Errors

[CHECK OPEN NETS] Elapsed real time: 0:00:00 
[CHECK OPEN NETS] Elapsed cpu  time: sys=0:00:00 usr=0:00:00 total=0:00:00
[CHECK OPEN NETS] Stage (MB): Used    0  Alloctr    0  Proc    0 
[CHECK OPEN NETS] Total (MB): Used  269  Alloctr  271  Proc 5254 
Printing options for 'route.common.*'

Printing options for 'route.detail.*'
detail.antenna                                          :	 true                

Printing options for 'route.auto_via_ladder.*'


Begin full DRC check ...

Information: Using 1 threads for routing. (ZRT-444)
Checked	2/196 Partitions, Violations =	65
Checked	7/196 Partitions, Violations =	65
Checked	14/196 Partitions, Violations =	83
Checked	21/196 Partitions, Violations =	90
Checked	28/196 Partitions, Violations =	114
Checked	35/196 Partitions, Violations =	115
Checked	42/196 Partitions, Violations =	127
Checked	49/196 Partitions, Violations =	162
Checked	56/196 Partitions, Violations =	254
Checked	63/196 Partitions, Violations =	259
Checked	70/196 Partitions, Violations =	259
Checked	77/196 Partitions, Violations =	292
Checked	84/196 Partitions, Violations =	371
Checked	91/196 Partitions, Violations =	380
Checked	98/196 Partitions, Violations =	380
Checked	105/196 Partitions, Violations =	382
Checked	112/196 Partitions, Violations =	457
Checked	119/196 Partitions, Violations =	459
Checked	126/196 Partitions, Violations =	465
Checked	133/196 Partitions, Violations =	468
Checked	140/196 Partitions, Violations =	472
Checked	147/196 Partitions, Violations =	548
Checked	154/196 Partitions, Violations =	595
Checked	161/196 Partitions, Violations =	596
Checked	168/196 Partitions, Violations =	596
Checked	175/196 Partitions, Violations =	610
Checked	182/196 Partitions, Violations =	694
Checked	189/196 Partitions, Violations =	708
Checked	196/196 Partitions, Violations =	721
[DRC CHECK] Elapsed real time: 0:00:48 
[DRC CHECK] Elapsed cpu  time: sys=0:00:00 usr=0:00:48 total=0:00:48
[DRC CHECK] Stage (MB): Used    1  Alloctr    2  Proc  154 
[DRC CHECK] Total (MB): Used  377  Alloctr  379  Proc 5489 
Warning: No antenna rules defined, Skip antenna analysis. (ZRT-309)
Information: Merged away 1 aligned/redundant DRCs. (ZRT-305)

DRC-SUMMARY:
	@@@@@@@ TOTAL VIOLATIONS =	720
	Diff net spacing : 251
	Less than minimum area : 24
	Needs fat contact : 347
	Off-grid : 92
	Short : 6


Total Wire Length =                    3590773 micron
Total Number of Contacts =             1162461
Total Number of Wires =                1109022
Total Number of PtConns =              197636
Total Number of Routed Wires =       1108474
Total Routed Wire Length =           3569547 micron
Total Number of Routed Contacts =       1162461
	Layer                 M1 :      34749 micron
	Layer                 M2 :    1046654 micron
	Layer                 M3 :    1134427 micron
	Layer                 M4 :     481152 micron
	Layer                 M5 :     602376 micron
	Layer                 M6 :     105247 micron
	Layer                 M7 :     162808 micron
	Layer                 M8 :       2135 micron
	Layer                 M9 :          0 micron
	Layer               MRDL :          0 micron
	Via            VIA78SQ_C :         48
	Via       VIA67SQ_C(rot) :       4392
	Via            VIA56SQ_C :       7523
	Via       VIA45SQ_C(rot) :      70039
	Via            VIA34SQ_C :      91948
	Via       VIA34SQ_C(rot) :        308
	Via            VIA23SQ_C :       5970
	Via       VIA23SQ_C(rot) :     510171
	Via            VIA12SQ_C :     461910
	Via       VIA12SQ_C(rot) :       9725
	Via        VIA12SQ_C_2x1 :         57
	Via   VIA12SQ_C(rot)_1x2 :        251
	Via   VIA12SQ_C(rot)_2x1 :         11
	Via        VIA12SQ_C_1x2 :         35
	Via          VIA12SQ_2x1 :          9
	Via     VIA12SQ(rot)_2x1 :         29
	Via          VIA12SQ_1x2 :         35

 
Redundant via conversion report:
--------------------------------

  Total optimized via conversion rate =  0.04% (427 / 1162461 vias)
 
    Layer VIA1       =  0.09% (427    / 472062  vias)
        Weight 1     =  0.09% (427     vias)
        Un-optimized =  0.00% (0       vias)
        Un-mapped    = 99.91% (471635  vias)
    Layer VIA2       =  0.00% (0      / 516141  vias)
        Un-optimized =  0.00% (0       vias)
        Un-mapped    = 100.00% (516141  vias)
    Layer VIA3       =  0.00% (0      / 92256   vias)
        Un-optimized =  0.00% (0       vias)
        Un-mapped    = 100.00% (92256   vias)
    Layer VIA4       =  0.00% (0      / 70039   vias)
        Un-optimized =  0.00% (0       vias)
        Un-mapped    = 100.00% (70039   vias)
    Layer VIA5       =  0.00% (0      / 7523    vias)
        Un-optimized =  0.00% (0       vias)
        Un-mapped    = 100.00% (7523    vias)
    Layer VIA6       =  0.00% (0      / 4392    vias)
        Un-optimized =  0.00% (0       vias)
        Un-mapped    = 100.00% (4392    vias)
    Layer VIA7       =  0.00% (0      / 48      vias)
        Un-optimized =  0.00% (0       vias)
        Un-mapped    = 100.00% (48      vias)
 
  Total double via conversion rate    =  0.04% (427 / 1162461 vias)
 
    Layer VIA1       =  0.09% (427    / 472062  vias)
    Layer VIA2       =  0.00% (0      / 516141  vias)
    Layer VIA3       =  0.00% (0      / 92256   vias)
    Layer VIA4       =  0.00% (0      / 70039   vias)
    Layer VIA5       =  0.00% (0      / 7523    vias)
    Layer VIA6       =  0.00% (0      / 4392    vias)
    Layer VIA7       =  0.00% (0      / 48      vias)
 
  The optimized via conversion rate based on total routed via count =  0.04% (427 / 1162461 vias)
 
    Layer VIA1       =  0.09% (427    / 472062  vias)
        Weight 1     =  0.09% (427     vias)
        Un-optimized =  0.00% (0       vias)
        Un-mapped    = 99.91% (471635  vias)
    Layer VIA2       =  0.00% (0      / 516141  vias)
        Un-optimized =  0.00% (0       vias)
        Un-mapped    = 100.00% (516141  vias)
    Layer VIA3       =  0.00% (0      / 92256   vias)
        Un-optimized =  0.00% (0       vias)
        Un-mapped    = 100.00% (92256   vias)
    Layer VIA4       =  0.00% (0      / 70039   vias)
        Un-optimized =  0.00% (0       vias)
        Un-mapped    = 100.00% (70039   vias)
    Layer VIA5       =  0.00% (0      / 7523    vias)
        Un-optimized =  0.00% (0       vias)
        Un-mapped    = 100.00% (7523    vias)
    Layer VIA6       =  0.00% (0      / 4392    vias)
        Un-optimized =  0.00% (0       vias)
        Un-mapped    = 100.00% (4392    vias)
    Layer VIA7       =  0.00% (0      / 48      vias)
        Un-optimized =  0.00% (0       vias)
        Un-mapped    = 100.00% (48      vias)
 


Verify Summary:

Total number of nets = 119203, of which 0 are not extracted
Total number of open nets = 0, of which 0 are frozen
Total number of excluded ports = 0 ports of 0 unplaced cells connected to 0 nets
                                 0 ports without pins of 0 cells connected to 0 nets
                                 0 ports of 0 cover cells connected to 0 non-pg nets
Total number of DRCs = 720
Total number of antenna violations = no antenna rules defined
Total number of tie to rail violations = not checked
Total number of tie to rail directly violations = not checked


