****************************************
Report : qor
Design : ibex_mini_soc_top
Version: W-2024.09-SP5-3
Date   : Sun May 10 22:53:04 2026
****************************************

  Timing Path Group '**clock_gating_default**' (max_delay/setup)
  ---------------------------------------------
  Levels of Logic:                            1
  Critical Path Length:                    0.42
  Critical Path Slack:                     4.52
  Total Negative Slack:                    0.00
  No. of Violating Paths:                     0
  ---------------------------------------------

  Timing Path Group 'clk' (max_delay/setup)
  ---------------------------------------------
  Levels of Logic:                           85
  Critical Path Length:                    9.34
  Critical Path Slack:                     0.67
  Total Negative Slack:                    0.00
  No. of Violating Paths:                     0
  ---------------------------------------------

  Timing Path Group '**clock_gating_default**' (min_delay/hold)
  ---------------------------------------------
  Levels of Logic:                            1
  Critical Path Length:                    0.35
  Critical Path Slack:                     0.20
  Total Negative Slack:                    0.00
  No. of Violating Paths:                     0
  ---------------------------------------------

  Timing Path Group 'clk' (min_delay/hold)
  ---------------------------------------------
  Levels of Logic:                            2
  Critical Path Length:                    0.48
  Critical Path Slack:                     0.03
  Total Negative Slack:                    0.00
  No. of Violating Paths:                     0
  ---------------------------------------------

  Area
  ---------------------------------------------
  Net Interconnect area:              334177.09
  Total cell area:                    443342.12
  Design Area:                        777519.25
  ---------------------------------------------


  Cell & Pin Count
  ---------------------------------------------
  Pin Count:                             493030
  Hierarchical Cell Count:                    8
  Hierarchical Port Count:                  817
  Leaf Cell Count:                       115926
  ---------------------------------------------


  Design Rule Violations
  ---------------------------------------------
  Total No. of Pins in Design:           493030
  Total DRC Cost:                          0.00
  ---------------------------------------------

1
