Warning: Zero transition time will be used at to pins of annotated arcs. Delays on not annotated delay arcs will be estimated using best available slew.  (PTE-066)
Information: Using automatic max wire load selection group 'predcaps'. (ENV-003)
Information: Using automatic min wire load selection group 'predcaps'. (ENV-003)
Information: Building multi voltage information for entire design. (MV-022)
Information: Inferring 1 clock-gating checks. (PTE-017)
Information: Zero transition time used at to pin of annotated arcs. Delays on not annotated delay arcs will be estimated using best available slew.  (PTE-054)
Information: Zero transition time used at to pin of annotated arcs. Delays on not annotated delay arcs will be estimated using best available slew.  (PTE-054)
Information: Checking 'no_input_delay'.
Warning: There are 1 ports with no clock-relative input delay specified.
Since the variable 'timing_input_port_default_clock' is 'false',
paths from such ports will be unconstrained.

Ports
------------------------------------------------------------
rst_ni

Information: Checking 'no_driving_cell'.
Information: Checking 'unconstrained_endpoints'.
Information: Checking 'unexpandable_clocks'.
 Failed clocks set      Related clocks           Original Period     Expanded Period     Added Edges     Voltage Config
-----------------------------------------------------------------------------------------------------------------------
Information: Checking 'latch_fanout'.
Information: Checking 'no_clock'.
Information: Checking 'partial_input_delay'.
Information: Checking 'generic'.
Information: Checking 'loops'.
Information: Checking 'generated_clocks'.
Information: Checking 'pulse_clock_non_pulse_clock_merge'.
Information: Checking 'pll_configuration'.
Information: Checking 'voltage_level'.

Check cell voltage level related issues including rail voltages
Cell Name                      min/max    issues found 
----------------------------------------------------------------------
0
