****************************************
Report : analysis_coverage
Design : ibex_mini_soc_top
Version: W-2024.09-SP5-3
Date   : Sat May  9 21:23:04 2026
****************************************

Type of Check         Total              Met         Violated         Untested
--------------------------------------------------------------------------------
setup                 34884     34884 (100%)         0 (  0%)         0 (  0%)
hold                  34884     34884 (100%)         0 (  0%)         0 (  0%)
recovery               1845         0 (  0%)         0 (  0%)      1845 (100%)
removal                1845         0 (  0%)         0 (  0%)      1845 (100%)
min_pulse_width       71612     69767 ( 97%)         0 (  0%)      1845 (  3%)
clock_gating_setup        1         1 (100%)         0 (  0%)         0 (  0%)
clock_gating_hold         1         1 (100%)         0 (  0%)         0 (  0%)
out_setup                32        32 (100%)         0 (  0%)         0 (  0%)
out_hold                 32        32 (100%)         0 (  0%)         0 (  0%)
--------------------------------------------------------------------------------
All Checks           145136    139601 ( 96%)         0 (  0%)      5535 (  4%)

1
