****************************************
Report : qor
Design : ibex_mini_soc_top
Version: W-2024.09-SP2
Date   : Sun May 10 12:23:50 2026
****************************************


Scenario           'default'
Timing Path Group  '**in2reg_default**'
----------------------------------------
Levels of Logic:                      6
Critical Path Length:              4.22
Critical Path Slack:               5.66
Critical Path Clk Period:         10.00
Total Negative Slack:              0.00
No. of Violating Paths:               0
Worst Hold Violation:              0.00
Total Hold Violation:              0.00
No. of Hold Violations:               0
----------------------------------------

Scenario           'default'
Timing Path Group  '**reg2out_default**'
----------------------------------------
Levels of Logic:                      0
Critical Path Length:              0.58
Critical Path Slack:               8.32
Critical Path Clk Period:         10.00
Total Negative Slack:              0.00
No. of Violating Paths:               0
Worst Hold Violation:              0.00
Total Hold Violation:              0.00
No. of Hold Violations:               0
----------------------------------------

Scenario           'default'
Timing Path Group  'clk'
----------------------------------------
Levels of Logic:                     80
Critical Path Length:              9.79
Critical Path Slack:               0.05
Critical Path Clk Period:         10.00
Total Negative Slack:              0.00
No. of Violating Paths:               0
Worst Hold Violation:              0.00
Total Hold Violation:              0.00
No. of Hold Violations:               0
----------------------------------------


Cell Count
----------------------------------------
Hierarchical Cell Count:              8
Hierarchical Port Count:            833
Leaf Cell Count:                 109713
Buf/Inv Cell Count:                8381
Buf Cell Count:                    4563
Inv Cell Count:                    3818
Combinational Cell Count:         74829
   Single-bit Isolation Cell Count:                        0
   Multi-bit Isolation Cell Count:                         0
   Isolation Cell Banking Ratio:                           0.00%
   Single-bit Level Shifter Cell Count:                    0
   Multi-bit Level Shifter Cell Count:                     0
   Level Shifter Cell Banking Ratio:                       0.00%
   Single-bit ELS Cell Count:                              0
   Multi-bit ELS Cell Count:                               0
   ELS Cell Banking Ratio:                                 0.00%
Sequential Cell Count:            34884
   Integrated Clock-Gating Cell Count:                     0
   Sequential Macro Cell Count:                            0
   Single-bit Sequential Cell Count:                       34884
   Multi-bit Sequential Cell Count:                        0
   Sequential Cell Banking Ratio:                          0.00%
   BitsPerflop:                                            1.00
Macro Count:                          0
----------------------------------------


Area
----------------------------------------
Combinational Area:           183118.63
Noncombinational Area:        231809.32
Buf/Inv Area:                  14587.87
Total Buffer Area:              9590.89
Total Inverter Area:            4996.98
Macro/Black Box Area:              0.00
Net Area:                             0
Net XLength:                 1742899.31
Net YLength:                 1304507.79
----------------------------------------
Cell Area (netlist):                         414927.95
Cell Area (netlist and physical only):       414927.95
Net Length:                  3047407.10


Design Rules
----------------------------------------
Total Number of Nets:            110394
Nets with Violations:             10124
Max Trans Violations:              3569
Max Cap Violations:               10085
----------------------------------------

1
