****************************************
Report : Report drc errors
Design : ibex_mini_soc_top
Data   : zroute.err
Type   : detailed
Version: W-2024.09-SP2
Date   : Sun May 10 08:44:32 2026
****************************************

Error ID          : 0
Error Type        : Off-grid
Error Layer       : VIA1 (12)
Number of errors  : 19
Description       :  -- 
Status            : error
Bbox              : {393.5910 268.4190} {393.6410 268.6210}

Error ID          : 1
Error Type        : Off-grid
Error Layer       : VIA1 (12)
Number of errors  : 19
Description       :  -- 
Status            : error
Bbox              : {760.6710 291.8270} {760.7210 292.0290}

Error ID          : 2
Error Type        : Off-grid
Error Layer       : VIA1 (12)
Number of errors  : 19
Description       :  -- 
Status            : error
Bbox              : {743.6470 309.7630} {743.6970 309.9650}

Error ID          : 3
Error Type        : Off-grid
Error Layer       : VIA1 (12)
Number of errors  : 19
Description       :  -- 
Status            : error
Bbox              : {741.5190 306.4190} {741.5690 306.6210}

Error ID          : 4
Error Type        : Off-grid
Error Layer       : VIA1 (12)
Number of errors  : 19
Description       :  -- 
Status            : error
Bbox              : {780.2790 309.7630} {780.3290 309.9650}

Error ID          : 5
Error Type        : Off-grid
Error Layer       : VIA1 (12)
Number of errors  : 19
Description       :  -- 
Status            : error
Bbox              : {713.2470 315.2350} {713.2970 315.4370}

Error ID          : 6
Error Type        : Off-grid
Error Layer       : VIA1 (12)
Number of errors  : 19
Description       :  -- 
Status            : error
Bbox              : {713.8550 318.5790} {713.9050 318.7810}

Error ID          : 7
Error Type        : Off-grid
Error Layer       : VIA1 (12)
Number of errors  : 19
Description       :  -- 
Status            : error
Bbox              : {776.4790 315.2350} {776.5290 315.4370}

Error ID          : 8
Error Type        : Off-grid
Error Layer       : VIA1 (12)
Number of errors  : 19
Description       :  -- 
Status            : error
Bbox              : {778.4550 315.2350} {778.5050 315.4370}

Error ID          : 9
Error Type        : Off-grid
Error Layer       : VIA1 (12)
Number of errors  : 19
Description       :  -- 
Status            : error
Bbox              : {789.2470 315.2350} {789.2970 315.4370}

Error ID          : 10
Error Type        : Off-grid
Error Layer       : VIA1 (12)
Number of errors  : 19
Description       :  -- 
Status            : error
Bbox              : {736.5030 331.9550} {736.5530 332.1570}

Error ID          : 11
Error Type        : Off-grid
Error Layer       : VIA1 (12)
Number of errors  : 19
Description       :  -- 
Status            : error
Bbox              : {780.2790 335.2990} {780.3290 335.5010}

Error ID          : 12
Error Type        : Off-grid
Error Layer       : VIA1 (12)
Number of errors  : 19
Description       :  -- 
Status            : error
Bbox              : {743.1910 343.2030} {743.2410 343.4050}

Error ID          : 14
Error Type        : Off-grid
Error Layer       : VIA1 (12)
Number of errors  : 19
Description       :  -- 
Status            : error
Bbox              : {747.7510 423.4590} {747.8010 423.6610}

Error ID          : 15
Error Type        : Off-grid
Error Layer       : VIA1 (12)
Number of errors  : 19
Description       :  -- 
Status            : error
Bbox              : {762.6470 459.0270} {762.6970 459.2290}

Error ID          : 16
Error Type        : Off-grid
Error Layer       : VIA1 (12)
Number of errors  : 19
Description       :  -- 
Status            : error
Bbox              : {791.2230 452.3390} {791.2730 452.5410}

Error ID          : 17
Error Type        : Off-grid
Error Layer       : VIA1 (12)
Number of errors  : 19
Description       :  -- 
Status            : error
Bbox              : {801.5590 455.6830} {801.6090 455.8850}

Error ID          : 18
Error Type        : Off-grid
Error Layer       : VIA1 (12)
Number of errors  : 19
Description       :  -- 
Status            : error
Bbox              : {767.6630 463.5870} {767.7130 463.7890}

Error ID          : 19
Error Type        : Off-grid
Error Layer       : VIA1 (12)
Number of errors  : 19
Description       :  -- 
Status            : error
Bbox              : {768.2710 462.3710} {768.3210 462.5730}

1
